     1 00000000                                 ; haribote-ipl
     2 00000000                                 
     3  = 0000000A                              CYLS	EQU		10
     4 00000000                                 
     5                                          		ORG		0x7c00
     6 00007C00                                 
     7 00007C00                                 ; FAT12
     8 00007C00                                 
     9 00007C00 EB 4E                           		JMP		entry
    10 00007C02 90                              		DB		0x90
    11 00007C03 48 41 52 49 42 4F 54 45         		DB		"HARIBOTE"
    12 00007C0B 0200                            		DW		512
    13 00007C0D 01                              		DB		1
    14 00007C0E 0001                            		DW 		1
    15 00007C10 02                              		DB		2
    16 00007C11 00E0                            		DW		224
    17 00007C13 0B40                            		DW		2880
    18 00007C15 F0                              		DB		0xf0
    19 00007C16 0009                            		DW  	9
    20 00007C18 0012                            		DW		18
    21 00007C1A 0002                            		DW		2
    22 00007C1C 00000000                        		DD		0
    23 00007C20 00000B40                        		DD		2880
    24 00007C24 00 00 29                        		DB		0,0,0x29
    25 00007C27 FFFFFFFF                        		DD		0xffffffff
    26 00007C2B 48 41 52 49 42 4F 54 45 4F 53   		DB		"HARIBOTEOS "
       00007C35 20 
    27 00007C36 46 41 54 31 32 20 20 20         		DB		"FAT12   "
    28 00007C3E 00 00 00 00 00 00 00 00 00 00   		RESB	18
       00007C48 00 00 00 00 00 00 00 00 
    29 00007C50                                 
    30 00007C50                                 ; プログラム本体
    31 00007C50                                 
    32 00007C50                                 entry:
    33 00007C50                                 	
    34 00007C50 B8 0000                         		MOV		AX, 0
    35 00007C53 8E D0                           		MOV		SS, AX
    36 00007C55 BC 7C00                         		MOV		SP, 0x7c00
    37 00007C58 8E D8                           		MOV		DS, AX
    38 00007C5A                                 
    39 00007C5A                                 ; ディスクを読む
    40 00007C5A                                 
    41 00007C5A B8 0820                         		MOV 	AX, 0x0820
    42 00007C5D 8E C0                           		MOV		ES, AX
    43 00007C5F B5 00                           		MOV		CH, 0
    44 00007C61 B6 00                           		MOV		DH, 0
    45 00007C63 B1 02                           		MOV		CL, 2
    46 00007C65                                 
    47 00007C65                                 readloop:
    48 00007C65                                 
    49 00007C65 BE 0000                         		MOV		SI, 0
    50 00007C68                                 
    51 00007C68                                 retry:
    52 00007C68                                 
    53 00007C68 B4 02                           		MOV		AH, 0x02
    54 00007C6A B0 01                           		MOV 	AL, 1
    55 00007C6C BB 0000                         		MOV		BX, 0
    56 00007C6F B2 00                           		MOV		DL, 0x00
    57 00007C71 CD 13                           		INT		0x13
    58 00007C73 73 10                           		JNC		next
    59 00007C75 83 C6 01                        		ADD		SI, 1
    60 00007C78 83 FE 05                        		CMP		SI, 5
    61 00007C7B 73 2E                           		JAE		error
    62 00007C7D B4 00                           		MOV		AH, 0x00
    63 00007C7F B2 00                           		MOV		DL, 0x00
    64 00007C81 CD 13                           		INT		0x13
    65 00007C83 EB E3                           		JMP		retry
    66 00007C85                                 
    67 00007C85                                 next:
    68 00007C85                                 
    69 00007C85 8C C0                           		MOV		AX, ES
    70 00007C87 05 0020                         		ADD		AX, 0x0020
    71 00007C8A 8E C0                           		MOV		ES, AX
    72 00007C8C 80 C1 01                        		ADD		CL, 1
    73 00007C8F 80 F9 12                        		CMP		CL, 18
    74 00007C92 76 D1                           		JBE		readloop
    75 00007C94 B1 01                           		MOV		CL, 1
    76 00007C96 80 C6 01                        		ADD		DH, 1
    77 00007C99 80 FE 02                        		CMP		DH, 2
    78 00007C9C 72 C7                           		JB		readloop
    79 00007C9E B6 00                           		MOV		DH, 0
    80 00007CA0 80 C5 01                        		ADD		CH, 1
    81 00007CA3 80 FD 0A                        		CMP		CH, CYLS
    82 00007CA6 72 BD                           		JB		readloop
    83 00007CA8                                 
    84 00007CA8                                 ; haribote.sysの実行
    85 00007CA8                                 
    86 00007CA8 E9 4555                         		JMP		0xc200
    87 00007CAB                                 
    88 00007CAB                                 error:
    89 00007CAB                                 
    90 00007CAB BE 7CC3                         		MOV		SI, msg
    91 00007CAE                                 
    92 00007CAE                                 putloop:
    93 00007CAE                                 
    94 00007CAE 8A 04                           		MOV		AL, [SI]
    95 00007CB0 83 C6 01                        		ADD 	SI, 1
    96 00007CB3 3C 00                           		CMP		AL, 0
    97 00007CB5 74 09                           		JE		fin
    98 00007CB7 B4 0E                           		MOV		AH, 0x0e
    99 00007CB9 BB 000F                         		MOV		BX, 15
   100 00007CBC CD 10                           		INT		0x10
   101 00007CBE EB EE                           		JMP		putloop
   102 00007CC0                                 
   103 00007CC0                                 fin:
   104 00007CC0                                 
   105 00007CC0 F4                              		HLT
   106 00007CC1 EB FD                           		JMP		fin
   107 00007CC3                                 
   108 00007CC3                                 msg:
   109 00007CC3                                 
   110 00007CC3 0A 0A                           		DB		0x0a, 0x0a
   111 00007CC5 6C 6F 61 64 20 65 72 72 6F 72   		DB		"load error"
   112 00007CCF 0A                              		DB		0x0a
   113 00007CD0 00                              		DB		0
   114 00007CD1                                 
   115 00007CD1 00 00 00 00 00 00 00 00 00 00   		RESB 	0x7dfe-$
       00007CDB 00 00 00 00 00 00 00 00 00 00 
       00007CE5 00 00 00 00 00 00 00 00 00 00 
       00007CEF 00 00 00 00 00 00 00 00 00 00 
       00007CF9 00 00 00 00 00 00 00 00 00 00 
       00007D03 00 00 00 00 00 00 00 00 00 00 
       00007D0D 00 00 00 00 00 00 00 00 00 00 
       00007D17 00 00 00 00 00 00 00 00 00 00 
       00007D21 00 00 00 00 00 00 00 00 00 00 
       00007D2B 00 00 00 00 00 00 00 00 00 00 
       00007D35 00 00 00 00 00 00 00 00 00 00 
       00007D3F 00 00 00 00 00 00 00 00 00 00 
       00007D49 00 00 00 00 00 00 00 00 00 00 
       00007D53 00 00 00 00 00 00 00 00 00 00 
       00007D5D 00 00 00 00 00 00 00 00 00 00 
       00007D67 00 00 00 00 00 00 00 00 00 00 
       00007D71 00 00 00 00 00 00 00 00 00 00 
       00007D7B 00 00 00 00 00 00 00 00 00 00 
       00007D85 00 00 00 00 00 00 00 00 00 00 
       00007D8F 00 00 00 00 00 00 00 00 00 00 
       00007D99 00 00 00 00 00 00 00 00 00 00 
       00007DA3 00 00 00 00 00 00 00 00 00 00 
       00007DAD 00 00 00 00 00 00 00 00 00 00 
       00007DB7 00 00 00 00 00 00 00 00 00 00 
       00007DC1 00 00 00 00 00 00 00 00 00 00 
       00007DCB 00 00 00 00 00 00 00 00 00 00 
       00007DD5 00 00 00 00 00 00 00 00 00 00 
       00007DDF 00 00 00 00 00 00 00 00 00 00 
       00007DE9 00 00 00 00 00 00 00 00 00 00 
       00007DF3 00 00 00 00 00 00 00 00 00 00 
       00007DFD 00 
   116 00007DFE                                 
   117 00007DFE 55 AA                           		DB		0x55, 0xaa