     1 00000000                                 [FORMAT "WCOFF"]
     2 00000000                                 [INSTRSET "i486p"]
     3 00000000                                 [OPTIMIZE 1]
     4 00000000                                 [OPTION 1]
     5 00000000                                 [BITS 32]
     6 00000000                                 	EXTERN	_init_gdtidt
     7 00000000                                 	EXTERN	_init_pic
     8 00000000                                 	EXTERN	_io_sti
     9 00000000                                 	EXTERN	_keyfifo
    10 00000000                                 	EXTERN	_fifo8_init
    11 00000000                                 	EXTERN	_mousefifo
    12 00000000                                 	EXTERN	_io_out8
    13 00000000                                 	EXTERN	_init_keyboard
    14 00000000                                 	EXTERN	_enable_mouse
    15 00000000                                 	EXTERN	_memtest
    16 00000000                                 	EXTERN	_memman_init
    17 00000000                                 	EXTERN	_memman_free
    18 00000000                                 	EXTERN	_init_palette
    19 00000000                                 	EXTERN	_shtctl_init
    20 00000000                                 	EXTERN	_sheet_alloc
    21 00000000                                 	EXTERN	_memman_alloc_4k
    22 00000000                                 	EXTERN	_sheet_setbuf
    23 00000000                                 	EXTERN	_init_screen8
    24 00000000                                 	EXTERN	_init_mouse_cursor8
    25 00000000                                 	EXTERN	_sheet_slide
    26 00000000                                 	EXTERN	_sheet_updown
    27 00000000                                 	EXTERN	_sprintf
    28 00000000                                 	EXTERN	_putfonts8_asc
    29 00000000                                 	EXTERN	_memman_total
    30 00000000                                 	EXTERN	_sheet_refresh
    31 00000000                                 	EXTERN	_boxfill8
    32 00000000                                 	EXTERN	_io_cli
    33 00000000                                 	EXTERN	_fifo8_status
    34 00000000                                 	EXTERN	_fifo8_get
    35 00000000                                 	EXTERN	_mouse_decode
    36 00000000                                 [FILE "bootpack.c"]
    37                                          [SECTION .data]
    38 00000000                                 LC0:
    39 00000000 63 6F 75 6E 74 65 72 00         	DB	"counter",0x00
    40 00000008                                 LC1:
    41 00000008 28 25 64 2C 20 25 64 29 00      	DB	"(%d, %d)",0x00
    42 00000011                                 LC2:
    43 00000011 6D 65 6D 6F 72 79 20 25 64 4D   	DB	"memory %dMB free : %dKB",0x00
       0000001B 42 20 66 72 65 65 20 3A 20 25 
       00000025 64 4B 42 00 
    44 00000029                                 LC3:
    45 00000029 25 30 31 30 64 00               	DB	"%010d",0x00
    46 0000002F                                 LC5:
    47 0000002F 5B 6C 63 72 20 25 34 64 20 25   	DB	"[lcr %4d %4d]",0x00
       00000039 34 64 5D 00 
    48 0000003D                                 LC6:
    49 0000003D 28 25 33 64 2C 20 25 33 64 29   	DB	"(%3d, %3d)",0x00
       00000047 00 
    50 00000048                                 LC4:
    51 00000048 25 30 32 58 00                  	DB	"%02X",0x00
    52                                          [SECTION .text]
    53 00000000                                 	GLOBAL	_HariMain
    54 00000000                                 _HariMain:
    55 00000000 55                              	PUSH	EBP
    56 00000001 89 E5                           	MOV	EBP,ESP
    57 00000003 57                              	PUSH	EDI
    58 00000004 56                              	PUSH	ESI
    59 00000005 53                              	PUSH	EBX
    60 00000006 81 EC 00000204                  	SUB	ESP,516
    61 0000000C C7 85 FFFFFE0C 00000000         	MOV	DWORD [-500+EBP],0
    62 00000016 E8 [00000000]                   	CALL	_init_gdtidt
    63 0000001B E8 [00000000]                   	CALL	_init_pic
    64 00000020 E8 [00000000]                   	CALL	_io_sti
    65 00000025 8D 45 A4                        	LEA	EAX,DWORD [-92+EBP]
    66 00000028 50                              	PUSH	EAX
    67 00000029 6A 20                           	PUSH	32
    68 0000002B 68 [00000000]                   	PUSH	_keyfifo
    69 00000030 E8 [00000000]                   	CALL	_fifo8_init
    70 00000035 8D 85 FFFFFF24                  	LEA	EAX,DWORD [-220+EBP]
    71 0000003B 50                              	PUSH	EAX
    72 0000003C 68 00000080                     	PUSH	128
    73 00000041 68 [00000000]                   	PUSH	_mousefifo
    74 00000046 E8 [00000000]                   	CALL	_fifo8_init
    75 0000004B 68 000000F9                     	PUSH	249
    76 00000050 6A 21                           	PUSH	33
    77 00000052 E8 [00000000]                   	CALL	_io_out8
    78 00000057 83 C4 20                        	ADD	ESP,32
    79 0000005A 68 000000EF                     	PUSH	239
    80 0000005F 68 000000A1                     	PUSH	161
    81 00000064 E8 [00000000]                   	CALL	_io_out8
    82 00000069 E8 [00000000]                   	CALL	_init_keyboard
    83 0000006E 8D 85 FFFFFF14                  	LEA	EAX,DWORD [-236+EBP]
    84 00000074 50                              	PUSH	EAX
    85 00000075 E8 [00000000]                   	CALL	_enable_mouse
    86 0000007A 68 BFFFFFFF                     	PUSH	-1073741825
    87 0000007F 68 00400000                     	PUSH	4194304
    88 00000084 E8 [00000000]                   	CALL	_memtest
    89 00000089 68 003C0000                     	PUSH	3932160
    90 0000008E 89 85 FFFFFE10                  	MOV	DWORD [-496+EBP],EAX
    91 00000094 E8 [00000000]                   	CALL	_memman_init
    92 00000099 68 0009E000                     	PUSH	647168
    93 0000009E 68 00001000                     	PUSH	4096
    94 000000A3 68 003C0000                     	PUSH	3932160
    95 000000A8 E8 [00000000]                   	CALL	_memman_free
    96 000000AD 8B 85 FFFFFE10                  	MOV	EAX,DWORD [-496+EBP]
    97 000000B3 83 C4 24                        	ADD	ESP,36
    98 000000B6 2D 00400000                     	SUB	EAX,4194304
    99 000000BB 50                              	PUSH	EAX
   100 000000BC 68 00400000                     	PUSH	4194304
   101 000000C1 68 003C0000                     	PUSH	3932160
   102 000000C6 E8 [00000000]                   	CALL	_memman_free
   103 000000CB E8 [00000000]                   	CALL	_init_palette
   104 000000D0 0F BF 05 00000FF6               	MOVSX	EAX,WORD [4086]
   105 000000D7 50                              	PUSH	EAX
   106 000000D8 0F BF 05 00000FF4               	MOVSX	EAX,WORD [4084]
   107 000000DF 50                              	PUSH	EAX
   108 000000E0 FF 35 00000FF8                  	PUSH	DWORD [4088]
   109 000000E6 68 003C0000                     	PUSH	3932160
   110 000000EB E8 [00000000]                   	CALL	_shtctl_init
   111 000000F0 89 C3                           	MOV	EBX,EAX
   112 000000F2 50                              	PUSH	EAX
   113 000000F3 E8 [00000000]                   	CALL	_sheet_alloc
   114 000000F8 83 C4 20                        	ADD	ESP,32
   115 000000FB 53                              	PUSH	EBX
   116 000000FC 89 85 FFFFFE08                  	MOV	DWORD [-504+EBP],EAX
   117 00000102 E8 [00000000]                   	CALL	_sheet_alloc
   118 00000107 53                              	PUSH	EBX
   119 00000108 8D 9D FFFFFE14                  	LEA	EBX,DWORD [-492+EBP]
   120 0000010E 89 85 FFFFFE04                  	MOV	DWORD [-508+EBP],EAX
   121 00000114 E8 [00000000]                   	CALL	_sheet_alloc
   122 00000119 0F BF 15 00000FF6               	MOVSX	EDX,WORD [4086]
   123 00000120 89 85 FFFFFE00                  	MOV	DWORD [-512+EBP],EAX
   124 00000126 0F BF 05 00000FF4               	MOVSX	EAX,WORD [4084]
   125 0000012D 0F AF C2                        	IMUL	EAX,EDX
   126 00000130 50                              	PUSH	EAX
   127 00000131 68 003C0000                     	PUSH	3932160
   128 00000136 E8 [00000000]                   	CALL	_memman_alloc_4k
   129 0000013B 68 00002080                     	PUSH	8320
   130 00000140 68 003C0000                     	PUSH	3932160
   131 00000145 89 85 FFFFFDFC                  	MOV	DWORD [-516+EBP],EAX
   132 0000014B E8 [00000000]                   	CALL	_memman_alloc_4k
   133 00000150 6A FF                           	PUSH	-1
   134 00000152 89 85 FFFFFDF8                  	MOV	DWORD [-520+EBP],EAX
   135 00000158 0F BF 05 00000FF4               	MOVSX	EAX,WORD [4084]
   136 0000015F 50                              	PUSH	EAX
   137 00000160 0F BF 05 00000FF4               	MOVSX	EAX,WORD [4084]
   138 00000167 50                              	PUSH	EAX
   139 00000168 FF B5 FFFFFDFC                  	PUSH	DWORD [-516+EBP]
   140 0000016E FF B5 FFFFFE08                  	PUSH	DWORD [-504+EBP]
   141 00000174 E8 [00000000]                   	CALL	_sheet_setbuf
   142 00000179 83 C4 2C                        	ADD	ESP,44
   143 0000017C 6A 63                           	PUSH	99
   144 0000017E 6A 10                           	PUSH	16
   145 00000180 6A 10                           	PUSH	16
   146 00000182 53                              	PUSH	EBX
   147 00000183 FF B5 FFFFFE04                  	PUSH	DWORD [-508+EBP]
   148 00000189 E8 [00000000]                   	CALL	_sheet_setbuf
   149 0000018E 6A FF                           	PUSH	-1
   150 00000190 6A 34                           	PUSH	52
   151 00000192 68 000000A0                     	PUSH	160
   152 00000197 FF B5 FFFFFDF8                  	PUSH	DWORD [-520+EBP]
   153 0000019D FF B5 FFFFFE00                  	PUSH	DWORD [-512+EBP]
   154 000001A3 E8 [00000000]                   	CALL	_sheet_setbuf
   155 000001A8 83 C4 28                        	ADD	ESP,40
   156 000001AB 0F BF 05 00000FF6               	MOVSX	EAX,WORD [4086]
   157 000001B2 50                              	PUSH	EAX
   158 000001B3 0F BF 05 00000FF4               	MOVSX	EAX,WORD [4084]
   159 000001BA 50                              	PUSH	EAX
   160 000001BB FF B5 FFFFFDFC                  	PUSH	DWORD [-516+EBP]
   161 000001C1 E8 [00000000]                   	CALL	_init_screen8
   162 000001C6 6A 63                           	PUSH	99
   163 000001C8 53                              	PUSH	EBX
   164 000001C9 BB 00000002                     	MOV	EBX,2
   165 000001CE E8 [00000000]                   	CALL	_init_mouse_cursor8
   166 000001D3 68 [00000000]                   	PUSH	LC0
   167 000001D8 6A 34                           	PUSH	52
   168 000001DA 68 000000A0                     	PUSH	160
   169 000001DF FF B5 FFFFFDF8                  	PUSH	DWORD [-520+EBP]
   170 000001E5 E8 000003AC                     	CALL	_make_window8
   171 000001EA 83 C4 24                        	ADD	ESP,36
   172 000001ED 6A 00                           	PUSH	0
   173 000001EF 6A 00                           	PUSH	0
   174 000001F1 FF B5 FFFFFE08                  	PUSH	DWORD [-504+EBP]
   175 000001F7 E8 [00000000]                   	CALL	_sheet_slide
   176 000001FC 0F BF 05 00000FF4               	MOVSX	EAX,WORD [4084]
   177 00000203 8D 48 F0                        	LEA	ECX,DWORD [-16+EAX]
   178 00000206 89 C8                           	MOV	EAX,ECX
   179 00000208 99                              	CDQ
   180 00000209 F7 FB                           	IDIV	EBX
   181 0000020B 89 C6                           	MOV	ESI,EAX
   182 0000020D 0F BF 05 00000FF6               	MOVSX	EAX,WORD [4086]
   183 00000214 8D 48 D4                        	LEA	ECX,DWORD [-44+EAX]
   184 00000217 89 C8                           	MOV	EAX,ECX
   185 00000219 99                              	CDQ
   186 0000021A F7 FB                           	IDIV	EBX
   187 0000021C 50                              	PUSH	EAX
   188 0000021D 89 C7                           	MOV	EDI,EAX
   189 0000021F 56                              	PUSH	ESI
   190 00000220 8D 5D C4                        	LEA	EBX,DWORD [-60+EBP]
   191 00000223 FF B5 FFFFFE04                  	PUSH	DWORD [-508+EBP]
   192 00000229 E8 [00000000]                   	CALL	_sheet_slide
   193 0000022E 6A 48                           	PUSH	72
   194 00000230 6A 50                           	PUSH	80
   195 00000232 FF B5 FFFFFE00                  	PUSH	DWORD [-512+EBP]
   196 00000238 E8 [00000000]                   	CALL	_sheet_slide
   197 0000023D 83 C4 24                        	ADD	ESP,36
   198 00000240 6A 00                           	PUSH	0
   199 00000242 FF B5 FFFFFE08                  	PUSH	DWORD [-504+EBP]
   200 00000248 E8 [00000000]                   	CALL	_sheet_updown
   201 0000024D 6A 02                           	PUSH	2
   202 0000024F FF B5 FFFFFE00                  	PUSH	DWORD [-512+EBP]
   203 00000255 E8 [00000000]                   	CALL	_sheet_updown
   204 0000025A 6A 01                           	PUSH	1
   205 0000025C FF B5 FFFFFE04                  	PUSH	DWORD [-508+EBP]
   206 00000262 E8 [00000000]                   	CALL	_sheet_updown
   207 00000267 57                              	PUSH	EDI
   208 00000268 56                              	PUSH	ESI
   209 00000269 68 [00000008]                   	PUSH	LC1
   210 0000026E 53                              	PUSH	EBX
   211 0000026F E8 [00000000]                   	CALL	_sprintf
   212 00000274 83 C4 28                        	ADD	ESP,40
   213 00000277 53                              	PUSH	EBX
   214 00000278 6A 07                           	PUSH	7
   215 0000027A 6A 00                           	PUSH	0
   216 0000027C 6A 00                           	PUSH	0
   217 0000027E 0F BF 05 00000FF4               	MOVSX	EAX,WORD [4084]
   218 00000285 50                              	PUSH	EAX
   219 00000286 FF B5 FFFFFDFC                  	PUSH	DWORD [-516+EBP]
   220 0000028C E8 [00000000]                   	CALL	_putfonts8_asc
   221 00000291 68 003C0000                     	PUSH	3932160
   222 00000296 E8 [00000000]                   	CALL	_memman_total
   223 0000029B C1 AD FFFFFE10 14               	SHR	DWORD [-496+EBP],20
   224 000002A2 C1 E8 0A                        	SHR	EAX,10
   225 000002A5 89 04 24                        	MOV	DWORD [ESP],EAX
   226 000002A8 FF B5 FFFFFE10                  	PUSH	DWORD [-496+EBP]
   227 000002AE 68 [00000011]                   	PUSH	LC2
   228 000002B3 53                              	PUSH	EBX
   229 000002B4 E8 [00000000]                   	CALL	_sprintf
   230 000002B9 83 C4 28                        	ADD	ESP,40
   231 000002BC 53                              	PUSH	EBX
   232 000002BD 6A 07                           	PUSH	7
   233 000002BF 6A 20                           	PUSH	32
   234 000002C1 6A 00                           	PUSH	0
   235 000002C3 0F BF 05 00000FF4               	MOVSX	EAX,WORD [4084]
   236 000002CA 50                              	PUSH	EAX
   237 000002CB FF B5 FFFFFDFC                  	PUSH	DWORD [-516+EBP]
   238 000002D1 E8 [00000000]                   	CALL	_putfonts8_asc
   239 000002D6 6A 30                           	PUSH	48
   240 000002D8 0F BF 05 00000FF4               	MOVSX	EAX,WORD [4084]
   241 000002DF 50                              	PUSH	EAX
   242 000002E0 6A 00                           	PUSH	0
   243 000002E2                                 L18:
   244 000002E2 6A 00                           	PUSH	0
   245 000002E4 FF B5 FFFFFE08                  	PUSH	DWORD [-504+EBP]
   246 000002EA E8 [00000000]                   	CALL	_sheet_refresh
   247 000002EF 83 C4 2C                        	ADD	ESP,44
   248 000002F2                                 L2:
   249 000002F2 FF 85 FFFFFE0C                  	INC	DWORD [-500+EBP]
   250 000002F8 8D 5D C4                        	LEA	EBX,DWORD [-60+EBP]
   251 000002FB FF B5 FFFFFE0C                  	PUSH	DWORD [-500+EBP]
   252 00000301 68 [00000029]                   	PUSH	LC3
   253 00000306 53                              	PUSH	EBX
   254 00000307 E8 [00000000]                   	CALL	_sprintf
   255 0000030C 6A 2B                           	PUSH	43
   256 0000030E 6A 77                           	PUSH	119
   257 00000310 6A 1C                           	PUSH	28
   258 00000312 6A 28                           	PUSH	40
   259 00000314 6A 08                           	PUSH	8
   260 00000316 68 000000A0                     	PUSH	160
   261 0000031B FF B5 FFFFFDF8                  	PUSH	DWORD [-520+EBP]
   262 00000321 E8 [00000000]                   	CALL	_boxfill8
   263 00000326 83 C4 28                        	ADD	ESP,40
   264 00000329 53                              	PUSH	EBX
   265 0000032A 6A 00                           	PUSH	0
   266 0000032C 6A 1C                           	PUSH	28
   267 0000032E 6A 28                           	PUSH	40
   268 00000330 68 000000A0                     	PUSH	160
   269 00000335 FF B5 FFFFFDF8                  	PUSH	DWORD [-520+EBP]
   270 0000033B E8 [00000000]                   	CALL	_putfonts8_asc
   271 00000340 6A 2C                           	PUSH	44
   272 00000342 6A 78                           	PUSH	120
   273 00000344 6A 1C                           	PUSH	28
   274 00000346 6A 28                           	PUSH	40
   275 00000348 FF B5 FFFFFE00                  	PUSH	DWORD [-512+EBP]
   276 0000034E E8 [00000000]                   	CALL	_sheet_refresh
   277 00000353 83 C4 2C                        	ADD	ESP,44
   278 00000356 E8 [00000000]                   	CALL	_io_cli
   279 0000035B 68 [00000000]                   	PUSH	_keyfifo
   280 00000360 E8 [00000000]                   	CALL	_fifo8_status
   281 00000365 68 [00000000]                   	PUSH	_mousefifo
   282 0000036A 89 C3                           	MOV	EBX,EAX
   283 0000036C E8 [00000000]                   	CALL	_fifo8_status
   284 00000371 8D 04 18                        	LEA	EAX,DWORD [EAX+EBX*1]
   285 00000374 5B                              	POP	EBX
   286 00000375 5A                              	POP	EDX
   287 00000376 85 C0                           	TEST	EAX,EAX
   288 00000378 0F 84 0000020E                  	JE	L19
   289 0000037E 68 [00000000]                   	PUSH	_keyfifo
   290 00000383 E8 [00000000]                   	CALL	_fifo8_status
   291 00000388 59                              	POP	ECX
   292 00000389 85 C0                           	TEST	EAX,EAX
   293 0000038B 0F 85 00000193                  	JNE	L20
   294 00000391 68 [00000000]                   	PUSH	_mousefifo
   295 00000396 E8 [00000000]                   	CALL	_fifo8_status
   296 0000039B 5A                              	POP	EDX
   297 0000039C 85 C0                           	TEST	EAX,EAX
   298 0000039E 0F 84 FFFFFF4E                  	JE	L2
   299 000003A4 68 [00000000]                   	PUSH	_mousefifo
   300 000003A9 E8 [00000000]                   	CALL	_fifo8_get
   301 000003AE 89 C3                           	MOV	EBX,EAX
   302 000003B0 E8 [00000000]                   	CALL	_io_sti
   303 000003B5 0F B6 C3                        	MOVZX	EAX,BL
   304 000003B8 50                              	PUSH	EAX
   305 000003B9 8D 85 FFFFFF14                  	LEA	EAX,DWORD [-236+EBP]
   306 000003BF 50                              	PUSH	EAX
   307 000003C0 E8 [00000000]                   	CALL	_mouse_decode
   308 000003C5 83 C4 0C                        	ADD	ESP,12
   309 000003C8 85 C0                           	TEST	EAX,EAX
   310 000003CA 0F 84 FFFFFF22                  	JE	L2
   311 000003D0 FF B5 FFFFFF1C                  	PUSH	DWORD [-228+EBP]
   312 000003D6 FF B5 FFFFFF18                  	PUSH	DWORD [-232+EBP]
   313 000003DC 68 [0000002F]                   	PUSH	LC5
   314 000003E1 8D 45 C4                        	LEA	EAX,DWORD [-60+EBP]
   315 000003E4 50                              	PUSH	EAX
   316 000003E5 E8 [00000000]                   	CALL	_sprintf
   317 000003EA 83 C4 10                        	ADD	ESP,16
   318 000003ED 8B 85 FFFFFF20                  	MOV	EAX,DWORD [-224+EBP]
   319 000003F3 A9 00000001                     	TEST	EAX,1
   320 000003F8 74 04                           	JE	L11
   321 000003FA C6 45 C5 4C                     	MOV	BYTE [-59+EBP],76
   322 000003FE                                 L11:
   323 000003FE A9 00000002                     	TEST	EAX,2
   324 00000403 74 04                           	JE	L12
   325 00000405 C6 45 C7 52                     	MOV	BYTE [-57+EBP],82
   326 00000409                                 L12:
   327 00000409 83 E0 04                        	AND	EAX,4
   328 0000040C 74 04                           	JE	L13
   329 0000040E C6 45 C6 43                     	MOV	BYTE [-58+EBP],67
   330 00000412                                 L13:
   331 00000412 6A 1F                           	PUSH	31
   332 00000414 68 00000097                     	PUSH	151
   333 00000419 6A 10                           	PUSH	16
   334 0000041B 6A 20                           	PUSH	32
   335 0000041D 6A 0E                           	PUSH	14
   336 0000041F 0F BF 05 00000FF4               	MOVSX	EAX,WORD [4084]
   337 00000426 50                              	PUSH	EAX
   338 00000427 FF B5 FFFFFDFC                  	PUSH	DWORD [-516+EBP]
   339 0000042D E8 [00000000]                   	CALL	_boxfill8
   340 00000432 8D 55 C4                        	LEA	EDX,DWORD [-60+EBP]
   341 00000435 52                              	PUSH	EDX
   342 00000436 6A 07                           	PUSH	7
   343 00000438 6A 10                           	PUSH	16
   344 0000043A 6A 20                           	PUSH	32
   345 0000043C 0F BF 05 00000FF4               	MOVSX	EAX,WORD [4084]
   346 00000443 50                              	PUSH	EAX
   347 00000444 FF B5 FFFFFDFC                  	PUSH	DWORD [-516+EBP]
   348 0000044A E8 [00000000]                   	CALL	_putfonts8_asc
   349 0000044F 83 C4 34                        	ADD	ESP,52
   350 00000452 6A 20                           	PUSH	32
   351 00000454 68 00000098                     	PUSH	152
   352 00000459 6A 10                           	PUSH	16
   353 0000045B 6A 20                           	PUSH	32
   354 0000045D FF B5 FFFFFE08                  	PUSH	DWORD [-504+EBP]
   355 00000463 E8 [00000000]                   	CALL	_sheet_refresh
   356 00000468 83 C4 14                        	ADD	ESP,20
   357 0000046B 03 BD FFFFFF1C                  	ADD	EDI,DWORD [-228+EBP]
   358 00000471 03 B5 FFFFFF18                  	ADD	ESI,DWORD [-232+EBP]
   359 00000477 0F 88 000000A0                  	JS	L21
   360 0000047D                                 L14:
   361 0000047D 85 FF                           	TEST	EDI,EDI
   362 0000047F 0F 88 00000091                  	JS	L22
   363 00000485                                 L15:
   364 00000485 0F BF 05 00000FF4               	MOVSX	EAX,WORD [4084]
   365 0000048C 48                              	DEC	EAX
   366 0000048D 39 C6                           	CMP	ESI,EAX
   367 0000048F 7E 02                           	JLE	L16
   368 00000491 89 C6                           	MOV	ESI,EAX
   369 00000493                                 L16:
   370 00000493 0F BF 05 00000FF6               	MOVSX	EAX,WORD [4086]
   371 0000049A 48                              	DEC	EAX
   372 0000049B 39 C7                           	CMP	EDI,EAX
   373 0000049D 7E 02                           	JLE	L17
   374 0000049F 89 C7                           	MOV	EDI,EAX
   375 000004A1                                 L17:
   376 000004A1 57                              	PUSH	EDI
   377 000004A2 8D 5D C4                        	LEA	EBX,DWORD [-60+EBP]
   378 000004A5 56                              	PUSH	ESI
   379 000004A6 68 [0000003D]                   	PUSH	LC6
   380 000004AB 53                              	PUSH	EBX
   381 000004AC E8 [00000000]                   	CALL	_sprintf
   382 000004B1 6A 0F                           	PUSH	15
   383 000004B3 6A 4F                           	PUSH	79
   384 000004B5 6A 00                           	PUSH	0
   385 000004B7 6A 00                           	PUSH	0
   386 000004B9 6A 0E                           	PUSH	14
   387 000004BB 0F BF 05 00000FF4               	MOVSX	EAX,WORD [4084]
   388 000004C2 50                              	PUSH	EAX
   389 000004C3 FF B5 FFFFFDFC                  	PUSH	DWORD [-516+EBP]
   390 000004C9 E8 [00000000]                   	CALL	_boxfill8
   391 000004CE 83 C4 2C                        	ADD	ESP,44
   392 000004D1 53                              	PUSH	EBX
   393 000004D2 6A 07                           	PUSH	7
   394 000004D4 6A 00                           	PUSH	0
   395 000004D6 6A 00                           	PUSH	0
   396 000004D8 0F BF 05 00000FF4               	MOVSX	EAX,WORD [4084]
   397 000004DF 50                              	PUSH	EAX
   398 000004E0 FF B5 FFFFFDFC                  	PUSH	DWORD [-516+EBP]
   399 000004E6 E8 [00000000]                   	CALL	_putfonts8_asc
   400 000004EB 6A 10                           	PUSH	16
   401 000004ED 6A 50                           	PUSH	80
   402 000004EF 6A 00                           	PUSH	0
   403 000004F1 6A 00                           	PUSH	0
   404 000004F3 FF B5 FFFFFE08                  	PUSH	DWORD [-504+EBP]
   405 000004F9 E8 [00000000]                   	CALL	_sheet_refresh
   406 000004FE 83 C4 2C                        	ADD	ESP,44
   407 00000501 57                              	PUSH	EDI
   408 00000502 56                              	PUSH	ESI
   409 00000503 FF B5 FFFFFE04                  	PUSH	DWORD [-508+EBP]
   410 00000509 E8 [00000000]                   	CALL	_sheet_slide
   411 0000050E 83 C4 0C                        	ADD	ESP,12
   412 00000511 E9 FFFFFDDC                     	JMP	L2
   413 00000516                                 L22:
   414 00000516 31 FF                           	XOR	EDI,EDI
   415 00000518 E9 FFFFFF68                     	JMP	L15
   416 0000051D                                 L21:
   417 0000051D 31 F6                           	XOR	ESI,ESI
   418 0000051F E9 FFFFFF59                     	JMP	L14
   419 00000524                                 L20:
   420 00000524 68 [00000000]                   	PUSH	_keyfifo
   421 00000529 E8 [00000000]                   	CALL	_fifo8_get
   422 0000052E 89 C3                           	MOV	EBX,EAX
   423 00000530 E8 [00000000]                   	CALL	_io_sti
   424 00000535 53                              	PUSH	EBX
   425 00000536 8D 55 C4                        	LEA	EDX,DWORD [-60+EBP]
   426 00000539 68 [00000048]                   	PUSH	LC4
   427 0000053E 8D 5D C4                        	LEA	EBX,DWORD [-60+EBP]
   428 00000541 52                              	PUSH	EDX
   429 00000542 E8 [00000000]                   	CALL	_sprintf
   430 00000547 6A 1F                           	PUSH	31
   431 00000549 6A 0F                           	PUSH	15
   432 0000054B 6A 10                           	PUSH	16
   433 0000054D 6A 00                           	PUSH	0
   434 0000054F 6A 0E                           	PUSH	14
   435 00000551 0F BF 05 00000FF4               	MOVSX	EAX,WORD [4084]
   436 00000558 50                              	PUSH	EAX
   437 00000559 FF B5 FFFFFDFC                  	PUSH	DWORD [-516+EBP]
   438 0000055F E8 [00000000]                   	CALL	_boxfill8
   439 00000564 83 C4 2C                        	ADD	ESP,44
   440 00000567 53                              	PUSH	EBX
   441 00000568 6A 07                           	PUSH	7
   442 0000056A 6A 10                           	PUSH	16
   443 0000056C 6A 00                           	PUSH	0
   444 0000056E 0F BF 05 00000FF4               	MOVSX	EAX,WORD [4084]
   445 00000575 50                              	PUSH	EAX
   446 00000576 FF B5 FFFFFDFC                  	PUSH	DWORD [-516+EBP]
   447 0000057C E8 [00000000]                   	CALL	_putfonts8_asc
   448 00000581 6A 20                           	PUSH	32
   449 00000583 6A 10                           	PUSH	16
   450 00000585 6A 10                           	PUSH	16
   451 00000587 E9 FFFFFD56                     	JMP	L18
   452 0000058C                                 L19:
   453 0000058C E8 [00000000]                   	CALL	_io_sti
   454 00000591 E9 FFFFFD5C                     	JMP	L2
   455                                          [SECTION .data]
   456 0000004D                                 _closebtn.0:
   457 0000004D 4F 4F 4F 4F 4F 4F 4F 4F 4F 4F   	DB	"OOOOOOOOOOOOOOO@"
       00000057 4F 4F 4F 4F 4F 40 
   458 0000005D 4F 51 51 51 51 51 51 51 51 51   	DB	"OQQQQQQQQQQQQQ$@"
       00000067 51 51 51 51 24 40 
   459 0000006D 4F 51 51 51 51 51 51 51 51 51   	DB	"OQQQQQQQQQQQQQ$@"
       00000077 51 51 51 51 24 40 
   460 0000007D 4F 51 51 51 40 40 51 51 51 51   	DB	"OQQQ@@QQQQ@@QQ$@"
       00000087 40 40 51 51 24 40 
   461 0000008D 4F 51 51 51 51 40 40 51 51 40   	DB	"OQQQQ@@QQ@@QQQ$@"
       00000097 40 51 51 51 24 40 
   462 0000009D 4F 51 51 51 51 51 40 40 40 40   	DB	"OQQQQQ@@@@QQQQ$@"
       000000A7 51 51 51 51 24 40 
   463 000000AD 4F 51 51 51 51 51 51 40 40 51   	DB	"OQQQQQQ@@QQQQQ$@"
       000000B7 51 51 51 51 24 40 
   464 000000BD 4F 51 51 51 51 51 40 40 40 40   	DB	"OQQQQQ@@@@QQQQ$@"
       000000C7 51 51 51 51 24 40 
   465 000000CD 4F 51 51 51 51 40 40 51 51 40   	DB	"OQQQQ@@QQ@@QQQ$@"
       000000D7 40 51 51 51 24 40 
   466 000000DD 4F 51 51 51 40 40 51 51 51 51   	DB	"OQQQ@@QQQQ@@QQ$@"
       000000E7 40 40 51 51 24 40 
   467 000000ED 4F 51 51 51 51 51 51 51 51 51   	DB	"OQQQQQQQQQQQQQ$@"
       000000F7 51 51 51 51 24 40 
   468 000000FD 4F 51 51 51 51 51 51 51 51 51   	DB	"OQQQQQQQQQQQQQ$@"
       00000107 51 51 51 51 24 40 
   469 0000010D 4F 24 24 24 24 24 24 24 24 24   	DB	"O$$$$$$$$$$$$$$@"
       00000117 24 24 24 24 24 40 
   470 0000011D 40 40 40 40 40 40 40 40 40 40   	DB	"@@@@@@@@@@@@@@@@"
       00000127 40 40 40 40 40 40 
   471                                          [SECTION .text]
   472 00000596                                 	GLOBAL	_make_window8
   473 00000596                                 _make_window8:
   474 00000596 55                              	PUSH	EBP
   475 00000597 89 E5                           	MOV	EBP,ESP
   476 00000599 57                              	PUSH	EDI
   477 0000059A 56                              	PUSH	ESI
   478 0000059B 53                              	PUSH	EBX
   479 0000059C 83 EC 14                        	SUB	ESP,20
   480 0000059F 8B 5D 0C                        	MOV	EBX,DWORD [12+EBP]
   481 000005A2 6A 00                           	PUSH	0
   482 000005A4 8D 43 FF                        	LEA	EAX,DWORD [-1+EBX]
   483 000005A7 8D 7B FE                        	LEA	EDI,DWORD [-2+EBX]
   484 000005AA 50                              	PUSH	EAX
   485 000005AB 89 45 EC                        	MOV	DWORD [-20+EBP],EAX
   486 000005AE 6A 00                           	PUSH	0
   487 000005B0 6A 00                           	PUSH	0
   488 000005B2 6A 08                           	PUSH	8
   489 000005B4 53                              	PUSH	EBX
   490 000005B5 FF 75 08                        	PUSH	DWORD [8+EBP]
   491 000005B8 E8 [00000000]                   	CALL	_boxfill8
   492 000005BD 6A 01                           	PUSH	1
   493 000005BF 57                              	PUSH	EDI
   494 000005C0 6A 01                           	PUSH	1
   495 000005C2 6A 01                           	PUSH	1
   496 000005C4 6A 07                           	PUSH	7
   497 000005C6 53                              	PUSH	EBX
   498 000005C7 FF 75 08                        	PUSH	DWORD [8+EBP]
   499 000005CA E8 [00000000]                   	CALL	_boxfill8
   500 000005CF 8B 55 10                        	MOV	EDX,DWORD [16+EBP]
   501 000005D2 83 C4 38                        	ADD	ESP,56
   502 000005D5 4A                              	DEC	EDX
   503 000005D6 89 55 E8                        	MOV	DWORD [-24+EBP],EDX
   504 000005D9 52                              	PUSH	EDX
   505 000005DA 6A 00                           	PUSH	0
   506 000005DC 6A 00                           	PUSH	0
   507 000005DE 6A 00                           	PUSH	0
   508 000005E0 6A 08                           	PUSH	8
   509 000005E2 53                              	PUSH	EBX
   510 000005E3 FF 75 08                        	PUSH	DWORD [8+EBP]
   511 000005E6 E8 [00000000]                   	CALL	_boxfill8
   512 000005EB 8B 75 10                        	MOV	ESI,DWORD [16+EBP]
   513 000005EE 83 EE 02                        	SUB	ESI,2
   514 000005F1 56                              	PUSH	ESI
   515 000005F2 6A 01                           	PUSH	1
   516 000005F4 6A 01                           	PUSH	1
   517 000005F6 6A 01                           	PUSH	1
   518 000005F8 6A 07                           	PUSH	7
   519 000005FA 53                              	PUSH	EBX
   520 000005FB FF 75 08                        	PUSH	DWORD [8+EBP]
   521 000005FE E8 [00000000]                   	CALL	_boxfill8
   522 00000603 83 C4 38                        	ADD	ESP,56
   523 00000606 56                              	PUSH	ESI
   524 00000607 57                              	PUSH	EDI
   525 00000608 6A 01                           	PUSH	1
   526 0000060A 57                              	PUSH	EDI
   527 0000060B 6A 0F                           	PUSH	15
   528 0000060D 53                              	PUSH	EBX
   529 0000060E FF 75 08                        	PUSH	DWORD [8+EBP]
   530 00000611 E8 [00000000]                   	CALL	_boxfill8
   531 00000616 FF 75 E8                        	PUSH	DWORD [-24+EBP]
   532 00000619 FF 75 EC                        	PUSH	DWORD [-20+EBP]
   533 0000061C 6A 00                           	PUSH	0
   534 0000061E FF 75 EC                        	PUSH	DWORD [-20+EBP]
   535 00000621 6A 00                           	PUSH	0
   536 00000623 53                              	PUSH	EBX
   537 00000624 FF 75 08                        	PUSH	DWORD [8+EBP]
   538 00000627 E8 [00000000]                   	CALL	_boxfill8
   539 0000062C 8B 45 10                        	MOV	EAX,DWORD [16+EBP]
   540 0000062F 83 C4 38                        	ADD	ESP,56
   541 00000632 83 E8 03                        	SUB	EAX,3
   542 00000635 50                              	PUSH	EAX
   543 00000636 8D 43 FD                        	LEA	EAX,DWORD [-3+EBX]
   544 00000639 50                              	PUSH	EAX
   545 0000063A 6A 02                           	PUSH	2
   546 0000063C 6A 02                           	PUSH	2
   547 0000063E 6A 08                           	PUSH	8
   548 00000640 53                              	PUSH	EBX
   549 00000641 FF 75 08                        	PUSH	DWORD [8+EBP]
   550 00000644 E8 [00000000]                   	CALL	_boxfill8
   551 00000649 8D 43 FC                        	LEA	EAX,DWORD [-4+EBX]
   552 0000064C 6A 14                           	PUSH	20
   553 0000064E 50                              	PUSH	EAX
   554 0000064F 6A 03                           	PUSH	3
   555 00000651 6A 03                           	PUSH	3
   556 00000653 6A 0C                           	PUSH	12
   557 00000655 53                              	PUSH	EBX
   558 00000656 FF 75 08                        	PUSH	DWORD [8+EBP]
   559 00000659 E8 [00000000]                   	CALL	_boxfill8
   560 0000065E 83 C4 38                        	ADD	ESP,56
   561 00000661 56                              	PUSH	ESI
   562 00000662 57                              	PUSH	EDI
   563 00000663 56                              	PUSH	ESI
   564 00000664 6A 01                           	PUSH	1
   565 00000666 6A 0F                           	PUSH	15
   566 00000668 53                              	PUSH	EBX
   567 00000669 FF 75 08                        	PUSH	DWORD [8+EBP]
   568 0000066C E8 [00000000]                   	CALL	_boxfill8
   569 00000671 FF 75 E8                        	PUSH	DWORD [-24+EBP]
   570 00000674 FF 75 EC                        	PUSH	DWORD [-20+EBP]
   571 00000677 FF 75 E8                        	PUSH	DWORD [-24+EBP]
   572 0000067A 6A 00                           	PUSH	0
   573 0000067C 6A 00                           	PUSH	0
   574 0000067E 6B F3 05                        	IMUL	ESI,EBX,5
   575 00000681 53                              	PUSH	EBX
   576 00000682 FF 75 08                        	PUSH	DWORD [8+EBP]
   577 00000685 E8 [00000000]                   	CALL	_boxfill8
   578 0000068A 83 C4 38                        	ADD	ESP,56
   579 0000068D FF 75 14                        	PUSH	DWORD [20+EBP]
   580 00000690 6A 07                           	PUSH	7
   581 00000692 6A 04                           	PUSH	4
   582 00000694 6A 18                           	PUSH	24
   583 00000696 53                              	PUSH	EBX
   584 00000697 FF 75 08                        	PUSH	DWORD [8+EBP]
   585 0000069A E8 [00000000]                   	CALL	_putfonts8_asc
   586 0000069F 83 C4 18                        	ADD	ESP,24
   587 000006A2 C7 45 F0 00000000               	MOV	DWORD [-16+EBP],0
   588 000006A9 C7 45 E0 00000000               	MOV	DWORD [-32+EBP],0
   589 000006B0                                 L39:
   590 000006B0 8D 04 1E                        	LEA	EAX,DWORD [ESI+EBX*1]
   591 000006B3 8B 55 08                        	MOV	EDX,DWORD [8+EBP]
   592 000006B6 31 FF                           	XOR	EDI,EDI
   593 000006B8 8D 4C 02 EB                     	LEA	ECX,DWORD [-21+EDX+EAX*1]
   594 000006BC                                 L38:
   595 000006BC 8B 45 E0                        	MOV	EAX,DWORD [-32+EBP]
   596 000006BF 8A 94 07 [0000004D]             	MOV	DL,BYTE [_closebtn.0+EDI+EAX*1]
   597 000006C6 80 FA 40                        	CMP	DL,64
   598 000006C9 74 33                           	JE	L44
   599 000006CB 80 FA 24                        	CMP	DL,36
   600 000006CE 74 2A                           	JE	L45
   601 000006D0 80 FA 51                        	CMP	DL,81
   602 000006D3 B2 08                           	MOV	DL,8
   603 000006D5 0F 95 C0                        	SETNE	AL
   604 000006D8 28 C2                           	SUB	DL,AL
   605 000006DA                                 L33:
   606 000006DA 47                              	INC	EDI
   607 000006DB 88 11                           	MOV	BYTE [ECX],DL
   608 000006DD 41                              	INC	ECX
   609 000006DE 83 FF 0F                        	CMP	EDI,15
   610 000006E1 7E D9                           	JLE	L38
   611 000006E3 FF 45 F0                        	INC	DWORD [-16+EBP]
   612 000006E6 01 DE                           	ADD	ESI,EBX
   613 000006E8 83 45 E0 10                     	ADD	DWORD [-32+EBP],16
   614 000006EC 83 7D F0 0D                     	CMP	DWORD [-16+EBP],13
   615 000006F0 7E BE                           	JLE	L39
   616 000006F2 8D 65 F4                        	LEA	ESP,DWORD [-12+EBP]
   617 000006F5 5B                              	POP	EBX
   618 000006F6 5E                              	POP	ESI
   619 000006F7 5F                              	POP	EDI
   620 000006F8 5D                              	POP	EBP
   621 000006F9 C3                              	RET
   622 000006FA                                 L45:
   623 000006FA B2 0F                           	MOV	DL,15
   624 000006FC EB DC                           	JMP	L33
   625 000006FE                                 L44:
   626 000006FE 31 D2                           	XOR	EDX,EDX
   627 00000700 EB D8                           	JMP	L33
