     1 00000000                                 ; haribote-ipl
     2 00000000                                 
     3                                          	ORG		0x7c00
     4 00007C00                                 
     5 00007C00                                 ; FAT12
     6 00007C00                                 
     7 00007C00 EB 4E                           	JMP		entry
     8 00007C02 90                              	DB		0x90
     9 00007C03 48 41 52 49 42 4F 54 45         	DB		"HARIBOTE"
    10 00007C0B 0200                            	DW		512
    11 00007C0D 01                              	DB		1
    12 00007C0E 0001                            	DW 		1
    13 00007C10 02                              	DB		2
    14 00007C11 00E0                            	DW		224
    15 00007C13 0B40                            	DW		2880
    16 00007C15 F0                              	DB		0xf0
    17 00007C16 0009                            	DW  	9
    18 00007C18 0012                            	DW		18
    19 00007C1A 0002                            	DW		2
    20 00007C1C 00000000                        	DD		0
    21 00007C20 00000B40                        	DD		2880
    22 00007C24 00 00 29                        	DB		0,0,0x29
    23 00007C27 FFFFFFFF                        	DD		0xffffffff
    24 00007C2B 48 41 52 49 42 4F 54 45 4F 53   	DB		"HARIBOTEOS "
       00007C35 20 
    25 00007C36 46 41 54 31 32 20 20 20         	DB		"FAT12   "
    26 00007C3E 00 00 00 00 00 00 00 00 00 00   	RESB	18
       00007C48 00 00 00 00 00 00 00 00 
    27 00007C50                                 
    28 00007C50                                 ; プログラム本体
    29 00007C50                                 
    30 00007C50                                 entry:
    31 00007C50                                 	
    32 00007C50 B8 0000                         	MOV		AX, 0
    33 00007C53 8E D0                           	MOV		SS, AX
    34 00007C55 BC 7C00                         	MOV		SP, 0x7c00
    35 00007C58 8E D8                           	MOV		DS, AX
    36 00007C5A                                 
    37 00007C5A                                 ; ディスクを読む
    38 00007C5A                                 
    39 00007C5A B8 0820                         	MOV 	AX, 0x0820
    40 00007C5D 8E C0                           	MOV		ES, AX
    41 00007C5F B5 00                           	MOV		CH, 0
    42 00007C61 B6 00                           	MOV		DH, 0
    43 00007C63 B1 02                           	MOV		CL, 2
    44 00007C65                                 
    45 00007C65 BE 0000                         	MOV		SI, 0
    46 00007C68                                 
    47 00007C68                                 retry:
    48 00007C68                                 
    49 00007C68 B4 02                           	MOV		AH, 0x02
    50 00007C6A B0 01                           	MOV 	AL, 1
    51 00007C6C BB 0000                         	MOV		BX, 0
    52 00007C6F B2 00                           	MOV		DL, 0x00
    53 00007C71 CD 13                           	INT		0x13
    54 00007C73 73 10                           	JNC		fin
    55 00007C75 83 C6 01                        	ADD		SI, 1
    56 00007C78 83 FE 05                        	CMP		SI, 5
    57 00007C7B 73 0B                           	JAE		error
    58 00007C7D B4 00                           	MOV		AH, 0x00
    59 00007C7F B2 00                           	MOV		DL, 0x00
    60 00007C81 CD 13                           	INT		0x13
    61 00007C83 EB E3                           	JMP		retry
    62 00007C85                                 
    63 00007C85                                 fin:
    64 00007C85                                 
    65 00007C85 F4                              	HLT
    66 00007C86 EB FD                           	JMP		fin
    67 00007C88                                 
    68 00007C88                                 error:
    69 00007C88                                 
    70 00007C88 BE 7C9D                         	MOV		SI, msg
    71 00007C8B                                 
    72 00007C8B                                 putloop:
    73 00007C8B                                 
    74 00007C8B 8A 04                           	MOV		AL, [SI]
    75 00007C8D 83 C6 01                        	ADD 	SI, 1
    76 00007C90 3C 00                           	CMP		AL, 0
    77 00007C92 74 F1                           	JE		fin
    78 00007C94 B4 0E                           	MOV		AH, 0x0e
    79 00007C96 BB 000F                         	MOV		BX, 15
    80 00007C99 CD 10                           	INT		0x10
    81 00007C9B EB EE                           	JMP		putloop
    82 00007C9D                                 
    83 00007C9D                                 msg:
    84 00007C9D                                 
    85 00007C9D 0A 0A                           	DB		0x0a, 0x0a
    86 00007C9F 6C 6F 61 64 20 65 72 72 6F 72   	DB		"load error"
    87 00007CA9 0A                              	DB		0x0a
    88 00007CAA 00                              	DB		0
    89 00007CAB                                 
    90 00007CAB 00 00 00 00 00 00 00 00 00 00   	RESB 	0x7dfe-$
       00007CB5 00 00 00 00 00 00 00 00 00 00 
       00007CBF 00 00 00 00 00 00 00 00 00 00 
       00007CC9 00 00 00 00 00 00 00 00 00 00 
       00007CD3 00 00 00 00 00 00 00 00 00 00 
       00007CDD 00 00 00 00 00 00 00 00 00 00 
       00007CE7 00 00 00 00 00 00 00 00 00 00 
       00007CF1 00 00 00 00 00 00 00 00 00 00 
       00007CFB 00 00 00 00 00 00 00 00 00 00 
       00007D05 00 00 00 00 00 00 00 00 00 00 
       00007D0F 00 00 00 00 00 00 00 00 00 00 
       00007D19 00 00 00 00 00 00 00 00 00 00 
       00007D23 00 00 00 00 00 00 00 00 00 00 
       00007D2D 00 00 00 00 00 00 00 00 00 00 
       00007D37 00 00 00 00 00 00 00 00 00 00 
       00007D41 00 00 00 00 00 00 00 00 00 00 
       00007D4B 00 00 00 00 00 00 00 00 00 00 
       00007D55 00 00 00 00 00 00 00 00 00 00 
       00007D5F 00 00 00 00 00 00 00 00 00 00 
       00007D69 00 00 00 00 00 00 00 00 00 00 
       00007D73 00 00 00 00 00 00 00 00 00 00 
       00007D7D 00 00 00 00 00 00 00 00 00 00 
       00007D87 00 00 00 00 00 00 00 00 00 00 
       00007D91 00 00 00 00 00 00 00 00 00 00 
       00007D9B 00 00 00 00 00 00 00 00 00 00 
       00007DA5 00 00 00 00 00 00 00 00 00 00 
       00007DAF 00 00 00 00 00 00 00 00 00 00 
       00007DB9 00 00 00 00 00 00 00 00 00 00 
       00007DC3 00 00 00 00 00 00 00 00 00 00 
       00007DCD 00 00 00 00 00 00 00 00 00 00 
       00007DD7 00 00 00 00 00 00 00 00 00 00 
       00007DE1 00 00 00 00 00 00 00 00 00 00 
       00007DEB 00 00 00 00 00 00 00 00 00 00 
       00007DF5 00 00 00 00 00 00 00 00 00 
    91 00007DFE                                 
    92 00007DFE 55 AA                           	DB		0x55, 0xaa