     1 00000000                                 [FORMAT "WCOFF"]
     2 00000000                                 [INSTRSET "i486p"]
     3 00000000                                 [OPTIMIZE 1]
     4 00000000                                 [OPTION 1]
     5 00000000                                 [BITS 32]
     6 00000000                                 	EXTERN	_api_initmalloc
     7 00000000                                 	EXTERN	_api_malloc
     8 00000000                                 	EXTERN	_api_openwin
     9 00000000                                 	EXTERN	_api_boxfilwin
    10 00000000                                 	EXTERN	_api_linewin
    11 00000000                                 	EXTERN	_api_refreshwin
    12 00000000                                 	EXTERN	_api_end
    13 00000000                                 [FILE "lines.c"]
    14                                          [SECTION .data]
    15 00000000                                 LC0:
    16 00000000 4C 69 6E 65 73 00               	DB	"Lines",0x00
    17                                          [SECTION .text]
    18 00000000                                 	GLOBAL	_HariMain
    19 00000000                                 _HariMain:
    20 00000000 55                              	PUSH	EBP
    21 00000001 89 E5                           	MOV	EBP,ESP
    22 00000003 57                              	PUSH	EDI
    23 00000004 56                              	PUSH	ESI
    24 00000005 31 FF                           	XOR	EDI,EDI
    25 00000007 53                              	PUSH	EBX
    26 00000008 31 F6                           	XOR	ESI,ESI
    27 0000000A 50                              	PUSH	EAX
    28 0000000B E8 [00000000]                   	CALL	_api_initmalloc
    29 00000010 68 00003E80                     	PUSH	16000
    30 00000015 E8 [00000000]                   	CALL	_api_malloc
    31 0000001A 68 [00000000]                   	PUSH	LC0
    32 0000001F 6A FF                           	PUSH	-1
    33 00000021 6A 64                           	PUSH	100
    34 00000023 68 000000A0                     	PUSH	160
    35 00000028 50                              	PUSH	EAX
    36 00000029 E8 [00000000]                   	CALL	_api_openwin
    37 0000002E 89 45 F0                        	MOV	DWORD [-16+EBP],EAX
    38 00000031 40                              	INC	EAX
    39 00000032 6A 00                           	PUSH	0
    40 00000034 6A 5D                           	PUSH	93
    41 00000036 68 0000008F                     	PUSH	143
    42 0000003B 6A 1A                           	PUSH	26
    43 0000003D 6A 06                           	PUSH	6
    44 0000003F 50                              	PUSH	EAX
    45 00000040 E8 [00000000]                   	CALL	_api_boxfilwin
    46 00000045 83 C4 30                        	ADD	ESP,48
    47 00000048                                 L6:
    48 00000048 56                              	PUSH	ESI
    49 00000049 8D 47 1A                        	LEA	EAX,DWORD [26+EDI]
    50 0000004C 50                              	PUSH	EAX
    51 0000004D 6A 4D                           	PUSH	77
    52 0000004F 6A 1A                           	PUSH	26
    53 00000051 6A 08                           	PUSH	8
    54 00000053 8B 5D F0                        	MOV	EBX,DWORD [-16+EBP]
    55 00000056 43                              	INC	EBX
    56 00000057 53                              	PUSH	EBX
    57 00000058 E8 [00000000]                   	CALL	_api_linewin
    58 0000005D 8D 47 58                        	LEA	EAX,DWORD [88+EDI]
    59 00000060 56                              	PUSH	ESI
    60 00000061 83 C7 09                        	ADD	EDI,9
    61 00000064 6A 59                           	PUSH	89
    62 00000066 46                              	INC	ESI
    63 00000067 50                              	PUSH	EAX
    64 00000068 6A 1A                           	PUSH	26
    65 0000006A 6A 58                           	PUSH	88
    66 0000006C 53                              	PUSH	EBX
    67 0000006D E8 [00000000]                   	CALL	_api_linewin
    68 00000072 83 C4 30                        	ADD	ESP,48
    69 00000075 83 FE 07                        	CMP	ESI,7
    70 00000078 7E CE                           	JLE	L6
    71 0000007A 6A 5A                           	PUSH	90
    72 0000007C 68 0000009A                     	PUSH	154
    73 00000081 6A 1A                           	PUSH	26
    74 00000083 6A 06                           	PUSH	6
    75 00000085 FF 75 F0                        	PUSH	DWORD [-16+EBP]
    76 00000088 E8 [00000000]                   	CALL	_api_refreshwin
    77 0000008D 83 C4 14                        	ADD	ESP,20
    78 00000090 8D 65 F4                        	LEA	ESP,DWORD [-12+EBP]
    79 00000093 5B                              	POP	EBX
    80 00000094 5E                              	POP	ESI
    81 00000095 5F                              	POP	EDI
    82 00000096 5D                              	POP	EBP
    83 00000097 E9 [00000000]                   	JMP	_api_end
