     1 00000000                                 [FORMAT "WCOFF"]
     2 00000000                                 [INSTRSET "i486p"]
     3 00000000                                 [OPTIMIZE 1]
     4 00000000                                 [OPTION 1]
     5 00000000                                 [BITS 32]
     6 00000000                                 	EXTERN	_init_gdtidt
     7 00000000                                 	EXTERN	_init_pic
     8 00000000                                 	EXTERN	_io_sti
     9 00000000                                 	EXTERN	_keyfifo
    10 00000000                                 	EXTERN	_fifo8_init
    11 00000000                                 	EXTERN	_mousefifo
    12 00000000                                 	EXTERN	_io_out8
    13 00000000                                 	EXTERN	_init_keyboard
    14 00000000                                 	EXTERN	_enable_mouse
    15 00000000                                 	EXTERN	_memtest
    16 00000000                                 	EXTERN	_memman_init
    17 00000000                                 	EXTERN	_memman_free
    18 00000000                                 	EXTERN	_init_palette
    19 00000000                                 	EXTERN	_shtctl_init
    20 00000000                                 	EXTERN	_sheet_alloc
    21 00000000                                 	EXTERN	_memman_alloc_4k
    22 00000000                                 	EXTERN	_sheet_setbuf
    23 00000000                                 	EXTERN	_init_screen8
    24 00000000                                 	EXTERN	_init_mouse_cursor8
    25 00000000                                 	EXTERN	_putfonts8_asc
    26 00000000                                 	EXTERN	_sheet_slide
    27 00000000                                 	EXTERN	_sheet_updown
    28 00000000                                 	EXTERN	_sprintf
    29 00000000                                 	EXTERN	_memman_total
    30 00000000                                 	EXTERN	_sheet_refresh
    31 00000000                                 	EXTERN	_io_cli
    32 00000000                                 	EXTERN	_fifo8_status
    33 00000000                                 	EXTERN	_fifo8_get
    34 00000000                                 	EXTERN	_mouse_decode
    35 00000000                                 	EXTERN	_boxfill8
    36 00000000                                 	EXTERN	_io_stihlt
    37 00000000                                 [FILE "bootpack.c"]
    38                                          [SECTION .data]
    39 00000000                                 LC0:
    40 00000000 77 69 6E 64 6F 77 00            	DB	"window",0x00
    41 00000007                                 LC1:
    42 00000007 4D 79 20 6E 61 6D 65 20 69 73   	DB	"My name is",0x00
       00000011 00 
    43 00000012                                 LC2:
    44 00000012 20 20 48 61 72 75 6B 69 20 54   	DB	"  Haruki Tazoe!",0x00
       0000001C 61 7A 6F 65 21 00 
    45 00000022                                 LC3:
    46 00000022 28 25 64 2C 20 25 64 29 00      	DB	"(%d, %d)",0x00
    47 0000002B                                 LC4:
    48 0000002B 6D 65 6D 6F 72 79 20 25 64 4D   	DB	"memory %dMB free : %dKB",0x00
       00000035 42 20 66 72 65 65 20 3A 20 25 
       0000003F 64 4B 42 00 
    49 00000043                                 LC6:
    50 00000043 5B 6C 63 72 20 25 34 64 20 25   	DB	"[lcr %4d %4d]",0x00
       0000004D 34 64 5D 00 
    51 00000051                                 LC7:
    52 00000051 28 25 33 64 2C 20 25 33 64 29   	DB	"(%3d, %3d)",0x00
       0000005B 00 
    53 0000005C                                 LC5:
    54 0000005C 25 30 32 58 00                  	DB	"%02X",0x00
    55                                          [SECTION .text]
    56 00000000                                 	GLOBAL	_HariMain
    57 00000000                                 _HariMain:
    58 00000000 55                              	PUSH	EBP
    59 00000001 89 E5                           	MOV	EBP,ESP
    60 00000003 57                              	PUSH	EDI
    61 00000004 56                              	PUSH	ESI
    62 00000005 53                              	PUSH	EBX
    63 00000006 8D B5 FFFFFE14                  	LEA	ESI,DWORD [-492+EBP]
    64 0000000C 81 EC 000001FC                  	SUB	ESP,508
    65 00000012 E8 [00000000]                   	CALL	_init_gdtidt
    66 00000017 E8 [00000000]                   	CALL	_init_pic
    67 0000001C E8 [00000000]                   	CALL	_io_sti
    68 00000021 8D 45 A4                        	LEA	EAX,DWORD [-92+EBP]
    69 00000024 50                              	PUSH	EAX
    70 00000025 6A 20                           	PUSH	32
    71 00000027 68 [00000000]                   	PUSH	_keyfifo
    72 0000002C E8 [00000000]                   	CALL	_fifo8_init
    73 00000031 8D 85 FFFFFF24                  	LEA	EAX,DWORD [-220+EBP]
    74 00000037 50                              	PUSH	EAX
    75 00000038 68 00000080                     	PUSH	128
    76 0000003D 68 [00000000]                   	PUSH	_mousefifo
    77 00000042 E8 [00000000]                   	CALL	_fifo8_init
    78 00000047 68 000000F9                     	PUSH	249
    79 0000004C 6A 21                           	PUSH	33
    80 0000004E E8 [00000000]                   	CALL	_io_out8
    81 00000053 83 C4 20                        	ADD	ESP,32
    82 00000056 68 000000EF                     	PUSH	239
    83 0000005B 68 000000A1                     	PUSH	161
    84 00000060 E8 [00000000]                   	CALL	_io_out8
    85 00000065 E8 [00000000]                   	CALL	_init_keyboard
    86 0000006A 8D 85 FFFFFF14                  	LEA	EAX,DWORD [-236+EBP]
    87 00000070 50                              	PUSH	EAX
    88 00000071 E8 [00000000]                   	CALL	_enable_mouse
    89 00000076 68 BFFFFFFF                     	PUSH	-1073741825
    90 0000007B 68 00400000                     	PUSH	4194304
    91 00000080 E8 [00000000]                   	CALL	_memtest
    92 00000085 68 003C0000                     	PUSH	3932160
    93 0000008A 89 85 FFFFFE10                  	MOV	DWORD [-496+EBP],EAX
    94 00000090 E8 [00000000]                   	CALL	_memman_init
    95 00000095 68 0009E000                     	PUSH	647168
    96 0000009A 68 00001000                     	PUSH	4096
    97 0000009F 68 003C0000                     	PUSH	3932160
    98 000000A4 E8 [00000000]                   	CALL	_memman_free
    99 000000A9 8B 85 FFFFFE10                  	MOV	EAX,DWORD [-496+EBP]
   100 000000AF 83 C4 24                        	ADD	ESP,36
   101 000000B2 2D 00400000                     	SUB	EAX,4194304
   102 000000B7 50                              	PUSH	EAX
   103 000000B8 68 00400000                     	PUSH	4194304
   104 000000BD 68 003C0000                     	PUSH	3932160
   105 000000C2 E8 [00000000]                   	CALL	_memman_free
   106 000000C7 E8 [00000000]                   	CALL	_init_palette
   107 000000CC 0F BF 05 00000FF6               	MOVSX	EAX,WORD [4086]
   108 000000D3 50                              	PUSH	EAX
   109 000000D4 0F BF 05 00000FF4               	MOVSX	EAX,WORD [4084]
   110 000000DB 50                              	PUSH	EAX
   111 000000DC FF 35 00000FF8                  	PUSH	DWORD [4088]
   112 000000E2 68 003C0000                     	PUSH	3932160
   113 000000E7 E8 [00000000]                   	CALL	_shtctl_init
   114 000000EC 89 C3                           	MOV	EBX,EAX
   115 000000EE 50                              	PUSH	EAX
   116 000000EF E8 [00000000]                   	CALL	_sheet_alloc
   117 000000F4 83 C4 20                        	ADD	ESP,32
   118 000000F7 53                              	PUSH	EBX
   119 000000F8 89 85 FFFFFE0C                  	MOV	DWORD [-500+EBP],EAX
   120 000000FE E8 [00000000]                   	CALL	_sheet_alloc
   121 00000103 53                              	PUSH	EBX
   122 00000104 89 85 FFFFFE08                  	MOV	DWORD [-504+EBP],EAX
   123 0000010A E8 [00000000]                   	CALL	_sheet_alloc
   124 0000010F 0F BF 15 00000FF6               	MOVSX	EDX,WORD [4086]
   125 00000116 89 85 FFFFFE04                  	MOV	DWORD [-508+EBP],EAX
   126 0000011C 0F BF 05 00000FF4               	MOVSX	EAX,WORD [4084]
   127 00000123 0F AF C2                        	IMUL	EAX,EDX
   128 00000126 50                              	PUSH	EAX
   129 00000127 68 003C0000                     	PUSH	3932160
   130 0000012C E8 [00000000]                   	CALL	_memman_alloc_4k
   131 00000131 68 00002A80                     	PUSH	10880
   132 00000136 68 003C0000                     	PUSH	3932160
   133 0000013B 89 85 FFFFFE00                  	MOV	DWORD [-512+EBP],EAX
   134 00000141 E8 [00000000]                   	CALL	_memman_alloc_4k
   135 00000146 6A FF                           	PUSH	-1
   136 00000148 89 C3                           	MOV	EBX,EAX
   137 0000014A 0F BF 05 00000FF4               	MOVSX	EAX,WORD [4084]
   138 00000151 50                              	PUSH	EAX
   139 00000152 0F BF 05 00000FF4               	MOVSX	EAX,WORD [4084]
   140 00000159 50                              	PUSH	EAX
   141 0000015A FF B5 FFFFFE00                  	PUSH	DWORD [-512+EBP]
   142 00000160 FF B5 FFFFFE0C                  	PUSH	DWORD [-500+EBP]
   143 00000166 E8 [00000000]                   	CALL	_sheet_setbuf
   144 0000016B 83 C4 2C                        	ADD	ESP,44
   145 0000016E 6A 63                           	PUSH	99
   146 00000170 6A 10                           	PUSH	16
   147 00000172 6A 10                           	PUSH	16
   148 00000174 56                              	PUSH	ESI
   149 00000175 FF B5 FFFFFE08                  	PUSH	DWORD [-504+EBP]
   150 0000017B E8 [00000000]                   	CALL	_sheet_setbuf
   151 00000180 6A FF                           	PUSH	-1
   152 00000182 6A 44                           	PUSH	68
   153 00000184 68 000000A0                     	PUSH	160
   154 00000189 53                              	PUSH	EBX
   155 0000018A FF B5 FFFFFE04                  	PUSH	DWORD [-508+EBP]
   156 00000190 E8 [00000000]                   	CALL	_sheet_setbuf
   157 00000195 83 C4 28                        	ADD	ESP,40
   158 00000198 0F BF 05 00000FF6               	MOVSX	EAX,WORD [4086]
   159 0000019F 50                              	PUSH	EAX
   160 000001A0 0F BF 05 00000FF4               	MOVSX	EAX,WORD [4084]
   161 000001A7 50                              	PUSH	EAX
   162 000001A8 FF B5 FFFFFE00                  	PUSH	DWORD [-512+EBP]
   163 000001AE E8 [00000000]                   	CALL	_init_screen8
   164 000001B3 6A 63                           	PUSH	99
   165 000001B5 56                              	PUSH	ESI
   166 000001B6 E8 [00000000]                   	CALL	_init_mouse_cursor8
   167 000001BB 68 [00000000]                   	PUSH	LC0
   168 000001C0 6A 44                           	PUSH	68
   169 000001C2 68 000000A0                     	PUSH	160
   170 000001C7 53                              	PUSH	EBX
   171 000001C8 E8 0000036B                     	CALL	_make_window8
   172 000001CD 83 C4 24                        	ADD	ESP,36
   173 000001D0 68 [00000007]                   	PUSH	LC1
   174 000001D5 6A 00                           	PUSH	0
   175 000001D7 6A 1C                           	PUSH	28
   176 000001D9 6A 18                           	PUSH	24
   177 000001DB 68 000000A0                     	PUSH	160
   178 000001E0 53                              	PUSH	EBX
   179 000001E1 E8 [00000000]                   	CALL	_putfonts8_asc
   180 000001E6 68 [00000012]                   	PUSH	LC2
   181 000001EB 6A 00                           	PUSH	0
   182 000001ED 6A 2C                           	PUSH	44
   183 000001EF 6A 18                           	PUSH	24
   184 000001F1 68 000000A0                     	PUSH	160
   185 000001F6 53                              	PUSH	EBX
   186 000001F7 BB 00000002                     	MOV	EBX,2
   187 000001FC E8 [00000000]                   	CALL	_putfonts8_asc
   188 00000201 83 C4 30                        	ADD	ESP,48
   189 00000204 6A 00                           	PUSH	0
   190 00000206 6A 00                           	PUSH	0
   191 00000208 FF B5 FFFFFE0C                  	PUSH	DWORD [-500+EBP]
   192 0000020E E8 [00000000]                   	CALL	_sheet_slide
   193 00000213 0F BF 05 00000FF4               	MOVSX	EAX,WORD [4084]
   194 0000021A 8D 48 F0                        	LEA	ECX,DWORD [-16+EAX]
   195 0000021D 89 C8                           	MOV	EAX,ECX
   196 0000021F 99                              	CDQ
   197 00000220 F7 FB                           	IDIV	EBX
   198 00000222 89 C7                           	MOV	EDI,EAX
   199 00000224 0F BF 05 00000FF6               	MOVSX	EAX,WORD [4086]
   200 0000022B 8D 48 D4                        	LEA	ECX,DWORD [-44+EAX]
   201 0000022E 89 C8                           	MOV	EAX,ECX
   202 00000230 99                              	CDQ
   203 00000231 F7 FB                           	IDIV	EBX
   204 00000233 50                              	PUSH	EAX
   205 00000234 89 C6                           	MOV	ESI,EAX
   206 00000236 57                              	PUSH	EDI
   207 00000237 8D 5D C4                        	LEA	EBX,DWORD [-60+EBP]
   208 0000023A FF B5 FFFFFE08                  	PUSH	DWORD [-504+EBP]
   209 00000240 E8 [00000000]                   	CALL	_sheet_slide
   210 00000245 6A 48                           	PUSH	72
   211 00000247 6A 50                           	PUSH	80
   212 00000249 FF B5 FFFFFE04                  	PUSH	DWORD [-508+EBP]
   213 0000024F E8 [00000000]                   	CALL	_sheet_slide
   214 00000254 83 C4 24                        	ADD	ESP,36
   215 00000257 6A 00                           	PUSH	0
   216 00000259 FF B5 FFFFFE0C                  	PUSH	DWORD [-500+EBP]
   217 0000025F E8 [00000000]                   	CALL	_sheet_updown
   218 00000264 6A 02                           	PUSH	2
   219 00000266 FF B5 FFFFFE04                  	PUSH	DWORD [-508+EBP]
   220 0000026C E8 [00000000]                   	CALL	_sheet_updown
   221 00000271 6A 01                           	PUSH	1
   222 00000273 FF B5 FFFFFE08                  	PUSH	DWORD [-504+EBP]
   223 00000279 E8 [00000000]                   	CALL	_sheet_updown
   224 0000027E 56                              	PUSH	ESI
   225 0000027F 57                              	PUSH	EDI
   226 00000280 68 [00000022]                   	PUSH	LC3
   227 00000285 53                              	PUSH	EBX
   228 00000286 E8 [00000000]                   	CALL	_sprintf
   229 0000028B 83 C4 28                        	ADD	ESP,40
   230 0000028E 53                              	PUSH	EBX
   231 0000028F 6A 07                           	PUSH	7
   232 00000291 6A 00                           	PUSH	0
   233 00000293 6A 00                           	PUSH	0
   234 00000295 0F BF 05 00000FF4               	MOVSX	EAX,WORD [4084]
   235 0000029C 50                              	PUSH	EAX
   236 0000029D FF B5 FFFFFE00                  	PUSH	DWORD [-512+EBP]
   237 000002A3 E8 [00000000]                   	CALL	_putfonts8_asc
   238 000002A8 68 003C0000                     	PUSH	3932160
   239 000002AD E8 [00000000]                   	CALL	_memman_total
   240 000002B2 C1 AD FFFFFE10 14               	SHR	DWORD [-496+EBP],20
   241 000002B9 C1 E8 0A                        	SHR	EAX,10
   242 000002BC 89 04 24                        	MOV	DWORD [ESP],EAX
   243 000002BF FF B5 FFFFFE10                  	PUSH	DWORD [-496+EBP]
   244 000002C5 68 [0000002B]                   	PUSH	LC4
   245 000002CA 53                              	PUSH	EBX
   246 000002CB E8 [00000000]                   	CALL	_sprintf
   247 000002D0 83 C4 28                        	ADD	ESP,40
   248 000002D3 53                              	PUSH	EBX
   249 000002D4 6A 07                           	PUSH	7
   250 000002D6 6A 20                           	PUSH	32
   251 000002D8 6A 00                           	PUSH	0
   252 000002DA 0F BF 05 00000FF4               	MOVSX	EAX,WORD [4084]
   253 000002E1 50                              	PUSH	EAX
   254 000002E2 FF B5 FFFFFE00                  	PUSH	DWORD [-512+EBP]
   255 000002E8 E8 [00000000]                   	CALL	_putfonts8_asc
   256 000002ED 6A 30                           	PUSH	48
   257 000002EF 0F BF 05 00000FF4               	MOVSX	EAX,WORD [4084]
   258 000002F6 50                              	PUSH	EAX
   259 000002F7 6A 00                           	PUSH	0
   260 000002F9                                 L18:
   261 000002F9 6A 00                           	PUSH	0
   262 000002FB FF B5 FFFFFE0C                  	PUSH	DWORD [-500+EBP]
   263 00000301 E8 [00000000]                   	CALL	_sheet_refresh
   264 00000306 83 C4 2C                        	ADD	ESP,44
   265 00000309                                 L2:
   266 00000309 E8 [00000000]                   	CALL	_io_cli
   267 0000030E 68 [00000000]                   	PUSH	_keyfifo
   268 00000313 E8 [00000000]                   	CALL	_fifo8_status
   269 00000318 68 [00000000]                   	PUSH	_mousefifo
   270 0000031D 89 C3                           	MOV	EBX,EAX
   271 0000031F E8 [00000000]                   	CALL	_fifo8_status
   272 00000324 8D 04 18                        	LEA	EAX,DWORD [EAX+EBX*1]
   273 00000327 5B                              	POP	EBX
   274 00000328 5A                              	POP	EDX
   275 00000329 85 C0                           	TEST	EAX,EAX
   276 0000032B 0F 84 000001FD                  	JE	L19
   277 00000331 68 [00000000]                   	PUSH	_keyfifo
   278 00000336 E8 [00000000]                   	CALL	_fifo8_status
   279 0000033B 59                              	POP	ECX
   280 0000033C 85 C0                           	TEST	EAX,EAX
   281 0000033E 0F 85 00000185                  	JNE	L20
   282 00000344 68 [00000000]                   	PUSH	_mousefifo
   283 00000349 E8 [00000000]                   	CALL	_fifo8_status
   284 0000034E 5A                              	POP	EDX
   285 0000034F 85 C0                           	TEST	EAX,EAX
   286 00000351 74 B6                           	JE	L2
   287 00000353 68 [00000000]                   	PUSH	_mousefifo
   288 00000358 E8 [00000000]                   	CALL	_fifo8_get
   289 0000035D 89 C3                           	MOV	EBX,EAX
   290 0000035F E8 [00000000]                   	CALL	_io_sti
   291 00000364 0F B6 C3                        	MOVZX	EAX,BL
   292 00000367 50                              	PUSH	EAX
   293 00000368 8D 85 FFFFFF14                  	LEA	EAX,DWORD [-236+EBP]
   294 0000036E 50                              	PUSH	EAX
   295 0000036F E8 [00000000]                   	CALL	_mouse_decode
   296 00000374 83 C4 0C                        	ADD	ESP,12
   297 00000377 85 C0                           	TEST	EAX,EAX
   298 00000379 74 8E                           	JE	L2
   299 0000037B FF B5 FFFFFF1C                  	PUSH	DWORD [-228+EBP]
   300 00000381 FF B5 FFFFFF18                  	PUSH	DWORD [-232+EBP]
   301 00000387 68 [00000043]                   	PUSH	LC6
   302 0000038C 8D 5D C4                        	LEA	EBX,DWORD [-60+EBP]
   303 0000038F 53                              	PUSH	EBX
   304 00000390 E8 [00000000]                   	CALL	_sprintf
   305 00000395 83 C4 10                        	ADD	ESP,16
   306 00000398 8B 85 FFFFFF20                  	MOV	EAX,DWORD [-224+EBP]
   307 0000039E A9 00000001                     	TEST	EAX,1
   308 000003A3 74 04                           	JE	L11
   309 000003A5 C6 45 C5 4C                     	MOV	BYTE [-59+EBP],76
   310 000003A9                                 L11:
   311 000003A9 A9 00000002                     	TEST	EAX,2
   312 000003AE 74 04                           	JE	L12
   313 000003B0 C6 45 C7 52                     	MOV	BYTE [-57+EBP],82
   314 000003B4                                 L12:
   315 000003B4 83 E0 04                        	AND	EAX,4
   316 000003B7 74 04                           	JE	L13
   317 000003B9 C6 45 C6 43                     	MOV	BYTE [-58+EBP],67
   318 000003BD                                 L13:
   319 000003BD 6A 1F                           	PUSH	31
   320 000003BF 68 00000097                     	PUSH	151
   321 000003C4 6A 10                           	PUSH	16
   322 000003C6 6A 20                           	PUSH	32
   323 000003C8 6A 0E                           	PUSH	14
   324 000003CA 0F BF 05 00000FF4               	MOVSX	EAX,WORD [4084]
   325 000003D1 50                              	PUSH	EAX
   326 000003D2 FF B5 FFFFFE00                  	PUSH	DWORD [-512+EBP]
   327 000003D8 E8 [00000000]                   	CALL	_boxfill8
   328 000003DD 53                              	PUSH	EBX
   329 000003DE 6A 07                           	PUSH	7
   330 000003E0 6A 10                           	PUSH	16
   331 000003E2 6A 20                           	PUSH	32
   332 000003E4 0F BF 05 00000FF4               	MOVSX	EAX,WORD [4084]
   333 000003EB 50                              	PUSH	EAX
   334 000003EC FF B5 FFFFFE00                  	PUSH	DWORD [-512+EBP]
   335 000003F2 E8 [00000000]                   	CALL	_putfonts8_asc
   336 000003F7 83 C4 34                        	ADD	ESP,52
   337 000003FA 6A 20                           	PUSH	32
   338 000003FC 68 00000098                     	PUSH	152
   339 00000401 6A 10                           	PUSH	16
   340 00000403 6A 20                           	PUSH	32
   341 00000405 FF B5 FFFFFE0C                  	PUSH	DWORD [-500+EBP]
   342 0000040B E8 [00000000]                   	CALL	_sheet_refresh
   343 00000410 83 C4 14                        	ADD	ESP,20
   344 00000413 03 B5 FFFFFF1C                  	ADD	ESI,DWORD [-228+EBP]
   345 00000419 03 BD FFFFFF18                  	ADD	EDI,DWORD [-232+EBP]
   346 0000041F 0F 88 0000009D                  	JS	L21
   347 00000425                                 L14:
   348 00000425 85 F6                           	TEST	ESI,ESI
   349 00000427 0F 88 0000008E                  	JS	L22
   350 0000042D                                 L15:
   351 0000042D 0F BF 05 00000FF4               	MOVSX	EAX,WORD [4084]
   352 00000434 48                              	DEC	EAX
   353 00000435 39 C7                           	CMP	EDI,EAX
   354 00000437 7E 02                           	JLE	L16
   355 00000439 89 C7                           	MOV	EDI,EAX
   356 0000043B                                 L16:
   357 0000043B 0F BF 05 00000FF6               	MOVSX	EAX,WORD [4086]
   358 00000442 48                              	DEC	EAX
   359 00000443 39 C6                           	CMP	ESI,EAX
   360 00000445 7E 02                           	JLE	L17
   361 00000447 89 C6                           	MOV	ESI,EAX
   362 00000449                                 L17:
   363 00000449 56                              	PUSH	ESI
   364 0000044A 57                              	PUSH	EDI
   365 0000044B 68 [00000051]                   	PUSH	LC7
   366 00000450 53                              	PUSH	EBX
   367 00000451 E8 [00000000]                   	CALL	_sprintf
   368 00000456 6A 0F                           	PUSH	15
   369 00000458 6A 4F                           	PUSH	79
   370 0000045A 6A 00                           	PUSH	0
   371 0000045C 6A 00                           	PUSH	0
   372 0000045E 6A 0E                           	PUSH	14
   373 00000460 0F BF 05 00000FF4               	MOVSX	EAX,WORD [4084]
   374 00000467 50                              	PUSH	EAX
   375 00000468 FF B5 FFFFFE00                  	PUSH	DWORD [-512+EBP]
   376 0000046E E8 [00000000]                   	CALL	_boxfill8
   377 00000473 83 C4 2C                        	ADD	ESP,44
   378 00000476 53                              	PUSH	EBX
   379 00000477 6A 07                           	PUSH	7
   380 00000479 6A 00                           	PUSH	0
   381 0000047B 6A 00                           	PUSH	0
   382 0000047D 0F BF 05 00000FF4               	MOVSX	EAX,WORD [4084]
   383 00000484 50                              	PUSH	EAX
   384 00000485 FF B5 FFFFFE00                  	PUSH	DWORD [-512+EBP]
   385 0000048B E8 [00000000]                   	CALL	_putfonts8_asc
   386 00000490 6A 10                           	PUSH	16
   387 00000492 6A 50                           	PUSH	80
   388 00000494 6A 00                           	PUSH	0
   389 00000496 6A 00                           	PUSH	0
   390 00000498 FF B5 FFFFFE0C                  	PUSH	DWORD [-500+EBP]
   391 0000049E E8 [00000000]                   	CALL	_sheet_refresh
   392 000004A3 83 C4 2C                        	ADD	ESP,44
   393 000004A6 56                              	PUSH	ESI
   394 000004A7 57                              	PUSH	EDI
   395 000004A8 FF B5 FFFFFE08                  	PUSH	DWORD [-504+EBP]
   396 000004AE E8 [00000000]                   	CALL	_sheet_slide
   397 000004B3 83 C4 0C                        	ADD	ESP,12
   398 000004B6 E9 FFFFFE4E                     	JMP	L2
   399 000004BB                                 L22:
   400 000004BB 31 F6                           	XOR	ESI,ESI
   401 000004BD E9 FFFFFF6B                     	JMP	L15
   402 000004C2                                 L21:
   403 000004C2 31 FF                           	XOR	EDI,EDI
   404 000004C4 E9 FFFFFF5C                     	JMP	L14
   405 000004C9                                 L20:
   406 000004C9 68 [00000000]                   	PUSH	_keyfifo
   407 000004CE E8 [00000000]                   	CALL	_fifo8_get
   408 000004D3 89 C3                           	MOV	EBX,EAX
   409 000004D5 E8 [00000000]                   	CALL	_io_sti
   410 000004DA 53                              	PUSH	EBX
   411 000004DB 8D 5D C4                        	LEA	EBX,DWORD [-60+EBP]
   412 000004DE 68 [0000005C]                   	PUSH	LC5
   413 000004E3 53                              	PUSH	EBX
   414 000004E4 E8 [00000000]                   	CALL	_sprintf
   415 000004E9 6A 1F                           	PUSH	31
   416 000004EB 6A 0F                           	PUSH	15
   417 000004ED 6A 10                           	PUSH	16
   418 000004EF 6A 00                           	PUSH	0
   419 000004F1 6A 0E                           	PUSH	14
   420 000004F3 0F BF 05 00000FF4               	MOVSX	EAX,WORD [4084]
   421 000004FA 50                              	PUSH	EAX
   422 000004FB FF B5 FFFFFE00                  	PUSH	DWORD [-512+EBP]
   423 00000501 E8 [00000000]                   	CALL	_boxfill8
   424 00000506 83 C4 2C                        	ADD	ESP,44
   425 00000509 53                              	PUSH	EBX
   426 0000050A 6A 07                           	PUSH	7
   427 0000050C 6A 10                           	PUSH	16
   428 0000050E 6A 00                           	PUSH	0
   429 00000510 0F BF 05 00000FF4               	MOVSX	EAX,WORD [4084]
   430 00000517 50                              	PUSH	EAX
   431 00000518 FF B5 FFFFFE00                  	PUSH	DWORD [-512+EBP]
   432 0000051E E8 [00000000]                   	CALL	_putfonts8_asc
   433 00000523 6A 20                           	PUSH	32
   434 00000525 6A 10                           	PUSH	16
   435 00000527 6A 10                           	PUSH	16
   436 00000529 E9 FFFFFDCB                     	JMP	L18
   437 0000052E                                 L19:
   438 0000052E E8 [00000000]                   	CALL	_io_stihlt
   439 00000533 E9 FFFFFDD1                     	JMP	L2
   440                                          [SECTION .data]
   441 00000061                                 _closebtn.0:
   442 00000061 4F 4F 4F 4F 4F 4F 4F 4F 4F 4F   	DB	"OOOOOOOOOOOOOOO@"
       0000006B 4F 4F 4F 4F 4F 40 
   443 00000071 4F 51 51 51 51 51 51 51 51 51   	DB	"OQQQQQQQQQQQQQ$@"
       0000007B 51 51 51 51 24 40 
   444 00000081 4F 51 51 51 51 51 51 51 51 51   	DB	"OQQQQQQQQQQQQQ$@"
       0000008B 51 51 51 51 24 40 
   445 00000091 4F 51 51 51 40 40 51 51 51 51   	DB	"OQQQ@@QQQQ@@QQ$@"
       0000009B 40 40 51 51 24 40 
   446 000000A1 4F 51 51 51 51 40 40 51 51 40   	DB	"OQQQQ@@QQ@@QQQ$@"
       000000AB 40 51 51 51 24 40 
   447 000000B1 4F 51 51 51 51 51 40 40 40 40   	DB	"OQQQQQ@@@@QQQQ$@"
       000000BB 51 51 51 51 24 40 
   448 000000C1 4F 51 51 51 51 51 51 40 40 51   	DB	"OQQQQQQ@@QQQQQ$@"
       000000CB 51 51 51 51 24 40 
   449 000000D1 4F 51 51 51 51 51 40 40 40 40   	DB	"OQQQQQ@@@@QQQQ$@"
       000000DB 51 51 51 51 24 40 
   450 000000E1 4F 51 51 51 51 40 40 51 51 40   	DB	"OQQQQ@@QQ@@QQQ$@"
       000000EB 40 51 51 51 24 40 
   451 000000F1 4F 51 51 51 40 40 51 51 51 51   	DB	"OQQQ@@QQQQ@@QQ$@"
       000000FB 40 40 51 51 24 40 
   452 00000101 4F 51 51 51 51 51 51 51 51 51   	DB	"OQQQQQQQQQQQQQ$@"
       0000010B 51 51 51 51 24 40 
   453 00000111 4F 51 51 51 51 51 51 51 51 51   	DB	"OQQQQQQQQQQQQQ$@"
       0000011B 51 51 51 51 24 40 
   454 00000121 4F 24 24 24 24 24 24 24 24 24   	DB	"O$$$$$$$$$$$$$$@"
       0000012B 24 24 24 24 24 40 
   455 00000131 40 40 40 40 40 40 40 40 40 40   	DB	"@@@@@@@@@@@@@@@@"
       0000013B 40 40 40 40 40 40 
   456                                          [SECTION .text]
   457 00000538                                 	GLOBAL	_make_window8
   458 00000538                                 _make_window8:
   459 00000538 55                              	PUSH	EBP
   460 00000539 89 E5                           	MOV	EBP,ESP
   461 0000053B 57                              	PUSH	EDI
   462 0000053C 56                              	PUSH	ESI
   463 0000053D 53                              	PUSH	EBX
   464 0000053E 83 EC 14                        	SUB	ESP,20
   465 00000541 8B 5D 0C                        	MOV	EBX,DWORD [12+EBP]
   466 00000544 6A 00                           	PUSH	0
   467 00000546 8D 43 FF                        	LEA	EAX,DWORD [-1+EBX]
   468 00000549 8D 7B FE                        	LEA	EDI,DWORD [-2+EBX]
   469 0000054C 50                              	PUSH	EAX
   470 0000054D 89 45 EC                        	MOV	DWORD [-20+EBP],EAX
   471 00000550 6A 00                           	PUSH	0
   472 00000552 6A 00                           	PUSH	0
   473 00000554 6A 08                           	PUSH	8
   474 00000556 53                              	PUSH	EBX
   475 00000557 FF 75 08                        	PUSH	DWORD [8+EBP]
   476 0000055A E8 [00000000]                   	CALL	_boxfill8
   477 0000055F 6A 01                           	PUSH	1
   478 00000561 57                              	PUSH	EDI
   479 00000562 6A 01                           	PUSH	1
   480 00000564 6A 01                           	PUSH	1
   481 00000566 6A 07                           	PUSH	7
   482 00000568 53                              	PUSH	EBX
   483 00000569 FF 75 08                        	PUSH	DWORD [8+EBP]
   484 0000056C E8 [00000000]                   	CALL	_boxfill8
   485 00000571 8B 55 10                        	MOV	EDX,DWORD [16+EBP]
   486 00000574 83 C4 38                        	ADD	ESP,56
   487 00000577 4A                              	DEC	EDX
   488 00000578 89 55 E8                        	MOV	DWORD [-24+EBP],EDX
   489 0000057B 52                              	PUSH	EDX
   490 0000057C 6A 00                           	PUSH	0
   491 0000057E 6A 00                           	PUSH	0
   492 00000580 6A 00                           	PUSH	0
   493 00000582 6A 08                           	PUSH	8
   494 00000584 53                              	PUSH	EBX
   495 00000585 FF 75 08                        	PUSH	DWORD [8+EBP]
   496 00000588 E8 [00000000]                   	CALL	_boxfill8
   497 0000058D 8B 75 10                        	MOV	ESI,DWORD [16+EBP]
   498 00000590 83 EE 02                        	SUB	ESI,2
   499 00000593 56                              	PUSH	ESI
   500 00000594 6A 01                           	PUSH	1
   501 00000596 6A 01                           	PUSH	1
   502 00000598 6A 01                           	PUSH	1
   503 0000059A 6A 07                           	PUSH	7
   504 0000059C 53                              	PUSH	EBX
   505 0000059D FF 75 08                        	PUSH	DWORD [8+EBP]
   506 000005A0 E8 [00000000]                   	CALL	_boxfill8
   507 000005A5 83 C4 38                        	ADD	ESP,56
   508 000005A8 56                              	PUSH	ESI
   509 000005A9 57                              	PUSH	EDI
   510 000005AA 6A 01                           	PUSH	1
   511 000005AC 57                              	PUSH	EDI
   512 000005AD 6A 0F                           	PUSH	15
   513 000005AF 53                              	PUSH	EBX
   514 000005B0 FF 75 08                        	PUSH	DWORD [8+EBP]
   515 000005B3 E8 [00000000]                   	CALL	_boxfill8
   516 000005B8 FF 75 E8                        	PUSH	DWORD [-24+EBP]
   517 000005BB FF 75 EC                        	PUSH	DWORD [-20+EBP]
   518 000005BE 6A 00                           	PUSH	0
   519 000005C0 FF 75 EC                        	PUSH	DWORD [-20+EBP]
   520 000005C3 6A 00                           	PUSH	0
   521 000005C5 53                              	PUSH	EBX
   522 000005C6 FF 75 08                        	PUSH	DWORD [8+EBP]
   523 000005C9 E8 [00000000]                   	CALL	_boxfill8
   524 000005CE 8B 45 10                        	MOV	EAX,DWORD [16+EBP]
   525 000005D1 83 C4 38                        	ADD	ESP,56
   526 000005D4 83 E8 03                        	SUB	EAX,3
   527 000005D7 50                              	PUSH	EAX
   528 000005D8 8D 43 FD                        	LEA	EAX,DWORD [-3+EBX]
   529 000005DB 50                              	PUSH	EAX
   530 000005DC 6A 02                           	PUSH	2
   531 000005DE 6A 02                           	PUSH	2
   532 000005E0 6A 08                           	PUSH	8
   533 000005E2 53                              	PUSH	EBX
   534 000005E3 FF 75 08                        	PUSH	DWORD [8+EBP]
   535 000005E6 E8 [00000000]                   	CALL	_boxfill8
   536 000005EB 8D 43 FC                        	LEA	EAX,DWORD [-4+EBX]
   537 000005EE 6A 14                           	PUSH	20
   538 000005F0 50                              	PUSH	EAX
   539 000005F1 6A 03                           	PUSH	3
   540 000005F3 6A 03                           	PUSH	3
   541 000005F5 6A 0C                           	PUSH	12
   542 000005F7 53                              	PUSH	EBX
   543 000005F8 FF 75 08                        	PUSH	DWORD [8+EBP]
   544 000005FB E8 [00000000]                   	CALL	_boxfill8
   545 00000600 83 C4 38                        	ADD	ESP,56
   546 00000603 56                              	PUSH	ESI
   547 00000604 57                              	PUSH	EDI
   548 00000605 56                              	PUSH	ESI
   549 00000606 6A 01                           	PUSH	1
   550 00000608 6A 0F                           	PUSH	15
   551 0000060A 53                              	PUSH	EBX
   552 0000060B FF 75 08                        	PUSH	DWORD [8+EBP]
   553 0000060E E8 [00000000]                   	CALL	_boxfill8
   554 00000613 FF 75 E8                        	PUSH	DWORD [-24+EBP]
   555 00000616 FF 75 EC                        	PUSH	DWORD [-20+EBP]
   556 00000619 FF 75 E8                        	PUSH	DWORD [-24+EBP]
   557 0000061C 6A 00                           	PUSH	0
   558 0000061E 6A 00                           	PUSH	0
   559 00000620 6B F3 05                        	IMUL	ESI,EBX,5
   560 00000623 53                              	PUSH	EBX
   561 00000624 FF 75 08                        	PUSH	DWORD [8+EBP]
   562 00000627 E8 [00000000]                   	CALL	_boxfill8
   563 0000062C 83 C4 38                        	ADD	ESP,56
   564 0000062F FF 75 14                        	PUSH	DWORD [20+EBP]
   565 00000632 6A 07                           	PUSH	7
   566 00000634 6A 04                           	PUSH	4
   567 00000636 6A 18                           	PUSH	24
   568 00000638 53                              	PUSH	EBX
   569 00000639 FF 75 08                        	PUSH	DWORD [8+EBP]
   570 0000063C E8 [00000000]                   	CALL	_putfonts8_asc
   571 00000641 83 C4 18                        	ADD	ESP,24
   572 00000644 C7 45 F0 00000000               	MOV	DWORD [-16+EBP],0
   573 0000064B C7 45 E0 00000000               	MOV	DWORD [-32+EBP],0
   574 00000652                                 L39:
   575 00000652 8D 04 1E                        	LEA	EAX,DWORD [ESI+EBX*1]
   576 00000655 8B 55 08                        	MOV	EDX,DWORD [8+EBP]
   577 00000658 31 FF                           	XOR	EDI,EDI
   578 0000065A 8D 4C 02 EB                     	LEA	ECX,DWORD [-21+EDX+EAX*1]
   579 0000065E                                 L38:
   580 0000065E 8B 45 E0                        	MOV	EAX,DWORD [-32+EBP]
   581 00000661 8A 94 07 [00000061]             	MOV	DL,BYTE [_closebtn.0+EDI+EAX*1]
   582 00000668 80 FA 40                        	CMP	DL,64
   583 0000066B 74 33                           	JE	L44
   584 0000066D 80 FA 24                        	CMP	DL,36
   585 00000670 74 2A                           	JE	L45
   586 00000672 80 FA 51                        	CMP	DL,81
   587 00000675 B2 08                           	MOV	DL,8
   588 00000677 0F 95 C0                        	SETNE	AL
   589 0000067A 28 C2                           	SUB	DL,AL
   590 0000067C                                 L33:
   591 0000067C 47                              	INC	EDI
   592 0000067D 88 11                           	MOV	BYTE [ECX],DL
   593 0000067F 41                              	INC	ECX
   594 00000680 83 FF 0F                        	CMP	EDI,15
   595 00000683 7E D9                           	JLE	L38
   596 00000685 FF 45 F0                        	INC	DWORD [-16+EBP]
   597 00000688 01 DE                           	ADD	ESI,EBX
   598 0000068A 83 45 E0 10                     	ADD	DWORD [-32+EBP],16
   599 0000068E 83 7D F0 0D                     	CMP	DWORD [-16+EBP],13
   600 00000692 7E BE                           	JLE	L39
   601 00000694 8D 65 F4                        	LEA	ESP,DWORD [-12+EBP]
   602 00000697 5B                              	POP	EBX
   603 00000698 5E                              	POP	ESI
   604 00000699 5F                              	POP	EDI
   605 0000069A 5D                              	POP	EBP
   606 0000069B C3                              	RET
   607 0000069C                                 L45:
   608 0000069C B2 0F                           	MOV	DL,15
   609 0000069E EB DC                           	JMP	L33
   610 000006A0                                 L44:
   611 000006A0 31 D2                           	XOR	EDX,EDX
   612 000006A2 EB D8                           	JMP	L33
