     1 00000000                                 [FORMAT "WCOFF"]
     2 00000000                                 [INSTRSET "i486p"]
     3 00000000                                 [OPTIMIZE 1]
     4 00000000                                 [OPTION 1]
     5 00000000                                 [BITS 32]
     6 00000000                                 	EXTERN	_init_gdtidt
     7 00000000                                 	EXTERN	_init_pic
     8 00000000                                 	EXTERN	_io_sti
     9 00000000                                 	EXTERN	_keyfifo
    10 00000000                                 	EXTERN	_fifo8_init
    11 00000000                                 	EXTERN	_mousefifo
    12 00000000                                 	EXTERN	_init_pit
    13 00000000                                 	EXTERN	_io_out8
    14 00000000                                 	EXTERN	_timer_alloc
    15 00000000                                 	EXTERN	_timer_init
    16 00000000                                 	EXTERN	_timer_settime
    17 00000000                                 	EXTERN	_init_keyboard
    18 00000000                                 	EXTERN	_enable_mouse
    19 00000000                                 	EXTERN	_memtest
    20 00000000                                 	EXTERN	_memman_init
    21 00000000                                 	EXTERN	_memman_free
    22 00000000                                 	EXTERN	_init_palette
    23 00000000                                 	EXTERN	_shtctl_init
    24 00000000                                 	EXTERN	_sheet_alloc
    25 00000000                                 	EXTERN	_memman_alloc_4k
    26 00000000                                 	EXTERN	_sheet_setbuf
    27 00000000                                 	EXTERN	_init_screen8
    28 00000000                                 	EXTERN	_init_mouse_cursor8
    29 00000000                                 	EXTERN	_sheet_slide
    30 00000000                                 	EXTERN	_sheet_updown
    31 00000000                                 	EXTERN	_sprintf
    32 00000000                                 	EXTERN	_putfonts8_asc
    33 00000000                                 	EXTERN	_memman_total
    34 00000000                                 	EXTERN	_sheet_refresh
    35 00000000                                 	EXTERN	_timerctl
    36 00000000                                 	EXTERN	_io_cli
    37 00000000                                 	EXTERN	_fifo8_status
    38 00000000                                 	EXTERN	_fifo8_get
    39 00000000                                 	EXTERN	_boxfill8
    40 00000000                                 	EXTERN	_mouse_decode
    41 00000000                                 [FILE "bootpack.c"]
    42                                          [SECTION .data]
    43 00000000                                 LC0:
    44 00000000 63 6F 75 6E 74 65 72 00         	DB	"counter",0x00
    45 00000008                                 LC1:
    46 00000008 28 25 33 64 2C 20 25 33 64 29   	DB	"(%3d, %3d)",0x00
       00000012 00 
    47 00000013                                 LC2:
    48 00000013 6D 65 6D 6F 72 79 20 25 64 4D   	DB	"memory %dMB   free : %dKB",0x00
       0000001D 42 20 20 20 66 72 65 65 20 3A 
       00000027 20 25 64 4B 42 00 
    49 0000002D                                 LC3:
    50 0000002D 25 30 31 30 64 00               	DB	"%010d",0x00
    51 00000033                                 LC7:
    52 00000033 33 5B 73 65 63 5D 00            	DB	"3[sec]",0x00
    53 0000003A                                 LC6:
    54 0000003A 31 30 5B 73 65 63 5D 00         	DB	"10[sec]",0x00
    55 00000042                                 LC5:
    56 00000042 5B 6C 63 72 20 25 34 64 20 25   	DB	"[lcr %4d %4d]",0x00
       0000004C 34 64 5D 00 
    57 00000050                                 LC4:
    58 00000050 25 30 32 58 00                  	DB	"%02X",0x00
    59                                          [SECTION .text]
    60 00000000                                 	GLOBAL	_HariMain
    61 00000000                                 _HariMain:
    62 00000000 55                              	PUSH	EBP
    63 00000001 89 E5                           	MOV	EBP,ESP
    64 00000003 57                              	PUSH	EDI
    65 00000004 56                              	PUSH	ESI
    66 00000005 53                              	PUSH	EBX
    67 00000006 8D 75 D4                        	LEA	ESI,DWORD [-44+EBP]
    68 00000009 81 EC 0000026C                  	SUB	ESP,620
    69 0000000F E8 [00000000]                   	CALL	_init_gdtidt
    70 00000014 E8 [00000000]                   	CALL	_init_pic
    71 00000019 E8 [00000000]                   	CALL	_io_sti
    72 0000001E 8D 85 FFFFFF44                  	LEA	EAX,DWORD [-188+EBP]
    73 00000024 50                              	PUSH	EAX
    74 00000025 6A 20                           	PUSH	32
    75 00000027 68 [00000000]                   	PUSH	_keyfifo
    76 0000002C E8 [00000000]                   	CALL	_fifo8_init
    77 00000031 8D 85 FFFFFEC4                  	LEA	EAX,DWORD [-316+EBP]
    78 00000037 50                              	PUSH	EAX
    79 00000038 68 00000080                     	PUSH	128
    80 0000003D 68 [00000000]                   	PUSH	_mousefifo
    81 00000042 E8 [00000000]                   	CALL	_fifo8_init
    82 00000047 E8 [00000000]                   	CALL	_init_pit
    83 0000004C 68 000000F8                     	PUSH	248
    84 00000051 6A 21                           	PUSH	33
    85 00000053 E8 [00000000]                   	CALL	_io_out8
    86 00000058 83 C4 20                        	ADD	ESP,32
    87 0000005B 68 000000EF                     	PUSH	239
    88 00000060 68 000000A1                     	PUSH	161
    89 00000065 E8 [00000000]                   	CALL	_io_out8
    90 0000006A 8D 85 FFFFFDAC                  	LEA	EAX,DWORD [-596+EBP]
    91 00000070 50                              	PUSH	EAX
    92 00000071 6A 08                           	PUSH	8
    93 00000073 56                              	PUSH	ESI
    94 00000074 E8 [00000000]                   	CALL	_fifo8_init
    95 00000079 E8 [00000000]                   	CALL	_timer_alloc
    96 0000007E 6A 0A                           	PUSH	10
    97 00000080 56                              	PUSH	ESI
    98 00000081 89 C3                           	MOV	EBX,EAX
    99 00000083 50                              	PUSH	EAX
   100 00000084 E8 [00000000]                   	CALL	_timer_init
   101 00000089 83 C4 20                        	ADD	ESP,32
   102 0000008C 68 000003E8                     	PUSH	1000
   103 00000091 53                              	PUSH	EBX
   104 00000092 E8 [00000000]                   	CALL	_timer_settime
   105 00000097 E8 [00000000]                   	CALL	_timer_alloc
   106 0000009C 6A 03                           	PUSH	3
   107 0000009E 56                              	PUSH	ESI
   108 0000009F 89 C3                           	MOV	EBX,EAX
   109 000000A1 50                              	PUSH	EAX
   110 000000A2 E8 [00000000]                   	CALL	_timer_init
   111 000000A7 68 0000012C                     	PUSH	300
   112 000000AC 53                              	PUSH	EBX
   113 000000AD E8 [00000000]                   	CALL	_timer_settime
   114 000000B2 E8 [00000000]                   	CALL	_timer_alloc
   115 000000B7 6A 01                           	PUSH	1
   116 000000B9 56                              	PUSH	ESI
   117 000000BA 50                              	PUSH	EAX
   118 000000BB 89 85 FFFFFDA8                  	MOV	DWORD [-600+EBP],EAX
   119 000000C1 E8 [00000000]                   	CALL	_timer_init
   120 000000C6 83 C4 28                        	ADD	ESP,40
   121 000000C9 6A 32                           	PUSH	50
   122 000000CB FF B5 FFFFFDA8                  	PUSH	DWORD [-600+EBP]
   123 000000D1 E8 [00000000]                   	CALL	_timer_settime
   124 000000D6 E8 [00000000]                   	CALL	_init_keyboard
   125 000000DB 8D 85 FFFFFEB4                  	LEA	EAX,DWORD [-332+EBP]
   126 000000E1 50                              	PUSH	EAX
   127 000000E2 E8 [00000000]                   	CALL	_enable_mouse
   128 000000E7 68 BFFFFFFF                     	PUSH	-1073741825
   129 000000EC 68 00400000                     	PUSH	4194304
   130 000000F1 E8 [00000000]                   	CALL	_memtest
   131 000000F6 68 003C0000                     	PUSH	3932160
   132 000000FB 89 85 FFFFFDA0                  	MOV	DWORD [-608+EBP],EAX
   133 00000101 E8 [00000000]                   	CALL	_memman_init
   134 00000106 68 0009E000                     	PUSH	647168
   135 0000010B 68 00001000                     	PUSH	4096
   136 00000110 68 003C0000                     	PUSH	3932160
   137 00000115 E8 [00000000]                   	CALL	_memman_free
   138 0000011A 8B 85 FFFFFDA0                  	MOV	EAX,DWORD [-608+EBP]
   139 00000120 83 C4 24                        	ADD	ESP,36
   140 00000123 2D 00400000                     	SUB	EAX,4194304
   141 00000128 50                              	PUSH	EAX
   142 00000129 68 00400000                     	PUSH	4194304
   143 0000012E 68 003C0000                     	PUSH	3932160
   144 00000133 E8 [00000000]                   	CALL	_memman_free
   145 00000138 E8 [00000000]                   	CALL	_init_palette
   146 0000013D 0F BF 05 00000FF6               	MOVSX	EAX,WORD [4086]
   147 00000144 50                              	PUSH	EAX
   148 00000145 0F BF 05 00000FF4               	MOVSX	EAX,WORD [4084]
   149 0000014C 50                              	PUSH	EAX
   150 0000014D FF 35 00000FF8                  	PUSH	DWORD [4088]
   151 00000153 68 003C0000                     	PUSH	3932160
   152 00000158 E8 [00000000]                   	CALL	_shtctl_init
   153 0000015D 89 C3                           	MOV	EBX,EAX
   154 0000015F 50                              	PUSH	EAX
   155 00000160 E8 [00000000]                   	CALL	_sheet_alloc
   156 00000165 83 C4 20                        	ADD	ESP,32
   157 00000168 53                              	PUSH	EBX
   158 00000169 89 85 FFFFFD9C                  	MOV	DWORD [-612+EBP],EAX
   159 0000016F E8 [00000000]                   	CALL	_sheet_alloc
   160 00000174 53                              	PUSH	EBX
   161 00000175 8D 9D FFFFFDB4                  	LEA	EBX,DWORD [-588+EBP]
   162 0000017B 89 85 FFFFFD98                  	MOV	DWORD [-616+EBP],EAX
   163 00000181 E8 [00000000]                   	CALL	_sheet_alloc
   164 00000186 0F BF 15 00000FF6               	MOVSX	EDX,WORD [4086]
   165 0000018D 89 85 FFFFFD94                  	MOV	DWORD [-620+EBP],EAX
   166 00000193 0F BF 05 00000FF4               	MOVSX	EAX,WORD [4084]
   167 0000019A 0F AF C2                        	IMUL	EAX,EDX
   168 0000019D 50                              	PUSH	EAX
   169 0000019E 68 003C0000                     	PUSH	3932160
   170 000001A3 E8 [00000000]                   	CALL	_memman_alloc_4k
   171 000001A8 68 00002080                     	PUSH	8320
   172 000001AD 68 003C0000                     	PUSH	3932160
   173 000001B2 89 85 FFFFFD90                  	MOV	DWORD [-624+EBP],EAX
   174 000001B8 E8 [00000000]                   	CALL	_memman_alloc_4k
   175 000001BD 6A FF                           	PUSH	-1
   176 000001BF 89 C6                           	MOV	ESI,EAX
   177 000001C1 0F BF 05 00000FF6               	MOVSX	EAX,WORD [4086]
   178 000001C8 50                              	PUSH	EAX
   179 000001C9 0F BF 05 00000FF4               	MOVSX	EAX,WORD [4084]
   180 000001D0 50                              	PUSH	EAX
   181 000001D1 FF B5 FFFFFD90                  	PUSH	DWORD [-624+EBP]
   182 000001D7 FF B5 FFFFFD9C                  	PUSH	DWORD [-612+EBP]
   183 000001DD E8 [00000000]                   	CALL	_sheet_setbuf
   184 000001E2 83 C4 2C                        	ADD	ESP,44
   185 000001E5 6A 63                           	PUSH	99
   186 000001E7 6A 10                           	PUSH	16
   187 000001E9 6A 10                           	PUSH	16
   188 000001EB 53                              	PUSH	EBX
   189 000001EC FF B5 FFFFFD98                  	PUSH	DWORD [-616+EBP]
   190 000001F2 E8 [00000000]                   	CALL	_sheet_setbuf
   191 000001F7 6A FF                           	PUSH	-1
   192 000001F9 6A 34                           	PUSH	52
   193 000001FB 68 000000A0                     	PUSH	160
   194 00000200 56                              	PUSH	ESI
   195 00000201 FF B5 FFFFFD94                  	PUSH	DWORD [-620+EBP]
   196 00000207 E8 [00000000]                   	CALL	_sheet_setbuf
   197 0000020C 83 C4 28                        	ADD	ESP,40
   198 0000020F 0F BF 05 00000FF6               	MOVSX	EAX,WORD [4086]
   199 00000216 50                              	PUSH	EAX
   200 00000217 0F BF 05 00000FF4               	MOVSX	EAX,WORD [4084]
   201 0000021E 50                              	PUSH	EAX
   202 0000021F FF B5 FFFFFD90                  	PUSH	DWORD [-624+EBP]
   203 00000225 E8 [00000000]                   	CALL	_init_screen8
   204 0000022A 6A 63                           	PUSH	99
   205 0000022C 53                              	PUSH	EBX
   206 0000022D BB 00000002                     	MOV	EBX,2
   207 00000232 E8 [00000000]                   	CALL	_init_mouse_cursor8
   208 00000237 68 [00000000]                   	PUSH	LC0
   209 0000023C 6A 34                           	PUSH	52
   210 0000023E 68 000000A0                     	PUSH	160
   211 00000243 56                              	PUSH	ESI
   212 00000244 E8 00000460                     	CALL	_make_window8
   213 00000249 83 C4 24                        	ADD	ESP,36
   214 0000024C 6A 00                           	PUSH	0
   215 0000024E 6A 00                           	PUSH	0
   216 00000250 FF B5 FFFFFD9C                  	PUSH	DWORD [-612+EBP]
   217 00000256 E8 [00000000]                   	CALL	_sheet_slide
   218 0000025B 0F BF 05 00000FF4               	MOVSX	EAX,WORD [4084]
   219 00000262 8D 48 F0                        	LEA	ECX,DWORD [-16+EAX]
   220 00000265 89 C8                           	MOV	EAX,ECX
   221 00000267 99                              	CDQ
   222 00000268 F7 FB                           	IDIV	EBX
   223 0000026A 89 85 FFFFFDA4                  	MOV	DWORD [-604+EBP],EAX
   224 00000270 0F BF 05 00000FF6               	MOVSX	EAX,WORD [4086]
   225 00000277 8D 48 D4                        	LEA	ECX,DWORD [-44+EAX]
   226 0000027A 89 C8                           	MOV	EAX,ECX
   227 0000027C 99                              	CDQ
   228 0000027D F7 FB                           	IDIV	EBX
   229 0000027F 50                              	PUSH	EAX
   230 00000280 89 C7                           	MOV	EDI,EAX
   231 00000282 FF B5 FFFFFDA4                  	PUSH	DWORD [-604+EBP]
   232 00000288 FF B5 FFFFFD98                  	PUSH	DWORD [-616+EBP]
   233 0000028E 8D 9D FFFFFF64                  	LEA	EBX,DWORD [-156+EBP]
   234 00000294 E8 [00000000]                   	CALL	_sheet_slide
   235 00000299 6A 48                           	PUSH	72
   236 0000029B 6A 50                           	PUSH	80
   237 0000029D FF B5 FFFFFD94                  	PUSH	DWORD [-620+EBP]
   238 000002A3 E8 [00000000]                   	CALL	_sheet_slide
   239 000002A8 83 C4 24                        	ADD	ESP,36
   240 000002AB 6A 00                           	PUSH	0
   241 000002AD FF B5 FFFFFD9C                  	PUSH	DWORD [-612+EBP]
   242 000002B3 E8 [00000000]                   	CALL	_sheet_updown
   243 000002B8 6A 01                           	PUSH	1
   244 000002BA FF B5 FFFFFD94                  	PUSH	DWORD [-620+EBP]
   245 000002C0 E8 [00000000]                   	CALL	_sheet_updown
   246 000002C5 6A 02                           	PUSH	2
   247 000002C7 FF B5 FFFFFD98                  	PUSH	DWORD [-616+EBP]
   248 000002CD E8 [00000000]                   	CALL	_sheet_updown
   249 000002D2 57                              	PUSH	EDI
   250 000002D3 FF B5 FFFFFDA4                  	PUSH	DWORD [-604+EBP]
   251 000002D9 68 [00000008]                   	PUSH	LC1
   252 000002DE 53                              	PUSH	EBX
   253 000002DF E8 [00000000]                   	CALL	_sprintf
   254 000002E4 83 C4 28                        	ADD	ESP,40
   255 000002E7 53                              	PUSH	EBX
   256 000002E8 6A 07                           	PUSH	7
   257 000002EA 6A 00                           	PUSH	0
   258 000002EC 6A 00                           	PUSH	0
   259 000002EE 0F BF 05 00000FF4               	MOVSX	EAX,WORD [4084]
   260 000002F5 50                              	PUSH	EAX
   261 000002F6 FF B5 FFFFFD90                  	PUSH	DWORD [-624+EBP]
   262 000002FC E8 [00000000]                   	CALL	_putfonts8_asc
   263 00000301 68 003C0000                     	PUSH	3932160
   264 00000306 E8 [00000000]                   	CALL	_memman_total
   265 0000030B C1 AD FFFFFDA0 14               	SHR	DWORD [-608+EBP],20
   266 00000312 C1 E8 0A                        	SHR	EAX,10
   267 00000315 89 04 24                        	MOV	DWORD [ESP],EAX
   268 00000318 FF B5 FFFFFDA0                  	PUSH	DWORD [-608+EBP]
   269 0000031E 68 [00000013]                   	PUSH	LC2
   270 00000323 53                              	PUSH	EBX
   271 00000324 E8 [00000000]                   	CALL	_sprintf
   272 00000329 83 C4 28                        	ADD	ESP,40
   273 0000032C 53                              	PUSH	EBX
   274 0000032D 6A 07                           	PUSH	7
   275 0000032F 6A 20                           	PUSH	32
   276 00000331 6A 00                           	PUSH	0
   277 00000333 0F BF 05 00000FF4               	MOVSX	EAX,WORD [4084]
   278 0000033A 50                              	PUSH	EAX
   279 0000033B FF B5 FFFFFD90                  	PUSH	DWORD [-624+EBP]
   280 00000341 E8 [00000000]                   	CALL	_putfonts8_asc
   281 00000346 6A 30                           	PUSH	48
   282 00000348 0F BF 05 00000FF4               	MOVSX	EAX,WORD [4084]
   283 0000034F 50                              	PUSH	EAX
   284 00000350 6A 00                           	PUSH	0
   285 00000352                                 L27:
   286 00000352 6A 00                           	PUSH	0
   287 00000354 FF B5 FFFFFD9C                  	PUSH	DWORD [-612+EBP]
   288 0000035A E8 [00000000]                   	CALL	_sheet_refresh
   289 0000035F 83 C4 2C                        	ADD	ESP,44
   290 00000362                                 L2:
   291 00000362 FF 35 [00000000]                	PUSH	DWORD [_timerctl]
   292 00000368 68 [0000002D]                   	PUSH	LC3
   293 0000036D 8D 9D FFFFFF64                  	LEA	EBX,DWORD [-156+EBP]
   294 00000373 53                              	PUSH	EBX
   295 00000374 8D 75 D4                        	LEA	ESI,DWORD [-44+EBP]
   296 00000377 E8 [00000000]                   	CALL	_sprintf
   297 0000037C 6A 0A                           	PUSH	10
   298 0000037E 53                              	PUSH	EBX
   299 0000037F 6A 08                           	PUSH	8
   300 00000381 6A 00                           	PUSH	0
   301 00000383 6A 1C                           	PUSH	28
   302 00000385 6A 28                           	PUSH	40
   303 00000387 FF B5 FFFFFD94                  	PUSH	DWORD [-620+EBP]
   304 0000038D E8 00000483                     	CALL	_putfonts8_asc_sht
   305 00000392 83 C4 28                        	ADD	ESP,40
   306 00000395 E8 [00000000]                   	CALL	_io_cli
   307 0000039A 68 [00000000]                   	PUSH	_keyfifo
   308 0000039F E8 [00000000]                   	CALL	_fifo8_status
   309 000003A4 68 [00000000]                   	PUSH	_mousefifo
   310 000003A9 89 C3                           	MOV	EBX,EAX
   311 000003AB E8 [00000000]                   	CALL	_fifo8_status
   312 000003B0 56                              	PUSH	ESI
   313 000003B1 01 C3                           	ADD	EBX,EAX
   314 000003B3 E8 [00000000]                   	CALL	_fifo8_status
   315 000003B8 83 C4 0C                        	ADD	ESP,12
   316 000003BB 8D 04 18                        	LEA	EAX,DWORD [EAX+EBX*1]
   317 000003BE 85 C0                           	TEST	EAX,EAX
   318 000003C0 0F 84 000002D9                  	JE	L30
   319 000003C6 68 [00000000]                   	PUSH	_keyfifo
   320 000003CB E8 [00000000]                   	CALL	_fifo8_status
   321 000003D0 5B                              	POP	EBX
   322 000003D1 85 C0                           	TEST	EAX,EAX
   323 000003D3 0F 85 00000258                  	JNE	L31
   324 000003D9 68 [00000000]                   	PUSH	_mousefifo
   325 000003DE E8 [00000000]                   	CALL	_fifo8_status
   326 000003E3 59                              	POP	ECX
   327 000003E4 85 C0                           	TEST	EAX,EAX
   328 000003E6 0F 85 000000CA                  	JNE	L32
   329 000003EC 56                              	PUSH	ESI
   330 000003ED E8 [00000000]                   	CALL	_fifo8_status
   331 000003F2 5A                              	POP	EDX
   332 000003F3 85 C0                           	TEST	EAX,EAX
   333 000003F5 0F 84 FFFFFF67                  	JE	L2
   334 000003FB 56                              	PUSH	ESI
   335 000003FC E8 [00000000]                   	CALL	_fifo8_get
   336 00000401 89 C3                           	MOV	EBX,EAX
   337 00000403 E8 [00000000]                   	CALL	_io_sti
   338 00000408 58                              	POP	EAX
   339 00000409 83 FB 0A                        	CMP	EBX,10
   340 0000040C 0F 84 00000095                  	JE	L33
   341 00000412 83 FB 03                        	CMP	EBX,3
   342 00000415 74 74                           	JE	L34
   343 00000417 85 DB                           	TEST	EBX,EBX
   344 00000419 74 56                           	JE	L24
   345 0000041B 6A 00                           	PUSH	0
   346 0000041D 56                              	PUSH	ESI
   347 0000041E FF B5 FFFFFDA8                  	PUSH	DWORD [-600+EBP]
   348 00000424 E8 [00000000]                   	CALL	_timer_init
   349 00000429 6A 6F                           	PUSH	111
   350 0000042B 6A 0F                           	PUSH	15
   351 0000042D 6A 60                           	PUSH	96
   352 0000042F 6A 08                           	PUSH	8
   353 00000431 6A 07                           	PUSH	7
   354 00000433                                 L28:
   355 00000433 0F BF 05 00000FF4               	MOVSX	EAX,WORD [4084]
   356 0000043A 50                              	PUSH	EAX
   357 0000043B FF B5 FFFFFD90                  	PUSH	DWORD [-624+EBP]
   358 00000441 E8 [00000000]                   	CALL	_boxfill8
   359 00000446 83 C4 28                        	ADD	ESP,40
   360 00000449 6A 32                           	PUSH	50
   361 0000044B FF B5 FFFFFDA8                  	PUSH	DWORD [-600+EBP]
   362 00000451 E8 [00000000]                   	CALL	_timer_settime
   363 00000456 6A 70                           	PUSH	112
   364 00000458 6A 10                           	PUSH	16
   365 0000045A 6A 60                           	PUSH	96
   366 0000045C 6A 08                           	PUSH	8
   367 0000045E FF B5 FFFFFD9C                  	PUSH	DWORD [-612+EBP]
   368 00000464 E8 [00000000]                   	CALL	_sheet_refresh
   369 00000469                                 L26:
   370 00000469 83 C4 1C                        	ADD	ESP,28
   371 0000046C E9 FFFFFEF1                     	JMP	L2
   372 00000471                                 L24:
   373 00000471 6A 01                           	PUSH	1
   374 00000473 56                              	PUSH	ESI
   375 00000474 FF B5 FFFFFDA8                  	PUSH	DWORD [-600+EBP]
   376 0000047A E8 [00000000]                   	CALL	_timer_init
   377 0000047F 6A 6F                           	PUSH	111
   378 00000481 6A 0F                           	PUSH	15
   379 00000483 6A 60                           	PUSH	96
   380 00000485 6A 08                           	PUSH	8
   381 00000487 6A 0E                           	PUSH	14
   382 00000489 EB A8                           	JMP	L28
   383 0000048B                                 L34:
   384 0000048B 6A 06                           	PUSH	6
   385 0000048D 68 [00000033]                   	PUSH	LC7
   386 00000492 6A 0E                           	PUSH	14
   387 00000494 6A 07                           	PUSH	7
   388 00000496 6A 50                           	PUSH	80
   389 00000498                                 L29:
   390 00000498 6A 00                           	PUSH	0
   391 0000049A FF B5 FFFFFD9C                  	PUSH	DWORD [-612+EBP]
   392 000004A0 E8 00000370                     	CALL	_putfonts8_asc_sht
   393 000004A5 EB C2                           	JMP	L26
   394 000004A7                                 L33:
   395 000004A7 6A 07                           	PUSH	7
   396 000004A9 68 [0000003A]                   	PUSH	LC6
   397 000004AE 6A 0E                           	PUSH	14
   398 000004B0 6A 07                           	PUSH	7
   399 000004B2 6A 40                           	PUSH	64
   400 000004B4 EB E2                           	JMP	L29
   401 000004B6                                 L32:
   402 000004B6 68 [00000000]                   	PUSH	_mousefifo
   403 000004BB E8 [00000000]                   	CALL	_fifo8_get
   404 000004C0 89 C3                           	MOV	EBX,EAX
   405 000004C2 E8 [00000000]                   	CALL	_io_sti
   406 000004C7 0F B6 C3                        	MOVZX	EAX,BL
   407 000004CA 50                              	PUSH	EAX
   408 000004CB 8D 85 FFFFFEB4                  	LEA	EAX,DWORD [-332+EBP]
   409 000004D1 50                              	PUSH	EAX
   410 000004D2 E8 [00000000]                   	CALL	_mouse_decode
   411 000004D7 83 C4 0C                        	ADD	ESP,12
   412 000004DA 85 C0                           	TEST	EAX,EAX
   413 000004DC 0F 84 FFFFFE80                  	JE	L2
   414 000004E2 FF B5 FFFFFEBC                  	PUSH	DWORD [-324+EBP]
   415 000004E8 FF B5 FFFFFEB8                  	PUSH	DWORD [-328+EBP]
   416 000004EE 68 [00000042]                   	PUSH	LC5
   417 000004F3 8D 85 FFFFFF64                  	LEA	EAX,DWORD [-156+EBP]
   418 000004F9 50                              	PUSH	EAX
   419 000004FA E8 [00000000]                   	CALL	_sprintf
   420 000004FF 83 C4 10                        	ADD	ESP,16
   421 00000502 8B 85 FFFFFEC0                  	MOV	EAX,DWORD [-320+EBP]
   422 00000508 A9 00000001                     	TEST	EAX,1
   423 0000050D 74 07                           	JE	L11
   424 0000050F C6 85 FFFFFF65 4C               	MOV	BYTE [-155+EBP],76
   425 00000516                                 L11:
   426 00000516 A9 00000002                     	TEST	EAX,2
   427 0000051B 74 07                           	JE	L12
   428 0000051D C6 85 FFFFFF67 52               	MOV	BYTE [-153+EBP],82
   429 00000524                                 L12:
   430 00000524 83 E0 04                        	AND	EAX,4
   431 00000527 74 07                           	JE	L13
   432 00000529 C6 85 FFFFFF66 43               	MOV	BYTE [-154+EBP],67
   433 00000530                                 L13:
   434 00000530 6A 0F                           	PUSH	15
   435 00000532 8D 95 FFFFFF64                  	LEA	EDX,DWORD [-156+EBP]
   436 00000538 52                              	PUSH	EDX
   437 00000539 6A 0E                           	PUSH	14
   438 0000053B 6A 07                           	PUSH	7
   439 0000053D 6A 10                           	PUSH	16
   440 0000053F 6A 20                           	PUSH	32
   441 00000541 FF B5 FFFFFD9C                  	PUSH	DWORD [-612+EBP]
   442 00000547 E8 000002C9                     	CALL	_putfonts8_asc_sht
   443 0000054C 8B 9D FFFFFEB8                  	MOV	EBX,DWORD [-328+EBP]
   444 00000552 03 BD FFFFFEBC                  	ADD	EDI,DWORD [-324+EBP]
   445 00000558 83 C4 1C                        	ADD	ESP,28
   446 0000055B 01 9D FFFFFDA4                  	ADD	DWORD [-604+EBP],EBX
   447 00000561 0F 88 000000BB                  	JS	L35
   448 00000567                                 L14:
   449 00000567 85 FF                           	TEST	EDI,EDI
   450 00000569 0F 88 000000AC                  	JS	L36
   451 0000056F                                 L15:
   452 0000056F 0F BF 05 00000FF4               	MOVSX	EAX,WORD [4084]
   453 00000576 48                              	DEC	EAX
   454 00000577 39 85 FFFFFDA4                  	CMP	DWORD [-604+EBP],EAX
   455 0000057D 7E 06                           	JLE	L16
   456 0000057F 89 85 FFFFFDA4                  	MOV	DWORD [-604+EBP],EAX
   457 00000585                                 L16:
   458 00000585 0F BF 05 00000FF6               	MOVSX	EAX,WORD [4086]
   459 0000058C 48                              	DEC	EAX
   460 0000058D 39 C7                           	CMP	EDI,EAX
   461 0000058F 7E 02                           	JLE	L17
   462 00000591 89 C7                           	MOV	EDI,EAX
   463 00000593                                 L17:
   464 00000593 57                              	PUSH	EDI
   465 00000594 8D 85 FFFFFF64                  	LEA	EAX,DWORD [-156+EBP]
   466 0000059A FF B5 FFFFFDA4                  	PUSH	DWORD [-604+EBP]
   467 000005A0 68 [00000008]                   	PUSH	LC1
   468 000005A5 50                              	PUSH	EAX
   469 000005A6 E8 [00000000]                   	CALL	_sprintf
   470 000005AB 6A 0F                           	PUSH	15
   471 000005AD 6A 4F                           	PUSH	79
   472 000005AF 6A 00                           	PUSH	0
   473 000005B1 6A 00                           	PUSH	0
   474 000005B3 6A 0E                           	PUSH	14
   475 000005B5 0F BF 05 00000FF4               	MOVSX	EAX,WORD [4084]
   476 000005BC 50                              	PUSH	EAX
   477 000005BD FF B5 FFFFFD90                  	PUSH	DWORD [-624+EBP]
   478 000005C3 E8 [00000000]                   	CALL	_boxfill8
   479 000005C8 8D 95 FFFFFF64                  	LEA	EDX,DWORD [-156+EBP]
   480 000005CE 83 C4 2C                        	ADD	ESP,44
   481 000005D1 52                              	PUSH	EDX
   482 000005D2 6A 07                           	PUSH	7
   483 000005D4 6A 00                           	PUSH	0
   484 000005D6 6A 00                           	PUSH	0
   485 000005D8 0F BF 05 00000FF4               	MOVSX	EAX,WORD [4084]
   486 000005DF 50                              	PUSH	EAX
   487 000005E0 FF B5 FFFFFD90                  	PUSH	DWORD [-624+EBP]
   488 000005E6 E8 [00000000]                   	CALL	_putfonts8_asc
   489 000005EB 6A 10                           	PUSH	16
   490 000005ED 6A 50                           	PUSH	80
   491 000005EF 6A 00                           	PUSH	0
   492 000005F1 6A 00                           	PUSH	0
   493 000005F3 FF B5 FFFFFD9C                  	PUSH	DWORD [-612+EBP]
   494 000005F9 E8 [00000000]                   	CALL	_sheet_refresh
   495 000005FE 83 C4 2C                        	ADD	ESP,44
   496 00000601 57                              	PUSH	EDI
   497 00000602 FF B5 FFFFFDA4                  	PUSH	DWORD [-604+EBP]
   498 00000608 FF B5 FFFFFD98                  	PUSH	DWORD [-616+EBP]
   499 0000060E E8 [00000000]                   	CALL	_sheet_slide
   500 00000613 83 C4 0C                        	ADD	ESP,12
   501 00000616 E9 FFFFFD47                     	JMP	L2
   502 0000061B                                 L36:
   503 0000061B 31 FF                           	XOR	EDI,EDI
   504 0000061D E9 FFFFFF4D                     	JMP	L15
   505 00000622                                 L35:
   506 00000622 C7 85 FFFFFDA4 00000000         	MOV	DWORD [-604+EBP],0
   507 0000062C E9 FFFFFF36                     	JMP	L14
   508 00000631                                 L31:
   509 00000631 68 [00000000]                   	PUSH	_keyfifo
   510 00000636 E8 [00000000]                   	CALL	_fifo8_get
   511 0000063B 89 C3                           	MOV	EBX,EAX
   512 0000063D E8 [00000000]                   	CALL	_io_sti
   513 00000642 53                              	PUSH	EBX
   514 00000643 8D 95 FFFFFF64                  	LEA	EDX,DWORD [-156+EBP]
   515 00000649 68 [00000050]                   	PUSH	LC4
   516 0000064E 8D 9D FFFFFF64                  	LEA	EBX,DWORD [-156+EBP]
   517 00000654 52                              	PUSH	EDX
   518 00000655 E8 [00000000]                   	CALL	_sprintf
   519 0000065A 6A 1F                           	PUSH	31
   520 0000065C 6A 0F                           	PUSH	15
   521 0000065E 6A 10                           	PUSH	16
   522 00000660 6A 00                           	PUSH	0
   523 00000662 6A 0E                           	PUSH	14
   524 00000664 0F BF 05 00000FF4               	MOVSX	EAX,WORD [4084]
   525 0000066B 50                              	PUSH	EAX
   526 0000066C FF B5 FFFFFD90                  	PUSH	DWORD [-624+EBP]
   527 00000672 E8 [00000000]                   	CALL	_boxfill8
   528 00000677 83 C4 2C                        	ADD	ESP,44
   529 0000067A 53                              	PUSH	EBX
   530 0000067B 6A 07                           	PUSH	7
   531 0000067D 6A 10                           	PUSH	16
   532 0000067F 6A 00                           	PUSH	0
   533 00000681 0F BF 05 00000FF4               	MOVSX	EAX,WORD [4084]
   534 00000688 50                              	PUSH	EAX
   535 00000689 FF B5 FFFFFD90                  	PUSH	DWORD [-624+EBP]
   536 0000068F E8 [00000000]                   	CALL	_putfonts8_asc
   537 00000694 6A 20                           	PUSH	32
   538 00000696 6A 10                           	PUSH	16
   539 00000698 6A 10                           	PUSH	16
   540 0000069A E9 FFFFFCB3                     	JMP	L27
   541 0000069F                                 L30:
   542 0000069F E8 [00000000]                   	CALL	_io_sti
   543 000006A4 E9 FFFFFCB9                     	JMP	L2
   544                                          [SECTION .data]
   545 00000055                                 _closebtn.0:
   546 00000055 4F 4F 4F 4F 4F 4F 4F 4F 4F 4F   	DB	"OOOOOOOOOOOOOOO@"
       0000005F 4F 4F 4F 4F 4F 40 
   547 00000065 4F 51 51 51 51 51 51 51 51 51   	DB	"OQQQQQQQQQQQQQ$@"
       0000006F 51 51 51 51 24 40 
   548 00000075 4F 51 51 51 51 51 51 51 51 51   	DB	"OQQQQQQQQQQQQQ$@"
       0000007F 51 51 51 51 24 40 
   549 00000085 4F 51 51 51 40 40 51 51 51 51   	DB	"OQQQ@@QQQQ@@QQ$@"
       0000008F 40 40 51 51 24 40 
   550 00000095 4F 51 51 51 51 40 40 51 51 40   	DB	"OQQQQ@@QQ@@QQQ$@"
       0000009F 40 51 51 51 24 40 
   551 000000A5 4F 51 51 51 51 51 40 40 40 40   	DB	"OQQQQQ@@@@QQQQ$@"
       000000AF 51 51 51 51 24 40 
   552 000000B5 4F 51 51 51 51 51 51 40 40 51   	DB	"OQQQQQQ@@QQQQQ$@"
       000000BF 51 51 51 51 24 40 
   553 000000C5 4F 51 51 51 51 51 40 40 40 40   	DB	"OQQQQQ@@@@QQQQ$@"
       000000CF 51 51 51 51 24 40 
   554 000000D5 4F 51 51 51 51 40 40 51 51 40   	DB	"OQQQQ@@QQ@@QQQ$@"
       000000DF 40 51 51 51 24 40 
   555 000000E5 4F 51 51 51 40 40 51 51 51 51   	DB	"OQQQ@@QQQQ@@QQ$@"
       000000EF 40 40 51 51 24 40 
   556 000000F5 4F 51 51 51 51 51 51 51 51 51   	DB	"OQQQQQQQQQQQQQ$@"
       000000FF 51 51 51 51 24 40 
   557 00000105 4F 51 51 51 51 51 51 51 51 51   	DB	"OQQQQQQQQQQQQQ$@"
       0000010F 51 51 51 51 24 40 
   558 00000115 4F 24 24 24 24 24 24 24 24 24   	DB	"O$$$$$$$$$$$$$$@"
       0000011F 24 24 24 24 24 40 
   559 00000125 40 40 40 40 40 40 40 40 40 40   	DB	"@@@@@@@@@@@@@@@@"
       0000012F 40 40 40 40 40 40 
   560                                          [SECTION .text]
   561 000006A9                                 	GLOBAL	_make_window8
   562 000006A9                                 _make_window8:
   563 000006A9 55                              	PUSH	EBP
   564 000006AA 89 E5                           	MOV	EBP,ESP
   565 000006AC 57                              	PUSH	EDI
   566 000006AD 56                              	PUSH	ESI
   567 000006AE 53                              	PUSH	EBX
   568 000006AF 83 EC 14                        	SUB	ESP,20
   569 000006B2 8B 5D 0C                        	MOV	EBX,DWORD [12+EBP]
   570 000006B5 6A 00                           	PUSH	0
   571 000006B7 8D 43 FF                        	LEA	EAX,DWORD [-1+EBX]
   572 000006BA 8D 7B FE                        	LEA	EDI,DWORD [-2+EBX]
   573 000006BD 50                              	PUSH	EAX
   574 000006BE 89 45 EC                        	MOV	DWORD [-20+EBP],EAX
   575 000006C1 6A 00                           	PUSH	0
   576 000006C3 6A 00                           	PUSH	0
   577 000006C5 6A 08                           	PUSH	8
   578 000006C7 53                              	PUSH	EBX
   579 000006C8 FF 75 08                        	PUSH	DWORD [8+EBP]
   580 000006CB E8 [00000000]                   	CALL	_boxfill8
   581 000006D0 6A 01                           	PUSH	1
   582 000006D2 57                              	PUSH	EDI
   583 000006D3 6A 01                           	PUSH	1
   584 000006D5 6A 01                           	PUSH	1
   585 000006D7 6A 07                           	PUSH	7
   586 000006D9 53                              	PUSH	EBX
   587 000006DA FF 75 08                        	PUSH	DWORD [8+EBP]
   588 000006DD E8 [00000000]                   	CALL	_boxfill8
   589 000006E2 8B 55 10                        	MOV	EDX,DWORD [16+EBP]
   590 000006E5 83 C4 38                        	ADD	ESP,56
   591 000006E8 4A                              	DEC	EDX
   592 000006E9 89 55 E8                        	MOV	DWORD [-24+EBP],EDX
   593 000006EC 52                              	PUSH	EDX
   594 000006ED 6A 00                           	PUSH	0
   595 000006EF 6A 00                           	PUSH	0
   596 000006F1 6A 00                           	PUSH	0
   597 000006F3 6A 08                           	PUSH	8
   598 000006F5 53                              	PUSH	EBX
   599 000006F6 FF 75 08                        	PUSH	DWORD [8+EBP]
   600 000006F9 E8 [00000000]                   	CALL	_boxfill8
   601 000006FE 8B 75 10                        	MOV	ESI,DWORD [16+EBP]
   602 00000701 83 EE 02                        	SUB	ESI,2
   603 00000704 56                              	PUSH	ESI
   604 00000705 6A 01                           	PUSH	1
   605 00000707 6A 01                           	PUSH	1
   606 00000709 6A 01                           	PUSH	1
   607 0000070B 6A 07                           	PUSH	7
   608 0000070D 53                              	PUSH	EBX
   609 0000070E FF 75 08                        	PUSH	DWORD [8+EBP]
   610 00000711 E8 [00000000]                   	CALL	_boxfill8
   611 00000716 83 C4 38                        	ADD	ESP,56
   612 00000719 56                              	PUSH	ESI
   613 0000071A 57                              	PUSH	EDI
   614 0000071B 6A 01                           	PUSH	1
   615 0000071D 57                              	PUSH	EDI
   616 0000071E 6A 0F                           	PUSH	15
   617 00000720 53                              	PUSH	EBX
   618 00000721 FF 75 08                        	PUSH	DWORD [8+EBP]
   619 00000724 E8 [00000000]                   	CALL	_boxfill8
   620 00000729 FF 75 E8                        	PUSH	DWORD [-24+EBP]
   621 0000072C FF 75 EC                        	PUSH	DWORD [-20+EBP]
   622 0000072F 6A 00                           	PUSH	0
   623 00000731 FF 75 EC                        	PUSH	DWORD [-20+EBP]
   624 00000734 6A 00                           	PUSH	0
   625 00000736 53                              	PUSH	EBX
   626 00000737 FF 75 08                        	PUSH	DWORD [8+EBP]
   627 0000073A E8 [00000000]                   	CALL	_boxfill8
   628 0000073F 8B 45 10                        	MOV	EAX,DWORD [16+EBP]
   629 00000742 83 C4 38                        	ADD	ESP,56
   630 00000745 83 E8 03                        	SUB	EAX,3
   631 00000748 50                              	PUSH	EAX
   632 00000749 8D 43 FD                        	LEA	EAX,DWORD [-3+EBX]
   633 0000074C 50                              	PUSH	EAX
   634 0000074D 6A 02                           	PUSH	2
   635 0000074F 6A 02                           	PUSH	2
   636 00000751 6A 08                           	PUSH	8
   637 00000753 53                              	PUSH	EBX
   638 00000754 FF 75 08                        	PUSH	DWORD [8+EBP]
   639 00000757 E8 [00000000]                   	CALL	_boxfill8
   640 0000075C 8D 43 FC                        	LEA	EAX,DWORD [-4+EBX]
   641 0000075F 6A 14                           	PUSH	20
   642 00000761 50                              	PUSH	EAX
   643 00000762 6A 03                           	PUSH	3
   644 00000764 6A 03                           	PUSH	3
   645 00000766 6A 0C                           	PUSH	12
   646 00000768 53                              	PUSH	EBX
   647 00000769 FF 75 08                        	PUSH	DWORD [8+EBP]
   648 0000076C E8 [00000000]                   	CALL	_boxfill8
   649 00000771 83 C4 38                        	ADD	ESP,56
   650 00000774 56                              	PUSH	ESI
   651 00000775 57                              	PUSH	EDI
   652 00000776 56                              	PUSH	ESI
   653 00000777 6A 01                           	PUSH	1
   654 00000779 6A 0F                           	PUSH	15
   655 0000077B 53                              	PUSH	EBX
   656 0000077C FF 75 08                        	PUSH	DWORD [8+EBP]
   657 0000077F E8 [00000000]                   	CALL	_boxfill8
   658 00000784 FF 75 E8                        	PUSH	DWORD [-24+EBP]
   659 00000787 FF 75 EC                        	PUSH	DWORD [-20+EBP]
   660 0000078A FF 75 E8                        	PUSH	DWORD [-24+EBP]
   661 0000078D 6A 00                           	PUSH	0
   662 0000078F 6A 00                           	PUSH	0
   663 00000791 6B F3 05                        	IMUL	ESI,EBX,5
   664 00000794 53                              	PUSH	EBX
   665 00000795 FF 75 08                        	PUSH	DWORD [8+EBP]
   666 00000798 E8 [00000000]                   	CALL	_boxfill8
   667 0000079D 83 C4 38                        	ADD	ESP,56
   668 000007A0 FF 75 14                        	PUSH	DWORD [20+EBP]
   669 000007A3 6A 07                           	PUSH	7
   670 000007A5 6A 04                           	PUSH	4
   671 000007A7 6A 18                           	PUSH	24
   672 000007A9 53                              	PUSH	EBX
   673 000007AA FF 75 08                        	PUSH	DWORD [8+EBP]
   674 000007AD E8 [00000000]                   	CALL	_putfonts8_asc
   675 000007B2 83 C4 18                        	ADD	ESP,24
   676 000007B5 C7 45 F0 00000000               	MOV	DWORD [-16+EBP],0
   677 000007BC C7 45 E0 00000000               	MOV	DWORD [-32+EBP],0
   678 000007C3                                 L53:
   679 000007C3 8D 04 1E                        	LEA	EAX,DWORD [ESI+EBX*1]
   680 000007C6 8B 55 08                        	MOV	EDX,DWORD [8+EBP]
   681 000007C9 31 FF                           	XOR	EDI,EDI
   682 000007CB 8D 4C 02 EB                     	LEA	ECX,DWORD [-21+EDX+EAX*1]
   683 000007CF                                 L52:
   684 000007CF 8B 45 E0                        	MOV	EAX,DWORD [-32+EBP]
   685 000007D2 8A 94 07 [00000055]             	MOV	DL,BYTE [_closebtn.0+EDI+EAX*1]
   686 000007D9 80 FA 40                        	CMP	DL,64
   687 000007DC 74 33                           	JE	L58
   688 000007DE 80 FA 24                        	CMP	DL,36
   689 000007E1 74 2A                           	JE	L59
   690 000007E3 80 FA 51                        	CMP	DL,81
   691 000007E6 B2 08                           	MOV	DL,8
   692 000007E8 0F 95 C0                        	SETNE	AL
   693 000007EB 28 C2                           	SUB	DL,AL
   694 000007ED                                 L47:
   695 000007ED 47                              	INC	EDI
   696 000007EE 88 11                           	MOV	BYTE [ECX],DL
   697 000007F0 41                              	INC	ECX
   698 000007F1 83 FF 0F                        	CMP	EDI,15
   699 000007F4 7E D9                           	JLE	L52
   700 000007F6 FF 45 F0                        	INC	DWORD [-16+EBP]
   701 000007F9 01 DE                           	ADD	ESI,EBX
   702 000007FB 83 45 E0 10                     	ADD	DWORD [-32+EBP],16
   703 000007FF 83 7D F0 0D                     	CMP	DWORD [-16+EBP],13
   704 00000803 7E BE                           	JLE	L53
   705 00000805 8D 65 F4                        	LEA	ESP,DWORD [-12+EBP]
   706 00000808 5B                              	POP	EBX
   707 00000809 5E                              	POP	ESI
   708 0000080A 5F                              	POP	EDI
   709 0000080B 5D                              	POP	EBP
   710 0000080C C3                              	RET
   711 0000080D                                 L59:
   712 0000080D B2 0F                           	MOV	DL,15
   713 0000080F EB DC                           	JMP	L47
   714 00000811                                 L58:
   715 00000811 31 D2                           	XOR	EDX,EDX
   716 00000813 EB D8                           	JMP	L47
   717 00000815                                 	GLOBAL	_putfonts8_asc_sht
   718 00000815                                 _putfonts8_asc_sht:
   719 00000815 55                              	PUSH	EBP
   720 00000816 89 E5                           	MOV	EBP,ESP
   721 00000818 57                              	PUSH	EDI
   722 00000819 56                              	PUSH	ESI
   723 0000081A 53                              	PUSH	EBX
   724 0000081B 83 EC 0C                        	SUB	ESP,12
   725 0000081E 8B 45 08                        	MOV	EAX,DWORD [8+EBP]
   726 00000821 8B 7D 10                        	MOV	EDI,DWORD [16+EBP]
   727 00000824 89 45 F0                        	MOV	DWORD [-16+EBP],EAX
   728 00000827 8B 5D 14                        	MOV	EBX,DWORD [20+EBP]
   729 0000082A 8B 45 0C                        	MOV	EAX,DWORD [12+EBP]
   730 0000082D 89 45 EC                        	MOV	DWORD [-20+EBP],EAX
   731 00000830 8B 45 1C                        	MOV	EAX,DWORD [28+EBP]
   732 00000833 89 45 E8                        	MOV	DWORD [-24+EBP],EAX
   733 00000836 8D 47 0F                        	LEA	EAX,DWORD [15+EDI]
   734 00000839 50                              	PUSH	EAX
   735 0000083A 8B 45 EC                        	MOV	EAX,DWORD [-20+EBP]
   736 0000083D 8B 75 20                        	MOV	ESI,DWORD [32+EBP]
   737 00000840 0F BE DB                        	MOVSX	EBX,BL
   738 00000843 8D 34 F0                        	LEA	ESI,DWORD [EAX+ESI*8]
   739 00000846 8D 46 FF                        	LEA	EAX,DWORD [-1+ESI]
   740 00000849 50                              	PUSH	EAX
   741 0000084A 57                              	PUSH	EDI
   742 0000084B FF 75 EC                        	PUSH	DWORD [-20+EBP]
   743 0000084E 0F B6 45 18                     	MOVZX	EAX,BYTE [24+EBP]
   744 00000852 50                              	PUSH	EAX
   745 00000853 8B 45 F0                        	MOV	EAX,DWORD [-16+EBP]
   746 00000856 FF 70 04                        	PUSH	DWORD [4+EAX]
   747 00000859 FF 30                           	PUSH	DWORD [EAX]
   748 0000085B E8 [00000000]                   	CALL	_boxfill8
   749 00000860 FF 75 E8                        	PUSH	DWORD [-24+EBP]
   750 00000863 53                              	PUSH	EBX
   751 00000864 57                              	PUSH	EDI
   752 00000865 FF 75 EC                        	PUSH	DWORD [-20+EBP]
   753 00000868 8B 45 F0                        	MOV	EAX,DWORD [-16+EBP]
   754 0000086B FF 70 04                        	PUSH	DWORD [4+EAX]
   755 0000086E FF 30                           	PUSH	DWORD [EAX]
   756 00000870 E8 [00000000]                   	CALL	_putfonts8_asc
   757 00000875 89 7D 10                        	MOV	DWORD [16+EBP],EDI
   758 00000878 8D 47 10                        	LEA	EAX,DWORD [16+EDI]
   759 0000087B 89 75 14                        	MOV	DWORD [20+EBP],ESI
   760 0000087E 89 45 18                        	MOV	DWORD [24+EBP],EAX
   761 00000881 83 C4 34                        	ADD	ESP,52
   762 00000884 8B 45 EC                        	MOV	EAX,DWORD [-20+EBP]
   763 00000887 89 45 0C                        	MOV	DWORD [12+EBP],EAX
   764 0000088A 8B 45 F0                        	MOV	EAX,DWORD [-16+EBP]
   765 0000088D 89 45 08                        	MOV	DWORD [8+EBP],EAX
   766 00000890 8D 65 F4                        	LEA	ESP,DWORD [-12+EBP]
   767 00000893 5B                              	POP	EBX
   768 00000894 5E                              	POP	ESI
   769 00000895 5F                              	POP	EDI
   770 00000896 5D                              	POP	EBP
   771 00000897 E9 [00000000]                   	JMP	_sheet_refresh
