     1 00000000                                 [FORMAT "WCOFF"]
     2 00000000                                 [INSTRSET "i486p"]
     3 00000000                                 [OPTIMIZE 1]
     4 00000000                                 [OPTION 1]
     5 00000000                                 [BITS 32]
     6 00000000                                 	EXTERN	_init_gdtidt
     7 00000000                                 	EXTERN	_init_pic
     8 00000000                                 	EXTERN	_io_sti
     9 00000000                                 	EXTERN	_fifo32_init
    10 00000000                                 	EXTERN	_init_pit
    11 00000000                                 	EXTERN	_init_keyboard
    12 00000000                                 	EXTERN	_enable_mouse
    13 00000000                                 	EXTERN	_io_out8
    14 00000000                                 	EXTERN	_memtest
    15 00000000                                 	EXTERN	_memman_init
    16 00000000                                 	EXTERN	_memman_free
    17 00000000                                 	EXTERN	_init_palette
    18 00000000                                 	EXTERN	_shtctl_init
    19 00000000                                 	EXTERN	_task_init
    20 00000000                                 	EXTERN	_task_run
    21 00000000                                 	EXTERN	_sheet_alloc
    22 00000000                                 	EXTERN	_memman_alloc_4k
    23 00000000                                 	EXTERN	_sheet_setbuf
    24 00000000                                 	EXTERN	_init_screen8
    25 00000000                                 	EXTERN	_make_window8
    26 00000000                                 	EXTERN	_make_textbox8
    27 00000000                                 	EXTERN	_task_alloc
    28 00000000                                 	EXTERN	_console_task
    29 00000000                                 	EXTERN	_timer_alloc
    30 00000000                                 	EXTERN	_timer_init
    31 00000000                                 	EXTERN	_timer_settime
    32 00000000                                 	EXTERN	_init_mouse_cursor8
    33 00000000                                 	EXTERN	_sheet_slide
    34 00000000                                 	EXTERN	_sheet_updown
    35 00000000                                 	EXTERN	_fifo32_put
    36 00000000                                 	EXTERN	_fifo32_status
    37 00000000                                 	EXTERN	_io_cli
    38 00000000                                 	EXTERN	_fifo32_get
    39 00000000                                 	EXTERN	_boxfill8
    40 00000000                                 	EXTERN	_sheet_refresh
    41 00000000                                 	EXTERN	_mouse_decode
    42 00000000                                 	EXTERN	_cons_putstr0
    43 00000000                                 	EXTERN	_asm_end_app
    44 00000000                                 	EXTERN	_keytable0.0
    45 00000000                                 	EXTERN	_putfonts8_asc_sht
    46 00000000                                 	EXTERN	_wait_KBC_sendready
    47 00000000                                 	EXTERN	_make_wtitle8
    48 00000000                                 	EXTERN	_keytable1.1
    49 00000000                                 	EXTERN	_task_sleep
    50 00000000                                 [FILE "bootpack.c"]
    51                                          [SECTION .data]
    52 00000000                                 _keytable0.0:
    53 00000000 00                              	DB	0
    54 00000001 00                              	DB	0
    55 00000002 31                              	DB	49
    56 00000003 32                              	DB	50
    57 00000004 33                              	DB	51
    58 00000005 34                              	DB	52
    59 00000006 35                              	DB	53
    60 00000007 36                              	DB	54
    61 00000008 37                              	DB	55
    62 00000009 38                              	DB	56
    63 0000000A 39                              	DB	57
    64 0000000B 30                              	DB	48
    65 0000000C 2D                              	DB	45
    66 0000000D 5E                              	DB	94
    67 0000000E 00                              	DB	0
    68 0000000F 00                              	DB	0
    69 00000010 51                              	DB	81
    70 00000011 57                              	DB	87
    71 00000012 45                              	DB	69
    72 00000013 52                              	DB	82
    73 00000014 54                              	DB	84
    74 00000015 59                              	DB	89
    75 00000016 55                              	DB	85
    76 00000017 49                              	DB	73
    77 00000018 4F                              	DB	79
    78 00000019 50                              	DB	80
    79 0000001A 40                              	DB	64
    80 0000001B 5B                              	DB	91
    81 0000001C 00                              	DB	0
    82 0000001D 00                              	DB	0
    83 0000001E 41                              	DB	65
    84 0000001F 53                              	DB	83
    85 00000020 44                              	DB	68
    86 00000021 46                              	DB	70
    87 00000022 47                              	DB	71
    88 00000023 48                              	DB	72
    89 00000024 4A                              	DB	74
    90 00000025 4B                              	DB	75
    91 00000026 4C                              	DB	76
    92 00000027 3B                              	DB	59
    93 00000028 3A                              	DB	58
    94 00000029 00                              	DB	0
    95 0000002A 00                              	DB	0
    96 0000002B 5D                              	DB	93
    97 0000002C 5A                              	DB	90
    98 0000002D 58                              	DB	88
    99 0000002E 43                              	DB	67
   100 0000002F 56                              	DB	86
   101 00000030 42                              	DB	66
   102 00000031 4E                              	DB	78
   103 00000032 4D                              	DB	77
   104 00000033 2C                              	DB	44
   105 00000034 2E                              	DB	46
   106 00000035 2F                              	DB	47
   107 00000036 00                              	DB	0
   108 00000037 2A                              	DB	42
   109 00000038 00                              	DB	0
   110 00000039 20                              	DB	32
   111 0000003A 00                              	DB	0
   112 0000003B 00                              	DB	0
   113 0000003C 00                              	DB	0
   114 0000003D 00                              	DB	0
   115 0000003E 00                              	DB	0
   116 0000003F 00                              	DB	0
   117 00000040 00                              	DB	0
   118 00000041 00                              	DB	0
   119 00000042 00                              	DB	0
   120 00000043 00                              	DB	0
   121 00000044 00                              	DB	0
   122 00000045 00                              	DB	0
   123 00000046 00                              	DB	0
   124 00000047 37                              	DB	55
   125 00000048 38                              	DB	56
   126 00000049 39                              	DB	57
   127 0000004A 2D                              	DB	45
   128 0000004B 34                              	DB	52
   129 0000004C 35                              	DB	53
   130 0000004D 36                              	DB	54
   131 0000004E 2B                              	DB	43
   132 0000004F 31                              	DB	49
   133 00000050 32                              	DB	50
   134 00000051 33                              	DB	51
   135 00000052 30                              	DB	48
   136 00000053 2E                              	DB	46
   137 00000054 00                              	DB	0
   138 00000055 00                              	DB	0
   139 00000056 00                              	DB	0
   140 00000057 00                              	DB	0
   141 00000058 00                              	DB	0
   142 00000059 00                              	DB	0
   143 0000005A 00                              	DB	0
   144 0000005B 00                              	DB	0
   145 0000005C 00                              	DB	0
   146 0000005D 00                              	DB	0
   147 0000005E 00                              	DB	0
   148 0000005F 00                              	DB	0
   149 00000060 00                              	DB	0
   150 00000061 00                              	DB	0
   151 00000062 00                              	DB	0
   152 00000063 00                              	DB	0
   153 00000064 00                              	DB	0
   154 00000065 00                              	DB	0
   155 00000066 00                              	DB	0
   156 00000067 00                              	DB	0
   157 00000068 00                              	DB	0
   158 00000069 00                              	DB	0
   159 0000006A 00                              	DB	0
   160 0000006B 00                              	DB	0
   161 0000006C 00                              	DB	0
   162 0000006D 00                              	DB	0
   163 0000006E 00                              	DB	0
   164 0000006F 00                              	DB	0
   165 00000070 00                              	DB	0
   166 00000071 00                              	DB	0
   167 00000072 00                              	DB	0
   168 00000073 5C                              	DB	92
   169 00000074 00                              	DB	0
   170 00000075 00                              	DB	0
   171 00000076 00                              	DB	0
   172 00000077 00                              	DB	0
   173 00000078 00                              	DB	0
   174 00000079 00                              	DB	0
   175 0000007A 00                              	DB	0
   176 0000007B 00                              	DB	0
   177 0000007C 00                              	DB	0
   178 0000007D 5C                              	DB	92
   179 0000007E 00                              	DB	0
   180 0000007F 00                              	DB	0
   181 00000080                                 _keytable1.1:
   182 00000080 00                              	DB	0
   183 00000081 00                              	DB	0
   184 00000082 21                              	DB	33
   185 00000083 22                              	DB	34
   186 00000084 23                              	DB	35
   187 00000085 24                              	DB	36
   188 00000086 25                              	DB	37
   189 00000087 26                              	DB	38
   190 00000088 27                              	DB	39
   191 00000089 28                              	DB	40
   192 0000008A 29                              	DB	41
   193 0000008B 7E                              	DB	126
   194 0000008C 3D                              	DB	61
   195 0000008D 7E                              	DB	126
   196 0000008E 00                              	DB	0
   197 0000008F 00                              	DB	0
   198 00000090 51                              	DB	81
   199 00000091 57                              	DB	87
   200 00000092 45                              	DB	69
   201 00000093 52                              	DB	82
   202 00000094 54                              	DB	84
   203 00000095 59                              	DB	89
   204 00000096 55                              	DB	85
   205 00000097 49                              	DB	73
   206 00000098 4F                              	DB	79
   207 00000099 50                              	DB	80
   208 0000009A 60                              	DB	96
   209 0000009B 7B                              	DB	123
   210 0000009C 00                              	DB	0
   211 0000009D 00                              	DB	0
   212 0000009E 41                              	DB	65
   213 0000009F 53                              	DB	83
   214 000000A0 44                              	DB	68
   215 000000A1 46                              	DB	70
   216 000000A2 47                              	DB	71
   217 000000A3 48                              	DB	72
   218 000000A4 4A                              	DB	74
   219 000000A5 4B                              	DB	75
   220 000000A6 4C                              	DB	76
   221 000000A7 2B                              	DB	43
   222 000000A8 2A                              	DB	42
   223 000000A9 00                              	DB	0
   224 000000AA 00                              	DB	0
   225 000000AB 7D                              	DB	125
   226 000000AC 5A                              	DB	90
   227 000000AD 58                              	DB	88
   228 000000AE 43                              	DB	67
   229 000000AF 56                              	DB	86
   230 000000B0 42                              	DB	66
   231 000000B1 4E                              	DB	78
   232 000000B2 4D                              	DB	77
   233 000000B3 3C                              	DB	60
   234 000000B4 3E                              	DB	62
   235 000000B5 3F                              	DB	63
   236 000000B6 00                              	DB	0
   237 000000B7 2A                              	DB	42
   238 000000B8 00                              	DB	0
   239 000000B9 20                              	DB	32
   240 000000BA 00                              	DB	0
   241 000000BB 00                              	DB	0
   242 000000BC 00                              	DB	0
   243 000000BD 00                              	DB	0
   244 000000BE 00                              	DB	0
   245 000000BF 00                              	DB	0
   246 000000C0 00                              	DB	0
   247 000000C1 00                              	DB	0
   248 000000C2 00                              	DB	0
   249 000000C3 00                              	DB	0
   250 000000C4 00                              	DB	0
   251 000000C5 00                              	DB	0
   252 000000C6 00                              	DB	0
   253 000000C7 37                              	DB	55
   254 000000C8 38                              	DB	56
   255 000000C9 39                              	DB	57
   256 000000CA 2D                              	DB	45
   257 000000CB 34                              	DB	52
   258 000000CC 35                              	DB	53
   259 000000CD 36                              	DB	54
   260 000000CE 2B                              	DB	43
   261 000000CF 31                              	DB	49
   262 000000D0 32                              	DB	50
   263 000000D1 33                              	DB	51
   264 000000D2 30                              	DB	48
   265 000000D3 2E                              	DB	46
   266 000000D4 00                              	DB	0
   267 000000D5 00                              	DB	0
   268 000000D6 00                              	DB	0
   269 000000D7 00                              	DB	0
   270 000000D8 00                              	DB	0
   271 000000D9 00                              	DB	0
   272 000000DA 00                              	DB	0
   273 000000DB 00                              	DB	0
   274 000000DC 00                              	DB	0
   275 000000DD 00                              	DB	0
   276 000000DE 00                              	DB	0
   277 000000DF 00                              	DB	0
   278 000000E0 00                              	DB	0
   279 000000E1 00                              	DB	0
   280 000000E2 00                              	DB	0
   281 000000E3 00                              	DB	0
   282 000000E4 00                              	DB	0
   283 000000E5 00                              	DB	0
   284 000000E6 00                              	DB	0
   285 000000E7 00                              	DB	0
   286 000000E8 00                              	DB	0
   287 000000E9 00                              	DB	0
   288 000000EA 00                              	DB	0
   289 000000EB 00                              	DB	0
   290 000000EC 00                              	DB	0
   291 000000ED 00                              	DB	0
   292 000000EE 00                              	DB	0
   293 000000EF 00                              	DB	0
   294 000000F0 00                              	DB	0
   295 000000F1 00                              	DB	0
   296 000000F2 00                              	DB	0
   297 000000F3 5F                              	DB	95
   298 000000F4 00                              	DB	0
   299 000000F5 00                              	DB	0
   300 000000F6 00                              	DB	0
   301 000000F7 00                              	DB	0
   302 000000F8 00                              	DB	0
   303 000000F9 00                              	DB	0
   304 000000FA 00                              	DB	0
   305 000000FB 00                              	DB	0
   306 000000FC 00                              	DB	0
   307 000000FD 7C                              	DB	124
   308 000000FE 00                              	DB	0
   309 000000FF 00                              	DB	0
   310 00000100                                 LC0:
   311 00000100 63 6F 6E 73 6F 6C 65 00         	DB	"console",0x00
   312 00000108                                 LC1:
   313 00000108 74 61 73 6B 5F 61 00            	DB	"task_a",0x00
   314 0000010F                                 LC4:
   315 0000010F 0A 42 72 65 61 6B 28 6D 6F 75   	DB	0x0A,"Break(mouse) :",0x0A,0x00
       00000119 73 65 29 20 3A 0A 00 
   316 00000120                                 LC3:
   317 00000120 0A 42 72 65 61 6B 28 6B 65 79   	DB	0x0A,"Break(key) :",0x0A,0x00
       0000012A 29 20 3A 0A 00 
   318 0000012F                                 LC2:
   319 0000012F 20 00                           	DB	" ",0x00
   320                                          [SECTION .text]
   321 00000000                                 	GLOBAL	_HariMain
   322 00000000                                 _HariMain:
   323 00000000 55                              	PUSH	EBP
   324 00000001 89 E5                           	MOV	EBP,ESP
   325 00000003 57                              	PUSH	EDI
   326 00000004 56                              	PUSH	ESI
   327 00000005 53                              	PUSH	EBX
   328 00000006 8D 75 A4                        	LEA	ESI,DWORD [-92+EBP]
   329 00000009 81 EC 00000460                  	SUB	ESP,1120
   330 0000000F C7 85 FFFFFBDC FFFFFFFF         	MOV	DWORD [-1060+EBP],-1
   331 00000019 C7 85 FFFFFBD8 FFFFFFFF         	MOV	DWORD [-1064+EBP],-1
   332 00000023 C7 85 FFFFFBB8 00000000         	MOV	DWORD [-1096+EBP],0
   333 0000002D C7 85 FFFFFBAC 00000000         	MOV	DWORD [-1108+EBP],0
   334 00000037 C7 85 FFFFFBA8 00000000         	MOV	DWORD [-1112+EBP],0
   335 00000041 A0 00000FF1                     	MOV	AL,BYTE [4081]
   336 00000046 C0 F8 04                        	SAR	AL,4
   337 00000049 89 C2                           	MOV	EDX,EAX
   338 0000004B 83 E2 07                        	AND	EDX,7
   339 0000004E 89 95 FFFFFBA4                  	MOV	DWORD [-1116+EBP],EDX
   340 00000054 C7 85 FFFFFBA0 FFFFFFFF         	MOV	DWORD [-1120+EBP],-1
   341 0000005E E8 [00000000]                   	CALL	_init_gdtidt
   342 00000063 E8 [00000000]                   	CALL	_init_pic
   343 00000068 E8 [00000000]                   	CALL	_io_sti
   344 0000006D 8D 85 FFFFFD84                  	LEA	EAX,DWORD [-636+EBP]
   345 00000073 6A 00                           	PUSH	0
   346 00000075 50                              	PUSH	EAX
   347 00000076 68 00000080                     	PUSH	128
   348 0000007B 56                              	PUSH	ESI
   349 0000007C E8 [00000000]                   	CALL	_fifo32_init
   350 00000081 E8 [00000000]                   	CALL	_init_pit
   351 00000086 68 00000100                     	PUSH	256
   352 0000008B 56                              	PUSH	ESI
   353 0000008C E8 [00000000]                   	CALL	_init_keyboard
   354 00000091 8D 85 FFFFFCF4                  	LEA	EAX,DWORD [-780+EBP]
   355 00000097 50                              	PUSH	EAX
   356 00000098 68 00000200                     	PUSH	512
   357 0000009D 56                              	PUSH	ESI
   358 0000009E E8 [00000000]                   	CALL	_enable_mouse
   359 000000A3 83 C4 24                        	ADD	ESP,36
   360 000000A6 68 000000F8                     	PUSH	248
   361 000000AB 6A 21                           	PUSH	33
   362 000000AD E8 [00000000]                   	CALL	_io_out8
   363 000000B2 68 000000EF                     	PUSH	239
   364 000000B7 68 000000A1                     	PUSH	161
   365 000000BC E8 [00000000]                   	CALL	_io_out8
   366 000000C1 8D 85 FFFFFD04                  	LEA	EAX,DWORD [-764+EBP]
   367 000000C7 6A 00                           	PUSH	0
   368 000000C9 50                              	PUSH	EAX
   369 000000CA 8D 45 84                        	LEA	EAX,DWORD [-124+EBP]
   370 000000CD 6A 20                           	PUSH	32
   371 000000CF 50                              	PUSH	EAX
   372 000000D0 E8 [00000000]                   	CALL	_fifo32_init
   373 000000D5 83 C4 20                        	ADD	ESP,32
   374 000000D8 68 BFFFFFFF                     	PUSH	-1073741825
   375 000000DD 68 00400000                     	PUSH	4194304
   376 000000E2 E8 [00000000]                   	CALL	_memtest
   377 000000E7 68 003C0000                     	PUSH	3932160
   378 000000EC 89 85 FFFFFBD4                  	MOV	DWORD [-1068+EBP],EAX
   379 000000F2 E8 [00000000]                   	CALL	_memman_init
   380 000000F7 68 0009E000                     	PUSH	647168
   381 000000FC 68 00001000                     	PUSH	4096
   382 00000101 68 003C0000                     	PUSH	3932160
   383 00000106 E8 [00000000]                   	CALL	_memman_free
   384 0000010B 8B 85 FFFFFBD4                  	MOV	EAX,DWORD [-1068+EBP]
   385 00000111 2D 00400000                     	SUB	EAX,4194304
   386 00000116 50                              	PUSH	EAX
   387 00000117 68 00400000                     	PUSH	4194304
   388 0000011C 68 003C0000                     	PUSH	3932160
   389 00000121 E8 [00000000]                   	CALL	_memman_free
   390 00000126 83 C4 24                        	ADD	ESP,36
   391 00000129 E8 [00000000]                   	CALL	_init_palette
   392 0000012E 0F BF 05 00000FF6               	MOVSX	EAX,WORD [4086]
   393 00000135 50                              	PUSH	EAX
   394 00000136 0F BF 05 00000FF4               	MOVSX	EAX,WORD [4084]
   395 0000013D 50                              	PUSH	EAX
   396 0000013E FF 35 00000FF8                  	PUSH	DWORD [4088]
   397 00000144 68 003C0000                     	PUSH	3932160
   398 00000149 E8 [00000000]                   	CALL	_shtctl_init
   399 0000014E 68 003C0000                     	PUSH	3932160
   400 00000153 89 85 FFFFFBF0                  	MOV	DWORD [-1040+EBP],EAX
   401 00000159 E8 [00000000]                   	CALL	_task_init
   402 0000015E 6A 02                           	PUSH	2
   403 00000160 6A 01                           	PUSH	1
   404 00000162 89 85 FFFFFBB4                  	MOV	DWORD [-1100+EBP],EAX
   405 00000168 50                              	PUSH	EAX
   406 00000169 89 45 BC                        	MOV	DWORD [-68+EBP],EAX
   407 0000016C E8 [00000000]                   	CALL	_task_run
   408 00000171 83 C4 20                        	ADD	ESP,32
   409 00000174 8B 95 FFFFFBF0                  	MOV	EDX,DWORD [-1040+EBP]
   410 0000017A 89 15 00000FE4                  	MOV	DWORD [4068],EDX
   411 00000180 52                              	PUSH	EDX
   412 00000181 E8 [00000000]                   	CALL	_sheet_alloc
   413 00000186 0F BF 15 00000FF6               	MOVSX	EDX,WORD [4086]
   414 0000018D 89 85 FFFFFBC8                  	MOV	DWORD [-1080+EBP],EAX
   415 00000193 0F BF 05 00000FF4               	MOVSX	EAX,WORD [4084]
   416 0000019A 0F AF C2                        	IMUL	EAX,EDX
   417 0000019D 50                              	PUSH	EAX
   418 0000019E 68 003C0000                     	PUSH	3932160
   419 000001A3 E8 [00000000]                   	CALL	_memman_alloc_4k
   420 000001A8 6A FF                           	PUSH	-1
   421 000001AA 89 C3                           	MOV	EBX,EAX
   422 000001AC 0F BF 05 00000FF6               	MOVSX	EAX,WORD [4086]
   423 000001B3 50                              	PUSH	EAX
   424 000001B4 0F BF 05 00000FF4               	MOVSX	EAX,WORD [4084]
   425 000001BB 50                              	PUSH	EAX
   426 000001BC 53                              	PUSH	EBX
   427 000001BD FF B5 FFFFFBC8                  	PUSH	DWORD [-1080+EBP]
   428 000001C3 E8 [00000000]                   	CALL	_sheet_setbuf
   429 000001C8 83 C4 20                        	ADD	ESP,32
   430 000001CB 0F BF 05 00000FF6               	MOVSX	EAX,WORD [4086]
   431 000001D2 50                              	PUSH	EAX
   432 000001D3 0F BF 05 00000FF4               	MOVSX	EAX,WORD [4084]
   433 000001DA 50                              	PUSH	EAX
   434 000001DB 53                              	PUSH	EBX
   435 000001DC 8D 9D FFFFFBF4                  	LEA	EBX,DWORD [-1036+EBP]
   436 000001E2 E8 [00000000]                   	CALL	_init_screen8
   437 000001E7 FF B5 FFFFFBF0                  	PUSH	DWORD [-1040+EBP]
   438 000001ED E8 [00000000]                   	CALL	_sheet_alloc
   439 000001F2 68 0000A500                     	PUSH	42240
   440 000001F7 68 003C0000                     	PUSH	3932160
   441 000001FC 89 85 FFFFFBBC                  	MOV	DWORD [-1092+EBP],EAX
   442 00000202 E8 [00000000]                   	CALL	_memman_alloc_4k
   443 00000207 6A FF                           	PUSH	-1
   444 00000209 68 000000A5                     	PUSH	165
   445 0000020E 89 85 FFFFFBCC                  	MOV	DWORD [-1076+EBP],EAX
   446 00000214 68 00000100                     	PUSH	256
   447 00000219 50                              	PUSH	EAX
   448 0000021A FF B5 FFFFFBBC                  	PUSH	DWORD [-1092+EBP]
   449 00000220 E8 [00000000]                   	CALL	_sheet_setbuf
   450 00000225 83 C4 2C                        	ADD	ESP,44
   451 00000228 6A 00                           	PUSH	0
   452 0000022A 68 [00000100]                   	PUSH	LC0
   453 0000022F 68 000000A5                     	PUSH	165
   454 00000234 68 00000100                     	PUSH	256
   455 00000239 FF B5 FFFFFBCC                  	PUSH	DWORD [-1076+EBP]
   456 0000023F E8 [00000000]                   	CALL	_make_window8
   457 00000244 6A 00                           	PUSH	0
   458 00000246 68 00000080                     	PUSH	128
   459 0000024B 68 000000F0                     	PUSH	240
   460 00000250 6A 1C                           	PUSH	28
   461 00000252 6A 08                           	PUSH	8
   462 00000254 FF B5 FFFFFBBC                  	PUSH	DWORD [-1092+EBP]
   463 0000025A E8 [00000000]                   	CALL	_make_textbox8
   464 0000025F 83 C4 2C                        	ADD	ESP,44
   465 00000262 E8 [00000000]                   	CALL	_task_alloc
   466 00000267 68 00010000                     	PUSH	65536
   467 0000026C 89 C7                           	MOV	EDI,EAX
   468 0000026E 68 003C0000                     	PUSH	3932160
   469 00000273 E8 [00000000]                   	CALL	_memman_alloc_4k
   470 00000278 8B 95 FFFFFBBC                  	MOV	EDX,DWORD [-1092+EBP]
   471 0000027E 05 0000FFF4                     	ADD	EAX,65524
   472 00000283 89 47 64                        	MOV	DWORD [100+EDI],EAX
   473 00000286 C7 47 4C [00000000]             	MOV	DWORD [76+EDI],_console_task
   474 0000028D C7 47 74 00000008               	MOV	DWORD [116+EDI],8
   475 00000294 C7 47 78 00000010               	MOV	DWORD [120+EDI],16
   476 0000029B C7 47 7C 00000008               	MOV	DWORD [124+EDI],8
   477 000002A2 C7 87 00000080 00000008         	MOV	DWORD [128+EDI],8
   478 000002AC C7 87 00000084 00000008         	MOV	DWORD [132+EDI],8
   479 000002B6 C7 87 00000088 00000008         	MOV	DWORD [136+EDI],8
   480 000002C0 89 50 04                        	MOV	DWORD [4+EAX],EDX
   481 000002C3 8B 95 FFFFFBD4                  	MOV	EDX,DWORD [-1068+EBP]
   482 000002C9 8B 47 64                        	MOV	EAX,DWORD [100+EDI]
   483 000002CC 89 50 08                        	MOV	DWORD [8+EAX],EDX
   484 000002CF 6A 02                           	PUSH	2
   485 000002D1 6A 02                           	PUSH	2
   486 000002D3 57                              	PUSH	EDI
   487 000002D4 E8 [00000000]                   	CALL	_task_run
   488 000002D9 FF B5 FFFFFBF0                  	PUSH	DWORD [-1040+EBP]
   489 000002DF E8 [00000000]                   	CALL	_sheet_alloc
   490 000002E4 68 00002080                     	PUSH	8320
   491 000002E9 68 003C0000                     	PUSH	3932160
   492 000002EE 89 85 FFFFFBC0                  	MOV	DWORD [-1088+EBP],EAX
   493 000002F4 E8 [00000000]                   	CALL	_memman_alloc_4k
   494 000002F9 83 C4 20                        	ADD	ESP,32
   495 000002FC 89 85 FFFFFBD0                  	MOV	DWORD [-1072+EBP],EAX
   496 00000302 6A FF                           	PUSH	-1
   497 00000304 6A 34                           	PUSH	52
   498 00000306 68 00000090                     	PUSH	144
   499 0000030B 50                              	PUSH	EAX
   500 0000030C FF B5 FFFFFBC0                  	PUSH	DWORD [-1088+EBP]
   501 00000312 E8 [00000000]                   	CALL	_sheet_setbuf
   502 00000317 6A 01                           	PUSH	1
   503 00000319 68 [00000108]                   	PUSH	LC1
   504 0000031E 6A 34                           	PUSH	52
   505 00000320 68 00000090                     	PUSH	144
   506 00000325 FF B5 FFFFFBD0                  	PUSH	DWORD [-1072+EBP]
   507 0000032B E8 [00000000]                   	CALL	_make_window8
   508 00000330 83 C4 28                        	ADD	ESP,40
   509 00000333 6A 07                           	PUSH	7
   510 00000335 6A 10                           	PUSH	16
   511 00000337 68 00000080                     	PUSH	128
   512 0000033C 6A 1C                           	PUSH	28
   513 0000033E 6A 08                           	PUSH	8
   514 00000340 FF B5 FFFFFBC0                  	PUSH	DWORD [-1088+EBP]
   515 00000346 E8 [00000000]                   	CALL	_make_textbox8
   516 0000034B C7 85 FFFFFBE4 00000008         	MOV	DWORD [-1052+EBP],8
   517 00000355 C7 85 FFFFFBE0 00000007         	MOV	DWORD [-1056+EBP],7
   518 0000035F E8 [00000000]                   	CALL	_timer_alloc
   519 00000364 6A 01                           	PUSH	1
   520 00000366 56                              	PUSH	ESI
   521 00000367 50                              	PUSH	EAX
   522 00000368 89 85 FFFFFBB0                  	MOV	DWORD [-1104+EBP],EAX
   523 0000036E E8 [00000000]                   	CALL	_timer_init
   524 00000373 83 C4 24                        	ADD	ESP,36
   525 00000376 6A 32                           	PUSH	50
   526 00000378 FF B5 FFFFFBB0                  	PUSH	DWORD [-1104+EBP]
   527 0000037E E8 [00000000]                   	CALL	_timer_settime
   528 00000383 FF B5 FFFFFBF0                  	PUSH	DWORD [-1040+EBP]
   529 00000389 E8 [00000000]                   	CALL	_sheet_alloc
   530 0000038E 6A 63                           	PUSH	99
   531 00000390 6A 10                           	PUSH	16
   532 00000392 6A 10                           	PUSH	16
   533 00000394 89 85 FFFFFBC4                  	MOV	DWORD [-1084+EBP],EAX
   534 0000039A 53                              	PUSH	EBX
   535 0000039B 50                              	PUSH	EAX
   536 0000039C E8 [00000000]                   	CALL	_sheet_setbuf
   537 000003A1 83 C4 20                        	ADD	ESP,32
   538 000003A4 6A 63                           	PUSH	99
   539 000003A6 53                              	PUSH	EBX
   540 000003A7 BB 00000002                     	MOV	EBX,2
   541 000003AC E8 [00000000]                   	CALL	_init_mouse_cursor8
   542 000003B1 0F BF 05 00000FF4               	MOVSX	EAX,WORD [4084]
   543 000003B8 8D 48 F0                        	LEA	ECX,DWORD [-16+EAX]
   544 000003BB 89 C8                           	MOV	EAX,ECX
   545 000003BD 99                              	CDQ
   546 000003BE F7 FB                           	IDIV	EBX
   547 000003C0 89 85 FFFFFBEC                  	MOV	DWORD [-1044+EBP],EAX
   548 000003C6 0F BF 05 00000FF6               	MOVSX	EAX,WORD [4086]
   549 000003CD 6A 00                           	PUSH	0
   550 000003CF 8D 48 D4                        	LEA	ECX,DWORD [-44+EAX]
   551 000003D2 6A 00                           	PUSH	0
   552 000003D4 89 C8                           	MOV	EAX,ECX
   553 000003D6 99                              	CDQ
   554 000003D7 F7 FB                           	IDIV	EBX
   555 000003D9 FF B5 FFFFFBC8                  	PUSH	DWORD [-1080+EBP]
   556 000003DF 89 85 FFFFFBE8                  	MOV	DWORD [-1048+EBP],EAX
   557 000003E5 E8 [00000000]                   	CALL	_sheet_slide
   558 000003EA 6A 04                           	PUSH	4
   559 000003EC 6A 20                           	PUSH	32
   560 000003EE FF B5 FFFFFBBC                  	PUSH	DWORD [-1092+EBP]
   561 000003F4 E8 [00000000]                   	CALL	_sheet_slide
   562 000003F9 83 C4 20                        	ADD	ESP,32
   563 000003FC 6A 38                           	PUSH	56
   564 000003FE 6A 40                           	PUSH	64
   565 00000400 FF B5 FFFFFBC0                  	PUSH	DWORD [-1088+EBP]
   566 00000406 E8 [00000000]                   	CALL	_sheet_slide
   567 0000040B FF B5 FFFFFBE8                  	PUSH	DWORD [-1048+EBP]
   568 00000411 FF B5 FFFFFBEC                  	PUSH	DWORD [-1044+EBP]
   569 00000417 FF B5 FFFFFBC4                  	PUSH	DWORD [-1084+EBP]
   570 0000041D E8 [00000000]                   	CALL	_sheet_slide
   571 00000422 6A 00                           	PUSH	0
   572 00000424 FF B5 FFFFFBC8                  	PUSH	DWORD [-1080+EBP]
   573 0000042A E8 [00000000]                   	CALL	_sheet_updown
   574 0000042F 83 C4 20                        	ADD	ESP,32
   575 00000432 6A 01                           	PUSH	1
   576 00000434 FF B5 FFFFFBBC                  	PUSH	DWORD [-1092+EBP]
   577 0000043A E8 [00000000]                   	CALL	_sheet_updown
   578 0000043F 6A 02                           	PUSH	2
   579 00000441 FF B5 FFFFFBC0                  	PUSH	DWORD [-1088+EBP]
   580 00000447 E8 [00000000]                   	CALL	_sheet_updown
   581 0000044C 6A 03                           	PUSH	3
   582 0000044E FF B5 FFFFFBC4                  	PUSH	DWORD [-1084+EBP]
   583 00000454 E8 [00000000]                   	CALL	_sheet_updown
   584 00000459 8D 55 84                        	LEA	EDX,DWORD [-124+EBP]
   585 0000045C 68 000000ED                     	PUSH	237
   586 00000461 52                              	PUSH	EDX
   587 00000462 E8 [00000000]                   	CALL	_fifo32_put
   588 00000467 8D 45 84                        	LEA	EAX,DWORD [-124+EBP]
   589 0000046A 83 C4 20                        	ADD	ESP,32
   590 0000046D FF B5 FFFFFBA4                  	PUSH	DWORD [-1116+EBP]
   591 00000473 50                              	PUSH	EAX
   592 00000474 E8 [00000000]                   	CALL	_fifo32_put
   593 00000479                                 L72:
   594 00000479 59                              	POP	ECX
   595 0000047A 5B                              	POP	EBX
   596 0000047B                                 L2:
   597 0000047B 8D 5D 84                        	LEA	EBX,DWORD [-124+EBP]
   598 0000047E 53                              	PUSH	EBX
   599 0000047F E8 [00000000]                   	CALL	_fifo32_status
   600 00000484 5A                              	POP	EDX
   601 00000485 85 C0                           	TEST	EAX,EAX
   602 00000487 7E 0D                           	JLE	L5
   603 00000489 83 BD FFFFFBA0 00               	CMP	DWORD [-1120+EBP],0
   604 00000490 0F 88 00000816                  	JS	L75
   605 00000496                                 L5:
   606 00000496 8D 5D A4                        	LEA	EBX,DWORD [-92+EBP]
   607 00000499 E8 [00000000]                   	CALL	_io_cli
   608 0000049E 53                              	PUSH	EBX
   609 0000049F E8 [00000000]                   	CALL	_fifo32_status
   610 000004A4 5E                              	POP	ESI
   611 000004A5 85 C0                           	TEST	EAX,EAX
   612 000004A7 0F 84 000007E9                  	JE	L76
   613 000004AD 53                              	PUSH	EBX
   614 000004AE E8 [00000000]                   	CALL	_fifo32_get
   615 000004B3 89 C6                           	MOV	ESI,EAX
   616 000004B5 E8 [00000000]                   	CALL	_io_sti
   617 000004BA 5A                              	POP	EDX
   618 000004BB 8D 86 FFFFFF00                  	LEA	EAX,DWORD [-256+ESI]
   619 000004C1 3D 000000FF                     	CMP	EAX,255
   620 000004C6 0F 86 00000322                  	JBE	L77
   621 000004CC 8D 86 FFFFFE00                  	LEA	EAX,DWORD [-512+ESI]
   622 000004D2 3D 000000FF                     	CMP	EAX,255
   623 000004D7 0F 86 000000CD                  	JBE	L78
   624 000004DD 83 FE 01                        	CMP	ESI,1
   625 000004E0 7F 99                           	JG	L2
   626 000004E2 85 F6                           	TEST	ESI,ESI
   627 000004E4 0F 84 00000093                  	JE	L65
   628 000004EA 6A 00                           	PUSH	0
   629 000004EC 53                              	PUSH	EBX
   630 000004ED FF B5 FFFFFBB0                  	PUSH	DWORD [-1104+EBP]
   631 000004F3 E8 [00000000]                   	CALL	_timer_init
   632 000004F8 83 C4 0C                        	ADD	ESP,12
   633 000004FB 83 BD FFFFFBE0 00               	CMP	DWORD [-1056+EBP],0
   634 00000502 78 0A                           	JS	L67
   635 00000504 C7 85 FFFFFBE0 00000000         	MOV	DWORD [-1056+EBP],0
   636 0000050E                                 L67:
   637 0000050E 6A 32                           	PUSH	50
   638 00000510 FF B5 FFFFFBB0                  	PUSH	DWORD [-1104+EBP]
   639 00000516 E8 [00000000]                   	CALL	_timer_settime
   640 0000051B 58                              	POP	EAX
   641 0000051C 5A                              	POP	EDX
   642 0000051D 83 BD FFFFFBE0 00               	CMP	DWORD [-1056+EBP],0
   643 00000524 0F 88 FFFFFF51                  	JS	L2
   644 0000052A 8B 85 FFFFFBE4                  	MOV	EAX,DWORD [-1052+EBP]
   645 00000530 6A 2B                           	PUSH	43
   646 00000532 83 C0 07                        	ADD	EAX,7
   647 00000535 8B 95 FFFFFBC0                  	MOV	EDX,DWORD [-1088+EBP]
   648 0000053B 50                              	PUSH	EAX
   649 0000053C 6A 1C                           	PUSH	28
   650 0000053E FF B5 FFFFFBE4                  	PUSH	DWORD [-1052+EBP]
   651 00000544 0F B6 85 FFFFFBE0               	MOVZX	EAX,BYTE [-1056+EBP]
   652 0000054B 50                              	PUSH	EAX
   653 0000054C FF 72 04                        	PUSH	DWORD [4+EDX]
   654 0000054F FF 32                           	PUSH	DWORD [EDX]
   655 00000551 E8 [00000000]                   	CALL	_boxfill8
   656 00000556 8B 85 FFFFFBE4                  	MOV	EAX,DWORD [-1052+EBP]
   657 0000055C 6A 2C                           	PUSH	44
   658 0000055E 83 C0 08                        	ADD	EAX,8
   659 00000561 50                              	PUSH	EAX
   660 00000562 6A 1C                           	PUSH	28
   661 00000564 FF B5 FFFFFBE4                  	PUSH	DWORD [-1052+EBP]
   662 0000056A FF B5 FFFFFBC0                  	PUSH	DWORD [-1088+EBP]
   663 00000570 E8 [00000000]                   	CALL	_sheet_refresh
   664 00000575 83 C4 30                        	ADD	ESP,48
   665 00000578 E9 FFFFFEFE                     	JMP	L2
   666 0000057D                                 L65:
   667 0000057D 6A 01                           	PUSH	1
   668 0000057F 53                              	PUSH	EBX
   669 00000580 FF B5 FFFFFBB0                  	PUSH	DWORD [-1104+EBP]
   670 00000586 E8 [00000000]                   	CALL	_timer_init
   671 0000058B 83 C4 0C                        	ADD	ESP,12
   672 0000058E 83 BD FFFFFBE0 00               	CMP	DWORD [-1056+EBP],0
   673 00000595 0F 88 FFFFFF73                  	JS	L67
   674 0000059B C7 85 FFFFFBE0 00000007         	MOV	DWORD [-1056+EBP],7
   675 000005A5 E9 FFFFFF64                     	JMP	L67
   676 000005AA                                 L78:
   677 000005AA 89 F2                           	MOV	EDX,ESI
   678 000005AC 0F B6 C2                        	MOVZX	EAX,DL
   679 000005AF 50                              	PUSH	EAX
   680 000005B0 8D 85 FFFFFCF4                  	LEA	EAX,DWORD [-780+EBP]
   681 000005B6 50                              	PUSH	EAX
   682 000005B7 E8 [00000000]                   	CALL	_mouse_decode
   683 000005BC 5A                              	POP	EDX
   684 000005BD 59                              	POP	ECX
   685 000005BE 85 C0                           	TEST	EAX,EAX
   686 000005C0 0F 84 FFFFFEB5                  	JE	L2
   687 000005C6 8B 85 FFFFFCFC                  	MOV	EAX,DWORD [-772+EBP]
   688 000005CC 8B 95 FFFFFCF8                  	MOV	EDX,DWORD [-776+EBP]
   689 000005D2 01 85 FFFFFBE8                  	ADD	DWORD [-1048+EBP],EAX
   690 000005D8 01 95 FFFFFBEC                  	ADD	DWORD [-1044+EBP],EDX
   691 000005DE 0F 88 000001FB                  	JS	L79
   692 000005E4                                 L45:
   693 000005E4 83 BD FFFFFBE8 00               	CMP	DWORD [-1048+EBP],0
   694 000005EB 0F 88 000001DF                  	JS	L80
   695 000005F1                                 L46:
   696 000005F1 0F BF 05 00000FF4               	MOVSX	EAX,WORD [4084]
   697 000005F8 48                              	DEC	EAX
   698 000005F9 39 85 FFFFFBEC                  	CMP	DWORD [-1044+EBP],EAX
   699 000005FF 7E 06                           	JLE	L47
   700 00000601 89 85 FFFFFBEC                  	MOV	DWORD [-1044+EBP],EAX
   701 00000607                                 L47:
   702 00000607 0F BF 05 00000FF6               	MOVSX	EAX,WORD [4086]
   703 0000060E 48                              	DEC	EAX
   704 0000060F 39 85 FFFFFBE8                  	CMP	DWORD [-1048+EBP],EAX
   705 00000615 7E 06                           	JLE	L48
   706 00000617 89 85 FFFFFBE8                  	MOV	DWORD [-1048+EBP],EAX
   707 0000061D                                 L48:
   708 0000061D FF B5 FFFFFBE8                  	PUSH	DWORD [-1048+EBP]
   709 00000623 FF B5 FFFFFBEC                  	PUSH	DWORD [-1044+EBP]
   710 00000629 FF B5 FFFFFBC4                  	PUSH	DWORD [-1084+EBP]
   711 0000062F E8 [00000000]                   	CALL	_sheet_slide
   712 00000634 83 C4 0C                        	ADD	ESP,12
   713 00000637 F7 85 FFFFFD00 00000001         	TEST	DWORD [-768+EBP],1
   714 00000641 75 0F                           	JNE	L81
   715 00000643 C7 85 FFFFFBDC FFFFFFFF         	MOV	DWORD [-1060+EBP],-1
   716 0000064D E9 FFFFFE29                     	JMP	L2
   717 00000652                                 L81:
   718 00000652 83 BD FFFFFBDC 00               	CMP	DWORD [-1060+EBP],0
   719 00000659 78 4C                           	JS	L82
   720 0000065B 8B B5 FFFFFBE8                  	MOV	ESI,DWORD [-1048+EBP]
   721 00000661 8B 85 FFFFFBB8                  	MOV	EAX,DWORD [-1096+EBP]
   722 00000667 2B B5 FFFFFBD8                  	SUB	ESI,DWORD [-1064+EBP]
   723 0000066D 8B 9D FFFFFBEC                  	MOV	EBX,DWORD [-1044+EBP]
   724 00000673 2B 9D FFFFFBDC                  	SUB	EBX,DWORD [-1060+EBP]
   725 00000679 03 70 10                        	ADD	ESI,DWORD [16+EAX]
   726 0000067C 56                              	PUSH	ESI
   727 0000067D 03 58 0C                        	ADD	EBX,DWORD [12+EAX]
   728 00000680 53                              	PUSH	EBX
   729 00000681 50                              	PUSH	EAX
   730 00000682 E8 [00000000]                   	CALL	_sheet_slide
   731 00000687 83 C4 0C                        	ADD	ESP,12
   732 0000068A 8B 95 FFFFFBEC                  	MOV	EDX,DWORD [-1044+EBP]
   733 00000690 8B 85 FFFFFBE8                  	MOV	EAX,DWORD [-1048+EBP]
   734 00000696 89 95 FFFFFBDC                  	MOV	DWORD [-1060+EBP],EDX
   735 0000069C 89 85 FFFFFBD8                  	MOV	DWORD [-1064+EBP],EAX
   736 000006A2 E9 FFFFFDD4                     	JMP	L2
   737 000006A7                                 L82:
   738 000006A7 8B 85 FFFFFBF0                  	MOV	EAX,DWORD [-1040+EBP]
   739 000006AD 8B 40 10                        	MOV	EAX,DWORD [16+EAX]
   740 000006B0 89 85 FFFFFB98                  	MOV	DWORD [-1128+EBP],EAX
   741 000006B6 89 C1                           	MOV	ECX,EAX
   742 000006B8                                 L74:
   743 000006B8 49                              	DEC	ECX
   744 000006B9 85 C9                           	TEST	ECX,ECX
   745 000006BB 0F 8E FFFFFDBA                  	JLE	L2
   746 000006C1 8B 95 FFFFFBF0                  	MOV	EDX,DWORD [-1040+EBP]
   747 000006C7 8B B5 FFFFFBE8                  	MOV	ESI,DWORD [-1048+EBP]
   748 000006CD 8B 9D FFFFFBEC                  	MOV	EBX,DWORD [-1044+EBP]
   749 000006D3 8B 54 8A 14                     	MOV	EDX,DWORD [20+EDX+ECX*4]
   750 000006D7 89 95 FFFFFBB8                  	MOV	DWORD [-1096+EBP],EDX
   751 000006DD 2B 72 10                        	SUB	ESI,DWORD [16+EDX]
   752 000006E0 2B 5A 0C                        	SUB	EBX,DWORD [12+EDX]
   753 000006E3 78 D3                           	JS	L74
   754 000006E5 8B 42 04                        	MOV	EAX,DWORD [4+EDX]
   755 000006E8 39 C3                           	CMP	EBX,EAX
   756 000006EA 7D CC                           	JGE	L74
   757 000006EC 85 F6                           	TEST	ESI,ESI
   758 000006EE 78 C8                           	JS	L74
   759 000006F0 3B 72 08                        	CMP	ESI,DWORD [8+EDX]
   760 000006F3 7D C3                           	JGE	L74
   761 000006F5 0F AF C6                        	IMUL	EAX,ESI
   762 000006F8 89 85 FFFFFB94                  	MOV	DWORD [-1132+EBP],EAX
   763 000006FE 8B 12                           	MOV	EDX,DWORD [EDX]
   764 00000700 8B 85 FFFFFB94                  	MOV	EAX,DWORD [-1132+EBP]
   765 00000706 01 D8                           	ADD	EAX,EBX
   766 00000708 0F B6 04 10                     	MOVZX	EAX,BYTE [EAX+EDX*1]
   767 0000070C 8B 95 FFFFFBB8                  	MOV	EDX,DWORD [-1096+EBP]
   768 00000712 3B 42 14                        	CMP	EAX,DWORD [20+EDX]
   769 00000715 74 A1                           	JE	L74
   770 00000717 8B 85 FFFFFB98                  	MOV	EAX,DWORD [-1128+EBP]
   771 0000071D 48                              	DEC	EAX
   772 0000071E 50                              	PUSH	EAX
   773 0000071F 52                              	PUSH	EDX
   774 00000720 E8 [00000000]                   	CALL	_sheet_updown
   775 00000725 83 FB 02                        	CMP	EBX,2
   776 00000728 59                              	POP	ECX
   777 00000729 58                              	POP	EAX
   778 0000072A 7E 32                           	JLE	L57
   779 0000072C 8B 95 FFFFFBB8                  	MOV	EDX,DWORD [-1096+EBP]
   780 00000732 8B 42 04                        	MOV	EAX,DWORD [4+EDX]
   781 00000735 83 E8 03                        	SUB	EAX,3
   782 00000738 39 C3                           	CMP	EBX,EAX
   783 0000073A 7D 22                           	JGE	L57
   784 0000073C 83 FE 02                        	CMP	ESI,2
   785 0000073F 7E 1D                           	JLE	L57
   786 00000741 83 FE 14                        	CMP	ESI,20
   787 00000744 7F 18                           	JG	L57
   788 00000746 8B 85 FFFFFBEC                  	MOV	EAX,DWORD [-1044+EBP]
   789 0000074C 8B 95 FFFFFBE8                  	MOV	EDX,DWORD [-1048+EBP]
   790 00000752 89 85 FFFFFBDC                  	MOV	DWORD [-1060+EBP],EAX
   791 00000758 89 95 FFFFFBD8                  	MOV	DWORD [-1064+EBP],EDX
   792 0000075E                                 L57:
   793 0000075E 8B 85 FFFFFBB8                  	MOV	EAX,DWORD [-1096+EBP]
   794 00000764 8B 50 04                        	MOV	EDX,DWORD [4+EAX]
   795 00000767 8D 42 EB                        	LEA	EAX,DWORD [-21+EDX]
   796 0000076A 39 D8                           	CMP	EAX,EBX
   797 0000076C 0F 8F FFFFFD09                  	JG	L2
   798 00000772 8D 42 FB                        	LEA	EAX,DWORD [-5+EDX]
   799 00000775 39 C3                           	CMP	EBX,EAX
   800 00000777 0F 9C C2                        	SETL	DL
   801 0000077A 83 FE 04                        	CMP	ESI,4
   802 0000077D 0F 9F C0                        	SETG	AL
   803 00000780 21 D0                           	AND	EAX,EDX
   804 00000782 83 E0 01                        	AND	EAX,1
   805 00000785 0F 84 FFFFFCF0                  	JE	L2
   806 0000078B 83 FE 12                        	CMP	ESI,18
   807 0000078E 0F 8F FFFFFCE7                  	JG	L2
   808 00000794 8B 95 FFFFFBB8                  	MOV	EDX,DWORD [-1096+EBP]
   809 0000079A 83 7A 24 00                     	CMP	DWORD [36+EDX],0
   810 0000079E 0F 84 FFFFFCD7                  	JE	L2
   811 000007A4 68 [0000010F]                   	PUSH	LC4
   812 000007A9 FF 35 00000FEC                  	PUSH	DWORD [4076]
   813 000007AF E8 [00000000]                   	CALL	_cons_putstr0
   814 000007B4 E8 [00000000]                   	CALL	_io_cli
   815 000007B9 8D 47 30                        	LEA	EAX,DWORD [48+EDI]
   816 000007BC 89 47 54                        	MOV	DWORD [84+EDI],EAX
   817 000007BF C7 47 4C [00000000]             	MOV	DWORD [76+EDI],_asm_end_app
   818 000007C6 E8 [00000000]                   	CALL	_io_cli
   819 000007CB E9 FFFFFCA9                     	JMP	L72
   820 000007D0                                 L80:
   821 000007D0 C7 85 FFFFFBE8 00000000         	MOV	DWORD [-1048+EBP],0
   822 000007DA E9 FFFFFE12                     	JMP	L46
   823 000007DF                                 L79:
   824 000007DF C7 85 FFFFFBEC 00000000         	MOV	DWORD [-1044+EBP],0
   825 000007E9 E9 FFFFFDF6                     	JMP	L45
   826 000007EE                                 L77:
   827 000007EE 81 FE 0000017F                  	CMP	ESI,383
   828 000007F4 0F 8F 00000493                  	JG	L9
   829 000007FA 83 BD FFFFFBA8 00               	CMP	DWORD [-1112+EBP],0
   830 00000801 0F 85 0000047B                  	JNE	L10
   831 00000807 8A 86 [FFFFFF00]                	MOV	AL,BYTE [_keytable0.0-256+ESI]
   832 0000080D                                 L73:
   833 0000080D 88 45 C4                        	MOV	BYTE [-60+EBP],AL
   834 00000810                                 L12:
   835 00000810 8A 55 C4                        	MOV	DL,BYTE [-60+EBP]
   836 00000813 8D 42 BF                        	LEA	EAX,DWORD [-65+EDX]
   837 00000816 3C 19                           	CMP	AL,25
   838 00000818 77 1D                           	JA	L13
   839 0000081A F7 85 FFFFFBA4 00000004         	TEST	DWORD [-1116+EBP],4
   840 00000824 0F 85 00000449                  	JNE	L71
   841 0000082A 83 BD FFFFFBA8 00               	CMP	DWORD [-1112+EBP],0
   842 00000831 0F 84 00000431                  	JE	L15
   843 00000837                                 L13:
   844 00000837 8A 45 C4                        	MOV	AL,BYTE [-60+EBP]
   845 0000083A 84 C0                           	TEST	AL,AL
   846 0000083C 74 41                           	JE	L17
   847 0000083E 83 BD FFFFFBAC 00               	CMP	DWORD [-1108+EBP],0
   848 00000845 0F 85 00000404                  	JNE	L18
   849 0000084B 83 BD FFFFFBE4 7F               	CMP	DWORD [-1052+EBP],127
   850 00000852 7F 2B                           	JG	L17
   851 00000854 6A 01                           	PUSH	1
   852 00000856 8D 45 C4                        	LEA	EAX,DWORD [-60+EBP]
   853 00000859 50                              	PUSH	EAX
   854 0000085A 6A 07                           	PUSH	7
   855 0000085C 6A 00                           	PUSH	0
   856 0000085E 6A 1C                           	PUSH	28
   857 00000860 FF B5 FFFFFBE4                  	PUSH	DWORD [-1052+EBP]
   858 00000866 FF B5 FFFFFBC0                  	PUSH	DWORD [-1088+EBP]
   859 0000086C C6 45 C5 00                     	MOV	BYTE [-59+EBP],0
   860 00000870 E8 [00000000]                   	CALL	_putfonts8_asc_sht
   861 00000875 83 C4 1C                        	ADD	ESP,28
   862 00000878 83 85 FFFFFBE4 08               	ADD	DWORD [-1052+EBP],8
   863 0000087F                                 L17:
   864 0000087F 81 FE 0000010E                  	CMP	ESI,270
   865 00000885 0F 84 0000036C                  	JE	L83
   866 0000088B                                 L21:
   867 0000088B 81 FE 0000011C                  	CMP	ESI,284
   868 00000891 0F 84 0000033E                  	JE	L84
   869 00000897                                 L25:
   870 00000897 81 FE 0000010F                  	CMP	ESI,271
   871 0000089D 0F 84 00000213                  	JE	L85
   872 000008A3                                 L27:
   873 000008A3 81 FE 0000012A                  	CMP	ESI,298
   874 000008A9 0F 84 000001FB                  	JE	L86
   875 000008AF                                 L30:
   876 000008AF 81 FE 00000136                  	CMP	ESI,310
   877 000008B5 0F 84 000001E3                  	JE	L87
   878 000008BB                                 L31:
   879 000008BB 81 FE 000001AA                  	CMP	ESI,426
   880 000008C1 0F 84 000001CB                  	JE	L88
   881 000008C7                                 L32:
   882 000008C7 81 FE 000001B6                  	CMP	ESI,438
   883 000008CD 0F 84 000001B3                  	JE	L89
   884 000008D3                                 L33:
   885 000008D3 81 FE 0000013A                  	CMP	ESI,314
   886 000008D9 0F 84 0000017E                  	JE	L90
   887 000008DF                                 L34:
   888 000008DF 81 FE 00000145                  	CMP	ESI,325
   889 000008E5 0F 84 00000149                  	JE	L91
   890 000008EB                                 L35:
   891 000008EB 81 FE 00000146                  	CMP	ESI,326
   892 000008F1 0F 84 00000114                  	JE	L92
   893 000008F7                                 L36:
   894 000008F7 81 FE 0000013B                  	CMP	ESI,315
   895 000008FD 0F 84 000000C3                  	JE	L93
   896 00000903                                 L37:
   897 00000903 81 FE 000001FA                  	CMP	ESI,506
   898 00000909 0F 84 000000A8                  	JE	L94
   899 0000090F                                 L38:
   900 0000090F 81 FE 000001FE                  	CMP	ESI,510
   901 00000915 0F 84 00000083                  	JE	L95
   902 0000091B                                 L39:
   903 0000091B 81 FE 00000157                  	CMP	ESI,343
   904 00000921 74 5F                           	JE	L96
   905 00000923                                 L40:
   906 00000923 83 BD FFFFFBE0 00               	CMP	DWORD [-1056+EBP],0
   907 0000092A 78 2F                           	JS	L41
   908 0000092C 8B 85 FFFFFBE4                  	MOV	EAX,DWORD [-1052+EBP]
   909 00000932 6A 2B                           	PUSH	43
   910 00000934 83 C0 07                        	ADD	EAX,7
   911 00000937 50                              	PUSH	EAX
   912 00000938 6A 1C                           	PUSH	28
   913 0000093A FF B5 FFFFFBE4                  	PUSH	DWORD [-1052+EBP]
   914 00000940 0F B6 85 FFFFFBE0               	MOVZX	EAX,BYTE [-1056+EBP]
   915 00000947 50                              	PUSH	EAX
   916 00000948 8B 85 FFFFFBC0                  	MOV	EAX,DWORD [-1088+EBP]
   917 0000094E FF 70 04                        	PUSH	DWORD [4+EAX]
   918 00000951 FF 30                           	PUSH	DWORD [EAX]
   919 00000953 E8 [00000000]                   	CALL	_boxfill8
   920 00000958 83 C4 1C                        	ADD	ESP,28
   921 0000095B                                 L41:
   922 0000095B 8B 85 FFFFFBE4                  	MOV	EAX,DWORD [-1052+EBP]
   923 00000961 6A 2C                           	PUSH	44
   924 00000963 83 C0 08                        	ADD	EAX,8
   925 00000966 50                              	PUSH	EAX
   926 00000967 6A 1C                           	PUSH	28
   927 00000969 FF B5 FFFFFBE4                  	PUSH	DWORD [-1052+EBP]
   928 0000096F FF B5 FFFFFBC0                  	PUSH	DWORD [-1088+EBP]
   929 00000975 E8 [00000000]                   	CALL	_sheet_refresh
   930 0000097A 83 C4 14                        	ADD	ESP,20
   931 0000097D E9 FFFFFAF9                     	JMP	L2
   932 00000982                                 L96:
   933 00000982 8B 95 FFFFFBF0                  	MOV	EDX,DWORD [-1040+EBP]
   934 00000988 8B 42 10                        	MOV	EAX,DWORD [16+EDX]
   935 0000098B 83 F8 02                        	CMP	EAX,2
   936 0000098E 7E 93                           	JLE	L40
   937 00000990 48                              	DEC	EAX
   938 00000991 50                              	PUSH	EAX
   939 00000992 FF 72 18                        	PUSH	DWORD [24+EDX]
   940 00000995 E8 [00000000]                   	CALL	_sheet_updown
   941 0000099A 5B                              	POP	EBX
   942 0000099B 5E                              	POP	ESI
   943 0000099C EB 85                           	JMP	L40
   944 0000099E                                 L95:
   945 0000099E E8 [00000000]                   	CALL	_wait_KBC_sendready
   946 000009A3 FF B5 FFFFFBA0                  	PUSH	DWORD [-1120+EBP]
   947 000009A9 6A 60                           	PUSH	96
   948 000009AB E8 [00000000]                   	CALL	_io_out8
   949 000009B0 58                              	POP	EAX
   950 000009B1 5A                              	POP	EDX
   951 000009B2 E9 FFFFFF64                     	JMP	L39
   952 000009B7                                 L94:
   953 000009B7 C7 85 FFFFFBA0 FFFFFFFF         	MOV	DWORD [-1120+EBP],-1
   954 000009C1 E9 FFFFFF49                     	JMP	L38
   955 000009C6                                 L93:
   956 000009C6 83 BD FFFFFBA8 00               	CMP	DWORD [-1112+EBP],0
   957 000009CD 0F 84 FFFFFF30                  	JE	L37
   958 000009D3 83 7F 34 00                     	CMP	DWORD [52+EDI],0
   959 000009D7 0F 84 FFFFFF26                  	JE	L37
   960 000009DD 68 [00000120]                   	PUSH	LC3
   961 000009E2 FF 35 00000FEC                  	PUSH	DWORD [4076]
   962 000009E8 E8 [00000000]                   	CALL	_cons_putstr0
   963 000009ED E8 [00000000]                   	CALL	_io_cli
   964 000009F2 8D 47 30                        	LEA	EAX,DWORD [48+EDI]
   965 000009F5 89 47 54                        	MOV	DWORD [84+EDI],EAX
   966 000009F8 C7 47 4C [00000000]             	MOV	DWORD [76+EDI],_asm_end_app
   967 000009FF E8 [00000000]                   	CALL	_io_sti
   968 00000A04 59                              	POP	ECX
   969 00000A05 5B                              	POP	EBX
   970 00000A06 E9 FFFFFEF8                     	JMP	L37
   971 00000A0B                                 L92:
   972 00000A0B 68 000000ED                     	PUSH	237
   973 00000A10 8D 5D 84                        	LEA	EBX,DWORD [-124+EBP]
   974 00000A13 53                              	PUSH	EBX
   975 00000A14 83 B5 FFFFFBA4 01               	XOR	DWORD [-1116+EBP],1
   976 00000A1B E8 [00000000]                   	CALL	_fifo32_put
   977 00000A20 FF B5 FFFFFBA4                  	PUSH	DWORD [-1116+EBP]
   978 00000A26 53                              	PUSH	EBX
   979 00000A27 E8 [00000000]                   	CALL	_fifo32_put
   980 00000A2C 83 C4 10                        	ADD	ESP,16
   981 00000A2F E9 FFFFFEC3                     	JMP	L36
   982 00000A34                                 L91:
   983 00000A34 68 000000ED                     	PUSH	237
   984 00000A39 8D 5D 84                        	LEA	EBX,DWORD [-124+EBP]
   985 00000A3C 53                              	PUSH	EBX
   986 00000A3D 83 B5 FFFFFBA4 02               	XOR	DWORD [-1116+EBP],2
   987 00000A44 E8 [00000000]                   	CALL	_fifo32_put
   988 00000A49 FF B5 FFFFFBA4                  	PUSH	DWORD [-1116+EBP]
   989 00000A4F 53                              	PUSH	EBX
   990 00000A50 E8 [00000000]                   	CALL	_fifo32_put
   991 00000A55 83 C4 10                        	ADD	ESP,16
   992 00000A58 E9 FFFFFE8E                     	JMP	L35
   993 00000A5D                                 L90:
   994 00000A5D 68 000000ED                     	PUSH	237
   995 00000A62 8D 5D 84                        	LEA	EBX,DWORD [-124+EBP]
   996 00000A65 53                              	PUSH	EBX
   997 00000A66 83 B5 FFFFFBA4 04               	XOR	DWORD [-1116+EBP],4
   998 00000A6D E8 [00000000]                   	CALL	_fifo32_put
   999 00000A72 FF B5 FFFFFBA4                  	PUSH	DWORD [-1116+EBP]
  1000 00000A78 53                              	PUSH	EBX
  1001 00000A79 E8 [00000000]                   	CALL	_fifo32_put
  1002 00000A7E 83 C4 10                        	ADD	ESP,16
  1003 00000A81 E9 FFFFFE59                     	JMP	L34
  1004 00000A86                                 L89:
  1005 00000A86 83 A5 FFFFFBA8 FD               	AND	DWORD [-1112+EBP],-3
  1006 00000A8D E9 FFFFFE41                     	JMP	L33
  1007 00000A92                                 L88:
  1008 00000A92 83 A5 FFFFFBA8 FE               	AND	DWORD [-1112+EBP],-2
  1009 00000A99 E9 FFFFFE29                     	JMP	L32
  1010 00000A9E                                 L87:
  1011 00000A9E 83 8D FFFFFBA8 02               	OR	DWORD [-1112+EBP],2
  1012 00000AA5 E9 FFFFFE11                     	JMP	L31
  1013 00000AAA                                 L86:
  1014 00000AAA 83 8D FFFFFBA8 01               	OR	DWORD [-1112+EBP],1
  1015 00000AB1 E9 FFFFFDF9                     	JMP	L30
  1016 00000AB6                                 L85:
  1017 00000AB6 83 BD FFFFFBAC 00               	CMP	DWORD [-1108+EBP],0
  1018 00000ABD 0F 85 000000B3                  	JNE	L28
  1019 00000AC3 6A 00                           	PUSH	0
  1020 00000AC5 8B 95 FFFFFBC0                  	MOV	EDX,DWORD [-1088+EBP]
  1021 00000ACB 68 [00000108]                   	PUSH	LC1
  1022 00000AD0 FF 72 04                        	PUSH	DWORD [4+EDX]
  1023 00000AD3 FF B5 FFFFFBD0                  	PUSH	DWORD [-1072+EBP]
  1024 00000AD9 C7 85 FFFFFBAC 00000001         	MOV	DWORD [-1108+EBP],1
  1025 00000AE3 E8 [00000000]                   	CALL	_make_wtitle8
  1026 00000AE8 8B 85 FFFFFBBC                  	MOV	EAX,DWORD [-1092+EBP]
  1027 00000AEE 6A 01                           	PUSH	1
  1028 00000AF0 68 [00000100]                   	PUSH	LC0
  1029 00000AF5 FF 70 04                        	PUSH	DWORD [4+EAX]
  1030 00000AF8 FF B5 FFFFFBCC                  	PUSH	DWORD [-1076+EBP]
  1031 00000AFE E8 [00000000]                   	CALL	_make_wtitle8
  1032 00000B03 8B 95 FFFFFBC0                  	MOV	EDX,DWORD [-1088+EBP]
  1033 00000B09 83 C4 20                        	ADD	ESP,32
  1034 00000B0C 8B 85 FFFFFBE4                  	MOV	EAX,DWORD [-1052+EBP]
  1035 00000B12 83 C0 07                        	ADD	EAX,7
  1036 00000B15 6A 2B                           	PUSH	43
  1037 00000B17 50                              	PUSH	EAX
  1038 00000B18 6A 1C                           	PUSH	28
  1039 00000B1A FF B5 FFFFFBE4                  	PUSH	DWORD [-1052+EBP]
  1040 00000B20 6A 07                           	PUSH	7
  1041 00000B22 FF 72 04                        	PUSH	DWORD [4+EDX]
  1042 00000B25 FF 32                           	PUSH	DWORD [EDX]
  1043 00000B27 C7 85 FFFFFBE0 FFFFFFFF         	MOV	DWORD [-1056+EBP],-1
  1044 00000B31 E8 [00000000]                   	CALL	_boxfill8
  1045 00000B36 8D 47 10                        	LEA	EAX,DWORD [16+EDI]
  1046 00000B39 6A 02                           	PUSH	2
  1047 00000B3B 50                              	PUSH	EAX
  1048 00000B3C E8 [00000000]                   	CALL	_fifo32_put
  1049 00000B41 83 C4 24                        	ADD	ESP,36
  1050 00000B44                                 L29:
  1051 00000B44 8B 85 FFFFFBC0                  	MOV	EAX,DWORD [-1088+EBP]
  1052 00000B4A 6A 15                           	PUSH	21
  1053 00000B4C FF 70 04                        	PUSH	DWORD [4+EAX]
  1054 00000B4F 6A 00                           	PUSH	0
  1055 00000B51 6A 00                           	PUSH	0
  1056 00000B53 50                              	PUSH	EAX
  1057 00000B54 E8 [00000000]                   	CALL	_sheet_refresh
  1058 00000B59 8B 95 FFFFFBBC                  	MOV	EDX,DWORD [-1092+EBP]
  1059 00000B5F 6A 15                           	PUSH	21
  1060 00000B61 FF 72 04                        	PUSH	DWORD [4+EDX]
  1061 00000B64 6A 00                           	PUSH	0
  1062 00000B66 6A 00                           	PUSH	0
  1063 00000B68 52                              	PUSH	EDX
  1064 00000B69 E8 [00000000]                   	CALL	_sheet_refresh
  1065 00000B6E 83 C4 28                        	ADD	ESP,40
  1066 00000B71 E9 FFFFFD2D                     	JMP	L27
  1067 00000B76                                 L28:
  1068 00000B76 6A 01                           	PUSH	1
  1069 00000B78 8B 85 FFFFFBC0                  	MOV	EAX,DWORD [-1088+EBP]
  1070 00000B7E 68 [00000108]                   	PUSH	LC1
  1071 00000B83 FF 70 04                        	PUSH	DWORD [4+EAX]
  1072 00000B86 FF B5 FFFFFBD0                  	PUSH	DWORD [-1072+EBP]
  1073 00000B8C C7 85 FFFFFBAC 00000000         	MOV	DWORD [-1108+EBP],0
  1074 00000B96 E8 [00000000]                   	CALL	_make_wtitle8
  1075 00000B9B 8B 95 FFFFFBBC                  	MOV	EDX,DWORD [-1092+EBP]
  1076 00000BA1 6A 00                           	PUSH	0
  1077 00000BA3 68 [00000100]                   	PUSH	LC0
  1078 00000BA8 FF 72 04                        	PUSH	DWORD [4+EDX]
  1079 00000BAB FF B5 FFFFFBCC                  	PUSH	DWORD [-1076+EBP]
  1080 00000BB1 E8 [00000000]                   	CALL	_make_wtitle8
  1081 00000BB6 8D 47 10                        	LEA	EAX,DWORD [16+EDI]
  1082 00000BB9 83 C4 20                        	ADD	ESP,32
  1083 00000BBC C7 85 FFFFFBE0 00000000         	MOV	DWORD [-1056+EBP],0
  1084 00000BC6 6A 03                           	PUSH	3
  1085 00000BC8 50                              	PUSH	EAX
  1086 00000BC9 E8 [00000000]                   	CALL	_fifo32_put
  1087 00000BCE 58                              	POP	EAX
  1088 00000BCF 5A                              	POP	EDX
  1089 00000BD0 E9 FFFFFF6F                     	JMP	L29
  1090 00000BD5                                 L84:
  1091 00000BD5 83 BD FFFFFBAC 00               	CMP	DWORD [-1108+EBP],0
  1092 00000BDC 0F 84 FFFFFCB5                  	JE	L25
  1093 00000BE2 68 0000010A                     	PUSH	266
  1094 00000BE7 8D 47 10                        	LEA	EAX,DWORD [16+EDI]
  1095 00000BEA 50                              	PUSH	EAX
  1096 00000BEB E8 [00000000]                   	CALL	_fifo32_put
  1097 00000BF0 59                              	POP	ECX
  1098 00000BF1 5B                              	POP	EBX
  1099 00000BF2 E9 FFFFFCA0                     	JMP	L25
  1100 00000BF7                                 L83:
  1101 00000BF7 83 BD FFFFFBAC 00               	CMP	DWORD [-1108+EBP],0
  1102 00000BFE 75 3A                           	JNE	L22
  1103 00000C00 83 BD FFFFFBE4 08               	CMP	DWORD [-1052+EBP],8
  1104 00000C07 0F 8E FFFFFC7E                  	JLE	L21
  1105 00000C0D 6A 01                           	PUSH	1
  1106 00000C0F 68 [0000012F]                   	PUSH	LC2
  1107 00000C14 6A 07                           	PUSH	7
  1108 00000C16 6A 00                           	PUSH	0
  1109 00000C18 6A 1C                           	PUSH	28
  1110 00000C1A FF B5 FFFFFBE4                  	PUSH	DWORD [-1052+EBP]
  1111 00000C20 FF B5 FFFFFBC0                  	PUSH	DWORD [-1088+EBP]
  1112 00000C26 E8 [00000000]                   	CALL	_putfonts8_asc_sht
  1113 00000C2B 83 C4 1C                        	ADD	ESP,28
  1114 00000C2E 83 AD FFFFFBE4 08               	SUB	DWORD [-1052+EBP],8
  1115 00000C35 E9 FFFFFC51                     	JMP	L21
  1116 00000C3A                                 L22:
  1117 00000C3A 68 00000108                     	PUSH	264
  1118 00000C3F 8D 47 10                        	LEA	EAX,DWORD [16+EDI]
  1119 00000C42 50                              	PUSH	EAX
  1120 00000C43 E8 [00000000]                   	CALL	_fifo32_put
  1121 00000C48 58                              	POP	EAX
  1122 00000C49 5A                              	POP	EDX
  1123 00000C4A E9 FFFFFC3C                     	JMP	L21
  1124 00000C4F                                 L18:
  1125 00000C4F 0F BE C0                        	MOVSX	EAX,AL
  1126 00000C52 05 00000100                     	ADD	EAX,256
  1127 00000C57 50                              	PUSH	EAX
  1128 00000C58 8D 47 10                        	LEA	EAX,DWORD [16+EDI]
  1129 00000C5B 50                              	PUSH	EAX
  1130 00000C5C E8 [00000000]                   	CALL	_fifo32_put
  1131 00000C61 59                              	POP	ECX
  1132 00000C62 5B                              	POP	EBX
  1133 00000C63 E9 FFFFFC17                     	JMP	L17
  1134 00000C68                                 L15:
  1135 00000C68 8D 42 20                        	LEA	EAX,DWORD [32+EDX]
  1136 00000C6B 88 45 C4                        	MOV	BYTE [-60+EBP],AL
  1137 00000C6E E9 FFFFFBC4                     	JMP	L13
  1138 00000C73                                 L71:
  1139 00000C73 83 BD FFFFFBA8 00               	CMP	DWORD [-1112+EBP],0
  1140 00000C7A 0F 84 FFFFFBB7                  	JE	L13
  1141 00000C80 EB E6                           	JMP	L15
  1142 00000C82                                 L10:
  1143 00000C82 8A 86 [FFFFFF80]                	MOV	AL,BYTE [_keytable1.1-256+ESI]
  1144 00000C88 E9 FFFFFB80                     	JMP	L73
  1145 00000C8D                                 L9:
  1146 00000C8D C6 45 C4 00                     	MOV	BYTE [-60+EBP],0
  1147 00000C91 E9 FFFFFB7A                     	JMP	L12
  1148 00000C96                                 L76:
  1149 00000C96 FF B5 FFFFFBB4                  	PUSH	DWORD [-1100+EBP]
  1150 00000C9C E8 [00000000]                   	CALL	_task_sleep
  1151 00000CA1 E8 [00000000]                   	CALL	_io_sti
  1152 00000CA6 59                              	POP	ECX
  1153 00000CA7 E9 FFFFF7CF                     	JMP	L2
  1154 00000CAC                                 L75:
  1155 00000CAC 53                              	PUSH	EBX
  1156 00000CAD E8 [00000000]                   	CALL	_fifo32_get
  1157 00000CB2 89 85 FFFFFBA0                  	MOV	DWORD [-1120+EBP],EAX
  1158 00000CB8 E8 [00000000]                   	CALL	_wait_KBC_sendready
  1159 00000CBD FF B5 FFFFFBA0                  	PUSH	DWORD [-1120+EBP]
  1160 00000CC3 6A 60                           	PUSH	96
  1161 00000CC5 E8 [00000000]                   	CALL	_io_out8
  1162 00000CCA 83 C4 0C                        	ADD	ESP,12
  1163 00000CCD E9 FFFFF7C4                     	JMP	L5
