     1 00000000                                 [FORMAT "WCOFF"]
     2 00000000                                 [INSTRSET "i486p"]
     3 00000000                                 [OPTIMIZE 1]
     4 00000000                                 [OPTION 1]
     5 00000000                                 [BITS 32]
     6 00000000                                 	EXTERN	_init_gdtidt
     7 00000000                                 	EXTERN	_init_pic
     8 00000000                                 	EXTERN	_io_sti
     9 00000000                                 	EXTERN	_keyfifo
    10 00000000                                 	EXTERN	_fifo8_init
    11 00000000                                 	EXTERN	_mousefifo
    12 00000000                                 	EXTERN	_io_out8
    13 00000000                                 	EXTERN	_init_keyboard
    14 00000000                                 	EXTERN	_enable_mouse
    15 00000000                                 	EXTERN	_memtest
    16 00000000                                 	EXTERN	_memman_init
    17 00000000                                 	EXTERN	_memman_free
    18 00000000                                 	EXTERN	_init_palette
    19 00000000                                 	EXTERN	_shtctl_init
    20 00000000                                 	EXTERN	_sheet_alloc
    21 00000000                                 	EXTERN	_memman_alloc_4k
    22 00000000                                 	EXTERN	_sheet_setbuf
    23 00000000                                 	EXTERN	_init_screen8
    24 00000000                                 	EXTERN	_init_mouse_cursor8
    25 00000000                                 	EXTERN	_sheet_slide
    26 00000000                                 	EXTERN	_sheet_updown
    27 00000000                                 	EXTERN	_sprintf
    28 00000000                                 	EXTERN	_putfonts8_asc
    29 00000000                                 	EXTERN	_memman_total
    30 00000000                                 	EXTERN	_sheet_refresh
    31 00000000                                 	EXTERN	_io_cli
    32 00000000                                 	EXTERN	_fifo8_status
    33 00000000                                 	EXTERN	_fifo8_get
    34 00000000                                 	EXTERN	_mouse_decode
    35 00000000                                 	EXTERN	_boxfill8
    36 00000000                                 	EXTERN	_io_stihlt
    37 00000000                                 [FILE "bootpack.c"]
    38                                          [SECTION .data]
    39 00000000                                 LC0:
    40 00000000 28 25 64 2C 20 25 64 29 00      	DB	"(%d, %d)",0x00
    41 00000009                                 LC1:
    42 00000009 6D 65 6D 6F 72 79 20 25 64 4D   	DB	"memory %dMB free : %dKB",0x00
       00000013 42 20 66 72 65 65 20 3A 20 25 
       0000001D 64 4B 42 00 
    43 00000021                                 LC3:
    44 00000021 5B 6C 63 72 20 25 34 64 20 25   	DB	"[lcr %4d %4d]",0x00
       0000002B 34 64 5D 00 
    45 0000002F                                 LC4:
    46 0000002F 28 25 33 64 2C 20 25 33 64 29   	DB	"(%3d, %3d)",0x00
       00000039 00 
    47 0000003A                                 LC2:
    48 0000003A 25 30 32 58 00                  	DB	"%02X",0x00
    49                                          [SECTION .text]
    50 00000000                                 	GLOBAL	_HariMain
    51 00000000                                 _HariMain:
    52 00000000 55                              	PUSH	EBP
    53 00000001 89 E5                           	MOV	EBP,ESP
    54 00000003 57                              	PUSH	EDI
    55 00000004 56                              	PUSH	ESI
    56 00000005 53                              	PUSH	EBX
    57 00000006 8D 9D FFFFFE14                  	LEA	EBX,DWORD [-492+EBP]
    58 0000000C 81 EC 000001FC                  	SUB	ESP,508
    59 00000012 E8 [00000000]                   	CALL	_init_gdtidt
    60 00000017 E8 [00000000]                   	CALL	_init_pic
    61 0000001C E8 [00000000]                   	CALL	_io_sti
    62 00000021 8D 45 A4                        	LEA	EAX,DWORD [-92+EBP]
    63 00000024 50                              	PUSH	EAX
    64 00000025 6A 20                           	PUSH	32
    65 00000027 68 [00000000]                   	PUSH	_keyfifo
    66 0000002C E8 [00000000]                   	CALL	_fifo8_init
    67 00000031 8D 85 FFFFFF24                  	LEA	EAX,DWORD [-220+EBP]
    68 00000037 50                              	PUSH	EAX
    69 00000038 68 00000080                     	PUSH	128
    70 0000003D 68 [00000000]                   	PUSH	_mousefifo
    71 00000042 E8 [00000000]                   	CALL	_fifo8_init
    72 00000047 68 000000F9                     	PUSH	249
    73 0000004C 6A 21                           	PUSH	33
    74 0000004E E8 [00000000]                   	CALL	_io_out8
    75 00000053 83 C4 20                        	ADD	ESP,32
    76 00000056 68 000000EF                     	PUSH	239
    77 0000005B 68 000000A1                     	PUSH	161
    78 00000060 E8 [00000000]                   	CALL	_io_out8
    79 00000065 E8 [00000000]                   	CALL	_init_keyboard
    80 0000006A 8D 85 FFFFFF14                  	LEA	EAX,DWORD [-236+EBP]
    81 00000070 50                              	PUSH	EAX
    82 00000071 E8 [00000000]                   	CALL	_enable_mouse
    83 00000076 68 BFFFFFFF                     	PUSH	-1073741825
    84 0000007B 68 00400000                     	PUSH	4194304
    85 00000080 E8 [00000000]                   	CALL	_memtest
    86 00000085 68 003C0000                     	PUSH	3932160
    87 0000008A 89 85 FFFFFE10                  	MOV	DWORD [-496+EBP],EAX
    88 00000090 E8 [00000000]                   	CALL	_memman_init
    89 00000095 68 0009E000                     	PUSH	647168
    90 0000009A 68 00001000                     	PUSH	4096
    91 0000009F 68 003C0000                     	PUSH	3932160
    92 000000A4 E8 [00000000]                   	CALL	_memman_free
    93 000000A9 8B 85 FFFFFE10                  	MOV	EAX,DWORD [-496+EBP]
    94 000000AF 83 C4 24                        	ADD	ESP,36
    95 000000B2 2D 00400000                     	SUB	EAX,4194304
    96 000000B7 50                              	PUSH	EAX
    97 000000B8 68 00400000                     	PUSH	4194304
    98 000000BD 68 003C0000                     	PUSH	3932160
    99 000000C2 E8 [00000000]                   	CALL	_memman_free
   100 000000C7 E8 [00000000]                   	CALL	_init_palette
   101 000000CC 0F BF 05 00000FF6               	MOVSX	EAX,WORD [4086]
   102 000000D3 50                              	PUSH	EAX
   103 000000D4 0F BF 05 00000FF4               	MOVSX	EAX,WORD [4084]
   104 000000DB 50                              	PUSH	EAX
   105 000000DC FF 35 00000FF8                  	PUSH	DWORD [4088]
   106 000000E2 68 003C0000                     	PUSH	3932160
   107 000000E7 E8 [00000000]                   	CALL	_shtctl_init
   108 000000EC 50                              	PUSH	EAX
   109 000000ED 89 85 FFFFFE0C                  	MOV	DWORD [-500+EBP],EAX
   110 000000F3 E8 [00000000]                   	CALL	_sheet_alloc
   111 000000F8 83 C4 20                        	ADD	ESP,32
   112 000000FB FF B5 FFFFFE0C                  	PUSH	DWORD [-500+EBP]
   113 00000101 89 85 FFFFFE08                  	MOV	DWORD [-504+EBP],EAX
   114 00000107 E8 [00000000]                   	CALL	_sheet_alloc
   115 0000010C 0F BF 15 00000FF6               	MOVSX	EDX,WORD [4086]
   116 00000113 89 85 FFFFFE04                  	MOV	DWORD [-508+EBP],EAX
   117 00000119 0F BF 05 00000FF4               	MOVSX	EAX,WORD [4084]
   118 00000120 0F AF C2                        	IMUL	EAX,EDX
   119 00000123 50                              	PUSH	EAX
   120 00000124 68 003C0000                     	PUSH	3932160
   121 00000129 E8 [00000000]                   	CALL	_memman_alloc_4k
   122 0000012E 6A FF                           	PUSH	-1
   123 00000130 89 85 FFFFFE00                  	MOV	DWORD [-512+EBP],EAX
   124 00000136 0F BF 05 00000FF4               	MOVSX	EAX,WORD [4084]
   125 0000013D 50                              	PUSH	EAX
   126 0000013E 0F BF 05 00000FF4               	MOVSX	EAX,WORD [4084]
   127 00000145 50                              	PUSH	EAX
   128 00000146 FF B5 FFFFFE00                  	PUSH	DWORD [-512+EBP]
   129 0000014C FF B5 FFFFFE08                  	PUSH	DWORD [-504+EBP]
   130 00000152 E8 [00000000]                   	CALL	_sheet_setbuf
   131 00000157 83 C4 20                        	ADD	ESP,32
   132 0000015A 6A 63                           	PUSH	99
   133 0000015C 6A 10                           	PUSH	16
   134 0000015E 6A 10                           	PUSH	16
   135 00000160 53                              	PUSH	EBX
   136 00000161 FF B5 FFFFFE04                  	PUSH	DWORD [-508+EBP]
   137 00000167 E8 [00000000]                   	CALL	_sheet_setbuf
   138 0000016C 0F BF 05 00000FF6               	MOVSX	EAX,WORD [4086]
   139 00000173 50                              	PUSH	EAX
   140 00000174 0F BF 05 00000FF4               	MOVSX	EAX,WORD [4084]
   141 0000017B 50                              	PUSH	EAX
   142 0000017C FF B5 FFFFFE00                  	PUSH	DWORD [-512+EBP]
   143 00000182 E8 [00000000]                   	CALL	_init_screen8
   144 00000187 83 C4 20                        	ADD	ESP,32
   145 0000018A 6A 63                           	PUSH	99
   146 0000018C 53                              	PUSH	EBX
   147 0000018D BB 00000002                     	MOV	EBX,2
   148 00000192 E8 [00000000]                   	CALL	_init_mouse_cursor8
   149 00000197 6A 00                           	PUSH	0
   150 00000199 6A 00                           	PUSH	0
   151 0000019B FF B5 FFFFFE08                  	PUSH	DWORD [-504+EBP]
   152 000001A1 FF B5 FFFFFE0C                  	PUSH	DWORD [-500+EBP]
   153 000001A7 E8 [00000000]                   	CALL	_sheet_slide
   154 000001AC 0F BF 05 00000FF4               	MOVSX	EAX,WORD [4084]
   155 000001B3 8D 48 F0                        	LEA	ECX,DWORD [-16+EAX]
   156 000001B6 89 C8                           	MOV	EAX,ECX
   157 000001B8 99                              	CDQ
   158 000001B9 F7 FB                           	IDIV	EBX
   159 000001BB 89 C6                           	MOV	ESI,EAX
   160 000001BD 0F BF 05 00000FF6               	MOVSX	EAX,WORD [4086]
   161 000001C4 8D 48 D4                        	LEA	ECX,DWORD [-44+EAX]
   162 000001C7 89 C8                           	MOV	EAX,ECX
   163 000001C9 99                              	CDQ
   164 000001CA F7 FB                           	IDIV	EBX
   165 000001CC 50                              	PUSH	EAX
   166 000001CD 89 C7                           	MOV	EDI,EAX
   167 000001CF 56                              	PUSH	ESI
   168 000001D0 8D 5D C4                        	LEA	EBX,DWORD [-60+EBP]
   169 000001D3 FF B5 FFFFFE04                  	PUSH	DWORD [-508+EBP]
   170 000001D9 FF B5 FFFFFE0C                  	PUSH	DWORD [-500+EBP]
   171 000001DF E8 [00000000]                   	CALL	_sheet_slide
   172 000001E4 83 C4 28                        	ADD	ESP,40
   173 000001E7 6A 00                           	PUSH	0
   174 000001E9 FF B5 FFFFFE08                  	PUSH	DWORD [-504+EBP]
   175 000001EF FF B5 FFFFFE0C                  	PUSH	DWORD [-500+EBP]
   176 000001F5 E8 [00000000]                   	CALL	_sheet_updown
   177 000001FA 6A 01                           	PUSH	1
   178 000001FC FF B5 FFFFFE04                  	PUSH	DWORD [-508+EBP]
   179 00000202 FF B5 FFFFFE0C                  	PUSH	DWORD [-500+EBP]
   180 00000208 E8 [00000000]                   	CALL	_sheet_updown
   181 0000020D 57                              	PUSH	EDI
   182 0000020E 56                              	PUSH	ESI
   183 0000020F 68 [00000000]                   	PUSH	LC0
   184 00000214 53                              	PUSH	EBX
   185 00000215 E8 [00000000]                   	CALL	_sprintf
   186 0000021A 83 C4 28                        	ADD	ESP,40
   187 0000021D 53                              	PUSH	EBX
   188 0000021E 6A 07                           	PUSH	7
   189 00000220 6A 00                           	PUSH	0
   190 00000222 6A 00                           	PUSH	0
   191 00000224 0F BF 05 00000FF4               	MOVSX	EAX,WORD [4084]
   192 0000022B 50                              	PUSH	EAX
   193 0000022C FF B5 FFFFFE00                  	PUSH	DWORD [-512+EBP]
   194 00000232 E8 [00000000]                   	CALL	_putfonts8_asc
   195 00000237 68 003C0000                     	PUSH	3932160
   196 0000023C E8 [00000000]                   	CALL	_memman_total
   197 00000241 C1 AD FFFFFE10 14               	SHR	DWORD [-496+EBP],20
   198 00000248 C1 E8 0A                        	SHR	EAX,10
   199 0000024B 89 04 24                        	MOV	DWORD [ESP],EAX
   200 0000024E FF B5 FFFFFE10                  	PUSH	DWORD [-496+EBP]
   201 00000254 68 [00000009]                   	PUSH	LC1
   202 00000259 53                              	PUSH	EBX
   203 0000025A E8 [00000000]                   	CALL	_sprintf
   204 0000025F 83 C4 28                        	ADD	ESP,40
   205 00000262 53                              	PUSH	EBX
   206 00000263 6A 07                           	PUSH	7
   207 00000265 6A 20                           	PUSH	32
   208 00000267 6A 00                           	PUSH	0
   209 00000269 0F BF 05 00000FF4               	MOVSX	EAX,WORD [4084]
   210 00000270 50                              	PUSH	EAX
   211 00000271 FF B5 FFFFFE00                  	PUSH	DWORD [-512+EBP]
   212 00000277 E8 [00000000]                   	CALL	_putfonts8_asc
   213 0000027C 6A 30                           	PUSH	48
   214 0000027E 0F BF 05 00000FF4               	MOVSX	EAX,WORD [4084]
   215 00000285 50                              	PUSH	EAX
   216 00000286 6A 00                           	PUSH	0
   217 00000288                                 L18:
   218 00000288 6A 00                           	PUSH	0
   219 0000028A FF B5 FFFFFE08                  	PUSH	DWORD [-504+EBP]
   220 00000290 FF B5 FFFFFE0C                  	PUSH	DWORD [-500+EBP]
   221 00000296 E8 [00000000]                   	CALL	_sheet_refresh
   222 0000029B 83 C4 30                        	ADD	ESP,48
   223 0000029E                                 L2:
   224 0000029E E8 [00000000]                   	CALL	_io_cli
   225 000002A3 68 [00000000]                   	PUSH	_keyfifo
   226 000002A8 E8 [00000000]                   	CALL	_fifo8_status
   227 000002AD 68 [00000000]                   	PUSH	_mousefifo
   228 000002B2 89 C3                           	MOV	EBX,EAX
   229 000002B4 E8 [00000000]                   	CALL	_fifo8_status
   230 000002B9 8D 04 18                        	LEA	EAX,DWORD [EAX+EBX*1]
   231 000002BC 5B                              	POP	EBX
   232 000002BD 5A                              	POP	EDX
   233 000002BE 85 C0                           	TEST	EAX,EAX
   234 000002C0 0F 84 00000213                  	JE	L19
   235 000002C6 68 [00000000]                   	PUSH	_keyfifo
   236 000002CB E8 [00000000]                   	CALL	_fifo8_status
   237 000002D0 59                              	POP	ECX
   238 000002D1 85 C0                           	TEST	EAX,EAX
   239 000002D3 0F 85 0000019B                  	JNE	L20
   240 000002D9 68 [00000000]                   	PUSH	_mousefifo
   241 000002DE E8 [00000000]                   	CALL	_fifo8_status
   242 000002E3 5A                              	POP	EDX
   243 000002E4 85 C0                           	TEST	EAX,EAX
   244 000002E6 74 B6                           	JE	L2
   245 000002E8 68 [00000000]                   	PUSH	_mousefifo
   246 000002ED E8 [00000000]                   	CALL	_fifo8_get
   247 000002F2 89 C3                           	MOV	EBX,EAX
   248 000002F4 E8 [00000000]                   	CALL	_io_sti
   249 000002F9 0F B6 C3                        	MOVZX	EAX,BL
   250 000002FC 50                              	PUSH	EAX
   251 000002FD 8D 85 FFFFFF14                  	LEA	EAX,DWORD [-236+EBP]
   252 00000303 50                              	PUSH	EAX
   253 00000304 E8 [00000000]                   	CALL	_mouse_decode
   254 00000309 83 C4 0C                        	ADD	ESP,12
   255 0000030C 85 C0                           	TEST	EAX,EAX
   256 0000030E 74 8E                           	JE	L2
   257 00000310 FF B5 FFFFFF1C                  	PUSH	DWORD [-228+EBP]
   258 00000316 FF B5 FFFFFF18                  	PUSH	DWORD [-232+EBP]
   259 0000031C 68 [00000021]                   	PUSH	LC3
   260 00000321 8D 5D C4                        	LEA	EBX,DWORD [-60+EBP]
   261 00000324 53                              	PUSH	EBX
   262 00000325 E8 [00000000]                   	CALL	_sprintf
   263 0000032A 83 C4 10                        	ADD	ESP,16
   264 0000032D 8B 85 FFFFFF20                  	MOV	EAX,DWORD [-224+EBP]
   265 00000333 A9 00000001                     	TEST	EAX,1
   266 00000338 74 04                           	JE	L11
   267 0000033A C6 45 C5 4C                     	MOV	BYTE [-59+EBP],76
   268 0000033E                                 L11:
   269 0000033E A9 00000002                     	TEST	EAX,2
   270 00000343 74 04                           	JE	L12
   271 00000345 C6 45 C7 52                     	MOV	BYTE [-57+EBP],82
   272 00000349                                 L12:
   273 00000349 83 E0 04                        	AND	EAX,4
   274 0000034C 74 04                           	JE	L13
   275 0000034E C6 45 C6 43                     	MOV	BYTE [-58+EBP],67
   276 00000352                                 L13:
   277 00000352 6A 1F                           	PUSH	31
   278 00000354 68 00000097                     	PUSH	151
   279 00000359 6A 10                           	PUSH	16
   280 0000035B 6A 20                           	PUSH	32
   281 0000035D 6A 0E                           	PUSH	14
   282 0000035F 0F BF 05 00000FF4               	MOVSX	EAX,WORD [4084]
   283 00000366 50                              	PUSH	EAX
   284 00000367 FF B5 FFFFFE00                  	PUSH	DWORD [-512+EBP]
   285 0000036D E8 [00000000]                   	CALL	_boxfill8
   286 00000372 53                              	PUSH	EBX
   287 00000373 6A 07                           	PUSH	7
   288 00000375 6A 10                           	PUSH	16
   289 00000377 6A 20                           	PUSH	32
   290 00000379 0F BF 05 00000FF4               	MOVSX	EAX,WORD [4084]
   291 00000380 50                              	PUSH	EAX
   292 00000381 FF B5 FFFFFE00                  	PUSH	DWORD [-512+EBP]
   293 00000387 E8 [00000000]                   	CALL	_putfonts8_asc
   294 0000038C 83 C4 34                        	ADD	ESP,52
   295 0000038F 6A 20                           	PUSH	32
   296 00000391 68 00000098                     	PUSH	152
   297 00000396 6A 10                           	PUSH	16
   298 00000398 6A 20                           	PUSH	32
   299 0000039A FF B5 FFFFFE08                  	PUSH	DWORD [-504+EBP]
   300 000003A0 FF B5 FFFFFE0C                  	PUSH	DWORD [-500+EBP]
   301 000003A6 E8 [00000000]                   	CALL	_sheet_refresh
   302 000003AB 83 C4 18                        	ADD	ESP,24
   303 000003AE 03 BD FFFFFF1C                  	ADD	EDI,DWORD [-228+EBP]
   304 000003B4 03 B5 FFFFFF18                  	ADD	ESI,DWORD [-232+EBP]
   305 000003BA 0F 88 000000AD                  	JS	L21
   306 000003C0                                 L14:
   307 000003C0 85 FF                           	TEST	EDI,EDI
   308 000003C2 0F 88 0000009E                  	JS	L22
   309 000003C8                                 L15:
   310 000003C8 0F BF 05 00000FF4               	MOVSX	EAX,WORD [4084]
   311 000003CF 83 E8 10                        	SUB	EAX,16
   312 000003D2 39 C6                           	CMP	ESI,EAX
   313 000003D4 7E 02                           	JLE	L16
   314 000003D6 89 C6                           	MOV	ESI,EAX
   315 000003D8                                 L16:
   316 000003D8 0F BF 05 00000FF6               	MOVSX	EAX,WORD [4086]
   317 000003DF 83 E8 10                        	SUB	EAX,16
   318 000003E2 39 C7                           	CMP	EDI,EAX
   319 000003E4 7E 02                           	JLE	L17
   320 000003E6 89 C7                           	MOV	EDI,EAX
   321 000003E8                                 L17:
   322 000003E8 57                              	PUSH	EDI
   323 000003E9 56                              	PUSH	ESI
   324 000003EA 68 [0000002F]                   	PUSH	LC4
   325 000003EF 53                              	PUSH	EBX
   326 000003F0 E8 [00000000]                   	CALL	_sprintf
   327 000003F5 6A 0F                           	PUSH	15
   328 000003F7 6A 4F                           	PUSH	79
   329 000003F9 6A 00                           	PUSH	0
   330 000003FB 6A 00                           	PUSH	0
   331 000003FD 6A 0E                           	PUSH	14
   332 000003FF 0F BF 05 00000FF4               	MOVSX	EAX,WORD [4084]
   333 00000406 50                              	PUSH	EAX
   334 00000407 FF B5 FFFFFE00                  	PUSH	DWORD [-512+EBP]
   335 0000040D E8 [00000000]                   	CALL	_boxfill8
   336 00000412 83 C4 2C                        	ADD	ESP,44
   337 00000415 53                              	PUSH	EBX
   338 00000416 6A 07                           	PUSH	7
   339 00000418 6A 00                           	PUSH	0
   340 0000041A 6A 00                           	PUSH	0
   341 0000041C 0F BF 05 00000FF4               	MOVSX	EAX,WORD [4084]
   342 00000423 50                              	PUSH	EAX
   343 00000424 FF B5 FFFFFE00                  	PUSH	DWORD [-512+EBP]
   344 0000042A E8 [00000000]                   	CALL	_putfonts8_asc
   345 0000042F 6A 10                           	PUSH	16
   346 00000431 6A 50                           	PUSH	80
   347 00000433 6A 00                           	PUSH	0
   348 00000435 6A 00                           	PUSH	0
   349 00000437 FF B5 FFFFFE08                  	PUSH	DWORD [-504+EBP]
   350 0000043D FF B5 FFFFFE0C                  	PUSH	DWORD [-500+EBP]
   351 00000443 E8 [00000000]                   	CALL	_sheet_refresh
   352 00000448 83 C4 30                        	ADD	ESP,48
   353 0000044B 57                              	PUSH	EDI
   354 0000044C 56                              	PUSH	ESI
   355 0000044D FF B5 FFFFFE04                  	PUSH	DWORD [-508+EBP]
   356 00000453 FF B5 FFFFFE0C                  	PUSH	DWORD [-500+EBP]
   357 00000459 E8 [00000000]                   	CALL	_sheet_slide
   358 0000045E 83 C4 10                        	ADD	ESP,16
   359 00000461 E9 FFFFFE38                     	JMP	L2
   360 00000466                                 L22:
   361 00000466 31 FF                           	XOR	EDI,EDI
   362 00000468 E9 FFFFFF5B                     	JMP	L15
   363 0000046D                                 L21:
   364 0000046D 31 F6                           	XOR	ESI,ESI
   365 0000046F E9 FFFFFF4C                     	JMP	L14
   366 00000474                                 L20:
   367 00000474 68 [00000000]                   	PUSH	_keyfifo
   368 00000479 E8 [00000000]                   	CALL	_fifo8_get
   369 0000047E 89 C3                           	MOV	EBX,EAX
   370 00000480 E8 [00000000]                   	CALL	_io_sti
   371 00000485 53                              	PUSH	EBX
   372 00000486 8D 5D C4                        	LEA	EBX,DWORD [-60+EBP]
   373 00000489 68 [0000003A]                   	PUSH	LC2
   374 0000048E 53                              	PUSH	EBX
   375 0000048F E8 [00000000]                   	CALL	_sprintf
   376 00000494 6A 1F                           	PUSH	31
   377 00000496 6A 0F                           	PUSH	15
   378 00000498 6A 10                           	PUSH	16
   379 0000049A 6A 00                           	PUSH	0
   380 0000049C 6A 0E                           	PUSH	14
   381 0000049E 0F BF 05 00000FF4               	MOVSX	EAX,WORD [4084]
   382 000004A5 50                              	PUSH	EAX
   383 000004A6 FF B5 FFFFFE00                  	PUSH	DWORD [-512+EBP]
   384 000004AC E8 [00000000]                   	CALL	_boxfill8
   385 000004B1 83 C4 2C                        	ADD	ESP,44
   386 000004B4 53                              	PUSH	EBX
   387 000004B5 6A 07                           	PUSH	7
   388 000004B7 6A 10                           	PUSH	16
   389 000004B9 6A 00                           	PUSH	0
   390 000004BB 0F BF 05 00000FF4               	MOVSX	EAX,WORD [4084]
   391 000004C2 50                              	PUSH	EAX
   392 000004C3 FF B5 FFFFFE00                  	PUSH	DWORD [-512+EBP]
   393 000004C9 E8 [00000000]                   	CALL	_putfonts8_asc
   394 000004CE 6A 20                           	PUSH	32
   395 000004D0 6A 10                           	PUSH	16
   396 000004D2 6A 10                           	PUSH	16
   397 000004D4 E9 FFFFFDAF                     	JMP	L18
   398 000004D9                                 L19:
   399 000004D9 E8 [00000000]                   	CALL	_io_stihlt
   400 000004DE E9 FFFFFDBB                     	JMP	L2
