     1 00000000                                 [FORMAT "WCOFF"]
     2 00000000                                 [INSTRSET "i486p"]
     3 00000000                                 [OPTIMIZE 1]
     4 00000000                                 [OPTION 1]
     5 00000000                                 [BITS 32]
     6 00000000                                 	EXTERN	_task_now
     7 00000000                                 	EXTERN	_memman_alloc_4k
     8 00000000                                 	EXTERN	_fifo32_init
     9 00000000                                 	EXTERN	_timer_alloc
    10 00000000                                 	EXTERN	_timer_init
    11 00000000                                 	EXTERN	_timer_settime
    12 00000000                                 	EXTERN	_file_readfat
    13 00000000                                 	EXTERN	_io_cli
    14 00000000                                 	EXTERN	_fifo32_status
    15 00000000                                 	EXTERN	_fifo32_get
    16 00000000                                 	EXTERN	_io_sti
    17 00000000                                 	EXTERN	_boxfill8
    18 00000000                                 	EXTERN	_sheet_refresh
    19 00000000                                 	EXTERN	_task_sleep
    20 00000000                                 	EXTERN	_putfonts8_asc_sht
    21 00000000                                 	EXTERN	_memman_total
    22 00000000                                 	EXTERN	_sprintf
    23 00000000                                 	EXTERN	_file_search
    24 00000000                                 	EXTERN	_file_loadfile
    25 00000000                                 	EXTERN	_memman_free_4k
    26 00000000                                 	EXTERN	_set_segmdesc
    27 00000000                                 	EXTERN	_start_app
    28 00000000                                 	EXTERN	_timer_cancelall
    29 00000000                                 	EXTERN	_sheet_free
    30 00000000                                 	EXTERN	_io_in8
    31 00000000                                 	EXTERN	_io_out8
    32 00000000                                 	EXTERN	_timer_free
    33 00000000                                 	EXTERN	_memman_free
    34 00000000                                 	EXTERN	_memman_alloc
    35 00000000                                 	EXTERN	_memman_init
    36 00000000                                 	EXTERN	_putfonts8_asc
    37 00000000                                 	EXTERN	_sheet_alloc
    38 00000000                                 	EXTERN	_sheet_setbuf
    39 00000000                                 	EXTERN	_make_window8
    40 00000000                                 	EXTERN	_sheet_slide
    41 00000000                                 	EXTERN	_sheet_updown
    42 00000000                                 [FILE "console.c"]
    43                                          [SECTION .text]
    44 00000000                                 	GLOBAL	_console_task
    45 00000000                                 _console_task:
    46 00000000 55                              	PUSH	EBP
    47 00000001 89 E5                           	MOV	EBP,ESP
    48 00000003 57                              	PUSH	EDI
    49 00000004 56                              	PUSH	ESI
    50 00000005 53                              	PUSH	EBX
    51 00000006 8D B5 FFFFFDD4                  	LEA	ESI,DWORD [-556+EBP]
    52 0000000C 81 EC 00000248                  	SUB	ESP,584
    53 00000012 E8 [00000000]                   	CALL	_task_now
    54 00000017 68 00002D00                     	PUSH	11520
    55 0000001C 89 C7                           	MOV	EDI,EAX
    56 0000001E 68 003C0000                     	PUSH	3932160
    57 00000023 8D 5F 10                        	LEA	EBX,DWORD [16+EDI]
    58 00000026 E8 [00000000]                   	CALL	_memman_alloc_4k
    59 0000002B 89 B7 00000094                  	MOV	DWORD [148+EDI],ESI
    60 00000031 57                              	PUSH	EDI
    61 00000032 89 85 FFFFFDB0                  	MOV	DWORD [-592+EBP],EAX
    62 00000038 8B 45 08                        	MOV	EAX,DWORD [8+EBP]
    63 0000003B 89 85 FFFFFDD4                  	MOV	DWORD [-556+EBP],EAX
    64 00000041 8D 85 FFFFFDF4                  	LEA	EAX,DWORD [-524+EBP]
    65 00000047 50                              	PUSH	EAX
    66 00000048 68 00000080                     	PUSH	128
    67 0000004D 53                              	PUSH	EBX
    68 0000004E C7 85 FFFFFDD8 00000008         	MOV	DWORD [-552+EBP],8
    69 00000058 C7 85 FFFFFDDC 0000001C         	MOV	DWORD [-548+EBP],28
    70 00000062 C7 85 FFFFFDE0 FFFFFFFF         	MOV	DWORD [-544+EBP],-1
    71 0000006C E8 [00000000]                   	CALL	_fifo32_init
    72 00000071 E8 [00000000]                   	CALL	_timer_alloc
    73 00000076 6A 01                           	PUSH	1
    74 00000078 53                              	PUSH	EBX
    75 00000079 50                              	PUSH	EAX
    76 0000007A 89 85 FFFFFDE4                  	MOV	DWORD [-540+EBP],EAX
    77 00000080 E8 [00000000]                   	CALL	_timer_init
    78 00000085 83 C4 24                        	ADD	ESP,36
    79 00000088 6A 32                           	PUSH	50
    80 0000008A FF B5 FFFFFDE4                  	PUSH	DWORD [-540+EBP]
    81 00000090 E8 [00000000]                   	CALL	_timer_settime
    82 00000095 68 00100200                     	PUSH	1049088
    83 0000009A FF B5 FFFFFDB0                  	PUSH	DWORD [-592+EBP]
    84 000000A0 E8 [00000000]                   	CALL	_file_readfat
    85 000000A5 6A 01                           	PUSH	1
    86 000000A7 6A 3E                           	PUSH	62
    87 000000A9 56                              	PUSH	ESI
    88 000000AA E8 0000023B                     	CALL	_cons_putchar
    89 000000AF 83 C4 1C                        	ADD	ESP,28
    90 000000B2                                 L2:
    91 000000B2 8D 5F 10                        	LEA	EBX,DWORD [16+EDI]
    92 000000B5 E8 [00000000]                   	CALL	_io_cli
    93 000000BA 53                              	PUSH	EBX
    94 000000BB E8 [00000000]                   	CALL	_fifo32_status
    95 000000C0 5E                              	POP	ESI
    96 000000C1 85 C0                           	TEST	EAX,EAX
    97 000000C3 0F 84 00000210                  	JE	L24
    98 000000C9 53                              	PUSH	EBX
    99 000000CA E8 [00000000]                   	CALL	_fifo32_get
   100 000000CF 89 C6                           	MOV	ESI,EAX
   101 000000D1 E8 [00000000]                   	CALL	_io_sti
   102 000000D6 59                              	POP	ECX
   103 000000D7 83 FE 01                        	CMP	ESI,1
   104 000000DA 0F 8E 00000197                  	JLE	L25
   105 000000E0                                 L7:
   106 000000E0 83 FE 02                        	CMP	ESI,2
   107 000000E3 0F 84 0000017F                  	JE	L26
   108 000000E9                                 L12:
   109 000000E9 83 FE 03                        	CMP	ESI,3
   110 000000EC 0F 84 0000013F                  	JE	L27
   111 000000F2                                 L13:
   112 000000F2 8D 9E FFFFFF00                  	LEA	EBX,DWORD [-256+ESI]
   113 000000F8 89 9D FFFFFDAC                  	MOV	DWORD [-596+EBP],EBX
   114 000000FE 81 FB 000000FF                  	CMP	EBX,255
   115 00000104 77 54                           	JA	L14
   116 00000106 81 FE 00000108                  	CMP	ESI,264
   117 0000010C 0F 84 000000F6                  	JE	L28
   118 00000112 81 FE 0000010A                  	CMP	ESI,266
   119 00000118 0F 84 00000099                  	JE	L29
   120 0000011E 8B 8D FFFFFDD8                  	MOV	ECX,DWORD [-552+EBP]
   121 00000124 81 F9 000000EF                  	CMP	ECX,239
   122 0000012A 7F 2E                           	JG	L14
   123 0000012C 89 C8                           	MOV	EAX,ECX
   124 0000012E BA 00000008                     	MOV	EDX,8
   125 00000133 89 D3                           	MOV	EBX,EDX
   126 00000135 6A 01                           	PUSH	1
   127 00000137 99                              	CDQ
   128 00000138 F7 FB                           	IDIV	EBX
   129 0000013A 89 C1                           	MOV	ECX,EAX
   130 0000013C 89 F0                           	MOV	EAX,ESI
   131 0000013E 88 84 0D FFFFFDB2               	MOV	BYTE [-590+EBP+ECX*1],AL
   132 00000145 8D 85 FFFFFDD4                  	LEA	EAX,DWORD [-556+EBP]
   133 0000014B FF B5 FFFFFDAC                  	PUSH	DWORD [-596+EBP]
   134 00000151 50                              	PUSH	EAX
   135 00000152                                 L22:
   136 00000152 E8 00000193                     	CALL	_cons_putchar
   137 00000157                                 L23:
   138 00000157 83 C4 0C                        	ADD	ESP,12
   139 0000015A                                 L14:
   140 0000015A 83 BD FFFFFDE0 00               	CMP	DWORD [-544+EBP],0
   141 00000161 78 2E                           	JS	L21
   142 00000163 8B 8D FFFFFDDC                  	MOV	ECX,DWORD [-548+EBP]
   143 00000169 8B 95 FFFFFDD8                  	MOV	EDX,DWORD [-552+EBP]
   144 0000016F 8D 41 0F                        	LEA	EAX,DWORD [15+ECX]
   145 00000172 50                              	PUSH	EAX
   146 00000173 8D 42 07                        	LEA	EAX,DWORD [7+EDX]
   147 00000176 50                              	PUSH	EAX
   148 00000177 51                              	PUSH	ECX
   149 00000178 8B 4D 08                        	MOV	ECX,DWORD [8+EBP]
   150 0000017B 52                              	PUSH	EDX
   151 0000017C 0F B6 85 FFFFFDE0               	MOVZX	EAX,BYTE [-544+EBP]
   152 00000183 50                              	PUSH	EAX
   153 00000184 FF 71 04                        	PUSH	DWORD [4+ECX]
   154 00000187 FF 31                           	PUSH	DWORD [ECX]
   155 00000189 E8 [00000000]                   	CALL	_boxfill8
   156 0000018E 83 C4 1C                        	ADD	ESP,28
   157 00000191                                 L21:
   158 00000191 8B 8D FFFFFDDC                  	MOV	ECX,DWORD [-548+EBP]
   159 00000197 8B 95 FFFFFDD8                  	MOV	EDX,DWORD [-552+EBP]
   160 0000019D 8D 41 10                        	LEA	EAX,DWORD [16+ECX]
   161 000001A0 50                              	PUSH	EAX
   162 000001A1 8D 42 08                        	LEA	EAX,DWORD [8+EDX]
   163 000001A4 50                              	PUSH	EAX
   164 000001A5 51                              	PUSH	ECX
   165 000001A6 52                              	PUSH	EDX
   166 000001A7 FF 75 08                        	PUSH	DWORD [8+EBP]
   167 000001AA E8 [00000000]                   	CALL	_sheet_refresh
   168 000001AF 83 C4 14                        	ADD	ESP,20
   169 000001B2 E9 FFFFFEFB                     	JMP	L2
   170 000001B7                                 L29:
   171 000001B7 6A 00                           	PUSH	0
   172 000001B9 8D 9D FFFFFDD4                  	LEA	EBX,DWORD [-556+EBP]
   173 000001BF 6A 20                           	PUSH	32
   174 000001C1 53                              	PUSH	EBX
   175 000001C2 E8 00000123                     	CALL	_cons_putchar
   176 000001C7 53                              	PUSH	EBX
   177 000001C8 8B 85 FFFFFDD8                  	MOV	EAX,DWORD [-552+EBP]
   178 000001CE BA 00000008                     	MOV	EDX,8
   179 000001D3 89 D1                           	MOV	ECX,EDX
   180 000001D5 99                              	CDQ
   181 000001D6 F7 F9                           	IDIV	ECX
   182 000001D8 C6 84 05 FFFFFDB2 00            	MOV	BYTE [-590+EBP+EAX*1],0
   183 000001E0 E8 000001A8                     	CALL	_cons_newline
   184 000001E5 8D 85 FFFFFDB4                  	LEA	EAX,DWORD [-588+EBP]
   185 000001EB FF 75 0C                        	PUSH	DWORD [12+EBP]
   186 000001EE FF B5 FFFFFDB0                  	PUSH	DWORD [-592+EBP]
   187 000001F4 53                              	PUSH	EBX
   188 000001F5 50                              	PUSH	EAX
   189 000001F6 E8 000002AE                     	CALL	_cons_runcmd
   190 000001FB 83 C4 20                        	ADD	ESP,32
   191 000001FE 6A 01                           	PUSH	1
   192 00000200 6A 3E                           	PUSH	62
   193 00000202 53                              	PUSH	EBX
   194 00000203 E9 FFFFFF4A                     	JMP	L22
   195 00000208                                 L28:
   196 00000208 83 BD FFFFFDD8 10               	CMP	DWORD [-552+EBP],16
   197 0000020F 0F 8E FFFFFF45                  	JLE	L14
   198 00000215 6A 00                           	PUSH	0
   199 00000217 8D 85 FFFFFDD4                  	LEA	EAX,DWORD [-556+EBP]
   200 0000021D 6A 20                           	PUSH	32
   201 0000021F 50                              	PUSH	EAX
   202 00000220 E8 000000C5                     	CALL	_cons_putchar
   203 00000225 83 AD FFFFFDD8 08               	SUB	DWORD [-552+EBP],8
   204 0000022C E9 FFFFFF26                     	JMP	L23
   205 00000231                                 L27:
   206 00000231 8B 8D FFFFFDDC                  	MOV	ECX,DWORD [-548+EBP]
   207 00000237 8B 95 FFFFFDD8                  	MOV	EDX,DWORD [-552+EBP]
   208 0000023D 8D 41 0F                        	LEA	EAX,DWORD [15+ECX]
   209 00000240 50                              	PUSH	EAX
   210 00000241 8D 42 07                        	LEA	EAX,DWORD [7+EDX]
   211 00000244 50                              	PUSH	EAX
   212 00000245 51                              	PUSH	ECX
   213 00000246 8B 4D 08                        	MOV	ECX,DWORD [8+EBP]
   214 00000249 52                              	PUSH	EDX
   215 0000024A 6A 00                           	PUSH	0
   216 0000024C FF 71 04                        	PUSH	DWORD [4+ECX]
   217 0000024F FF 31                           	PUSH	DWORD [ECX]
   218 00000251 E8 [00000000]                   	CALL	_boxfill8
   219 00000256 83 C4 1C                        	ADD	ESP,28
   220 00000259 C7 85 FFFFFDE0 FFFFFFFF         	MOV	DWORD [-544+EBP],-1
   221 00000263 E9 FFFFFE8A                     	JMP	L13
   222 00000268                                 L26:
   223 00000268 C7 85 FFFFFDE0 00000007         	MOV	DWORD [-544+EBP],7
   224 00000272 E9 FFFFFE72                     	JMP	L12
   225 00000277                                 L25:
   226 00000277 85 F6                           	TEST	ESI,ESI
   227 00000279 74 38                           	JE	L8
   228 0000027B 6A 00                           	PUSH	0
   229 0000027D 53                              	PUSH	EBX
   230 0000027E FF B5 FFFFFDE4                  	PUSH	DWORD [-540+EBP]
   231 00000284 E8 [00000000]                   	CALL	_timer_init
   232 00000289 83 C4 0C                        	ADD	ESP,12
   233 0000028C 83 BD FFFFFDE0 00               	CMP	DWORD [-544+EBP],0
   234 00000293 78 0A                           	JS	L10
   235 00000295 C7 85 FFFFFDE0 00000007         	MOV	DWORD [-544+EBP],7
   236 0000029F                                 L10:
   237 0000029F 6A 32                           	PUSH	50
   238 000002A1 FF B5 FFFFFDE4                  	PUSH	DWORD [-540+EBP]
   239 000002A7 E8 [00000000]                   	CALL	_timer_settime
   240 000002AC 58                              	POP	EAX
   241 000002AD 5A                              	POP	EDX
   242 000002AE E9 FFFFFE2D                     	JMP	L7
   243 000002B3                                 L8:
   244 000002B3 6A 01                           	PUSH	1
   245 000002B5 53                              	PUSH	EBX
   246 000002B6 FF B5 FFFFFDE4                  	PUSH	DWORD [-540+EBP]
   247 000002BC E8 [00000000]                   	CALL	_timer_init
   248 000002C1 83 C4 0C                        	ADD	ESP,12
   249 000002C4 83 BD FFFFFDE0 00               	CMP	DWORD [-544+EBP],0
   250 000002CB 78 D2                           	JS	L10
   251 000002CD C7 85 FFFFFDE0 00000000         	MOV	DWORD [-544+EBP],0
   252 000002D7 EB C6                           	JMP	L10
   253 000002D9                                 L24:
   254 000002D9 57                              	PUSH	EDI
   255 000002DA E8 [00000000]                   	CALL	_task_sleep
   256 000002DF E8 [00000000]                   	CALL	_io_sti
   257 000002E4 5B                              	POP	EBX
   258 000002E5 E9 FFFFFDC8                     	JMP	L2
   259                                          [SECTION .data]
   260 00000000                                 LC0:
   261 00000000 20 00                           	DB	" ",0x00
   262                                          [SECTION .text]
   263 000002EA                                 	GLOBAL	_cons_putchar
   264 000002EA                                 _cons_putchar:
   265 000002EA 55                              	PUSH	EBP
   266 000002EB 89 E5                           	MOV	EBP,ESP
   267 000002ED 53                              	PUSH	EBX
   268 000002EE 50                              	PUSH	EAX
   269 000002EF 8B 45 0C                        	MOV	EAX,DWORD [12+EBP]
   270 000002F2 8A 55 10                        	MOV	DL,BYTE [16+EBP]
   271 000002F5 8B 5D 08                        	MOV	EBX,DWORD [8+EBP]
   272 000002F8 88 55 F9                        	MOV	BYTE [-7+EBP],DL
   273 000002FB 88 45 FA                        	MOV	BYTE [-6+EBP],AL
   274 000002FE 3C 09                           	CMP	AL,9
   275 00000300 C6 45 FB 00                     	MOV	BYTE [-5+EBP],0
   276 00000304 74 46                           	JE	L32
   277 00000306 3C 0A                           	CMP	AL,10
   278 00000308 74 39                           	JE	L44
   279 0000030A 3C 0D                           	CMP	AL,13
   280 0000030C 74 30                           	JE	L30
   281 0000030E 6A 01                           	PUSH	1
   282 00000310 8D 45 FA                        	LEA	EAX,DWORD [-6+EBP]
   283 00000313 50                              	PUSH	EAX
   284 00000314 6A 00                           	PUSH	0
   285 00000316 6A 07                           	PUSH	7
   286 00000318 FF 73 08                        	PUSH	DWORD [8+EBX]
   287 0000031B FF 73 04                        	PUSH	DWORD [4+EBX]
   288 0000031E FF 33                           	PUSH	DWORD [EBX]
   289 00000320 E8 [00000000]                   	CALL	_putfonts8_asc_sht
   290 00000325 83 C4 1C                        	ADD	ESP,28
   291 00000328 80 7D F9 00                     	CMP	BYTE [-7+EBP],0
   292 0000032C 74 10                           	JE	L30
   293 0000032E 8B 43 04                        	MOV	EAX,DWORD [4+EBX]
   294 00000331 83 C0 08                        	ADD	EAX,8
   295 00000334 89 43 04                        	MOV	DWORD [4+EBX],EAX
   296 00000337 3D 000000F8                     	CMP	EAX,248
   297 0000033C 74 05                           	JE	L44
   298 0000033E                                 L30:
   299 0000033E 8B 5D FC                        	MOV	EBX,DWORD [-4+EBP]
   300 00000341 C9                              	LEAVE
   301 00000342 C3                              	RET
   302 00000343                                 L44:
   303 00000343 53                              	PUSH	EBX
   304 00000344 E8 00000044                     	CALL	_cons_newline
   305 00000349 58                              	POP	EAX
   306 0000034A EB F2                           	JMP	L30
   307 0000034C                                 L32:
   308 0000034C 6A 01                           	PUSH	1
   309 0000034E 68 [00000000]                   	PUSH	LC0
   310 00000353 6A 00                           	PUSH	0
   311 00000355 6A 07                           	PUSH	7
   312 00000357 FF 73 08                        	PUSH	DWORD [8+EBX]
   313 0000035A FF 73 04                        	PUSH	DWORD [4+EBX]
   314 0000035D FF 33                           	PUSH	DWORD [EBX]
   315 0000035F E8 [00000000]                   	CALL	_putfonts8_asc_sht
   316 00000364 83 C4 1C                        	ADD	ESP,28
   317 00000367 8B 43 04                        	MOV	EAX,DWORD [4+EBX]
   318 0000036A 83 C0 08                        	ADD	EAX,8
   319 0000036D 89 43 04                        	MOV	DWORD [4+EBX],EAX
   320 00000370 3D 000000F8                     	CMP	EAX,248
   321 00000375 74 0D                           	JE	L45
   322 00000377                                 L35:
   323 00000377 8B 43 04                        	MOV	EAX,DWORD [4+EBX]
   324 0000037A 83 E8 08                        	SUB	EAX,8
   325 0000037D 83 E0 1F                        	AND	EAX,31
   326 00000380 75 CA                           	JNE	L32
   327 00000382 EB BA                           	JMP	L30
   328 00000384                                 L45:
   329 00000384 53                              	PUSH	EBX
   330 00000385 E8 00000003                     	CALL	_cons_newline
   331 0000038A 58                              	POP	EAX
   332 0000038B EB EA                           	JMP	L35
   333 0000038D                                 	GLOBAL	_cons_newline
   334 0000038D                                 _cons_newline:
   335 0000038D 55                              	PUSH	EBP
   336 0000038E 89 E5                           	MOV	EBP,ESP
   337 00000390 57                              	PUSH	EDI
   338 00000391 56                              	PUSH	ESI
   339 00000392 53                              	PUSH	EBX
   340 00000393 50                              	PUSH	EAX
   341 00000394 8B 45 08                        	MOV	EAX,DWORD [8+EBP]
   342 00000397 8B 55 08                        	MOV	EDX,DWORD [8+EBP]
   343 0000039A 8B 00                           	MOV	EAX,DWORD [EAX]
   344 0000039C 89 45 F0                        	MOV	DWORD [-16+EBP],EAX
   345 0000039F 8B 42 08                        	MOV	EAX,DWORD [8+EDX]
   346 000003A2 3D 0000008B                     	CMP	EAX,139
   347 000003A7 7F 18                           	JG	L47
   348 000003A9 83 C0 10                        	ADD	EAX,16
   349 000003AC 89 42 08                        	MOV	DWORD [8+EDX],EAX
   350 000003AF                                 L48:
   351 000003AF 8B 45 08                        	MOV	EAX,DWORD [8+EBP]
   352 000003B2 C7 40 04 00000008               	MOV	DWORD [4+EAX],8
   353 000003B9 8D 65 F4                        	LEA	ESP,DWORD [-12+EBP]
   354 000003BC 5B                              	POP	EBX
   355 000003BD 5E                              	POP	ESI
   356 000003BE 5F                              	POP	EDI
   357 000003BF 5D                              	POP	EBP
   358 000003C0 C3                              	RET
   359 000003C1                                 L47:
   360 000003C1 BF 0000001C                     	MOV	EDI,28
   361 000003C6                                 L58:
   362 000003C6 BE 00000008                     	MOV	ESI,8
   363 000003CB                                 L57:
   364 000003CB 8B 45 F0                        	MOV	EAX,DWORD [-16+EBP]
   365 000003CE 89 FA                           	MOV	EDX,EDI
   366 000003D0 8B 48 04                        	MOV	ECX,DWORD [4+EAX]
   367 000003D3 8B 18                           	MOV	EBX,DWORD [EAX]
   368 000003D5 8D 47 10                        	LEA	EAX,DWORD [16+EDI]
   369 000003D8 0F AF C1                        	IMUL	EAX,ECX
   370 000003DB 0F AF D1                        	IMUL	EDX,ECX
   371 000003DE 8D 04 30                        	LEA	EAX,DWORD [EAX+ESI*1]
   372 000003E1 8D 14 32                        	LEA	EDX,DWORD [EDX+ESI*1]
   373 000003E4 46                              	INC	ESI
   374 000003E5 8A 04 18                        	MOV	AL,BYTE [EAX+EBX*1]
   375 000003E8 81 FE 000000F7                  	CMP	ESI,247
   376 000003EE 88 04 1A                        	MOV	BYTE [EDX+EBX*1],AL
   377 000003F1 7E D8                           	JLE	L57
   378 000003F3 47                              	INC	EDI
   379 000003F4 81 FF 0000008B                  	CMP	EDI,139
   380 000003FA 7E CA                           	JLE	L58
   381 000003FC BF 0000008C                     	MOV	EDI,140
   382 00000401                                 L68:
   383 00000401 BE 00000008                     	MOV	ESI,8
   384 00000406                                 L67:
   385 00000406 8B 55 F0                        	MOV	EDX,DWORD [-16+EBP]
   386 00000409 89 F8                           	MOV	EAX,EDI
   387 0000040B 89 D1                           	MOV	ECX,EDX
   388 0000040D 0F AF 42 04                     	IMUL	EAX,DWORD [4+EDX]
   389 00000411 8B 12                           	MOV	EDX,DWORD [EDX]
   390 00000413 8D 04 30                        	LEA	EAX,DWORD [EAX+ESI*1]
   391 00000416 46                              	INC	ESI
   392 00000417 81 FE 000000F7                  	CMP	ESI,247
   393 0000041D C6 04 10 00                     	MOV	BYTE [EAX+EDX*1],0
   394 00000421 7E E3                           	JLE	L67
   395 00000423 47                              	INC	EDI
   396 00000424 81 FF 0000009B                  	CMP	EDI,155
   397 0000042A 7E D5                           	JLE	L68
   398 0000042C 68 0000009C                     	PUSH	156
   399 00000431 68 000000F8                     	PUSH	248
   400 00000436 6A 1C                           	PUSH	28
   401 00000438 6A 08                           	PUSH	8
   402 0000043A 51                              	PUSH	ECX
   403 0000043B E8 [00000000]                   	CALL	_sheet_refresh
   404 00000440 83 C4 14                        	ADD	ESP,20
   405 00000443 E9 FFFFFF67                     	JMP	L48
   406 00000448                                 	GLOBAL	_cons_putstr0
   407 00000448                                 _cons_putstr0:
   408 00000448 55                              	PUSH	EBP
   409 00000449 89 E5                           	MOV	EBP,ESP
   410 0000044B 56                              	PUSH	ESI
   411 0000044C 53                              	PUSH	EBX
   412 0000044D 8B 5D 0C                        	MOV	EBX,DWORD [12+EBP]
   413 00000450 8B 75 08                        	MOV	ESI,DWORD [8+EBP]
   414 00000453 80 3B 00                        	CMP	BYTE [EBX],0
   415 00000456 75 07                           	JNE	L82
   416 00000458                                 L84:
   417 00000458 8D 65 F8                        	LEA	ESP,DWORD [-8+EBP]
   418 0000045B 5B                              	POP	EBX
   419 0000045C 5E                              	POP	ESI
   420 0000045D 5D                              	POP	EBP
   421 0000045E C3                              	RET
   422 0000045F                                 L82:
   423 0000045F 6A 01                           	PUSH	1
   424 00000461 0F BE 03                        	MOVSX	EAX,BYTE [EBX]
   425 00000464 50                              	PUSH	EAX
   426 00000465 43                              	INC	EBX
   427 00000466 56                              	PUSH	ESI
   428 00000467 E8 FFFFFE7E                     	CALL	_cons_putchar
   429 0000046C 83 C4 0C                        	ADD	ESP,12
   430 0000046F 80 3B 00                        	CMP	BYTE [EBX],0
   431 00000472 75 EB                           	JNE	L82
   432 00000474 EB E2                           	JMP	L84
   433 00000476                                 	GLOBAL	_cons_putstr1
   434 00000476                                 _cons_putstr1:
   435 00000476 55                              	PUSH	EBP
   436 00000477 89 E5                           	MOV	EBP,ESP
   437 00000479 57                              	PUSH	EDI
   438 0000047A 56                              	PUSH	ESI
   439 0000047B 53                              	PUSH	EBX
   440 0000047C 8B 75 10                        	MOV	ESI,DWORD [16+EBP]
   441 0000047F 31 DB                           	XOR	EBX,EBX
   442 00000481 8B 7D 0C                        	MOV	EDI,DWORD [12+EBP]
   443 00000484 39 F3                           	CMP	EBX,ESI
   444 00000486 7C 08                           	JL	L90
   445 00000488                                 L92:
   446 00000488 8D 65 F4                        	LEA	ESP,DWORD [-12+EBP]
   447 0000048B 5B                              	POP	EBX
   448 0000048C 5E                              	POP	ESI
   449 0000048D 5F                              	POP	EDI
   450 0000048E 5D                              	POP	EBP
   451 0000048F C3                              	RET
   452 00000490                                 L90:
   453 00000490 6A 01                           	PUSH	1
   454 00000492 0F BE 04 3B                     	MOVSX	EAX,BYTE [EBX+EDI*1]
   455 00000496 50                              	PUSH	EAX
   456 00000497 43                              	INC	EBX
   457 00000498 FF 75 08                        	PUSH	DWORD [8+EBP]
   458 0000049B E8 FFFFFE4A                     	CALL	_cons_putchar
   459 000004A0 83 C4 0C                        	ADD	ESP,12
   460 000004A3 39 F3                           	CMP	EBX,ESI
   461 000004A5 7C E9                           	JL	L90
   462 000004A7 EB DF                           	JMP	L92
   463                                          [SECTION .data]
   464 00000002                                 LC1:
   465 00000002 6D 65 6D 00                     	DB	"mem",0x00
   466 00000006                                 LC2:
   467 00000006 63 6C 73 00                     	DB	"cls",0x00
   468 0000000A                                 LC3:
   469 0000000A 64 69 72 00                     	DB	"dir",0x00
   470 0000000E                                 LC4:
   471 0000000E 74 79 70 65 20 00               	DB	"type ",0x00
   472 00000014                                 LC5:
   473 00000014 42 61 64 20 63 6F 6D 6D 61 6E   	DB	"Bad command.",0x0A,0x0A,0x00
       0000001E 64 2E 0A 0A 00 
   474                                          [SECTION .text]
   475 000004A9                                 	GLOBAL	_cons_runcmd
   476 000004A9                                 _cons_runcmd:
   477 000004A9 55                              	PUSH	EBP
   478 000004AA 89 E5                           	MOV	EBP,ESP
   479 000004AC 57                              	PUSH	EDI
   480 000004AD 56                              	PUSH	ESI
   481 000004AE BF [00000002]                   	MOV	EDI,LC1
   482 000004B3 53                              	PUSH	EBX
   483 000004B4 83 EC 0C                        	SUB	ESP,12
   484 000004B7 8B 45 08                        	MOV	EAX,DWORD [8+EBP]
   485 000004BA 8B 4D 10                        	MOV	ECX,DWORD [16+EBP]
   486 000004BD 89 45 E8                        	MOV	DWORD [-24+EBP],EAX
   487 000004C0 89 4D F0                        	MOV	DWORD [-16+EBP],ECX
   488 000004C3 8B 45 14                        	MOV	EAX,DWORD [20+EBP]
   489 000004C6 8B 75 E8                        	MOV	ESI,DWORD [-24+EBP]
   490 000004C9 89 45 EC                        	MOV	DWORD [-20+EBP],EAX
   491 000004CC 8B 5D 0C                        	MOV	EBX,DWORD [12+EBP]
   492 000004CF B8 00000004                     	MOV	EAX,4
   493 000004D4 FC                              	CLD
   494 000004D5 89 C1                           	MOV	ECX,EAX
   495 000004D7 F3                              	REPE
   496 000004D8 A6                              	CMPSB
   497 000004D9 0F 84 000000AD                  	JE	L104
   498 000004DF B8 00000004                     	MOV	EAX,4
   499 000004E4 8B 75 E8                        	MOV	ESI,DWORD [-24+EBP]
   500 000004E7 FC                              	CLD
   501 000004E8 BF [00000006]                   	MOV	EDI,LC2
   502 000004ED 89 C1                           	MOV	ECX,EAX
   503 000004EF F3                              	REPE
   504 000004F0 A6                              	CMPSB
   505 000004F1 0F 84 00000089                  	JE	L105
   506 000004F7 B8 00000004                     	MOV	EAX,4
   507 000004FC 8B 75 E8                        	MOV	ESI,DWORD [-24+EBP]
   508 000004FF FC                              	CLD
   509 00000500 BF [0000000A]                   	MOV	EDI,LC3
   510 00000505 89 C1                           	MOV	ECX,EAX
   511 00000507 F3                              	REPE
   512 00000508 A6                              	CMPSB
   513 00000509 74 66                           	JE	L106
   514 0000050B B8 00000005                     	MOV	EAX,5
   515 00000510 8B 75 E8                        	MOV	ESI,DWORD [-24+EBP]
   516 00000513 FC                              	CLD
   517 00000514 BF [0000000E]                   	MOV	EDI,LC4
   518 00000519 89 C1                           	MOV	ECX,EAX
   519 0000051B F3                              	REPE
   520 0000051C A6                              	CMPSB
   521 0000051D 74 37                           	JE	L107
   522 0000051F 8B 45 E8                        	MOV	EAX,DWORD [-24+EBP]
   523 00000522 80 38 00                        	CMP	BYTE [EAX],0
   524 00000525 75 08                           	JNE	L108
   525 00000527                                 L93:
   526 00000527 8D 65 F4                        	LEA	ESP,DWORD [-12+EBP]
   527 0000052A 5B                              	POP	EBX
   528 0000052B 5E                              	POP	ESI
   529 0000052C 5F                              	POP	EDI
   530 0000052D 5D                              	POP	EBP
   531 0000052E C3                              	RET
   532 0000052F                                 L108:
   533 0000052F 50                              	PUSH	EAX
   534 00000530 FF 75 F0                        	PUSH	DWORD [-16+EBP]
   535 00000533 53                              	PUSH	EBX
   536 00000534 E8 0000021E                     	CALL	_cmd_app
   537 00000539 83 C4 0C                        	ADD	ESP,12
   538 0000053C 85 C0                           	TEST	EAX,EAX
   539 0000053E 75 E7                           	JNE	L93
   540 00000540 C7 45 0C [00000014]             	MOV	DWORD [12+EBP],LC5
   541 00000547 89 5D 08                        	MOV	DWORD [8+EBP],EBX
   542 0000054A 8D 65 F4                        	LEA	ESP,DWORD [-12+EBP]
   543 0000054D 5B                              	POP	EBX
   544 0000054E 5E                              	POP	ESI
   545 0000054F 5F                              	POP	EDI
   546 00000550 5D                              	POP	EBP
   547 00000551 E9 FFFFFEF2                     	JMP	_cons_putstr0
   548 00000556                                 L107:
   549 00000556 8B 45 E8                        	MOV	EAX,DWORD [-24+EBP]
   550 00000559 8B 4D F0                        	MOV	ECX,DWORD [-16+EBP]
   551 0000055C 89 45 10                        	MOV	DWORD [16+EBP],EAX
   552 0000055F 89 4D 0C                        	MOV	DWORD [12+EBP],ECX
   553 00000562 89 5D 08                        	MOV	DWORD [8+EBP],EBX
   554 00000565 8D 65 F4                        	LEA	ESP,DWORD [-12+EBP]
   555 00000568 5B                              	POP	EBX
   556 00000569 5E                              	POP	ESI
   557 0000056A 5F                              	POP	EDI
   558 0000056B 5D                              	POP	EBP
   559 0000056C E9 00000156                     	JMP	_cmd_type
   560 00000571                                 L106:
   561 00000571 89 5D 08                        	MOV	DWORD [8+EBP],EBX
   562 00000574 8D 65 F4                        	LEA	ESP,DWORD [-12+EBP]
   563 00000577 5B                              	POP	EBX
   564 00000578 5E                              	POP	ESI
   565 00000579 5F                              	POP	EDI
   566 0000057A 5D                              	POP	EBP
   567 0000057B E9 000000B1                     	JMP	_cmd_dir
   568 00000580                                 L105:
   569 00000580 89 5D 08                        	MOV	DWORD [8+EBP],EBX
   570 00000583 8D 65 F4                        	LEA	ESP,DWORD [-12+EBP]
   571 00000586 5B                              	POP	EBX
   572 00000587 5E                              	POP	ESI
   573 00000588 5F                              	POP	EDI
   574 00000589 5D                              	POP	EBP
   575 0000058A EB 4C                           	JMP	_cmd_cls
   576 0000058C                                 L104:
   577 0000058C 8B 45 EC                        	MOV	EAX,DWORD [-20+EBP]
   578 0000058F 89 5D 08                        	MOV	DWORD [8+EBP],EBX
   579 00000592 89 45 0C                        	MOV	DWORD [12+EBP],EAX
   580 00000595 8D 65 F4                        	LEA	ESP,DWORD [-12+EBP]
   581 00000598 5B                              	POP	EBX
   582 00000599 5E                              	POP	ESI
   583 0000059A 5F                              	POP	EDI
   584 0000059B 5D                              	POP	EBP
   585 0000059C EB 00                           	JMP	_cmd_mem
   586                                          [SECTION .data]
   587 00000023                                 LC6:
   588 00000023 74 6F 74 61 6C 20 20 20 25 64   	DB	"total   %dMB",0x0A,"free %dKB",0x0A,0x0A,0x00
       0000002D 4D 42 0A 66 72 65 65 20 25 64 
       00000037 4B 42 0A 0A 00 
   589                                          [SECTION .text]
   590 0000059E                                 	GLOBAL	_cmd_mem
   591 0000059E                                 _cmd_mem:
   592 0000059E 55                              	PUSH	EBP
   593 0000059F 89 E5                           	MOV	EBP,ESP
   594 000005A1 53                              	PUSH	EBX
   595 000005A2 83 EC 40                        	SUB	ESP,64
   596 000005A5 8B 5D 0C                        	MOV	EBX,DWORD [12+EBP]
   597 000005A8 C1 EB 14                        	SHR	EBX,20
   598 000005AB 68 003C0000                     	PUSH	3932160
   599 000005B0 E8 [00000000]                   	CALL	_memman_total
   600 000005B5 C1 E8 0A                        	SHR	EAX,10
   601 000005B8 89 04 24                        	MOV	DWORD [ESP],EAX
   602 000005BB 53                              	PUSH	EBX
   603 000005BC 68 [00000023]                   	PUSH	LC6
   604 000005C1 8D 5D BC                        	LEA	EBX,DWORD [-68+EBP]
   605 000005C4 53                              	PUSH	EBX
   606 000005C5 E8 [00000000]                   	CALL	_sprintf
   607 000005CA 53                              	PUSH	EBX
   608 000005CB FF 75 08                        	PUSH	DWORD [8+EBP]
   609 000005CE E8 FFFFFE75                     	CALL	_cons_putstr0
   610 000005D3 8B 5D FC                        	MOV	EBX,DWORD [-4+EBP]
   611 000005D6 C9                              	LEAVE
   612 000005D7 C3                              	RET
   613 000005D8                                 	GLOBAL	_cmd_cls
   614 000005D8                                 _cmd_cls:
   615 000005D8 55                              	PUSH	EBP
   616 000005D9 89 E5                           	MOV	EBP,ESP
   617 000005DB 57                              	PUSH	EDI
   618 000005DC 56                              	PUSH	ESI
   619 000005DD BE 0000001C                     	MOV	ESI,28
   620 000005E2 8B 7D 08                        	MOV	EDI,DWORD [8+EBP]
   621 000005E5 53                              	PUSH	EBX
   622 000005E6 8B 1F                           	MOV	EBX,DWORD [EDI]
   623 000005E8                                 L120:
   624 000005E8 B9 00000008                     	MOV	ECX,8
   625 000005ED                                 L119:
   626 000005ED 89 F0                           	MOV	EAX,ESI
   627 000005EF 8B 13                           	MOV	EDX,DWORD [EBX]
   628 000005F1 0F AF 43 04                     	IMUL	EAX,DWORD [4+EBX]
   629 000005F5 8D 04 08                        	LEA	EAX,DWORD [EAX+ECX*1]
   630 000005F8 41                              	INC	ECX
   631 000005F9 81 F9 000000F7                  	CMP	ECX,247
   632 000005FF C6 04 10 00                     	MOV	BYTE [EAX+EDX*1],0
   633 00000603 7E E8                           	JLE	L119
   634 00000605 46                              	INC	ESI
   635 00000606 81 FE 0000009B                  	CMP	ESI,155
   636 0000060C 7E DA                           	JLE	L120
   637 0000060E 68 0000009C                     	PUSH	156
   638 00000613 68 000000F8                     	PUSH	248
   639 00000618 6A 1C                           	PUSH	28
   640 0000061A 6A 08                           	PUSH	8
   641 0000061C 53                              	PUSH	EBX
   642 0000061D E8 [00000000]                   	CALL	_sheet_refresh
   643 00000622 C7 47 08 0000001C               	MOV	DWORD [8+EDI],28
   644 00000629 8D 65 F4                        	LEA	ESP,DWORD [-12+EBP]
   645 0000062C 5B                              	POP	EBX
   646 0000062D 5E                              	POP	ESI
   647 0000062E 5F                              	POP	EDI
   648 0000062F 5D                              	POP	EBP
   649 00000630 C3                              	RET
   650                                          [SECTION .data]
   651 0000003C                                 LC7:
   652 0000003C 66 69 6C 65 6E 61 6D 65 2E 65   	DB	"filename.ext   %7d",0x0A,0x00
       00000046 78 74 20 20 20 25 37 64 0A 00 
   653                                          [SECTION .text]
   654 00000631                                 	GLOBAL	_cmd_dir
   655 00000631                                 _cmd_dir:
   656 00000631 55                              	PUSH	EBP
   657 00000632 89 E5                           	MOV	EBP,ESP
   658 00000634 57                              	PUSH	EDI
   659 00000635 56                              	PUSH	ESI
   660 00000636 31 F6                           	XOR	ESI,ESI
   661 00000638 53                              	PUSH	EBX
   662 00000639 31 DB                           	XOR	EBX,EBX
   663 0000063B 83 EC 20                        	SUB	ESP,32
   664 0000063E 8B 7D 08                        	MOV	EDI,DWORD [8+EBP]
   665 00000641                                 L138:
   666 00000641 8A 83 00102600                  	MOV	AL,BYTE [1058304+EBX]
   667 00000647 84 C0                           	TEST	AL,AL
   668 00000649 74 19                           	JE	L127
   669 0000064B 3C E5                           	CMP	AL,-27
   670 0000064D 74 09                           	JE	L128
   671 0000064F F6 83 0010260B 18               	TEST	BYTE [1058315+EBX],24
   672 00000656 74 1A                           	JE	L142
   673 00000658                                 L128:
   674 00000658 46                              	INC	ESI
   675 00000659 83 C3 20                        	ADD	EBX,32
   676 0000065C 81 FE 000000DF                  	CMP	ESI,223
   677 00000662 7E DD                           	JLE	L138
   678 00000664                                 L127:
   679 00000664 57                              	PUSH	EDI
   680 00000665 E8 FFFFFD23                     	CALL	_cons_newline
   681 0000066A 8D 65 F4                        	LEA	ESP,DWORD [-12+EBP]
   682 0000066D 5B                              	POP	EBX
   683 0000066E 5E                              	POP	ESI
   684 0000066F 5F                              	POP	EDI
   685 00000670 5D                              	POP	EBP
   686 00000671 C3                              	RET
   687 00000672                                 L142:
   688 00000672 FF B3 0010261C                  	PUSH	DWORD [1058332+EBX]
   689 00000678 68 [0000003C]                   	PUSH	LC7
   690 0000067D 8D 45 D4                        	LEA	EAX,DWORD [-44+EBP]
   691 00000680 50                              	PUSH	EAX
   692 00000681 E8 [00000000]                   	CALL	_sprintf
   693 00000686 8D 93 00102600                  	LEA	EDX,DWORD [1058304+EBX]
   694 0000068C 31 C9                           	XOR	ECX,ECX
   695 0000068E 83 C4 0C                        	ADD	ESP,12
   696 00000691                                 L137:
   697 00000691 8A 02                           	MOV	AL,BYTE [EDX]
   698 00000693 42                              	INC	EDX
   699 00000694 88 44 0D D4                     	MOV	BYTE [-44+EBP+ECX*1],AL
   700 00000698 41                              	INC	ECX
   701 00000699 83 F9 07                        	CMP	ECX,7
   702 0000069C 7E F3                           	JLE	L137
   703 0000069E 8A 83 00102608                  	MOV	AL,BYTE [1058312+EBX]
   704 000006A4 88 45 DD                        	MOV	BYTE [-35+EBP],AL
   705 000006A7 8A 83 00102609                  	MOV	AL,BYTE [1058313+EBX]
   706 000006AD 88 45 DE                        	MOV	BYTE [-34+EBP],AL
   707 000006B0 8A 83 0010260A                  	MOV	AL,BYTE [1058314+EBX]
   708 000006B6 88 45 DF                        	MOV	BYTE [-33+EBP],AL
   709 000006B9 8D 45 D4                        	LEA	EAX,DWORD [-44+EBP]
   710 000006BC 50                              	PUSH	EAX
   711 000006BD 57                              	PUSH	EDI
   712 000006BE E8 FFFFFD85                     	CALL	_cons_putstr0
   713 000006C3 58                              	POP	EAX
   714 000006C4 5A                              	POP	EDX
   715 000006C5 EB 91                           	JMP	L128
   716                                          [SECTION .data]
   717 00000050                                 LC8:
   718 00000050 46 69 6C 65 20 6E 6F 74 20 66   	DB	"File not found.",0x0A,0x00
       0000005A 6F 75 6E 64 2E 0A 00 
   719                                          [SECTION .text]
   720 000006C7                                 	GLOBAL	_cmd_type
   721 000006C7                                 _cmd_type:
   722 000006C7 55                              	PUSH	EBP
   723 000006C8 89 E5                           	MOV	EBP,ESP
   724 000006CA 57                              	PUSH	EDI
   725 000006CB 56                              	PUSH	ESI
   726 000006CC 53                              	PUSH	EBX
   727 000006CD 56                              	PUSH	ESI
   728 000006CE 8B 45 0C                        	MOV	EAX,DWORD [12+EBP]
   729 000006D1 8B 7D 08                        	MOV	EDI,DWORD [8+EBP]
   730 000006D4 89 45 F0                        	MOV	DWORD [-16+EBP],EAX
   731 000006D7 68 000000E0                     	PUSH	224
   732 000006DC 68 00102600                     	PUSH	1058304
   733 000006E1 8B 45 10                        	MOV	EAX,DWORD [16+EBP]
   734 000006E4 83 C0 05                        	ADD	EAX,5
   735 000006E7 50                              	PUSH	EAX
   736 000006E8 E8 [00000000]                   	CALL	_file_search
   737 000006ED 83 C4 0C                        	ADD	ESP,12
   738 000006F0 89 C6                           	MOV	ESI,EAX
   739 000006F2 85 C0                           	TEST	EAX,EAX
   740 000006F4 74 52                           	JE	L144
   741 000006F6 FF 70 1C                        	PUSH	DWORD [28+EAX]
   742 000006F9 68 003C0000                     	PUSH	3932160
   743 000006FE E8 [00000000]                   	CALL	_memman_alloc_4k
   744 00000703 68 00103E00                     	PUSH	1064448
   745 00000708 FF 75 F0                        	PUSH	DWORD [-16+EBP]
   746 0000070B 50                              	PUSH	EAX
   747 0000070C 89 C3                           	MOV	EBX,EAX
   748 0000070E FF 76 1C                        	PUSH	DWORD [28+ESI]
   749 00000711 0F B7 46 1A                     	MOVZX	EAX,WORD [26+ESI]
   750 00000715 50                              	PUSH	EAX
   751 00000716 E8 [00000000]                   	CALL	_file_loadfile
   752 0000071B FF 76 1C                        	PUSH	DWORD [28+ESI]
   753 0000071E 53                              	PUSH	EBX
   754 0000071F 57                              	PUSH	EDI
   755 00000720 E8 FFFFFD51                     	CALL	_cons_putstr1
   756 00000725 83 C4 28                        	ADD	ESP,40
   757 00000728 FF 76 1C                        	PUSH	DWORD [28+ESI]
   758 0000072B 53                              	PUSH	EBX
   759 0000072C 68 003C0000                     	PUSH	3932160
   760 00000731 E8 [00000000]                   	CALL	_memman_free_4k
   761 00000736 83 C4 0C                        	ADD	ESP,12
   762 00000739                                 L145:
   763 00000739 89 7D 08                        	MOV	DWORD [8+EBP],EDI
   764 0000073C 8D 65 F4                        	LEA	ESP,DWORD [-12+EBP]
   765 0000073F 5B                              	POP	EBX
   766 00000740 5E                              	POP	ESI
   767 00000741 5F                              	POP	EDI
   768 00000742 5D                              	POP	EBP
   769 00000743 E9 FFFFFC45                     	JMP	_cons_newline
   770 00000748                                 L144:
   771 00000748 68 [00000050]                   	PUSH	LC8
   772 0000074D 57                              	PUSH	EDI
   773 0000074E E8 FFFFFCF5                     	CALL	_cons_putstr0
   774 00000753 59                              	POP	ECX
   775 00000754 5B                              	POP	EBX
   776 00000755 EB E2                           	JMP	L145
   777                                          [SECTION .data]
   778 00000061                                 LC9:
   779 00000061 48 61 72 69 00                  	DB	"Hari",0x00
   780 00000066                                 LC10:
   781 00000066 2E 68 72 62 20 66 69 6C 65 20   	DB	".hrb file format error.",0x0A,0x00
       00000070 66 6F 72 6D 61 74 20 65 72 72 
       0000007A 6F 72 2E 0A 00 
   782                                          [SECTION .text]
   783 00000757                                 	GLOBAL	_cmd_app
   784 00000757                                 _cmd_app:
   785 00000757 55                              	PUSH	EBP
   786 00000758 89 E5                           	MOV	EBP,ESP
   787 0000075A 57                              	PUSH	EDI
   788 0000075B 56                              	PUSH	ESI
   789 0000075C 53                              	PUSH	EBX
   790 0000075D 31 DB                           	XOR	EBX,EBX
   791 0000075F 83 EC 38                        	SUB	ESP,56
   792 00000762 8B 75 10                        	MOV	ESI,DWORD [16+EBP]
   793 00000765 E8 [00000000]                   	CALL	_task_now
   794 0000076A 89 45 C8                        	MOV	DWORD [-56+EBP],EAX
   795 0000076D                                 L152:
   796 0000076D 8A 04 33                        	MOV	AL,BYTE [EBX+ESI*1]
   797 00000770 3C 20                           	CMP	AL,32
   798 00000772 7E 0A                           	JLE	L148
   799 00000774 88 44 1D D4                     	MOV	BYTE [-44+EBP+EBX*1],AL
   800 00000778 43                              	INC	EBX
   801 00000779 83 FB 0C                        	CMP	EBX,12
   802 0000077C 7E EF                           	JLE	L152
   803 0000077E                                 L148:
   804 0000077E 68 000000E0                     	PUSH	224
   805 00000783 8D 75 D4                        	LEA	ESI,DWORD [-44+EBP]
   806 00000786 68 00102600                     	PUSH	1058304
   807 0000078B 56                              	PUSH	ESI
   808 0000078C C6 44 1D D4 00                  	MOV	BYTE [-44+EBP+EBX*1],0
   809 00000791 E8 [00000000]                   	CALL	_file_search
   810 00000796 83 C4 0C                        	ADD	ESP,12
   811 00000799 85 C0                           	TEST	EAX,EAX
   812 0000079B 89 45 D0                        	MOV	DWORD [-48+EBP],EAX
   813 0000079E 0F 84 00000178                  	JE	L174
   814 000007A4                                 L173:
   815 000007A4 8B 45 D0                        	MOV	EAX,DWORD [-48+EBP]
   816 000007A7 FF 70 1C                        	PUSH	DWORD [28+EAX]
   817 000007AA 68 003C0000                     	PUSH	3932160
   818 000007AF E8 [00000000]                   	CALL	_memman_alloc_4k
   819 000007B4 8B 55 D0                        	MOV	EDX,DWORD [-48+EBP]
   820 000007B7 68 00103E00                     	PUSH	1064448
   821 000007BC FF 75 0C                        	PUSH	DWORD [12+EBP]
   822 000007BF 50                              	PUSH	EAX
   823 000007C0 89 45 BC                        	MOV	DWORD [-68+EBP],EAX
   824 000007C3 FF 72 1C                        	PUSH	DWORD [28+EDX]
   825 000007C6 0F B7 42 1A                     	MOVZX	EAX,WORD [26+EDX]
   826 000007CA 50                              	PUSH	EAX
   827 000007CB E8 [00000000]                   	CALL	_file_loadfile
   828 000007D0 8B 7D D0                        	MOV	EDI,DWORD [-48+EBP]
   829 000007D3 83 C4 1C                        	ADD	ESP,28
   830 000007D6 83 7F 1C 23                     	CMP	DWORD [28+EDI],35
   831 000007DA 76 1F                           	JBE	L155
   832 000007DC 8B 75 BC                        	MOV	ESI,DWORD [-68+EBP]
   833 000007DF B8 [00000061]                   	MOV	EAX,LC9
   834 000007E4 FC                              	CLD
   835 000007E5 83 C6 04                        	ADD	ESI,4
   836 000007E8 B9 00000004                     	MOV	ECX,4
   837 000007ED 89 C7                           	MOV	EDI,EAX
   838 000007EF F3                              	REPE
   839 000007F0 A6                              	CMPSB
   840 000007F1 75 08                           	JNE	L155
   841 000007F3 8B 45 BC                        	MOV	EAX,DWORD [-68+EBP]
   842 000007F6 80 38 00                        	CMP	BYTE [EAX],0
   843 000007F9 74 37                           	JE	L175
   844 000007FB                                 L155:
   845 000007FB 68 [00000066]                   	PUSH	LC10
   846 00000800 FF 75 08                        	PUSH	DWORD [8+EBP]
   847 00000803 E8 FFFFFC40                     	CALL	_cons_putstr0
   848 00000808 5F                              	POP	EDI
   849 00000809 58                              	POP	EAX
   850 0000080A                                 L167:
   851 0000080A 8B 7D D0                        	MOV	EDI,DWORD [-48+EBP]
   852 0000080D FF 77 1C                        	PUSH	DWORD [28+EDI]
   853 00000810 FF 75 BC                        	PUSH	DWORD [-68+EBP]
   854 00000813 68 003C0000                     	PUSH	3932160
   855 00000818 E8 [00000000]                   	CALL	_memman_free_4k
   856 0000081D FF 75 08                        	PUSH	DWORD [8+EBP]
   857 00000820 E8 FFFFFB68                     	CALL	_cons_newline
   858 00000825 B8 00000001                     	MOV	EAX,1
   859 0000082A                                 L146:
   860 0000082A 8D 65 F4                        	LEA	ESP,DWORD [-12+EBP]
   861 0000082D 5B                              	POP	EBX
   862 0000082E 5E                              	POP	ESI
   863 0000082F 5F                              	POP	EDI
   864 00000830 5D                              	POP	EBP
   865 00000831 C3                              	RET
   866 00000832                                 L175:
   867 00000832 8B 10                           	MOV	EDX,DWORD [EAX]
   868 00000834 8B 78 0C                        	MOV	EDI,DWORD [12+EAX]
   869 00000837 8B 58 10                        	MOV	EBX,DWORD [16+EAX]
   870 0000083A 8B 70 14                        	MOV	ESI,DWORD [20+EAX]
   871 0000083D 52                              	PUSH	EDX
   872 0000083E 89 55 C4                        	MOV	DWORD [-60+EBP],EDX
   873 00000841 68 003C0000                     	PUSH	3932160
   874 00000846 89 7D C0                        	MOV	DWORD [-64+EBP],EDI
   875 00000849 E8 [00000000]                   	CALL	_memman_alloc_4k
   876 0000084E 8B 7D D0                        	MOV	EDI,DWORD [-48+EBP]
   877 00000851 8B 55 C8                        	MOV	EDX,DWORD [-56+EBP]
   878 00000854 89 45 CC                        	MOV	DWORD [-52+EBP],EAX
   879 00000857 89 82 00000098                  	MOV	DWORD [152+EDX],EAX
   880 0000085D 68 000040FA                     	PUSH	16634
   881 00000862 FF 75 BC                        	PUSH	DWORD [-68+EBP]
   882 00000865 8B 47 1C                        	MOV	EAX,DWORD [28+EDI]
   883 00000868 48                              	DEC	EAX
   884 00000869 50                              	PUSH	EAX
   885 0000086A 68 00271F58                     	PUSH	2563928
   886 0000086F E8 [00000000]                   	CALL	_set_segmdesc
   887 00000874 8B 45 C4                        	MOV	EAX,DWORD [-60+EBP]
   888 00000877 68 000040F2                     	PUSH	16626
   889 0000087C 48                              	DEC	EAX
   890 0000087D FF 75 CC                        	PUSH	DWORD [-52+EBP]
   891 00000880 50                              	PUSH	EAX
   892 00000881 68 00271F60                     	PUSH	2563936
   893 00000886 E8 [00000000]                   	CALL	_set_segmdesc
   894 0000088B 83 C4 28                        	ADD	ESP,40
   895 0000088E 85 DB                           	TEST	EBX,EBX
   896 00000890 7E 15                           	JLE	L170
   897 00000892 8B 4D C0                        	MOV	ECX,DWORD [-64+EBP]
   898 00000895 8B 45 BC                        	MOV	EAX,DWORD [-68+EBP]
   899 00000898 03 4D CC                        	ADD	ECX,DWORD [-52+EBP]
   900 0000089B 8D 14 30                        	LEA	EDX,DWORD [EAX+ESI*1]
   901 0000089E                                 L160:
   902 0000089E 8A 02                           	MOV	AL,BYTE [EDX]
   903 000008A0 42                              	INC	EDX
   904 000008A1 88 01                           	MOV	BYTE [ECX],AL
   905 000008A3 41                              	INC	ECX
   906 000008A4 4B                              	DEC	EBX
   907 000008A5 75 F7                           	JNE	L160
   908 000008A7                                 L170:
   909 000008A7 8B 45 C8                        	MOV	EAX,DWORD [-56+EBP]
   910 000008AA BB 000000FF                     	MOV	EBX,255
   911 000008AF 83 C0 30                        	ADD	EAX,48
   912 000008B2 50                              	PUSH	EAX
   913 000008B3 68 00001F60                     	PUSH	8032
   914 000008B8 FF 75 C0                        	PUSH	DWORD [-64+EBP]
   915 000008BB 68 00001F58                     	PUSH	8024
   916 000008C0 6A 1B                           	PUSH	27
   917 000008C2 E8 [00000000]                   	CALL	_start_app
   918 000008C7 8B 35 00000FE4                  	MOV	ESI,DWORD [4068]
   919 000008CD 83 C4 14                        	ADD	ESP,20
   920 000008D0 81 C6 00000414                  	ADD	ESI,1044
   921 000008D6                                 L166:
   922 000008D6 8B 46 1C                        	MOV	EAX,DWORD [28+ESI]
   923 000008D9 83 E0 11                        	AND	EAX,17
   924 000008DC 83 F8 11                        	CMP	EAX,17
   925 000008DF 74 2A                           	JE	L176
   926 000008E1                                 L163:
   927 000008E1 83 C6 28                        	ADD	ESI,40
   928 000008E4 4B                              	DEC	EBX
   929 000008E5 79 EF                           	JNS	L166
   930 000008E7 8B 45 C8                        	MOV	EAX,DWORD [-56+EBP]
   931 000008EA 83 C0 10                        	ADD	EAX,16
   932 000008ED 50                              	PUSH	EAX
   933 000008EE E8 [00000000]                   	CALL	_timer_cancelall
   934 000008F3 FF 75 C4                        	PUSH	DWORD [-60+EBP]
   935 000008F6 FF 75 CC                        	PUSH	DWORD [-52+EBP]
   936 000008F9 68 003C0000                     	PUSH	3932160
   937 000008FE E8 [00000000]                   	CALL	_memman_free_4k
   938 00000903 83 C4 10                        	ADD	ESP,16
   939 00000906 E9 FFFFFEFF                     	JMP	L167
   940 0000090B                                 L176:
   941 0000090B 8B 55 C8                        	MOV	EDX,DWORD [-56+EBP]
   942 0000090E 39 56 24                        	CMP	DWORD [36+ESI],EDX
   943 00000911 75 CE                           	JNE	L163
   944 00000913 56                              	PUSH	ESI
   945 00000914 E8 [00000000]                   	CALL	_sheet_free
   946 00000919 58                              	POP	EAX
   947 0000091A EB C5                           	JMP	L163
   948 0000091C                                 L174:
   949 0000091C 80 7C 1D D3 2E                  	CMP	BYTE [-45+EBP+EBX*1],46
   950 00000921 74 2F                           	JE	L153
   951 00000923 68 000000E0                     	PUSH	224
   952 00000928 68 00102600                     	PUSH	1058304
   953 0000092D 56                              	PUSH	ESI
   954 0000092E C6 44 1D D4 2E                  	MOV	BYTE [-44+EBP+EBX*1],46
   955 00000933 C6 44 1D D5 48                  	MOV	BYTE [-43+EBP+EBX*1],72
   956 00000938 C6 44 1D D6 52                  	MOV	BYTE [-42+EBP+EBX*1],82
   957 0000093D C6 44 1D D7 42                  	MOV	BYTE [-41+EBP+EBX*1],66
   958 00000942 C6 44 1D D8 00                  	MOV	BYTE [-40+EBP+EBX*1],0
   959 00000947 E8 [00000000]                   	CALL	_file_search
   960 0000094C 83 C4 0C                        	ADD	ESP,12
   961 0000094F 89 45 D0                        	MOV	DWORD [-48+EBP],EAX
   962 00000952                                 L153:
   963 00000952 83 7D D0 00                     	CMP	DWORD [-48+EBP],0
   964 00000956 0F 85 FFFFFE48                  	JNE	L173
   965 0000095C 31 C0                           	XOR	EAX,EAX
   966 0000095E E9 FFFFFEC7                     	JMP	L146
   967 00000963                                 	GLOBAL	_hrb_api
   968 00000963                                 _hrb_api:
   969 00000963 55                              	PUSH	EBP
   970 00000964 89 E5                           	MOV	EBP,ESP
   971 00000966 57                              	PUSH	EDI
   972 00000967 56                              	PUSH	ESI
   973 00000968 53                              	PUSH	EBX
   974 00000969 83 EC 10                        	SUB	ESP,16
   975 0000096C 8B 5D 1C                        	MOV	EBX,DWORD [28+EBP]
   976 0000096F E8 [00000000]                   	CALL	_task_now
   977 00000974 8B 15 00000FE4                  	MOV	EDX,DWORD [4068]
   978 0000097A 83 FB 01                        	CMP	EBX,1
   979 0000097D 89 45 F0                        	MOV	DWORD [-16+EBP],EAX
   980 00000980 8B B8 00000098                  	MOV	EDI,DWORD [152+EAX]
   981 00000986 8B 80 00000094                  	MOV	EAX,DWORD [148+EAX]
   982 0000098C 89 55 E8                        	MOV	DWORD [-24+EBP],EDX
   983 0000098F 89 45 EC                        	MOV	DWORD [-20+EBP],EAX
   984 00000992 0F 84 00000427                  	JE	L241
   985 00000998 83 FB 02                        	CMP	EBX,2
   986 0000099B 0F 84 0000040B                  	JE	L242
   987 000009A1 83 FB 03                        	CMP	EBX,3
   988 000009A4 0F 84 000003EC                  	JE	L243
   989 000009AA 83 FB 04                        	CMP	EBX,4
   990 000009AD 0F 84 000003D8                  	JE	L244
   991 000009B3 83 FB 05                        	CMP	EBX,5
   992 000009B6 0F 84 00000356                  	JE	L245
   993 000009BC 83 FB 06                        	CMP	EBX,6
   994 000009BF 0F 84 00000302                  	JE	L246
   995 000009C5 83 FB 07                        	CMP	EBX,7
   996 000009C8 0F 84 000002D0                  	JE	L247
   997 000009CE 83 FB 08                        	CMP	EBX,8
   998 000009D1 0F 84 000002A4                  	JE	L248
   999 000009D7 83 FB 09                        	CMP	EBX,9
  1000 000009DA 0F 84 0000027E                  	JE	L249
  1001 000009E0 83 FB 0A                        	CMP	EBX,10
  1002 000009E3 0F 84 00000258                  	JE	L250
  1003 000009E9 83 FB 0B                        	CMP	EBX,11
  1004 000009EC 0F 84 00000218                  	JE	L251
  1005 000009F2 83 FB 0C                        	CMP	EBX,12
  1006 000009F5 0F 84 000001FE                  	JE	L252
  1007 000009FB 83 FB 0D                        	CMP	EBX,13
  1008 000009FE 0F 84 000001AC                  	JE	L253
  1009 00000A04 83 FB 0E                        	CMP	EBX,14
  1010 00000A07 0F 84 00000196                  	JE	L254
  1011 00000A0D 83 FB 0F                        	CMP	EBX,15
  1012 00000A10 0F 84 000000E9                  	JE	L211
  1013 00000A16 83 FB 10                        	CMP	EBX,16
  1014 00000A19 0F 84 000000CF                  	JE	L255
  1015 00000A1F 83 FB 11                        	CMP	EBX,17
  1016 00000A22 0F 84 000000A9                  	JE	L256
  1017 00000A28 83 FB 12                        	CMP	EBX,18
  1018 00000A2B 0F 84 0000008E                  	JE	L257
  1019 00000A31 83 FB 13                        	CMP	EBX,19
  1020 00000A34 74 7B                           	JE	L258
  1021 00000A36 83 FB 14                        	CMP	EBX,20
  1022 00000A39 74 0A                           	JE	L259
  1023 00000A3B                                 L179:
  1024 00000A3B 31 C0                           	XOR	EAX,EAX
  1025 00000A3D                                 L177:
  1026 00000A3D 8D 65 F4                        	LEA	ESP,DWORD [-12+EBP]
  1027 00000A40 5B                              	POP	EBX
  1028 00000A41 5E                              	POP	ESI
  1029 00000A42 5F                              	POP	EDI
  1030 00000A43 5D                              	POP	EBP
  1031 00000A44 C3                              	RET
  1032 00000A45                                 L259:
  1033 00000A45 8B 55 24                        	MOV	EDX,DWORD [36+EBP]
  1034 00000A48 85 D2                           	TEST	EDX,EDX
  1035 00000A4A 75 19                           	JNE	L231
  1036 00000A4C 6A 61                           	PUSH	97
  1037 00000A4E E8 [00000000]                   	CALL	_io_in8
  1038 00000A53 89 C3                           	MOV	EBX,EAX
  1039 00000A55 83 E3 0D                        	AND	EBX,13
  1040 00000A58 53                              	PUSH	EBX
  1041 00000A59 6A 61                           	PUSH	97
  1042 00000A5B E8 [00000000]                   	CALL	_io_out8
  1043 00000A60                                 L233:
  1044 00000A60 83 C4 0C                        	ADD	ESP,12
  1045 00000A63 EB D6                           	JMP	L179
  1046 00000A65                                 L231:
  1047 00000A65 B9 471E7B60                     	MOV	ECX,1193180000
  1048 00000A6A 89 D6                           	MOV	ESI,EDX
  1049 00000A6C 89 C8                           	MOV	EAX,ECX
  1050 00000A6E 68 000000B6                     	PUSH	182
  1051 00000A73 99                              	CDQ
  1052 00000A74 F7 FE                           	IDIV	ESI
  1053 00000A76 6A 43                           	PUSH	67
  1054 00000A78 89 C3                           	MOV	EBX,EAX
  1055 00000A7A E8 [00000000]                   	CALL	_io_out8
  1056 00000A7F 0F B6 C3                        	MOVZX	EAX,BL
  1057 00000A82 C1 FB 08                        	SAR	EBX,8
  1058 00000A85 50                              	PUSH	EAX
  1059 00000A86 6A 42                           	PUSH	66
  1060 00000A88 E8 [00000000]                   	CALL	_io_out8
  1061 00000A8D 53                              	PUSH	EBX
  1062 00000A8E 6A 42                           	PUSH	66
  1063 00000A90 E8 [00000000]                   	CALL	_io_out8
  1064 00000A95 6A 61                           	PUSH	97
  1065 00000A97 E8 [00000000]                   	CALL	_io_in8
  1066 00000A9C 89 C3                           	MOV	EBX,EAX
  1067 00000A9E 83 CB 03                        	OR	EBX,3
  1068 00000AA1 83 E3 0F                        	AND	EBX,15
  1069 00000AA4 53                              	PUSH	EBX
  1070 00000AA5 6A 61                           	PUSH	97
  1071 00000AA7 E8 [00000000]                   	CALL	_io_out8
  1072 00000AAC 83 C4 24                        	ADD	ESP,36
  1073 00000AAF EB 8A                           	JMP	L179
  1074 00000AB1                                 L258:
  1075 00000AB1 FF 75 18                        	PUSH	DWORD [24+EBP]
  1076 00000AB4 E8 [00000000]                   	CALL	_timer_free
  1077 00000AB9                                 L234:
  1078 00000AB9 58                              	POP	EAX
  1079 00000ABA E9 FFFFFF7C                     	JMP	L179
  1080 00000ABF                                 L257:
  1081 00000ABF FF 75 24                        	PUSH	DWORD [36+EBP]
  1082 00000AC2 FF 75 18                        	PUSH	DWORD [24+EBP]
  1083 00000AC5 E8 [00000000]                   	CALL	_timer_settime
  1084 00000ACA                                 L236:
  1085 00000ACA 58                              	POP	EAX
  1086 00000ACB 5A                              	POP	EDX
  1087 00000ACC E9 FFFFFF6A                     	JMP	L179
  1088 00000AD1                                 L256:
  1089 00000AD1 8B 45 24                        	MOV	EAX,DWORD [36+EBP]
  1090 00000AD4 05 00000100                     	ADD	EAX,256
  1091 00000AD9 50                              	PUSH	EAX
  1092 00000ADA 8B 45 F0                        	MOV	EAX,DWORD [-16+EBP]
  1093 00000ADD 83 C0 10                        	ADD	EAX,16
  1094 00000AE0 50                              	PUSH	EAX
  1095 00000AE1 FF 75 18                        	PUSH	DWORD [24+EBP]
  1096 00000AE4 E8 [00000000]                   	CALL	_timer_init
  1097 00000AE9 E9 FFFFFF72                     	JMP	L233
  1098 00000AEE                                 L255:
  1099 00000AEE E8 [00000000]                   	CALL	_timer_alloc
  1100 00000AF3 89 45 44                        	MOV	DWORD [68+EBP],EAX
  1101 00000AF6 C6 40 09 01                     	MOV	BYTE [9+EAX],1
  1102 00000AFA E9 FFFFFF3C                     	JMP	L179
  1103 00000AFF                                 L211:
  1104 00000AFF E8 [00000000]                   	CALL	_io_cli
  1105 00000B04 8B 45 F0                        	MOV	EAX,DWORD [-16+EBP]
  1106 00000B07 83 C0 10                        	ADD	EAX,16
  1107 00000B0A 50                              	PUSH	EAX
  1108 00000B0B E8 [00000000]                   	CALL	_fifo32_status
  1109 00000B10 5E                              	POP	ESI
  1110 00000B11 85 C0                           	TEST	EAX,EAX
  1111 00000B13 75 0F                           	JNE	L214
  1112 00000B15 83 7D 24 00                     	CMP	DWORD [36+EBP],0
  1113 00000B19 74 77                           	JE	L215
  1114 00000B1B FF 75 F0                        	PUSH	DWORD [-16+EBP]
  1115 00000B1E E8 [00000000]                   	CALL	_task_sleep
  1116 00000B23 5B                              	POP	EBX
  1117 00000B24                                 L214:
  1118 00000B24 8B 75 F0                        	MOV	ESI,DWORD [-16+EBP]
  1119 00000B27 83 C6 10                        	ADD	ESI,16
  1120 00000B2A 56                              	PUSH	ESI
  1121 00000B2B E8 [00000000]                   	CALL	_fifo32_get
  1122 00000B30 89 C3                           	MOV	EBX,EAX
  1123 00000B32 E8 [00000000]                   	CALL	_io_sti
  1124 00000B37 59                              	POP	ECX
  1125 00000B38 83 FB 01                        	CMP	EBX,1
  1126 00000B3B 7E 38                           	JLE	L260
  1127 00000B3D                                 L217:
  1128 00000B3D 83 FB 02                        	CMP	EBX,2
  1129 00000B40 74 27                           	JE	L261
  1130 00000B42                                 L218:
  1131 00000B42 83 FB 03                        	CMP	EBX,3
  1132 00000B45 74 16                           	JE	L262
  1133 00000B47                                 L219:
  1134 00000B47 81 FB 000000FF                  	CMP	EBX,255
  1135 00000B4D 7E B0                           	JLE	L211
  1136 00000B4F 8D 83 FFFFFF00                  	LEA	EAX,DWORD [-256+EBX]
  1137 00000B55 89 45 44                        	MOV	DWORD [68+EBP],EAX
  1138 00000B58 E9 FFFFFEDE                     	JMP	L179
  1139 00000B5D                                 L262:
  1140 00000B5D 8B 55 EC                        	MOV	EDX,DWORD [-20+EBP]
  1141 00000B60 C7 42 0C FFFFFFFF               	MOV	DWORD [12+EDX],-1
  1142 00000B67 EB DE                           	JMP	L219
  1143 00000B69                                 L261:
  1144 00000B69 8B 45 EC                        	MOV	EAX,DWORD [-20+EBP]
  1145 00000B6C C7 40 0C 00000007               	MOV	DWORD [12+EAX],7
  1146 00000B73 EB CD                           	JMP	L218
  1147 00000B75                                 L260:
  1148 00000B75 6A 01                           	PUSH	1
  1149 00000B77 56                              	PUSH	ESI
  1150 00000B78 8B 75 EC                        	MOV	ESI,DWORD [-20+EBP]
  1151 00000B7B FF 76 10                        	PUSH	DWORD [16+ESI]
  1152 00000B7E E8 [00000000]                   	CALL	_timer_init
  1153 00000B83 6A 32                           	PUSH	50
  1154 00000B85 FF 76 10                        	PUSH	DWORD [16+ESI]
  1155 00000B88 E8 [00000000]                   	CALL	_timer_settime
  1156 00000B8D 83 C4 14                        	ADD	ESP,20
  1157 00000B90 EB AB                           	JMP	L217
  1158 00000B92                                 L215:
  1159 00000B92 E8 [00000000]                   	CALL	_io_sti
  1160 00000B97 C7 45 44 FFFFFFFF               	MOV	DWORD [68+EBP],-1
  1161 00000B9E E9 FFFFFE98                     	JMP	L179
  1162 00000BA3                                 L254:
  1163 00000BA3 FF 75 18                        	PUSH	DWORD [24+EBP]
  1164 00000BA6 E8 [00000000]                   	CALL	_sheet_free
  1165 00000BAB E9 FFFFFF09                     	JMP	L234
  1166 00000BB0                                 L253:
  1167 00000BB0 FF 75 10                        	PUSH	DWORD [16+EBP]
  1168 00000BB3 FF 75 08                        	PUSH	DWORD [8+EBP]
  1169 00000BB6 FF 75 0C                        	PUSH	DWORD [12+EBP]
  1170 00000BB9 FF 75 20                        	PUSH	DWORD [32+EBP]
  1171 00000BBC 8B 75 18                        	MOV	ESI,DWORD [24+EBP]
  1172 00000BBF FF 75 24                        	PUSH	DWORD [36+EBP]
  1173 00000BC2 83 E6 FE                        	AND	ESI,-2
  1174 00000BC5 56                              	PUSH	ESI
  1175 00000BC6 E8 0000029A                     	CALL	_hrb_api_linewin
  1176 00000BCB 83 C4 18                        	ADD	ESP,24
  1177 00000BCE                                 L240:
  1178 00000BCE F7 45 18 00000001               	TEST	DWORD [24+EBP],1
  1179 00000BD5 0F 85 FFFFFE60                  	JNE	L179
  1180 00000BDB 8B 45 08                        	MOV	EAX,DWORD [8+EBP]
  1181 00000BDE 40                              	INC	EAX
  1182 00000BDF 50                              	PUSH	EAX
  1183 00000BE0 8B 45 0C                        	MOV	EAX,DWORD [12+EBP]
  1184 00000BE3 40                              	INC	EAX
  1185 00000BE4 50                              	PUSH	EAX
  1186 00000BE5 FF 75 20                        	PUSH	DWORD [32+EBP]
  1187 00000BE8 FF 75 24                        	PUSH	DWORD [36+EBP]
  1188 00000BEB                                 L238:
  1189 00000BEB 56                              	PUSH	ESI
  1190 00000BEC                                 L235:
  1191 00000BEC E8 [00000000]                   	CALL	_sheet_refresh
  1192 00000BF1                                 L237:
  1193 00000BF1 83 C4 14                        	ADD	ESP,20
  1194 00000BF4 E9 FFFFFE42                     	JMP	L179
  1195 00000BF9                                 L252:
  1196 00000BF9 FF 75 08                        	PUSH	DWORD [8+EBP]
  1197 00000BFC FF 75 0C                        	PUSH	DWORD [12+EBP]
  1198 00000BFF FF 75 20                        	PUSH	DWORD [32+EBP]
  1199 00000C02 FF 75 24                        	PUSH	DWORD [36+EBP]
  1200 00000C05 FF 75 18                        	PUSH	DWORD [24+EBP]
  1201 00000C08 EB E2                           	JMP	L235
  1202 00000C0A                                 L251:
  1203 00000C0A 8B 75 18                        	MOV	ESI,DWORD [24+EBP]
  1204 00000C0D 8B 45 08                        	MOV	EAX,DWORD [8+EBP]
  1205 00000C10 83 E6 FE                        	AND	ESI,-2
  1206 00000C13 8A 55 24                        	MOV	DL,BYTE [36+EBP]
  1207 00000C16 0F AF 46 04                     	IMUL	EAX,DWORD [4+ESI]
  1208 00000C1A 03 45 0C                        	ADD	EAX,DWORD [12+EBP]
  1209 00000C1D 8B 0E                           	MOV	ECX,DWORD [ESI]
  1210 00000C1F 88 14 08                        	MOV	BYTE [EAX+ECX*1],DL
  1211 00000C22 F7 45 18 00000001               	TEST	DWORD [24+EBP],1
  1212 00000C29 0F 85 FFFFFE0C                  	JNE	L179
  1213 00000C2F 8B 45 08                        	MOV	EAX,DWORD [8+EBP]
  1214 00000C32 40                              	INC	EAX
  1215 00000C33 50                              	PUSH	EAX
  1216 00000C34 8B 45 0C                        	MOV	EAX,DWORD [12+EBP]
  1217 00000C37 40                              	INC	EAX
  1218 00000C38 50                              	PUSH	EAX
  1219 00000C39 FF 75 08                        	PUSH	DWORD [8+EBP]
  1220 00000C3C FF 75 0C                        	PUSH	DWORD [12+EBP]
  1221 00000C3F EB AA                           	JMP	L238
  1222 00000C41                                 L250:
  1223 00000C41 8B 45 20                        	MOV	EAX,DWORD [32+EBP]
  1224 00000C44 83 C0 0F                        	ADD	EAX,15
  1225 00000C47 83 E0 F0                        	AND	EAX,-16
  1226 00000C4A 50                              	PUSH	EAX
  1227 00000C4B 8B 45 18                        	MOV	EAX,DWORD [24+EBP]
  1228 00000C4E FF 75 24                        	PUSH	DWORD [36+EBP]
  1229 00000C51 01 F8                           	ADD	EAX,EDI
  1230 00000C53 50                              	PUSH	EAX
  1231 00000C54 E8 [00000000]                   	CALL	_memman_free
  1232 00000C59 E9 FFFFFE02                     	JMP	L233
  1233 00000C5E                                 L249:
  1234 00000C5E 8B 45 20                        	MOV	EAX,DWORD [32+EBP]
  1235 00000C61 83 C0 0F                        	ADD	EAX,15
  1236 00000C64 83 E0 F0                        	AND	EAX,-16
  1237 00000C67 50                              	PUSH	EAX
  1238 00000C68 8B 45 18                        	MOV	EAX,DWORD [24+EBP]
  1239 00000C6B 01 F8                           	ADD	EAX,EDI
  1240 00000C6D 50                              	PUSH	EAX
  1241 00000C6E E8 [00000000]                   	CALL	_memman_alloc
  1242 00000C73 89 45 44                        	MOV	DWORD [68+EBP],EAX
  1243 00000C76 E9 FFFFFE4F                     	JMP	L236
  1244 00000C7B                                 L248:
  1245 00000C7B 8B 5D 18                        	MOV	EBX,DWORD [24+EBP]
  1246 00000C7E 01 FB                           	ADD	EBX,EDI
  1247 00000C80 53                              	PUSH	EBX
  1248 00000C81 E8 [00000000]                   	CALL	_memman_init
  1249 00000C86 83 65 20 F0                     	AND	DWORD [32+EBP],-16
  1250 00000C8A FF 75 20                        	PUSH	DWORD [32+EBP]
  1251 00000C8D FF 75 24                        	PUSH	DWORD [36+EBP]
  1252 00000C90 53                              	PUSH	EBX
  1253 00000C91 E8 [00000000]                   	CALL	_memman_free
  1254 00000C96 83 C4 10                        	ADD	ESP,16
  1255 00000C99 E9 FFFFFD9D                     	JMP	L179
  1256 00000C9E                                 L247:
  1257 00000C9E FF 75 08                        	PUSH	DWORD [8+EBP]
  1258 00000CA1 FF 75 0C                        	PUSH	DWORD [12+EBP]
  1259 00000CA4 FF 75 20                        	PUSH	DWORD [32+EBP]
  1260 00000CA7 8B 75 18                        	MOV	ESI,DWORD [24+EBP]
  1261 00000CAA FF 75 24                        	PUSH	DWORD [36+EBP]
  1262 00000CAD 83 E6 FE                        	AND	ESI,-2
  1263 00000CB0 0F B6 45 10                     	MOVZX	EAX,BYTE [16+EBP]
  1264 00000CB4 50                              	PUSH	EAX
  1265 00000CB5 FF 76 04                        	PUSH	DWORD [4+ESI]
  1266 00000CB8 FF 36                           	PUSH	DWORD [ESI]
  1267 00000CBA E8 [00000000]                   	CALL	_boxfill8
  1268 00000CBF 83 C4 1C                        	ADD	ESP,28
  1269 00000CC2 E9 FFFFFF07                     	JMP	L240
  1270 00000CC7                                 L246:
  1271 00000CC7 8B 45 10                        	MOV	EAX,DWORD [16+EBP]
  1272 00000CCA 8B 75 18                        	MOV	ESI,DWORD [24+EBP]
  1273 00000CCD 01 F8                           	ADD	EAX,EDI
  1274 00000CCF 83 E6 FE                        	AND	ESI,-2
  1275 00000CD2 50                              	PUSH	EAX
  1276 00000CD3 0F BE 45 24                     	MOVSX	EAX,BYTE [36+EBP]
  1277 00000CD7 50                              	PUSH	EAX
  1278 00000CD8 FF 75 08                        	PUSH	DWORD [8+EBP]
  1279 00000CDB FF 75 0C                        	PUSH	DWORD [12+EBP]
  1280 00000CDE FF 76 04                        	PUSH	DWORD [4+ESI]
  1281 00000CE1 FF 36                           	PUSH	DWORD [ESI]
  1282 00000CE3 E8 [00000000]                   	CALL	_putfonts8_asc
  1283 00000CE8 83 C4 18                        	ADD	ESP,24
  1284 00000CEB F7 45 18 00000001               	TEST	DWORD [24+EBP],1
  1285 00000CF2 0F 85 FFFFFD43                  	JNE	L179
  1286 00000CF8 8B 4D 0C                        	MOV	ECX,DWORD [12+EBP]
  1287 00000CFB 8B 45 08                        	MOV	EAX,DWORD [8+EBP]
  1288 00000CFE 8B 55 20                        	MOV	EDX,DWORD [32+EBP]
  1289 00000D01 83 C0 10                        	ADD	EAX,16
  1290 00000D04 50                              	PUSH	EAX
  1291 00000D05 8D 04 D1                        	LEA	EAX,DWORD [ECX+EDX*8]
  1292 00000D08 50                              	PUSH	EAX
  1293 00000D09 FF 75 08                        	PUSH	DWORD [8+EBP]
  1294 00000D0C 51                              	PUSH	ECX
  1295 00000D0D E9 FFFFFED9                     	JMP	L238
  1296 00000D12                                 L245:
  1297 00000D12 FF 75 E8                        	PUSH	DWORD [-24+EBP]
  1298 00000D15 E8 [00000000]                   	CALL	_sheet_alloc
  1299 00000D1A 8B 5D 18                        	MOV	EBX,DWORD [24+EBP]
  1300 00000D1D 8B 4D F0                        	MOV	ECX,DWORD [-16+EBP]
  1301 00000D20 01 FB                           	ADD	EBX,EDI
  1302 00000D22 89 48 24                        	MOV	DWORD [36+EAX],ECX
  1303 00000D25 89 C6                           	MOV	ESI,EAX
  1304 00000D27 83 48 1C 10                     	OR	DWORD [28+EAX],16
  1305 00000D2B FF 75 24                        	PUSH	DWORD [36+EBP]
  1306 00000D2E FF 75 08                        	PUSH	DWORD [8+EBP]
  1307 00000D31 FF 75 0C                        	PUSH	DWORD [12+EBP]
  1308 00000D34 53                              	PUSH	EBX
  1309 00000D35 50                              	PUSH	EAX
  1310 00000D36 E8 [00000000]                   	CALL	_sheet_setbuf
  1311 00000D3B 8B 45 20                        	MOV	EAX,DWORD [32+EBP]
  1312 00000D3E 6A 00                           	PUSH	0
  1313 00000D40 01 F8                           	ADD	EAX,EDI
  1314 00000D42 50                              	PUSH	EAX
  1315 00000D43 FF 75 08                        	PUSH	DWORD [8+EBP]
  1316 00000D46 FF 75 0C                        	PUSH	DWORD [12+EBP]
  1317 00000D49 53                              	PUSH	EBX
  1318 00000D4A BB 00000002                     	MOV	EBX,2
  1319 00000D4F E8 [00000000]                   	CALL	_make_window8
  1320 00000D54 8B 4D E8                        	MOV	ECX,DWORD [-24+EBP]
  1321 00000D57 8B 55 E8                        	MOV	EDX,DWORD [-24+EBP]
  1322 00000D5A 83 C4 2C                        	ADD	ESP,44
  1323 00000D5D 8B 42 0C                        	MOV	EAX,DWORD [12+EDX]
  1324 00000D60 2B 45 08                        	SUB	EAX,DWORD [8+EBP]
  1325 00000D63 99                              	CDQ
  1326 00000D64 F7 FB                           	IDIV	EBX
  1327 00000D66 50                              	PUSH	EAX
  1328 00000D67 8B 41 08                        	MOV	EAX,DWORD [8+ECX]
  1329 00000D6A 2B 45 0C                        	SUB	EAX,DWORD [12+EBP]
  1330 00000D6D 99                              	CDQ
  1331 00000D6E F7 FB                           	IDIV	EBX
  1332 00000D70 50                              	PUSH	EAX
  1333 00000D71 56                              	PUSH	ESI
  1334 00000D72 E8 [00000000]                   	CALL	_sheet_slide
  1335 00000D77 8B 45 E8                        	MOV	EAX,DWORD [-24+EBP]
  1336 00000D7A FF 70 10                        	PUSH	DWORD [16+EAX]
  1337 00000D7D 56                              	PUSH	ESI
  1338 00000D7E E8 [00000000]                   	CALL	_sheet_updown
  1339 00000D83 89 75 44                        	MOV	DWORD [68+EBP],ESI
  1340 00000D86 E9 FFFFFE66                     	JMP	L237
  1341 00000D8B                                 L244:
  1342 00000D8B 8B 45 F0                        	MOV	EAX,DWORD [-16+EBP]
  1343 00000D8E 83 C0 30                        	ADD	EAX,48
  1344 00000D91 E9 FFFFFCA7                     	JMP	L177
  1345 00000D96                                 L243:
  1346 00000D96 8B 45 18                        	MOV	EAX,DWORD [24+EBP]
  1347 00000D99 FF 75 20                        	PUSH	DWORD [32+EBP]
  1348 00000D9C 01 F8                           	ADD	EAX,EDI
  1349 00000D9E 50                              	PUSH	EAX
  1350 00000D9F FF 75 EC                        	PUSH	DWORD [-20+EBP]
  1351 00000DA2 E8 FFFFF6CF                     	CALL	_cons_putstr1
  1352 00000DA7 E9 FFFFFCB4                     	JMP	L233
  1353 00000DAC                                 L242:
  1354 00000DAC 8B 45 18                        	MOV	EAX,DWORD [24+EBP]
  1355 00000DAF 01 F8                           	ADD	EAX,EDI
  1356 00000DB1 50                              	PUSH	EAX
  1357 00000DB2 FF 75 EC                        	PUSH	DWORD [-20+EBP]
  1358 00000DB5 E8 FFFFF68E                     	CALL	_cons_putstr0
  1359 00000DBA E9 FFFFFD0B                     	JMP	L236
  1360 00000DBF                                 L241:
  1361 00000DBF 6A 01                           	PUSH	1
  1362 00000DC1 0F B6 45 24                     	MOVZX	EAX,BYTE [36+EBP]
  1363 00000DC5 50                              	PUSH	EAX
  1364 00000DC6 FF 75 EC                        	PUSH	DWORD [-20+EBP]
  1365 00000DC9 E8 FFFFF51C                     	CALL	_cons_putchar
  1366 00000DCE E9 FFFFFC8D                     	JMP	L233
  1367                                          [SECTION .data]
  1368 0000007F                                 LC11:
  1369 0000007F 0A 49 4E 54 20 30 43 20 3A 0A   	DB	0x0A,"INT 0C :",0x0A," Stack Exception.",0x0A,0x00
       00000089 20 53 74 61 63 6B 20 45 78 63 
       00000093 65 70 74 69 6F 6E 2E 0A 00 
  1370 0000009C                                 LC12:
  1371 0000009C 45 49 50 20 3D 20 25 30 38 58   	DB	"EIP = %08X",0x0A,0x00
       000000A6 0A 00 
  1372                                          [SECTION .text]
  1373 00000DD3                                 	GLOBAL	_inthandler0c
  1374 00000DD3                                 _inthandler0c:
  1375 00000DD3 55                              	PUSH	EBP
  1376 00000DD4 89 E5                           	MOV	EBP,ESP
  1377 00000DD6 57                              	PUSH	EDI
  1378 00000DD7 56                              	PUSH	ESI
  1379 00000DD8 53                              	PUSH	EBX
  1380 00000DD9 8D 5D D4                        	LEA	EBX,DWORD [-44+EBP]
  1381 00000DDC 83 EC 20                        	SUB	ESP,32
  1382 00000DDF E8 [00000000]                   	CALL	_task_now
  1383 00000DE4 89 C6                           	MOV	ESI,EAX
  1384 00000DE6 8B B8 00000094                  	MOV	EDI,DWORD [148+EAX]
  1385 00000DEC 83 C6 30                        	ADD	ESI,48
  1386 00000DEF 68 [0000007F]                   	PUSH	LC11
  1387 00000DF4 57                              	PUSH	EDI
  1388 00000DF5 E8 FFFFF64E                     	CALL	_cons_putstr0
  1389 00000DFA 8B 45 08                        	MOV	EAX,DWORD [8+EBP]
  1390 00000DFD FF 70 2C                        	PUSH	DWORD [44+EAX]
  1391 00000E00 68 [0000009C]                   	PUSH	LC12
  1392 00000E05 53                              	PUSH	EBX
  1393 00000E06 E8 [00000000]                   	CALL	_sprintf
  1394 00000E0B 53                              	PUSH	EBX
  1395 00000E0C 57                              	PUSH	EDI
  1396 00000E0D E8 FFFFF636                     	CALL	_cons_putstr0
  1397 00000E12 8D 65 F4                        	LEA	ESP,DWORD [-12+EBP]
  1398 00000E15 5B                              	POP	EBX
  1399 00000E16 89 F0                           	MOV	EAX,ESI
  1400 00000E18 5E                              	POP	ESI
  1401 00000E19 5F                              	POP	EDI
  1402 00000E1A 5D                              	POP	EBP
  1403 00000E1B C3                              	RET
  1404                                          [SECTION .data]
  1405 000000A8                                 LC13:
  1406 000000A8 0A 49 4E 54 20 30 44 20 3A 0A   	DB	0x0A,"INT 0D :",0x0A," General Protected Exception.",0x0A,0x00
       000000B2 20 47 65 6E 65 72 61 6C 20 50 
       000000BC 72 6F 74 65 63 74 65 64 20 45 
       000000C6 78 63 65 70 74 69 6F 6E 2E 0A 
       000000D0 00 
  1407                                          [SECTION .text]
  1408 00000E1C                                 	GLOBAL	_inthandler0d
  1409 00000E1C                                 _inthandler0d:
  1410 00000E1C 55                              	PUSH	EBP
  1411 00000E1D 89 E5                           	MOV	EBP,ESP
  1412 00000E1F 57                              	PUSH	EDI
  1413 00000E20 56                              	PUSH	ESI
  1414 00000E21 53                              	PUSH	EBX
  1415 00000E22 8D 5D D4                        	LEA	EBX,DWORD [-44+EBP]
  1416 00000E25 83 EC 20                        	SUB	ESP,32
  1417 00000E28 E8 [00000000]                   	CALL	_task_now
  1418 00000E2D 89 C6                           	MOV	ESI,EAX
  1419 00000E2F 8B B8 00000094                  	MOV	EDI,DWORD [148+EAX]
  1420 00000E35 83 C6 30                        	ADD	ESI,48
  1421 00000E38 68 [000000A8]                   	PUSH	LC13
  1422 00000E3D 57                              	PUSH	EDI
  1423 00000E3E E8 FFFFF605                     	CALL	_cons_putstr0
  1424 00000E43 8B 45 08                        	MOV	EAX,DWORD [8+EBP]
  1425 00000E46 FF 70 2C                        	PUSH	DWORD [44+EAX]
  1426 00000E49 68 [0000009C]                   	PUSH	LC12
  1427 00000E4E 53                              	PUSH	EBX
  1428 00000E4F E8 [00000000]                   	CALL	_sprintf
  1429 00000E54 53                              	PUSH	EBX
  1430 00000E55 57                              	PUSH	EDI
  1431 00000E56 E8 FFFFF5ED                     	CALL	_cons_putstr0
  1432 00000E5B 8D 65 F4                        	LEA	ESP,DWORD [-12+EBP]
  1433 00000E5E 5B                              	POP	EBX
  1434 00000E5F 89 F0                           	MOV	EAX,ESI
  1435 00000E61 5E                              	POP	ESI
  1436 00000E62 5F                              	POP	EDI
  1437 00000E63 5D                              	POP	EBP
  1438 00000E64 C3                              	RET
  1439 00000E65                                 	GLOBAL	_hrb_api_linewin
  1440 00000E65                                 _hrb_api_linewin:
  1441 00000E65 55                              	PUSH	EBP
  1442 00000E66 89 E5                           	MOV	EBP,ESP
  1443 00000E68 57                              	PUSH	EDI
  1444 00000E69 56                              	PUSH	ESI
  1445 00000E6A 53                              	PUSH	EBX
  1446 00000E6B 83 EC 0C                        	SUB	ESP,12
  1447 00000E6E 8B 5D 0C                        	MOV	EBX,DWORD [12+EBP]
  1448 00000E71 8B 45 14                        	MOV	EAX,DWORD [20+EBP]
  1449 00000E74 89 D9                           	MOV	ECX,EBX
  1450 00000E76 8B 55 18                        	MOV	EDX,DWORD [24+EBP]
  1451 00000E79 C1 E1 0A                        	SAL	ECX,10
  1452 00000E7C 89 D7                           	MOV	EDI,EDX
  1453 00000E7E 89 4D F0                        	MOV	DWORD [-16+EBP],ECX
  1454 00000E81 89 C6                           	MOV	ESI,EAX
  1455 00000E83 8B 4D 10                        	MOV	ECX,DWORD [16+EBP]
  1456 00000E86 2B 7D 10                        	SUB	EDI,DWORD [16+EBP]
  1457 00000E89 C1 E1 0A                        	SAL	ECX,10
  1458 00000E8C 29 DE                           	SUB	ESI,EBX
  1459 00000E8E 89 4D EC                        	MOV	DWORD [-20+EBP],ECX
  1460 00000E91 0F 88 000000A3                  	JS	L287
  1461 00000E97                                 L266:
  1462 00000E97 85 FF                           	TEST	EDI,EDI
  1463 00000E99 0F 88 00000094                  	JS	L288
  1464 00000E9F                                 L267:
  1465 00000E9F 39 FE                           	CMP	ESI,EDI
  1466 00000EA1 7C 62                           	JL	L268
  1467 00000EA3 8D 4E 01                        	LEA	ECX,DWORD [1+ESI]
  1468 00000EA6 39 C3                           	CMP	EBX,EAX
  1469 00000EA8 BE FFFFFC00                     	MOV	ESI,-1024
  1470 00000EAD 7F 05                           	JG	L270
  1471 00000EAF BE 00000400                     	MOV	ESI,1024
  1472 00000EB4                                 L270:
  1473 00000EB4 39 55 10                        	CMP	DWORD [16+EBP],EDX
  1474 00000EB7 7F 46                           	JG	L271
  1475 00000EB9 2B 55 10                        	SUB	EDX,DWORD [16+EBP]
  1476 00000EBC 42                              	INC	EDX
  1477 00000EBD                                 L286:
  1478 00000EBD C1 E2 0A                        	SAL	EDX,10
  1479 00000EC0 89 D0                           	MOV	EAX,EDX
  1480 00000EC2 99                              	CDQ
  1481 00000EC3 F7 F9                           	IDIV	ECX
  1482 00000EC5 89 C7                           	MOV	EDI,EAX
  1483 00000EC7                                 L273:
  1484 00000EC7 85 C9                           	TEST	ECX,ECX
  1485 00000EC9 7E 2C                           	JLE	L284
  1486 00000ECB 89 CB                           	MOV	EBX,ECX
  1487 00000ECD                                 L282:
  1488 00000ECD 8B 55 08                        	MOV	EDX,DWORD [8+EBP]
  1489 00000ED0 8B 45 EC                        	MOV	EAX,DWORD [-20+EBP]
  1490 00000ED3 C1 F8 0A                        	SAR	EAX,10
  1491 00000ED6 8B 4D F0                        	MOV	ECX,DWORD [-16+EBP]
  1492 00000ED9 0F AF 42 04                     	IMUL	EAX,DWORD [4+EDX]
  1493 00000EDD C1 F9 0A                        	SAR	ECX,10
  1494 00000EE0 89 4D E8                        	MOV	DWORD [-24+EBP],ECX
  1495 00000EE3 8B 0A                           	MOV	ECX,DWORD [EDX]
  1496 00000EE5 03 45 E8                        	ADD	EAX,DWORD [-24+EBP]
  1497 00000EE8 8A 55 1C                        	MOV	DL,BYTE [28+EBP]
  1498 00000EEB 88 14 08                        	MOV	BYTE [EAX+ECX*1],DL
  1499 00000EEE 01 75 F0                        	ADD	DWORD [-16+EBP],ESI
  1500 00000EF1 01 7D EC                        	ADD	DWORD [-20+EBP],EDI
  1501 00000EF4 4B                              	DEC	EBX
  1502 00000EF5 75 D6                           	JNE	L282
  1503 00000EF7                                 L284:
  1504 00000EF7 83 C4 0C                        	ADD	ESP,12
  1505 00000EFA 5B                              	POP	EBX
  1506 00000EFB 5E                              	POP	ESI
  1507 00000EFC 5F                              	POP	EDI
  1508 00000EFD 5D                              	POP	EBP
  1509 00000EFE C3                              	RET
  1510 00000EFF                                 L271:
  1511 00000EFF 2B 55 10                        	SUB	EDX,DWORD [16+EBP]
  1512 00000F02 4A                              	DEC	EDX
  1513 00000F03 EB B8                           	JMP	L286
  1514 00000F05                                 L268:
  1515 00000F05 8D 4F 01                        	LEA	ECX,DWORD [1+EDI]
  1516 00000F08 39 55 10                        	CMP	DWORD [16+EBP],EDX
  1517 00000F0B BF FFFFFC00                     	MOV	EDI,-1024
  1518 00000F10 7F 05                           	JG	L275
  1519 00000F12 BF 00000400                     	MOV	EDI,1024
  1520 00000F17                                 L275:
  1521 00000F17 39 C3                           	CMP	EBX,EAX
  1522 00000F19 7F 11                           	JG	L276
  1523 00000F1B 29 D8                           	SUB	EAX,EBX
  1524 00000F1D 8D 50 01                        	LEA	EDX,DWORD [1+EAX]
  1525 00000F20                                 L285:
  1526 00000F20 C1 E2 0A                        	SAL	EDX,10
  1527 00000F23 89 D0                           	MOV	EAX,EDX
  1528 00000F25 99                              	CDQ
  1529 00000F26 F7 F9                           	IDIV	ECX
  1530 00000F28 89 C6                           	MOV	ESI,EAX
  1531 00000F2A EB 9B                           	JMP	L273
  1532 00000F2C                                 L276:
  1533 00000F2C 29 D8                           	SUB	EAX,EBX
  1534 00000F2E 8D 50 FF                        	LEA	EDX,DWORD [-1+EAX]
  1535 00000F31 EB ED                           	JMP	L285
  1536 00000F33                                 L288:
  1537 00000F33 F7 DF                           	NEG	EDI
  1538 00000F35 E9 FFFFFF65                     	JMP	L267
  1539 00000F3A                                 L287:
  1540 00000F3A F7 DE                           	NEG	ESI
  1541 00000F3C E9 FFFFFF56                     	JMP	L266
