     1 00000000                                 [FORMAT "WCOFF"]
     2 00000000                                 [INSTRSET "i486p"]
     3 00000000                                 [OPTIMIZE 1]
     4 00000000                                 [OPTION 1]
     5 00000000                                 [BITS 32]
     6 00000000                                 	EXTERN	_init_gdtidt
     7 00000000                                 	EXTERN	_init_pic
     8 00000000                                 	EXTERN	_io_sti
     9 00000000                                 	EXTERN	_fifo32_init
    10 00000000                                 	EXTERN	_init_pit
    11 00000000                                 	EXTERN	_init_keyboard
    12 00000000                                 	EXTERN	_enable_mouse
    13 00000000                                 	EXTERN	_io_out8
    14 00000000                                 	EXTERN	_timer_alloc
    15 00000000                                 	EXTERN	_timer_init
    16 00000000                                 	EXTERN	_timer_settime
    17 00000000                                 	EXTERN	_memtest
    18 00000000                                 	EXTERN	_memman_init
    19 00000000                                 	EXTERN	_memman_free
    20 00000000                                 	EXTERN	_init_palette
    21 00000000                                 	EXTERN	_shtctl_init
    22 00000000                                 	EXTERN	_sheet_alloc
    23 00000000                                 	EXTERN	_memman_alloc_4k
    24 00000000                                 	EXTERN	_sheet_setbuf
    25 00000000                                 	EXTERN	_init_screen8
    26 00000000                                 	EXTERN	_init_mouse_cursor8
    27 00000000                                 	EXTERN	_sheet_slide
    28 00000000                                 	EXTERN	_sheet_updown
    29 00000000                                 	EXTERN	_sprintf
    30 00000000                                 	EXTERN	_memman_total
    31 00000000                                 	EXTERN	_io_cli
    32 00000000                                 	EXTERN	_fifo32_status
    33 00000000                                 	EXTERN	_fifo32_get
    34 00000000                                 	EXTERN	_boxfill8
    35 00000000                                 	EXTERN	_sheet_refresh
    36 00000000                                 	EXTERN	_mouse_decode
    37 00000000                                 	EXTERN	_keytable.0
    38 00000000                                 	EXTERN	_io_stihlt
    39 00000000                                 	EXTERN	_putfonts8_asc
    40 00000000                                 [FILE "bootpack.c"]
    41                                          [SECTION .data]
    42 00000000                                 _keytable.0:
    43 00000000 00                              	DB	0
    44 00000001 00                              	DB	0
    45 00000002 31                              	DB	49
    46 00000003 32                              	DB	50
    47 00000004 33                              	DB	51
    48 00000005 34                              	DB	52
    49 00000006 35                              	DB	53
    50 00000007 36                              	DB	54
    51 00000008 37                              	DB	55
    52 00000009 38                              	DB	56
    53 0000000A 39                              	DB	57
    54 0000000B 30                              	DB	48
    55 0000000C 2D                              	DB	45
    56 0000000D 5E                              	DB	94
    57 0000000E 00                              	DB	0
    58 0000000F 00                              	DB	0
    59 00000010 51                              	DB	81
    60 00000011 57                              	DB	87
    61 00000012 45                              	DB	69
    62 00000013 52                              	DB	82
    63 00000014 54                              	DB	84
    64 00000015 59                              	DB	89
    65 00000016 55                              	DB	85
    66 00000017 49                              	DB	73
    67 00000018 4F                              	DB	79
    68 00000019 50                              	DB	80
    69 0000001A 40                              	DB	64
    70 0000001B 5B                              	DB	91
    71 0000001C 00                              	DB	0
    72 0000001D 00                              	DB	0
    73 0000001E 41                              	DB	65
    74 0000001F 53                              	DB	83
    75 00000020 44                              	DB	68
    76 00000021 46                              	DB	70
    77 00000022 47                              	DB	71
    78 00000023 48                              	DB	72
    79 00000024 4A                              	DB	74
    80 00000025 4B                              	DB	75
    81 00000026 4C                              	DB	76
    82 00000027 3B                              	DB	59
    83 00000028 3A                              	DB	58
    84 00000029 00                              	DB	0
    85 0000002A 00                              	DB	0
    86 0000002B 5D                              	DB	93
    87 0000002C 5A                              	DB	90
    88 0000002D 58                              	DB	88
    89 0000002E 43                              	DB	67
    90 0000002F 56                              	DB	86
    91 00000030 42                              	DB	66
    92 00000031 4E                              	DB	78
    93 00000032 4D                              	DB	77
    94 00000033 2C                              	DB	44
    95 00000034 2E                              	DB	46
    96 00000035 2F                              	DB	47
    97 00000036 00                              	DB	0
    98 00000037 2A                              	DB	42
    99 00000038 00                              	DB	0
   100 00000039 20                              	DB	32
   101 0000003A 00                              	DB	0
   102 0000003B 00                              	DB	0
   103 0000003C 00                              	DB	0
   104 0000003D 00                              	DB	0
   105 0000003E 00                              	DB	0
   106 0000003F 00                              	DB	0
   107 00000040 00                              	DB	0
   108 00000041 00                              	DB	0
   109 00000042 00                              	DB	0
   110 00000043 00                              	DB	0
   111 00000044 00                              	DB	0
   112 00000045 00                              	DB	0
   113 00000046 00                              	DB	0
   114 00000047 37                              	DB	55
   115 00000048 38                              	DB	56
   116 00000049 39                              	DB	57
   117 0000004A 2D                              	DB	45
   118 0000004B 34                              	DB	52
   119 0000004C 35                              	DB	53
   120 0000004D 36                              	DB	54
   121 0000004E 2B                              	DB	43
   122 0000004F 31                              	DB	49
   123 00000050 32                              	DB	50
   124 00000051 33                              	DB	51
   125 00000052 30                              	DB	48
   126 00000053 2E                              	DB	46
   127 00000054                                 LC0:
   128 00000054 77 69 6E 64 6F 77 00            	DB	"window",0x00
   129 0000005B                                 LC1:
   130 0000005B 28 25 33 64 2C 20 25 33 64 29   	DB	"(%3d, %3d)",0x00
       00000065 00 
   131 00000066                                 LC2:
   132 00000066 6D 65 6D 6F 72 79 20 25 64 4D   	DB	"memory %dMB   free : %dKB",0x00
       00000070 42 20 20 20 66 72 65 65 20 3A 
       0000007A 20 25 64 4B 42 00 
   133 00000080                                 LC6:
   134 00000080 33 5B 73 65 63 5D 00            	DB	"3[sec]",0x00
   135 00000087                                 LC5:
   136 00000087 31 30 5B 73 65 63 5D 00         	DB	"10[sec]",0x00
   137 0000008F                                 LC4:
   138 0000008F 5B 6C 63 72 20 25 34 64 20 25   	DB	"[lcr %4d %4d]",0x00
       00000099 34 64 5D 00 
   139 0000009D                                 LC3:
   140 0000009D 25 30 32 58 00                  	DB	"%02X",0x00
   141                                          [SECTION .text]
   142 00000000                                 	GLOBAL	_HariMain
   143 00000000                                 _HariMain:
   144 00000000 55                              	PUSH	EBP
   145 00000001 89 E5                           	MOV	EBP,ESP
   146 00000003 57                              	PUSH	EDI
   147 00000004 56                              	PUSH	ESI
   148 00000005 53                              	PUSH	EBX
   149 00000006 8D 5D D4                        	LEA	EBX,DWORD [-44+EBP]
   150 00000009 81 EC 00000384                  	SUB	ESP,900
   151 0000000F E8 [00000000]                   	CALL	_init_gdtidt
   152 00000014 E8 [00000000]                   	CALL	_init_pic
   153 00000019 E8 [00000000]                   	CALL	_io_sti
   154 0000001E 8D 85 FFFFFDA4                  	LEA	EAX,DWORD [-604+EBP]
   155 00000024 50                              	PUSH	EAX
   156 00000025 68 00000080                     	PUSH	128
   157 0000002A 53                              	PUSH	EBX
   158 0000002B E8 [00000000]                   	CALL	_fifo32_init
   159 00000030 E8 [00000000]                   	CALL	_init_pit
   160 00000035 68 00000100                     	PUSH	256
   161 0000003A 53                              	PUSH	EBX
   162 0000003B E8 [00000000]                   	CALL	_init_keyboard
   163 00000040 8D 85 FFFFFD94                  	LEA	EAX,DWORD [-620+EBP]
   164 00000046 50                              	PUSH	EAX
   165 00000047 68 00000200                     	PUSH	512
   166 0000004C 53                              	PUSH	EBX
   167 0000004D E8 [00000000]                   	CALL	_enable_mouse
   168 00000052 83 C4 20                        	ADD	ESP,32
   169 00000055 68 000000F8                     	PUSH	248
   170 0000005A 6A 21                           	PUSH	33
   171 0000005C E8 [00000000]                   	CALL	_io_out8
   172 00000061 68 000000EF                     	PUSH	239
   173 00000066 68 000000A1                     	PUSH	161
   174 0000006B E8 [00000000]                   	CALL	_io_out8
   175 00000070 6A 01                           	PUSH	1
   176 00000072 53                              	PUSH	EBX
   177 00000073 E8 00000705                     	CALL	_set490
   178 00000078 E8 [00000000]                   	CALL	_timer_alloc
   179 0000007D 6A 0A                           	PUSH	10
   180 0000007F 53                              	PUSH	EBX
   181 00000080 89 C6                           	MOV	ESI,EAX
   182 00000082 50                              	PUSH	EAX
   183 00000083 E8 [00000000]                   	CALL	_timer_init
   184 00000088 83 C4 24                        	ADD	ESP,36
   185 0000008B 68 000003E8                     	PUSH	1000
   186 00000090 56                              	PUSH	ESI
   187 00000091 E8 [00000000]                   	CALL	_timer_settime
   188 00000096 E8 [00000000]                   	CALL	_timer_alloc
   189 0000009B 6A 03                           	PUSH	3
   190 0000009D 53                              	PUSH	EBX
   191 0000009E 89 C6                           	MOV	ESI,EAX
   192 000000A0 50                              	PUSH	EAX
   193 000000A1 E8 [00000000]                   	CALL	_timer_init
   194 000000A6 68 0000012C                     	PUSH	300
   195 000000AB 56                              	PUSH	ESI
   196 000000AC E8 [00000000]                   	CALL	_timer_settime
   197 000000B1 E8 [00000000]                   	CALL	_timer_alloc
   198 000000B6 6A 01                           	PUSH	1
   199 000000B8 53                              	PUSH	EBX
   200 000000B9 50                              	PUSH	EAX
   201 000000BA 89 85 FFFFFC90                  	MOV	DWORD [-880+EBP],EAX
   202 000000C0 E8 [00000000]                   	CALL	_timer_init
   203 000000C5 83 C4 28                        	ADD	ESP,40
   204 000000C8 6A 32                           	PUSH	50
   205 000000CA FF B5 FFFFFC90                  	PUSH	DWORD [-880+EBP]
   206 000000D0 E8 [00000000]                   	CALL	_timer_settime
   207 000000D5 68 BFFFFFFF                     	PUSH	-1073741825
   208 000000DA 68 00400000                     	PUSH	4194304
   209 000000DF E8 [00000000]                   	CALL	_memtest
   210 000000E4 68 003C0000                     	PUSH	3932160
   211 000000E9 89 85 FFFFFC88                  	MOV	DWORD [-888+EBP],EAX
   212 000000EF E8 [00000000]                   	CALL	_memman_init
   213 000000F4 68 0009E000                     	PUSH	647168
   214 000000F9 68 00001000                     	PUSH	4096
   215 000000FE 68 003C0000                     	PUSH	3932160
   216 00000103 E8 [00000000]                   	CALL	_memman_free
   217 00000108 8B 85 FFFFFC88                  	MOV	EAX,DWORD [-888+EBP]
   218 0000010E 83 C4 20                        	ADD	ESP,32
   219 00000111 2D 00400000                     	SUB	EAX,4194304
   220 00000116 50                              	PUSH	EAX
   221 00000117 68 00400000                     	PUSH	4194304
   222 0000011C 68 003C0000                     	PUSH	3932160
   223 00000121 E8 [00000000]                   	CALL	_memman_free
   224 00000126 E8 [00000000]                   	CALL	_init_palette
   225 0000012B 0F BF 05 00000FF6               	MOVSX	EAX,WORD [4086]
   226 00000132 50                              	PUSH	EAX
   227 00000133 0F BF 05 00000FF4               	MOVSX	EAX,WORD [4084]
   228 0000013A 50                              	PUSH	EAX
   229 0000013B FF 35 00000FF8                  	PUSH	DWORD [4088]
   230 00000141 68 003C0000                     	PUSH	3932160
   231 00000146 E8 [00000000]                   	CALL	_shtctl_init
   232 0000014B 89 C3                           	MOV	EBX,EAX
   233 0000014D 50                              	PUSH	EAX
   234 0000014E E8 [00000000]                   	CALL	_sheet_alloc
   235 00000153 83 C4 20                        	ADD	ESP,32
   236 00000156 53                              	PUSH	EBX
   237 00000157 89 85 FFFFFC84                  	MOV	DWORD [-892+EBP],EAX
   238 0000015D E8 [00000000]                   	CALL	_sheet_alloc
   239 00000162 53                              	PUSH	EBX
   240 00000163 8D 9D FFFFFC94                  	LEA	EBX,DWORD [-876+EBP]
   241 00000169 89 85 FFFFFC80                  	MOV	DWORD [-896+EBP],EAX
   242 0000016F E8 [00000000]                   	CALL	_sheet_alloc
   243 00000174 0F BF 15 00000FF6               	MOVSX	EDX,WORD [4086]
   244 0000017B 89 85 FFFFFC7C                  	MOV	DWORD [-900+EBP],EAX
   245 00000181 0F BF 05 00000FF4               	MOVSX	EAX,WORD [4084]
   246 00000188 0F AF C2                        	IMUL	EAX,EDX
   247 0000018B 50                              	PUSH	EAX
   248 0000018C 68 003C0000                     	PUSH	3932160
   249 00000191 E8 [00000000]                   	CALL	_memman_alloc_4k
   250 00000196 68 00002080                     	PUSH	8320
   251 0000019B 68 003C0000                     	PUSH	3932160
   252 000001A0 89 85 FFFFFC78                  	MOV	DWORD [-904+EBP],EAX
   253 000001A6 E8 [00000000]                   	CALL	_memman_alloc_4k
   254 000001AB 6A FF                           	PUSH	-1
   255 000001AD 89 C6                           	MOV	ESI,EAX
   256 000001AF 0F BF 05 00000FF6               	MOVSX	EAX,WORD [4086]
   257 000001B6 50                              	PUSH	EAX
   258 000001B7 0F BF 05 00000FF4               	MOVSX	EAX,WORD [4084]
   259 000001BE 50                              	PUSH	EAX
   260 000001BF FF B5 FFFFFC78                  	PUSH	DWORD [-904+EBP]
   261 000001C5 FF B5 FFFFFC84                  	PUSH	DWORD [-892+EBP]
   262 000001CB E8 [00000000]                   	CALL	_sheet_setbuf
   263 000001D0 83 C4 2C                        	ADD	ESP,44
   264 000001D3 6A 63                           	PUSH	99
   265 000001D5 6A 10                           	PUSH	16
   266 000001D7 6A 10                           	PUSH	16
   267 000001D9 53                              	PUSH	EBX
   268 000001DA FF B5 FFFFFC80                  	PUSH	DWORD [-896+EBP]
   269 000001E0 E8 [00000000]                   	CALL	_sheet_setbuf
   270 000001E5 6A FF                           	PUSH	-1
   271 000001E7 6A 34                           	PUSH	52
   272 000001E9 68 000000A0                     	PUSH	160
   273 000001EE 56                              	PUSH	ESI
   274 000001EF FF B5 FFFFFC7C                  	PUSH	DWORD [-900+EBP]
   275 000001F5 E8 [00000000]                   	CALL	_sheet_setbuf
   276 000001FA 83 C4 28                        	ADD	ESP,40
   277 000001FD 0F BF 05 00000FF6               	MOVSX	EAX,WORD [4086]
   278 00000204 50                              	PUSH	EAX
   279 00000205 0F BF 05 00000FF4               	MOVSX	EAX,WORD [4084]
   280 0000020C 50                              	PUSH	EAX
   281 0000020D FF B5 FFFFFC78                  	PUSH	DWORD [-904+EBP]
   282 00000213 E8 [00000000]                   	CALL	_init_screen8
   283 00000218 6A 63                           	PUSH	99
   284 0000021A 53                              	PUSH	EBX
   285 0000021B BB 00000002                     	MOV	EBX,2
   286 00000220 E8 [00000000]                   	CALL	_init_mouse_cursor8
   287 00000225 68 [00000054]                   	PUSH	LC0
   288 0000022A 6A 34                           	PUSH	52
   289 0000022C 68 000000A0                     	PUSH	160
   290 00000231 56                              	PUSH	ESI
   291 00000232 E8 00000353                     	CALL	_make_window8
   292 00000237 83 C4 24                        	ADD	ESP,36
   293 0000023A 6A 00                           	PUSH	0
   294 0000023C 6A 00                           	PUSH	0
   295 0000023E FF B5 FFFFFC84                  	PUSH	DWORD [-892+EBP]
   296 00000244 E8 [00000000]                   	CALL	_sheet_slide
   297 00000249 0F BF 05 00000FF4               	MOVSX	EAX,WORD [4084]
   298 00000250 8D 48 F0                        	LEA	ECX,DWORD [-16+EAX]
   299 00000253 89 C8                           	MOV	EAX,ECX
   300 00000255 99                              	CDQ
   301 00000256 F7 FB                           	IDIV	EBX
   302 00000258 89 85 FFFFFC8C                  	MOV	DWORD [-884+EBP],EAX
   303 0000025E 0F BF 05 00000FF6               	MOVSX	EAX,WORD [4086]
   304 00000265 8D 48 D4                        	LEA	ECX,DWORD [-44+EAX]
   305 00000268 89 C8                           	MOV	EAX,ECX
   306 0000026A 99                              	CDQ
   307 0000026B F7 FB                           	IDIV	EBX
   308 0000026D 50                              	PUSH	EAX
   309 0000026E 89 C7                           	MOV	EDI,EAX
   310 00000270 FF B5 FFFFFC8C                  	PUSH	DWORD [-884+EBP]
   311 00000276 FF B5 FFFFFC80                  	PUSH	DWORD [-896+EBP]
   312 0000027C 8D 5D A4                        	LEA	EBX,DWORD [-92+EBP]
   313 0000027F E8 [00000000]                   	CALL	_sheet_slide
   314 00000284 6A 48                           	PUSH	72
   315 00000286 6A 50                           	PUSH	80
   316 00000288 FF B5 FFFFFC7C                  	PUSH	DWORD [-900+EBP]
   317 0000028E E8 [00000000]                   	CALL	_sheet_slide
   318 00000293 83 C4 24                        	ADD	ESP,36
   319 00000296 6A 00                           	PUSH	0
   320 00000298 FF B5 FFFFFC84                  	PUSH	DWORD [-892+EBP]
   321 0000029E E8 [00000000]                   	CALL	_sheet_updown
   322 000002A3 6A 01                           	PUSH	1
   323 000002A5 FF B5 FFFFFC7C                  	PUSH	DWORD [-900+EBP]
   324 000002AB E8 [00000000]                   	CALL	_sheet_updown
   325 000002B0 6A 02                           	PUSH	2
   326 000002B2 FF B5 FFFFFC80                  	PUSH	DWORD [-896+EBP]
   327 000002B8 E8 [00000000]                   	CALL	_sheet_updown
   328 000002BD 57                              	PUSH	EDI
   329 000002BE FF B5 FFFFFC8C                  	PUSH	DWORD [-884+EBP]
   330 000002C4 68 [0000005B]                   	PUSH	LC1
   331 000002C9 53                              	PUSH	EBX
   332 000002CA E8 [00000000]                   	CALL	_sprintf
   333 000002CF 83 C4 28                        	ADD	ESP,40
   334 000002D2 6A 0A                           	PUSH	10
   335 000002D4 53                              	PUSH	EBX
   336 000002D5 6A 0E                           	PUSH	14
   337 000002D7 6A 07                           	PUSH	7
   338 000002D9 6A 00                           	PUSH	0
   339 000002DB 6A 00                           	PUSH	0
   340 000002DD FF B5 FFFFFC84                  	PUSH	DWORD [-892+EBP]
   341 000002E3 E8 0000040E                     	CALL	_putfonts8_asc_sht
   342 000002E8 68 003C0000                     	PUSH	3932160
   343 000002ED E8 [00000000]                   	CALL	_memman_total
   344 000002F2 C1 AD FFFFFC88 14               	SHR	DWORD [-888+EBP],20
   345 000002F9 C1 E8 0A                        	SHR	EAX,10
   346 000002FC 89 04 24                        	MOV	DWORD [ESP],EAX
   347 000002FF FF B5 FFFFFC88                  	PUSH	DWORD [-888+EBP]
   348 00000305 68 [00000066]                   	PUSH	LC2
   349 0000030A 53                              	PUSH	EBX
   350 0000030B E8 [00000000]                   	CALL	_sprintf
   351 00000310 83 C4 2C                        	ADD	ESP,44
   352 00000313 6A 28                           	PUSH	40
   353 00000315 53                              	PUSH	EBX
   354 00000316 6A 0E                           	PUSH	14
   355 00000318 6A 07                           	PUSH	7
   356 0000031A 6A 20                           	PUSH	32
   357 0000031C                                 L31:
   358 0000031C 6A 00                           	PUSH	0
   359 0000031E FF B5 FFFFFC84                  	PUSH	DWORD [-892+EBP]
   360 00000324                                 L29:
   361 00000324 E8 000003CD                     	CALL	_putfonts8_asc_sht
   362 00000329                                 L28:
   363 00000329 83 C4 1C                        	ADD	ESP,28
   364 0000032C                                 L2:
   365 0000032C 8D 75 D4                        	LEA	ESI,DWORD [-44+EBP]
   366 0000032F E8 [00000000]                   	CALL	_io_cli
   367 00000334 56                              	PUSH	ESI
   368 00000335 E8 [00000000]                   	CALL	_fifo32_status
   369 0000033A 59                              	POP	ECX
   370 0000033B 85 C0                           	TEST	EAX,EAX
   371 0000033D 0F 84 0000023D                  	JE	L32
   372 00000343 56                              	PUSH	ESI
   373 00000344 E8 [00000000]                   	CALL	_fifo32_get
   374 00000349 89 C3                           	MOV	EBX,EAX
   375 0000034B E8 [00000000]                   	CALL	_io_sti
   376 00000350 5A                              	POP	EDX
   377 00000351 8D 83 FFFFFF00                  	LEA	EAX,DWORD [-256+EBX]
   378 00000357 3D 000000FF                     	CMP	EAX,255
   379 0000035C 0F 86 000001BF                  	JBE	L33
   380 00000362 8D 83 FFFFFE00                  	LEA	EAX,DWORD [-512+EBX]
   381 00000368 3D 000000FF                     	CMP	EAX,255
   382 0000036D 0F 86 000000A8                  	JBE	L34
   383 00000373 83 FB 0A                        	CMP	EBX,10
   384 00000376 0F 84 0000008D                  	JE	L35
   385 0000037C 83 FB 03                        	CMP	EBX,3
   386 0000037F 74 76                           	JE	L36
   387 00000381 83 FB 01                        	CMP	EBX,1
   388 00000384 74 57                           	JE	L37
   389 00000386 85 DB                           	TEST	EBX,EBX
   390 00000388 75 A2                           	JNE	L2
   391 0000038A 6A 01                           	PUSH	1
   392 0000038C 56                              	PUSH	ESI
   393 0000038D FF B5 FFFFFC90                  	PUSH	DWORD [-880+EBP]
   394 00000393 E8 [00000000]                   	CALL	_timer_init
   395 00000398 6A 6F                           	PUSH	111
   396 0000039A 6A 0F                           	PUSH	15
   397 0000039C 6A 60                           	PUSH	96
   398 0000039E 6A 08                           	PUSH	8
   399 000003A0 6A 0E                           	PUSH	14
   400 000003A2                                 L30:
   401 000003A2 0F BF 05 00000FF4               	MOVSX	EAX,WORD [4084]
   402 000003A9 50                              	PUSH	EAX
   403 000003AA FF B5 FFFFFC78                  	PUSH	DWORD [-904+EBP]
   404 000003B0 E8 [00000000]                   	CALL	_boxfill8
   405 000003B5 83 C4 28                        	ADD	ESP,40
   406 000003B8 6A 32                           	PUSH	50
   407 000003BA FF B5 FFFFFC90                  	PUSH	DWORD [-880+EBP]
   408 000003C0 E8 [00000000]                   	CALL	_timer_settime
   409 000003C5 6A 70                           	PUSH	112
   410 000003C7 6A 10                           	PUSH	16
   411 000003C9 6A 60                           	PUSH	96
   412 000003CB 6A 08                           	PUSH	8
   413 000003CD FF B5 FFFFFC84                  	PUSH	DWORD [-892+EBP]
   414 000003D3 E8 [00000000]                   	CALL	_sheet_refresh
   415 000003D8 E9 FFFFFF4C                     	JMP	L28
   416 000003DD                                 L37:
   417 000003DD 6A 00                           	PUSH	0
   418 000003DF 56                              	PUSH	ESI
   419 000003E0 FF B5 FFFFFC90                  	PUSH	DWORD [-880+EBP]
   420 000003E6 E8 [00000000]                   	CALL	_timer_init
   421 000003EB 6A 6F                           	PUSH	111
   422 000003ED 6A 0F                           	PUSH	15
   423 000003EF 6A 60                           	PUSH	96
   424 000003F1 6A 08                           	PUSH	8
   425 000003F3 6A 07                           	PUSH	7
   426 000003F5 EB AB                           	JMP	L30
   427 000003F7                                 L36:
   428 000003F7 6A 06                           	PUSH	6
   429 000003F9 68 [00000080]                   	PUSH	LC6
   430 000003FE 6A 0E                           	PUSH	14
   431 00000400 6A 07                           	PUSH	7
   432 00000402 6A 50                           	PUSH	80
   433 00000404 E9 FFFFFF13                     	JMP	L31
   434 00000409                                 L35:
   435 00000409 6A 07                           	PUSH	7
   436 0000040B 68 [00000087]                   	PUSH	LC5
   437 00000410 6A 0E                           	PUSH	14
   438 00000412 6A 07                           	PUSH	7
   439 00000414 6A 40                           	PUSH	64
   440 00000416 E9 FFFFFF01                     	JMP	L31
   441 0000041B                                 L34:
   442 0000041B 0F B6 C3                        	MOVZX	EAX,BL
   443 0000041E 50                              	PUSH	EAX
   444 0000041F 8D 85 FFFFFD94                  	LEA	EAX,DWORD [-620+EBP]
   445 00000425 50                              	PUSH	EAX
   446 00000426 E8 [00000000]                   	CALL	_mouse_decode
   447 0000042B 5A                              	POP	EDX
   448 0000042C 59                              	POP	ECX
   449 0000042D 85 C0                           	TEST	EAX,EAX
   450 0000042F 0F 84 FFFFFEF7                  	JE	L2
   451 00000435 FF B5 FFFFFD9C                  	PUSH	DWORD [-612+EBP]
   452 0000043B FF B5 FFFFFD98                  	PUSH	DWORD [-616+EBP]
   453 00000441 68 [0000008F]                   	PUSH	LC4
   454 00000446 8D 5D A4                        	LEA	EBX,DWORD [-92+EBP]
   455 00000449 53                              	PUSH	EBX
   456 0000044A E8 [00000000]                   	CALL	_sprintf
   457 0000044F 83 C4 10                        	ADD	ESP,16
   458 00000452 8B 85 FFFFFDA0                  	MOV	EAX,DWORD [-608+EBP]
   459 00000458 A9 00000001                     	TEST	EAX,1
   460 0000045D 74 04                           	JE	L13
   461 0000045F C6 45 A5 4C                     	MOV	BYTE [-91+EBP],76
   462 00000463                                 L13:
   463 00000463 A9 00000002                     	TEST	EAX,2
   464 00000468 74 04                           	JE	L14
   465 0000046A C6 45 A7 52                     	MOV	BYTE [-89+EBP],82
   466 0000046E                                 L14:
   467 0000046E 83 E0 04                        	AND	EAX,4
   468 00000471 74 04                           	JE	L15
   469 00000473 C6 45 A6 43                     	MOV	BYTE [-90+EBP],67
   470 00000477                                 L15:
   471 00000477 6A 0F                           	PUSH	15
   472 00000479 53                              	PUSH	EBX
   473 0000047A 6A 0E                           	PUSH	14
   474 0000047C 6A 07                           	PUSH	7
   475 0000047E 6A 10                           	PUSH	16
   476 00000480 6A 20                           	PUSH	32
   477 00000482 FF B5 FFFFFC84                  	PUSH	DWORD [-892+EBP]
   478 00000488 E8 00000269                     	CALL	_putfonts8_asc_sht
   479 0000048D 8B 85 FFFFFD98                  	MOV	EAX,DWORD [-616+EBP]
   480 00000493 03 BD FFFFFD9C                  	ADD	EDI,DWORD [-612+EBP]
   481 00000499 83 C4 1C                        	ADD	ESP,28
   482 0000049C 01 85 FFFFFC8C                  	ADD	DWORD [-884+EBP],EAX
   483 000004A2 78 71                           	JS	L38
   484 000004A4                                 L16:
   485 000004A4 85 FF                           	TEST	EDI,EDI
   486 000004A6 78 69                           	JS	L39
   487 000004A8                                 L17:
   488 000004A8 0F BF 05 00000FF4               	MOVSX	EAX,WORD [4084]
   489 000004AF 48                              	DEC	EAX
   490 000004B0 39 85 FFFFFC8C                  	CMP	DWORD [-884+EBP],EAX
   491 000004B6 7E 06                           	JLE	L18
   492 000004B8 89 85 FFFFFC8C                  	MOV	DWORD [-884+EBP],EAX
   493 000004BE                                 L18:
   494 000004BE 0F BF 05 00000FF6               	MOVSX	EAX,WORD [4086]
   495 000004C5 48                              	DEC	EAX
   496 000004C6 39 C7                           	CMP	EDI,EAX
   497 000004C8 7E 02                           	JLE	L19
   498 000004CA 89 C7                           	MOV	EDI,EAX
   499 000004CC                                 L19:
   500 000004CC 57                              	PUSH	EDI
   501 000004CD FF B5 FFFFFC8C                  	PUSH	DWORD [-884+EBP]
   502 000004D3 68 [0000005B]                   	PUSH	LC1
   503 000004D8 53                              	PUSH	EBX
   504 000004D9 E8 [00000000]                   	CALL	_sprintf
   505 000004DE 6A 0A                           	PUSH	10
   506 000004E0 53                              	PUSH	EBX
   507 000004E1 6A 0E                           	PUSH	14
   508 000004E3 6A 07                           	PUSH	7
   509 000004E5 6A 00                           	PUSH	0
   510 000004E7 6A 00                           	PUSH	0
   511 000004E9 FF B5 FFFFFC84                  	PUSH	DWORD [-892+EBP]
   512 000004EF E8 00000202                     	CALL	_putfonts8_asc_sht
   513 000004F4 83 C4 2C                        	ADD	ESP,44
   514 000004F7 57                              	PUSH	EDI
   515 000004F8 FF B5 FFFFFC8C                  	PUSH	DWORD [-884+EBP]
   516 000004FE FF B5 FFFFFC80                  	PUSH	DWORD [-896+EBP]
   517 00000504 E8 [00000000]                   	CALL	_sheet_slide
   518 00000509 83 C4 0C                        	ADD	ESP,12
   519 0000050C E9 FFFFFE1B                     	JMP	L2
   520 00000511                                 L39:
   521 00000511 31 FF                           	XOR	EDI,EDI
   522 00000513 EB 93                           	JMP	L17
   523 00000515                                 L38:
   524 00000515 C7 85 FFFFFC8C 00000000         	MOV	DWORD [-884+EBP],0
   525 0000051F EB 83                           	JMP	L16
   526 00000521                                 L33:
   527 00000521 50                              	PUSH	EAX
   528 00000522 8D 75 A4                        	LEA	ESI,DWORD [-92+EBP]
   529 00000525 68 [0000009D]                   	PUSH	LC3
   530 0000052A 56                              	PUSH	ESI
   531 0000052B E8 [00000000]                   	CALL	_sprintf
   532 00000530 6A 02                           	PUSH	2
   533 00000532 56                              	PUSH	ESI
   534 00000533 6A 0E                           	PUSH	14
   535 00000535 6A 07                           	PUSH	7
   536 00000537 6A 10                           	PUSH	16
   537 00000539 6A 00                           	PUSH	0
   538 0000053B FF B5 FFFFFC84                  	PUSH	DWORD [-892+EBP]
   539 00000541 E8 000001B0                     	CALL	_putfonts8_asc_sht
   540 00000546 83 C4 28                        	ADD	ESP,40
   541 00000549 81 FB 00000153                  	CMP	EBX,339
   542 0000054F 0F 8F FFFFFDD7                  	JG	L2
   543 00000555 8A 83 [FFFFFF00]                	MOV	AL,BYTE [_keytable.0-256+EBX]
   544 0000055B 84 C0                           	TEST	AL,AL
   545 0000055D 0F 84 FFFFFDC9                  	JE	L2
   546 00000563 6A 01                           	PUSH	1
   547 00000565 88 45 A4                        	MOV	BYTE [-92+EBP],AL
   548 00000568 56                              	PUSH	ESI
   549 00000569 6A 08                           	PUSH	8
   550 0000056B 6A 00                           	PUSH	0
   551 0000056D 6A 1C                           	PUSH	28
   552 0000056F 6A 28                           	PUSH	40
   553 00000571 FF B5 FFFFFC7C                  	PUSH	DWORD [-900+EBP]
   554 00000577 C6 45 A5 00                     	MOV	BYTE [-91+EBP],0
   555 0000057B E9 FFFFFDA4                     	JMP	L29
   556 00000580                                 L32:
   557 00000580 E8 [00000000]                   	CALL	_io_stihlt
   558 00000585 E9 FFFFFDA2                     	JMP	L2
   559                                          [SECTION .data]
   560 000000A2                                 _closebtn.1:
   561 000000A2 4F 4F 4F 4F 4F 4F 4F 4F 4F 4F   	DB	"OOOOOOOOOOOOOOO@"
       000000AC 4F 4F 4F 4F 4F 40 
   562 000000B2 4F 51 51 51 51 51 51 51 51 51   	DB	"OQQQQQQQQQQQQQ$@"
       000000BC 51 51 51 51 24 40 
   563 000000C2 4F 51 51 51 51 51 51 51 51 51   	DB	"OQQQQQQQQQQQQQ$@"
       000000CC 51 51 51 51 24 40 
   564 000000D2 4F 51 51 51 40 40 51 51 51 51   	DB	"OQQQ@@QQQQ@@QQ$@"
       000000DC 40 40 51 51 24 40 
   565 000000E2 4F 51 51 51 51 40 40 51 51 40   	DB	"OQQQQ@@QQ@@QQQ$@"
       000000EC 40 51 51 51 24 40 
   566 000000F2 4F 51 51 51 51 51 40 40 40 40   	DB	"OQQQQQ@@@@QQQQ$@"
       000000FC 51 51 51 51 24 40 
   567 00000102 4F 51 51 51 51 51 51 40 40 51   	DB	"OQQQQQQ@@QQQQQ$@"
       0000010C 51 51 51 51 24 40 
   568 00000112 4F 51 51 51 51 51 40 40 40 40   	DB	"OQQQQQ@@@@QQQQ$@"
       0000011C 51 51 51 51 24 40 
   569 00000122 4F 51 51 51 51 40 40 51 51 40   	DB	"OQQQQ@@QQ@@QQQ$@"
       0000012C 40 51 51 51 24 40 
   570 00000132 4F 51 51 51 40 40 51 51 51 51   	DB	"OQQQ@@QQQQ@@QQ$@"
       0000013C 40 40 51 51 24 40 
   571 00000142 4F 51 51 51 51 51 51 51 51 51   	DB	"OQQQQQQQQQQQQQ$@"
       0000014C 51 51 51 51 24 40 
   572 00000152 4F 51 51 51 51 51 51 51 51 51   	DB	"OQQQQQQQQQQQQQ$@"
       0000015C 51 51 51 51 24 40 
   573 00000162 4F 24 24 24 24 24 24 24 24 24   	DB	"O$$$$$$$$$$$$$$@"
       0000016C 24 24 24 24 24 40 
   574 00000172 40 40 40 40 40 40 40 40 40 40   	DB	"@@@@@@@@@@@@@@@@"
       0000017C 40 40 40 40 40 40 
   575                                          [SECTION .text]
   576 0000058A                                 	GLOBAL	_make_window8
   577 0000058A                                 _make_window8:
   578 0000058A 55                              	PUSH	EBP
   579 0000058B 89 E5                           	MOV	EBP,ESP
   580 0000058D 57                              	PUSH	EDI
   581 0000058E 56                              	PUSH	ESI
   582 0000058F 53                              	PUSH	EBX
   583 00000590 83 EC 14                        	SUB	ESP,20
   584 00000593 8B 5D 0C                        	MOV	EBX,DWORD [12+EBP]
   585 00000596 6A 00                           	PUSH	0
   586 00000598 8D 43 FF                        	LEA	EAX,DWORD [-1+EBX]
   587 0000059B 8D 7B FE                        	LEA	EDI,DWORD [-2+EBX]
   588 0000059E 50                              	PUSH	EAX
   589 0000059F 89 45 EC                        	MOV	DWORD [-20+EBP],EAX
   590 000005A2 6A 00                           	PUSH	0
   591 000005A4 6A 00                           	PUSH	0
   592 000005A6 6A 08                           	PUSH	8
   593 000005A8 53                              	PUSH	EBX
   594 000005A9 FF 75 08                        	PUSH	DWORD [8+EBP]
   595 000005AC E8 [00000000]                   	CALL	_boxfill8
   596 000005B1 6A 01                           	PUSH	1
   597 000005B3 57                              	PUSH	EDI
   598 000005B4 6A 01                           	PUSH	1
   599 000005B6 6A 01                           	PUSH	1
   600 000005B8 6A 07                           	PUSH	7
   601 000005BA 53                              	PUSH	EBX
   602 000005BB FF 75 08                        	PUSH	DWORD [8+EBP]
   603 000005BE E8 [00000000]                   	CALL	_boxfill8
   604 000005C3 8B 55 10                        	MOV	EDX,DWORD [16+EBP]
   605 000005C6 83 C4 38                        	ADD	ESP,56
   606 000005C9 4A                              	DEC	EDX
   607 000005CA 89 55 E8                        	MOV	DWORD [-24+EBP],EDX
   608 000005CD 52                              	PUSH	EDX
   609 000005CE 6A 00                           	PUSH	0
   610 000005D0 6A 00                           	PUSH	0
   611 000005D2 6A 00                           	PUSH	0
   612 000005D4 6A 08                           	PUSH	8
   613 000005D6 53                              	PUSH	EBX
   614 000005D7 FF 75 08                        	PUSH	DWORD [8+EBP]
   615 000005DA E8 [00000000]                   	CALL	_boxfill8
   616 000005DF 8B 75 10                        	MOV	ESI,DWORD [16+EBP]
   617 000005E2 83 EE 02                        	SUB	ESI,2
   618 000005E5 56                              	PUSH	ESI
   619 000005E6 6A 01                           	PUSH	1
   620 000005E8 6A 01                           	PUSH	1
   621 000005EA 6A 01                           	PUSH	1
   622 000005EC 6A 07                           	PUSH	7
   623 000005EE 53                              	PUSH	EBX
   624 000005EF FF 75 08                        	PUSH	DWORD [8+EBP]
   625 000005F2 E8 [00000000]                   	CALL	_boxfill8
   626 000005F7 83 C4 38                        	ADD	ESP,56
   627 000005FA 56                              	PUSH	ESI
   628 000005FB 57                              	PUSH	EDI
   629 000005FC 6A 01                           	PUSH	1
   630 000005FE 57                              	PUSH	EDI
   631 000005FF 6A 0F                           	PUSH	15
   632 00000601 53                              	PUSH	EBX
   633 00000602 FF 75 08                        	PUSH	DWORD [8+EBP]
   634 00000605 E8 [00000000]                   	CALL	_boxfill8
   635 0000060A FF 75 E8                        	PUSH	DWORD [-24+EBP]
   636 0000060D FF 75 EC                        	PUSH	DWORD [-20+EBP]
   637 00000610 6A 00                           	PUSH	0
   638 00000612 FF 75 EC                        	PUSH	DWORD [-20+EBP]
   639 00000615 6A 00                           	PUSH	0
   640 00000617 53                              	PUSH	EBX
   641 00000618 FF 75 08                        	PUSH	DWORD [8+EBP]
   642 0000061B E8 [00000000]                   	CALL	_boxfill8
   643 00000620 8B 45 10                        	MOV	EAX,DWORD [16+EBP]
   644 00000623 83 C4 38                        	ADD	ESP,56
   645 00000626 83 E8 03                        	SUB	EAX,3
   646 00000629 50                              	PUSH	EAX
   647 0000062A 8D 43 FD                        	LEA	EAX,DWORD [-3+EBX]
   648 0000062D 50                              	PUSH	EAX
   649 0000062E 6A 02                           	PUSH	2
   650 00000630 6A 02                           	PUSH	2
   651 00000632 6A 08                           	PUSH	8
   652 00000634 53                              	PUSH	EBX
   653 00000635 FF 75 08                        	PUSH	DWORD [8+EBP]
   654 00000638 E8 [00000000]                   	CALL	_boxfill8
   655 0000063D 8D 43 FC                        	LEA	EAX,DWORD [-4+EBX]
   656 00000640 6A 14                           	PUSH	20
   657 00000642 50                              	PUSH	EAX
   658 00000643 6A 03                           	PUSH	3
   659 00000645 6A 03                           	PUSH	3
   660 00000647 6A 0C                           	PUSH	12
   661 00000649 53                              	PUSH	EBX
   662 0000064A FF 75 08                        	PUSH	DWORD [8+EBP]
   663 0000064D E8 [00000000]                   	CALL	_boxfill8
   664 00000652 83 C4 38                        	ADD	ESP,56
   665 00000655 56                              	PUSH	ESI
   666 00000656 57                              	PUSH	EDI
   667 00000657 56                              	PUSH	ESI
   668 00000658 6A 01                           	PUSH	1
   669 0000065A 6A 0F                           	PUSH	15
   670 0000065C 53                              	PUSH	EBX
   671 0000065D FF 75 08                        	PUSH	DWORD [8+EBP]
   672 00000660 E8 [00000000]                   	CALL	_boxfill8
   673 00000665 FF 75 E8                        	PUSH	DWORD [-24+EBP]
   674 00000668 FF 75 EC                        	PUSH	DWORD [-20+EBP]
   675 0000066B FF 75 E8                        	PUSH	DWORD [-24+EBP]
   676 0000066E 6A 00                           	PUSH	0
   677 00000670 6A 00                           	PUSH	0
   678 00000672 6B F3 05                        	IMUL	ESI,EBX,5
   679 00000675 53                              	PUSH	EBX
   680 00000676 FF 75 08                        	PUSH	DWORD [8+EBP]
   681 00000679 E8 [00000000]                   	CALL	_boxfill8
   682 0000067E 83 C4 38                        	ADD	ESP,56
   683 00000681 FF 75 14                        	PUSH	DWORD [20+EBP]
   684 00000684 6A 07                           	PUSH	7
   685 00000686 6A 04                           	PUSH	4
   686 00000688 6A 18                           	PUSH	24
   687 0000068A 53                              	PUSH	EBX
   688 0000068B FF 75 08                        	PUSH	DWORD [8+EBP]
   689 0000068E E8 [00000000]                   	CALL	_putfonts8_asc
   690 00000693 83 C4 18                        	ADD	ESP,24
   691 00000696 C7 45 F0 00000000               	MOV	DWORD [-16+EBP],0
   692 0000069D C7 45 E0 00000000               	MOV	DWORD [-32+EBP],0
   693 000006A4                                 L56:
   694 000006A4 8D 04 1E                        	LEA	EAX,DWORD [ESI+EBX*1]
   695 000006A7 8B 55 08                        	MOV	EDX,DWORD [8+EBP]
   696 000006AA 31 FF                           	XOR	EDI,EDI
   697 000006AC 8D 4C 02 EB                     	LEA	ECX,DWORD [-21+EDX+EAX*1]
   698 000006B0                                 L55:
   699 000006B0 8B 45 E0                        	MOV	EAX,DWORD [-32+EBP]
   700 000006B3 8A 94 07 [000000A2]             	MOV	DL,BYTE [_closebtn.1+EDI+EAX*1]
   701 000006BA 80 FA 40                        	CMP	DL,64
   702 000006BD 74 33                           	JE	L61
   703 000006BF 80 FA 24                        	CMP	DL,36
   704 000006C2 74 2A                           	JE	L62
   705 000006C4 80 FA 51                        	CMP	DL,81
   706 000006C7 B2 08                           	MOV	DL,8
   707 000006C9 0F 95 C0                        	SETNE	AL
   708 000006CC 28 C2                           	SUB	DL,AL
   709 000006CE                                 L50:
   710 000006CE 47                              	INC	EDI
   711 000006CF 88 11                           	MOV	BYTE [ECX],DL
   712 000006D1 41                              	INC	ECX
   713 000006D2 83 FF 0F                        	CMP	EDI,15
   714 000006D5 7E D9                           	JLE	L55
   715 000006D7 FF 45 F0                        	INC	DWORD [-16+EBP]
   716 000006DA 01 DE                           	ADD	ESI,EBX
   717 000006DC 83 45 E0 10                     	ADD	DWORD [-32+EBP],16
   718 000006E0 83 7D F0 0D                     	CMP	DWORD [-16+EBP],13
   719 000006E4 7E BE                           	JLE	L56
   720 000006E6 8D 65 F4                        	LEA	ESP,DWORD [-12+EBP]
   721 000006E9 5B                              	POP	EBX
   722 000006EA 5E                              	POP	ESI
   723 000006EB 5F                              	POP	EDI
   724 000006EC 5D                              	POP	EBP
   725 000006ED C3                              	RET
   726 000006EE                                 L62:
   727 000006EE B2 0F                           	MOV	DL,15
   728 000006F0 EB DC                           	JMP	L50
   729 000006F2                                 L61:
   730 000006F2 31 D2                           	XOR	EDX,EDX
   731 000006F4 EB D8                           	JMP	L50
   732 000006F6                                 	GLOBAL	_putfonts8_asc_sht
   733 000006F6                                 _putfonts8_asc_sht:
   734 000006F6 55                              	PUSH	EBP
   735 000006F7 89 E5                           	MOV	EBP,ESP
   736 000006F9 57                              	PUSH	EDI
   737 000006FA 56                              	PUSH	ESI
   738 000006FB 53                              	PUSH	EBX
   739 000006FC 83 EC 0C                        	SUB	ESP,12
   740 000006FF 8B 45 08                        	MOV	EAX,DWORD [8+EBP]
   741 00000702 8B 7D 10                        	MOV	EDI,DWORD [16+EBP]
   742 00000705 89 45 F0                        	MOV	DWORD [-16+EBP],EAX
   743 00000708 8B 5D 14                        	MOV	EBX,DWORD [20+EBP]
   744 0000070B 8B 45 0C                        	MOV	EAX,DWORD [12+EBP]
   745 0000070E 89 45 EC                        	MOV	DWORD [-20+EBP],EAX
   746 00000711 8B 45 1C                        	MOV	EAX,DWORD [28+EBP]
   747 00000714 89 45 E8                        	MOV	DWORD [-24+EBP],EAX
   748 00000717 8D 47 0F                        	LEA	EAX,DWORD [15+EDI]
   749 0000071A 50                              	PUSH	EAX
   750 0000071B 8B 45 EC                        	MOV	EAX,DWORD [-20+EBP]
   751 0000071E 8B 75 20                        	MOV	ESI,DWORD [32+EBP]
   752 00000721 0F BE DB                        	MOVSX	EBX,BL
   753 00000724 8D 34 F0                        	LEA	ESI,DWORD [EAX+ESI*8]
   754 00000727 8D 46 FF                        	LEA	EAX,DWORD [-1+ESI]
   755 0000072A 50                              	PUSH	EAX
   756 0000072B 57                              	PUSH	EDI
   757 0000072C FF 75 EC                        	PUSH	DWORD [-20+EBP]
   758 0000072F 0F B6 45 18                     	MOVZX	EAX,BYTE [24+EBP]
   759 00000733 50                              	PUSH	EAX
   760 00000734 8B 45 F0                        	MOV	EAX,DWORD [-16+EBP]
   761 00000737 FF 70 04                        	PUSH	DWORD [4+EAX]
   762 0000073A FF 30                           	PUSH	DWORD [EAX]
   763 0000073C E8 [00000000]                   	CALL	_boxfill8
   764 00000741 FF 75 E8                        	PUSH	DWORD [-24+EBP]
   765 00000744 53                              	PUSH	EBX
   766 00000745 57                              	PUSH	EDI
   767 00000746 FF 75 EC                        	PUSH	DWORD [-20+EBP]
   768 00000749 8B 45 F0                        	MOV	EAX,DWORD [-16+EBP]
   769 0000074C FF 70 04                        	PUSH	DWORD [4+EAX]
   770 0000074F FF 30                           	PUSH	DWORD [EAX]
   771 00000751 E8 [00000000]                   	CALL	_putfonts8_asc
   772 00000756 89 7D 10                        	MOV	DWORD [16+EBP],EDI
   773 00000759 8D 47 10                        	LEA	EAX,DWORD [16+EDI]
   774 0000075C 89 75 14                        	MOV	DWORD [20+EBP],ESI
   775 0000075F 89 45 18                        	MOV	DWORD [24+EBP],EAX
   776 00000762 83 C4 34                        	ADD	ESP,52
   777 00000765 8B 45 EC                        	MOV	EAX,DWORD [-20+EBP]
   778 00000768 89 45 0C                        	MOV	DWORD [12+EBP],EAX
   779 0000076B 8B 45 F0                        	MOV	EAX,DWORD [-16+EBP]
   780 0000076E 89 45 08                        	MOV	DWORD [8+EBP],EAX
   781 00000771 8D 65 F4                        	LEA	ESP,DWORD [-12+EBP]
   782 00000774 5B                              	POP	EBX
   783 00000775 5E                              	POP	ESI
   784 00000776 5F                              	POP	EDI
   785 00000777 5D                              	POP	EBP
   786 00000778 E9 [00000000]                   	JMP	_sheet_refresh
   787 0000077D                                 	GLOBAL	_set490
   788 0000077D                                 _set490:
   789 0000077D 55                              	PUSH	EBP
   790 0000077E 89 E5                           	MOV	EBP,ESP
   791 00000780 57                              	PUSH	EDI
   792 00000781 56                              	PUSH	ESI
   793 00000782 53                              	PUSH	EBX
   794 00000783 83 7D 0C 00                     	CMP	DWORD [12+EBP],0
   795 00000787 74 34                           	JE	L64
   796 00000789 31 F6                           	XOR	ESI,ESI
   797 0000078B BF 19BFCC00                     	MOV	EDI,432000000
   798 00000790                                 L70:
   799 00000790 E8 [00000000]                   	CALL	_timer_alloc
   800 00000795 89 C3                           	MOV	EBX,EAX
   801 00000797 8D 86 00000400                  	LEA	EAX,DWORD [1024+ESI]
   802 0000079D 50                              	PUSH	EAX
   803 0000079E 46                              	INC	ESI
   804 0000079F FF 75 08                        	PUSH	DWORD [8+EBP]
   805 000007A2 53                              	PUSH	EBX
   806 000007A3 E8 [00000000]                   	CALL	_timer_init
   807 000007A8 57                              	PUSH	EDI
   808 000007A9 53                              	PUSH	EBX
   809 000007AA 83 C7 64                        	ADD	EDI,100
   810 000007AD E8 [00000000]                   	CALL	_timer_settime
   811 000007B2 83 C4 14                        	ADD	ESP,20
   812 000007B5 81 FE 000001E9                  	CMP	ESI,489
   813 000007BB 7E D3                           	JLE	L70
   814 000007BD                                 L64:
   815 000007BD 8D 65 F4                        	LEA	ESP,DWORD [-12+EBP]
   816 000007C0 5B                              	POP	EBX
   817 000007C1 5E                              	POP	ESI
   818 000007C2 5F                              	POP	EDI
   819 000007C3 5D                              	POP	EBP
   820 000007C4 C3                              	RET
