     1 00000000                                 [FORMAT "WCOFF"]
     2 00000000                                 [INSTRSET "i486p"]
     3 00000000                                 [OPTIMIZE 1]
     4 00000000                                 [OPTION 1]
     5 00000000                                 [BITS 32]
     6 00000000                                 	EXTERN	_init_gdtidt
     7 00000000                                 	EXTERN	_init_pic
     8 00000000                                 	EXTERN	_io_sti
     9 00000000                                 	EXTERN	_fifo32_init
    10 00000000                                 	EXTERN	_init_pit
    11 00000000                                 	EXTERN	_init_keyboard
    12 00000000                                 	EXTERN	_enable_mouse
    13 00000000                                 	EXTERN	_io_out8
    14 00000000                                 	EXTERN	_timer_alloc
    15 00000000                                 	EXTERN	_timer_init
    16 00000000                                 	EXTERN	_timer_settime
    17 00000000                                 	EXTERN	_memtest
    18 00000000                                 	EXTERN	_memman_init
    19 00000000                                 	EXTERN	_memman_free
    20 00000000                                 	EXTERN	_init_palette
    21 00000000                                 	EXTERN	_shtctl_init
    22 00000000                                 	EXTERN	_sheet_alloc
    23 00000000                                 	EXTERN	_memman_alloc_4k
    24 00000000                                 	EXTERN	_sheet_setbuf
    25 00000000                                 	EXTERN	_init_screen8
    26 00000000                                 	EXTERN	_init_mouse_cursor8
    27 00000000                                 	EXTERN	_sheet_slide
    28 00000000                                 	EXTERN	_sheet_updown
    29 00000000                                 	EXTERN	_sprintf
    30 00000000                                 	EXTERN	_memman_total
    31 00000000                                 	EXTERN	_task_init
    32 00000000                                 	EXTERN	_task_alloc
    33 00000000                                 	EXTERN	_task_run
    34 00000000                                 	EXTERN	_io_cli
    35 00000000                                 	EXTERN	_fifo32_status
    36 00000000                                 	EXTERN	_fifo32_get
    37 00000000                                 	EXTERN	_boxfill8
    38 00000000                                 	EXTERN	_sheet_refresh
    39 00000000                                 	EXTERN	_mouse_decode
    40 00000000                                 	EXTERN	_keytable.0
    41 00000000                                 	EXTERN	_task_sleep
    42 00000000                                 	EXTERN	_io_stihlt
    43 00000000                                 	EXTERN	_putfonts8_asc
    44 00000000                                 [FILE "bootpack.c"]
    45                                          [SECTION .data]
    46 00000000                                 _keytable.0:
    47 00000000 00                              	DB	0
    48 00000001 00                              	DB	0
    49 00000002 31                              	DB	49
    50 00000003 32                              	DB	50
    51 00000004 33                              	DB	51
    52 00000005 34                              	DB	52
    53 00000006 35                              	DB	53
    54 00000007 36                              	DB	54
    55 00000008 37                              	DB	55
    56 00000009 38                              	DB	56
    57 0000000A 39                              	DB	57
    58 0000000B 30                              	DB	48
    59 0000000C 2D                              	DB	45
    60 0000000D 5E                              	DB	94
    61 0000000E 00                              	DB	0
    62 0000000F 00                              	DB	0
    63 00000010 51                              	DB	81
    64 00000011 57                              	DB	87
    65 00000012 45                              	DB	69
    66 00000013 52                              	DB	82
    67 00000014 54                              	DB	84
    68 00000015 59                              	DB	89
    69 00000016 55                              	DB	85
    70 00000017 49                              	DB	73
    71 00000018 4F                              	DB	79
    72 00000019 50                              	DB	80
    73 0000001A 40                              	DB	64
    74 0000001B 5B                              	DB	91
    75 0000001C 00                              	DB	0
    76 0000001D 00                              	DB	0
    77 0000001E 41                              	DB	65
    78 0000001F 53                              	DB	83
    79 00000020 44                              	DB	68
    80 00000021 46                              	DB	70
    81 00000022 47                              	DB	71
    82 00000023 48                              	DB	72
    83 00000024 4A                              	DB	74
    84 00000025 4B                              	DB	75
    85 00000026 4C                              	DB	76
    86 00000027 3B                              	DB	59
    87 00000028 3A                              	DB	58
    88 00000029 00                              	DB	0
    89 0000002A 00                              	DB	0
    90 0000002B 5D                              	DB	93
    91 0000002C 5A                              	DB	90
    92 0000002D 58                              	DB	88
    93 0000002E 43                              	DB	67
    94 0000002F 56                              	DB	86
    95 00000030 42                              	DB	66
    96 00000031 4E                              	DB	78
    97 00000032 4D                              	DB	77
    98 00000033 2C                              	DB	44
    99 00000034 2E                              	DB	46
   100 00000035 2F                              	DB	47
   101 00000036 00                              	DB	0
   102 00000037 2A                              	DB	42
   103 00000038 00                              	DB	0
   104 00000039 20                              	DB	32
   105 0000003A 00                              	DB	0
   106 0000003B 00                              	DB	0
   107 0000003C 00                              	DB	0
   108 0000003D 00                              	DB	0
   109 0000003E 00                              	DB	0
   110 0000003F 00                              	DB	0
   111 00000040 00                              	DB	0
   112 00000041 00                              	DB	0
   113 00000042 00                              	DB	0
   114 00000043 00                              	DB	0
   115 00000044 00                              	DB	0
   116 00000045 00                              	DB	0
   117 00000046 00                              	DB	0
   118 00000047 37                              	DB	55
   119 00000048 38                              	DB	56
   120 00000049 39                              	DB	57
   121 0000004A 2D                              	DB	45
   122 0000004B 34                              	DB	52
   123 0000004C 35                              	DB	53
   124 0000004D 36                              	DB	54
   125 0000004E 2B                              	DB	43
   126 0000004F 31                              	DB	49
   127 00000050 32                              	DB	50
   128 00000051 33                              	DB	51
   129 00000052 30                              	DB	48
   130 00000053 2E                              	DB	46
   131 00000054                                 LC0:
   132 00000054 77 69 6E 64 6F 77 00            	DB	"window",0x00
   133 0000005B                                 LC1:
   134 0000005B 28 25 33 64 2C 20 25 33 64 29   	DB	"(%3d, %3d)",0x00
       00000065 00 
   135 00000066                                 LC2:
   136 00000066 6D 65 6D 6F 72 79 20 25 64 4D   	DB	"memory %dMB   free : %dKB",0x00
       00000070 42 20 20 20 66 72 65 65 20 3A 
       0000007A 20 25 64 4B 42 00 
   137 00000080                                 LC7:
   138 00000080 33 5B 73 65 63 5D 00            	DB	"3[sec]",0x00
   139 00000087                                 LC6:
   140 00000087 31 30 5B 73 65 63 5D 00         	DB	"10[sec]",0x00
   141 0000008F                                 LC5:
   142 0000008F 5B 6C 63 72 20 25 34 64 20 25   	DB	"[lcr %4d %4d]",0x00
       00000099 34 64 5D 00 
   143 0000009D                                 LC3:
   144 0000009D 25 30 32 58 00                  	DB	"%02X",0x00
   145 000000A2                                 LC4:
   146 000000A2 20 00                           	DB	" ",0x00
   147                                          [SECTION .text]
   148 00000000                                 	GLOBAL	_HariMain
   149 00000000                                 _HariMain:
   150 00000000 55                              	PUSH	EBP
   151 00000001 89 E5                           	MOV	EBP,ESP
   152 00000003 57                              	PUSH	EDI
   153 00000004 56                              	PUSH	ESI
   154 00000005 53                              	PUSH	EBX
   155 00000006 8D 75 D4                        	LEA	ESI,DWORD [-44+EBP]
   156 00000009 81 EC 0000038C                  	SUB	ESP,908
   157 0000000F E8 [00000000]                   	CALL	_init_gdtidt
   158 00000014 E8 [00000000]                   	CALL	_init_pic
   159 00000019 E8 [00000000]                   	CALL	_io_sti
   160 0000001E 8D 85 FFFFFDA4                  	LEA	EAX,DWORD [-604+EBP]
   161 00000024 6A 00                           	PUSH	0
   162 00000026 50                              	PUSH	EAX
   163 00000027 68 00000080                     	PUSH	128
   164 0000002C 56                              	PUSH	ESI
   165 0000002D E8 [00000000]                   	CALL	_fifo32_init
   166 00000032 E8 [00000000]                   	CALL	_init_pit
   167 00000037 68 00000100                     	PUSH	256
   168 0000003C 56                              	PUSH	ESI
   169 0000003D E8 [00000000]                   	CALL	_init_keyboard
   170 00000042 8D 85 FFFFFD94                  	LEA	EAX,DWORD [-620+EBP]
   171 00000048 50                              	PUSH	EAX
   172 00000049 68 00000200                     	PUSH	512
   173 0000004E 56                              	PUSH	ESI
   174 0000004F E8 [00000000]                   	CALL	_enable_mouse
   175 00000054 83 C4 24                        	ADD	ESP,36
   176 00000057 68 000000F8                     	PUSH	248
   177 0000005C 6A 21                           	PUSH	33
   178 0000005E E8 [00000000]                   	CALL	_io_out8
   179 00000063 68 000000EF                     	PUSH	239
   180 00000068 68 000000A1                     	PUSH	161
   181 0000006D E8 [00000000]                   	CALL	_io_out8
   182 00000072 E8 [00000000]                   	CALL	_timer_alloc
   183 00000077 6A 0A                           	PUSH	10
   184 00000079 56                              	PUSH	ESI
   185 0000007A 89 C3                           	MOV	EBX,EAX
   186 0000007C 50                              	PUSH	EAX
   187 0000007D E8 [00000000]                   	CALL	_timer_init
   188 00000082 68 000003E8                     	PUSH	1000
   189 00000087 53                              	PUSH	EBX
   190 00000088 E8 [00000000]                   	CALL	_timer_settime
   191 0000008D 83 C4 24                        	ADD	ESP,36
   192 00000090 E8 [00000000]                   	CALL	_timer_alloc
   193 00000095 6A 03                           	PUSH	3
   194 00000097 89 C3                           	MOV	EBX,EAX
   195 00000099 56                              	PUSH	ESI
   196 0000009A 50                              	PUSH	EAX
   197 0000009B E8 [00000000]                   	CALL	_timer_init
   198 000000A0 68 0000012C                     	PUSH	300
   199 000000A5 53                              	PUSH	EBX
   200 000000A6 E8 [00000000]                   	CALL	_timer_settime
   201 000000AB E8 [00000000]                   	CALL	_timer_alloc
   202 000000B0 6A 01                           	PUSH	1
   203 000000B2 56                              	PUSH	ESI
   204 000000B3 50                              	PUSH	EAX
   205 000000B4 89 85 FFFFFC90                  	MOV	DWORD [-880+EBP],EAX
   206 000000BA E8 [00000000]                   	CALL	_timer_init
   207 000000BF 83 C4 20                        	ADD	ESP,32
   208 000000C2 6A 32                           	PUSH	50
   209 000000C4 FF B5 FFFFFC90                  	PUSH	DWORD [-880+EBP]
   210 000000CA E8 [00000000]                   	CALL	_timer_settime
   211 000000CF 68 BFFFFFFF                     	PUSH	-1073741825
   212 000000D4 68 00400000                     	PUSH	4194304
   213 000000D9 E8 [00000000]                   	CALL	_memtest
   214 000000DE 68 003C0000                     	PUSH	3932160
   215 000000E3 89 85 FFFFFC80                  	MOV	DWORD [-896+EBP],EAX
   216 000000E9 E8 [00000000]                   	CALL	_memman_init
   217 000000EE 68 0009E000                     	PUSH	647168
   218 000000F3 68 00001000                     	PUSH	4096
   219 000000F8 68 003C0000                     	PUSH	3932160
   220 000000FD E8 [00000000]                   	CALL	_memman_free
   221 00000102 8B 85 FFFFFC80                  	MOV	EAX,DWORD [-896+EBP]
   222 00000108 83 C4 20                        	ADD	ESP,32
   223 0000010B 2D 00400000                     	SUB	EAX,4194304
   224 00000110 50                              	PUSH	EAX
   225 00000111 68 00400000                     	PUSH	4194304
   226 00000116 68 003C0000                     	PUSH	3932160
   227 0000011B E8 [00000000]                   	CALL	_memman_free
   228 00000120 E8 [00000000]                   	CALL	_init_palette
   229 00000125 0F BF 05 00000FF6               	MOVSX	EAX,WORD [4086]
   230 0000012C 50                              	PUSH	EAX
   231 0000012D 0F BF 05 00000FF4               	MOVSX	EAX,WORD [4084]
   232 00000134 50                              	PUSH	EAX
   233 00000135 FF 35 00000FF8                  	PUSH	DWORD [4088]
   234 0000013B 68 003C0000                     	PUSH	3932160
   235 00000140 E8 [00000000]                   	CALL	_shtctl_init
   236 00000145 89 C3                           	MOV	EBX,EAX
   237 00000147 50                              	PUSH	EAX
   238 00000148 E8 [00000000]                   	CALL	_sheet_alloc
   239 0000014D 83 C4 20                        	ADD	ESP,32
   240 00000150 53                              	PUSH	EBX
   241 00000151 89 85 FFFFFC7C                  	MOV	DWORD [-900+EBP],EAX
   242 00000157 E8 [00000000]                   	CALL	_sheet_alloc
   243 0000015C 53                              	PUSH	EBX
   244 0000015D 8D 9D FFFFFC94                  	LEA	EBX,DWORD [-876+EBP]
   245 00000163 89 85 FFFFFC78                  	MOV	DWORD [-904+EBP],EAX
   246 00000169 E8 [00000000]                   	CALL	_sheet_alloc
   247 0000016E 0F BF 15 00000FF6               	MOVSX	EDX,WORD [4086]
   248 00000175 89 85 FFFFFC74                  	MOV	DWORD [-908+EBP],EAX
   249 0000017B 0F BF 05 00000FF4               	MOVSX	EAX,WORD [4084]
   250 00000182 0F AF C2                        	IMUL	EAX,EDX
   251 00000185 50                              	PUSH	EAX
   252 00000186 68 003C0000                     	PUSH	3932160
   253 0000018B E8 [00000000]                   	CALL	_memman_alloc_4k
   254 00000190 68 00002080                     	PUSH	8320
   255 00000195 68 003C0000                     	PUSH	3932160
   256 0000019A 89 C6                           	MOV	ESI,EAX
   257 0000019C E8 [00000000]                   	CALL	_memman_alloc_4k
   258 000001A1 6A FF                           	PUSH	-1
   259 000001A3 89 C7                           	MOV	EDI,EAX
   260 000001A5 0F BF 05 00000FF6               	MOVSX	EAX,WORD [4086]
   261 000001AC 50                              	PUSH	EAX
   262 000001AD 0F BF 05 00000FF4               	MOVSX	EAX,WORD [4084]
   263 000001B4 50                              	PUSH	EAX
   264 000001B5 56                              	PUSH	ESI
   265 000001B6 FF B5 FFFFFC7C                  	PUSH	DWORD [-900+EBP]
   266 000001BC E8 [00000000]                   	CALL	_sheet_setbuf
   267 000001C1 83 C4 2C                        	ADD	ESP,44
   268 000001C4 6A 63                           	PUSH	99
   269 000001C6 6A 10                           	PUSH	16
   270 000001C8 6A 10                           	PUSH	16
   271 000001CA 53                              	PUSH	EBX
   272 000001CB FF B5 FFFFFC78                  	PUSH	DWORD [-904+EBP]
   273 000001D1 E8 [00000000]                   	CALL	_sheet_setbuf
   274 000001D6 6A FF                           	PUSH	-1
   275 000001D8 6A 34                           	PUSH	52
   276 000001DA 68 000000A0                     	PUSH	160
   277 000001DF 57                              	PUSH	EDI
   278 000001E0 FF B5 FFFFFC74                  	PUSH	DWORD [-908+EBP]
   279 000001E6 E8 [00000000]                   	CALL	_sheet_setbuf
   280 000001EB 83 C4 28                        	ADD	ESP,40
   281 000001EE 0F BF 05 00000FF6               	MOVSX	EAX,WORD [4086]
   282 000001F5 50                              	PUSH	EAX
   283 000001F6 0F BF 05 00000FF4               	MOVSX	EAX,WORD [4084]
   284 000001FD 50                              	PUSH	EAX
   285 000001FE 56                              	PUSH	ESI
   286 000001FF E8 [00000000]                   	CALL	_init_screen8
   287 00000204 6A 63                           	PUSH	99
   288 00000206 53                              	PUSH	EBX
   289 00000207 BB 00000002                     	MOV	EBX,2
   290 0000020C E8 [00000000]                   	CALL	_init_mouse_cursor8
   291 00000211 68 [00000054]                   	PUSH	LC0
   292 00000216 6A 34                           	PUSH	52
   293 00000218 68 000000A0                     	PUSH	160
   294 0000021D 57                              	PUSH	EDI
   295 0000021E E8 00000512                     	CALL	_make_window8
   296 00000223 83 C4 24                        	ADD	ESP,36
   297 00000226 6A 07                           	PUSH	7
   298 00000228 6A 10                           	PUSH	16
   299 0000022A 68 00000090                     	PUSH	144
   300 0000022F 6A 1C                           	PUSH	28
   301 00000231 6A 08                           	PUSH	8
   302 00000233 FF B5 FFFFFC74                  	PUSH	DWORD [-908+EBP]
   303 00000239 E8 000006EA                     	CALL	_make_textbox8
   304 0000023E 6A 00                           	PUSH	0
   305 00000240 6A 00                           	PUSH	0
   306 00000242 FF B5 FFFFFC7C                  	PUSH	DWORD [-900+EBP]
   307 00000248 C7 85 FFFFFC88 00000008         	MOV	DWORD [-888+EBP],8
   308 00000252 C7 85 FFFFFC84 00000007         	MOV	DWORD [-892+EBP],7
   309 0000025C E8 [00000000]                   	CALL	_sheet_slide
   310 00000261 83 C4 24                        	ADD	ESP,36
   311 00000264 0F BF 05 00000FF4               	MOVSX	EAX,WORD [4084]
   312 0000026B 8D 48 F0                        	LEA	ECX,DWORD [-16+EAX]
   313 0000026E 89 C8                           	MOV	EAX,ECX
   314 00000270 99                              	CDQ
   315 00000271 F7 FB                           	IDIV	EBX
   316 00000273 89 85 FFFFFC8C                  	MOV	DWORD [-884+EBP],EAX
   317 00000279 0F BF 05 00000FF6               	MOVSX	EAX,WORD [4086]
   318 00000280 8D 48 D4                        	LEA	ECX,DWORD [-44+EAX]
   319 00000283 89 C8                           	MOV	EAX,ECX
   320 00000285 99                              	CDQ
   321 00000286 F7 FB                           	IDIV	EBX
   322 00000288 50                              	PUSH	EAX
   323 00000289 89 C7                           	MOV	EDI,EAX
   324 0000028B FF B5 FFFFFC8C                  	PUSH	DWORD [-884+EBP]
   325 00000291 FF B5 FFFFFC78                  	PUSH	DWORD [-904+EBP]
   326 00000297 8D 5D A4                        	LEA	EBX,DWORD [-92+EBP]
   327 0000029A E8 [00000000]                   	CALL	_sheet_slide
   328 0000029F 6A 48                           	PUSH	72
   329 000002A1 6A 50                           	PUSH	80
   330 000002A3 FF B5 FFFFFC74                  	PUSH	DWORD [-908+EBP]
   331 000002A9 E8 [00000000]                   	CALL	_sheet_slide
   332 000002AE 6A 00                           	PUSH	0
   333 000002B0 FF B5 FFFFFC7C                  	PUSH	DWORD [-900+EBP]
   334 000002B6 E8 [00000000]                   	CALL	_sheet_updown
   335 000002BB 83 C4 20                        	ADD	ESP,32
   336 000002BE 6A 01                           	PUSH	1
   337 000002C0 FF B5 FFFFFC74                  	PUSH	DWORD [-908+EBP]
   338 000002C6 E8 [00000000]                   	CALL	_sheet_updown
   339 000002CB 6A 02                           	PUSH	2
   340 000002CD FF B5 FFFFFC78                  	PUSH	DWORD [-904+EBP]
   341 000002D3 E8 [00000000]                   	CALL	_sheet_updown
   342 000002D8 57                              	PUSH	EDI
   343 000002D9 FF B5 FFFFFC8C                  	PUSH	DWORD [-884+EBP]
   344 000002DF 68 [0000005B]                   	PUSH	LC1
   345 000002E4 53                              	PUSH	EBX
   346 000002E5 E8 [00000000]                   	CALL	_sprintf
   347 000002EA 83 C4 20                        	ADD	ESP,32
   348 000002ED 6A 0A                           	PUSH	10
   349 000002EF 53                              	PUSH	EBX
   350 000002F0 6A 0E                           	PUSH	14
   351 000002F2 6A 07                           	PUSH	7
   352 000002F4 6A 00                           	PUSH	0
   353 000002F6 6A 00                           	PUSH	0
   354 000002F8 FF B5 FFFFFC7C                  	PUSH	DWORD [-900+EBP]
   355 000002FE E8 0000059E                     	CALL	_putfonts8_asc_sht
   356 00000303 68 003C0000                     	PUSH	3932160
   357 00000308 E8 [00000000]                   	CALL	_memman_total
   358 0000030D C1 AD FFFFFC80 14               	SHR	DWORD [-896+EBP],20
   359 00000314 C1 E8 0A                        	SHR	EAX,10
   360 00000317 89 04 24                        	MOV	DWORD [ESP],EAX
   361 0000031A FF B5 FFFFFC80                  	PUSH	DWORD [-896+EBP]
   362 00000320 68 [00000066]                   	PUSH	LC2
   363 00000325 53                              	PUSH	EBX
   364 00000326 E8 [00000000]                   	CALL	_sprintf
   365 0000032B 83 C4 2C                        	ADD	ESP,44
   366 0000032E 6A 28                           	PUSH	40
   367 00000330 53                              	PUSH	EBX
   368 00000331 6A 0E                           	PUSH	14
   369 00000333 6A 07                           	PUSH	7
   370 00000335 6A 20                           	PUSH	32
   371 00000337 6A 00                           	PUSH	0
   372 00000339 FF B5 FFFFFC7C                  	PUSH	DWORD [-900+EBP]
   373 0000033F E8 0000055D                     	CALL	_putfonts8_asc_sht
   374 00000344 68 003C0000                     	PUSH	3932160
   375 00000349 E8 [00000000]                   	CALL	_task_init
   376 0000034E 83 C4 20                        	ADD	ESP,32
   377 00000351 89 85 FFFFFC70                  	MOV	DWORD [-912+EBP],EAX
   378 00000357 89 45 EC                        	MOV	DWORD [-20+EBP],EAX
   379 0000035A E8 [00000000]                   	CALL	_task_alloc
   380 0000035F 68 00010000                     	PUSH	65536
   381 00000364 68 003C0000                     	PUSH	3932160
   382 00000369 89 C3                           	MOV	EBX,EAX
   383 0000036B E8 [00000000]                   	CALL	_memman_alloc_4k
   384 00000370 8B 95 FFFFFC7C                  	MOV	EDX,DWORD [-900+EBP]
   385 00000376 05 0000FFF8                     	ADD	EAX,65528
   386 0000037B 89 43 40                        	MOV	DWORD [64+EBX],EAX
   387 0000037E C7 43 28 [00000A5E]             	MOV	DWORD [40+EBX],_task_b_main
   388 00000385 C7 43 50 00000008               	MOV	DWORD [80+EBX],8
   389 0000038C C7 43 54 00000010               	MOV	DWORD [84+EBX],16
   390 00000393 C7 43 58 00000008               	MOV	DWORD [88+EBX],8
   391 0000039A C7 43 5C 00000008               	MOV	DWORD [92+EBX],8
   392 000003A1 C7 43 60 00000008               	MOV	DWORD [96+EBX],8
   393 000003A8 C7 43 64 00000008               	MOV	DWORD [100+EBX],8
   394 000003AF 89 50 04                        	MOV	DWORD [4+EAX],EDX
   395 000003B2 53                              	PUSH	EBX
   396 000003B3 E8 [00000000]                   	CALL	_task_run
   397 000003B8                                 L31:
   398 000003B8 83 C4 0C                        	ADD	ESP,12
   399 000003BB                                 L2:
   400 000003BB 8D 75 D4                        	LEA	ESI,DWORD [-44+EBP]
   401 000003BE E8 [00000000]                   	CALL	_io_cli
   402 000003C3 56                              	PUSH	ESI
   403 000003C4 E8 [00000000]                   	CALL	_fifo32_status
   404 000003C9 5B                              	POP	EBX
   405 000003CA 85 C0                           	TEST	EAX,EAX
   406 000003CC 0F 84 0000034D                  	JE	L33
   407 000003D2 56                              	PUSH	ESI
   408 000003D3 E8 [00000000]                   	CALL	_fifo32_get
   409 000003D8 89 C3                           	MOV	EBX,EAX
   410 000003DA E8 [00000000]                   	CALL	_io_sti
   411 000003DF 5A                              	POP	EDX
   412 000003E0 8D 83 FFFFFF00                  	LEA	EAX,DWORD [-256+EBX]
   413 000003E6 3D 000000FF                     	CMP	EAX,255
   414 000003EB 0F 86 00000233                  	JBE	L34
   415 000003F1 8D 83 FFFFFE00                  	LEA	EAX,DWORD [-512+EBX]
   416 000003F7 3D 000000FF                     	CMP	EAX,255
   417 000003FC 0F 86 000000E5                  	JBE	L35
   418 00000402 83 FB 0A                        	CMP	EBX,10
   419 00000405 0F 84 000000CD                  	JE	L36
   420 0000040B 83 FB 03                        	CMP	EBX,3
   421 0000040E 0F 84 000000A2                  	JE	L37
   422 00000414 83 FB 01                        	CMP	EBX,1
   423 00000417 7F A2                           	JG	L2
   424 00000419 85 DB                           	TEST	EBX,EBX
   425 0000041B 74 7C                           	JE	L28
   426 0000041D 6A 00                           	PUSH	0
   427 0000041F 56                              	PUSH	ESI
   428 00000420 FF B5 FFFFFC90                  	PUSH	DWORD [-880+EBP]
   429 00000426 E8 [00000000]                   	CALL	_timer_init
   430 0000042B C7 85 FFFFFC84 00000000         	MOV	DWORD [-892+EBP],0
   431 00000435                                 L32:
   432 00000435 83 C4 0C                        	ADD	ESP,12
   433 00000438 6A 32                           	PUSH	50
   434 0000043A FF B5 FFFFFC90                  	PUSH	DWORD [-880+EBP]
   435 00000440 E8 [00000000]                   	CALL	_timer_settime
   436 00000445 8B 95 FFFFFC74                  	MOV	EDX,DWORD [-908+EBP]
   437 0000044B 8B 85 FFFFFC88                  	MOV	EAX,DWORD [-888+EBP]
   438 00000451 6A 2B                           	PUSH	43
   439 00000453 83 C0 07                        	ADD	EAX,7
   440 00000456 50                              	PUSH	EAX
   441 00000457 6A 1C                           	PUSH	28
   442 00000459 FF B5 FFFFFC88                  	PUSH	DWORD [-888+EBP]
   443 0000045F FF B5 FFFFFC84                  	PUSH	DWORD [-892+EBP]
   444 00000465 FF 72 04                        	PUSH	DWORD [4+EDX]
   445 00000468 FF 32                           	PUSH	DWORD [EDX]
   446 0000046A E8 [00000000]                   	CALL	_boxfill8
   447 0000046F 8B 85 FFFFFC88                  	MOV	EAX,DWORD [-888+EBP]
   448 00000475 83 C4 24                        	ADD	ESP,36
   449 00000478 83 C0 08                        	ADD	EAX,8
   450 0000047B 6A 2C                           	PUSH	44
   451 0000047D 50                              	PUSH	EAX
   452 0000047E 6A 1C                           	PUSH	28
   453 00000480 FF B5 FFFFFC88                  	PUSH	DWORD [-888+EBP]
   454 00000486 FF B5 FFFFFC74                  	PUSH	DWORD [-908+EBP]
   455 0000048C E8 [00000000]                   	CALL	_sheet_refresh
   456 00000491 83 C4 14                        	ADD	ESP,20
   457 00000494 E9 FFFFFF22                     	JMP	L2
   458 00000499                                 L28:
   459 00000499 6A 01                           	PUSH	1
   460 0000049B 56                              	PUSH	ESI
   461 0000049C FF B5 FFFFFC90                  	PUSH	DWORD [-880+EBP]
   462 000004A2 E8 [00000000]                   	CALL	_timer_init
   463 000004A7 C7 85 FFFFFC84 00000007         	MOV	DWORD [-892+EBP],7
   464 000004B1 E9 FFFFFF7F                     	JMP	L32
   465 000004B6                                 L37:
   466 000004B6 6A 06                           	PUSH	6
   467 000004B8 68 [00000080]                   	PUSH	LC7
   468 000004BD 6A 0E                           	PUSH	14
   469 000004BF 6A 07                           	PUSH	7
   470 000004C1 6A 50                           	PUSH	80
   471 000004C3                                 L30:
   472 000004C3 6A 00                           	PUSH	0
   473 000004C5 FF B5 FFFFFC7C                  	PUSH	DWORD [-900+EBP]
   474 000004CB E8 000003D1                     	CALL	_putfonts8_asc_sht
   475 000004D0 83 C4 1C                        	ADD	ESP,28
   476 000004D3 E9 FFFFFEE3                     	JMP	L2
   477 000004D8                                 L36:
   478 000004D8 6A 07                           	PUSH	7
   479 000004DA 68 [00000087]                   	PUSH	LC6
   480 000004DF 6A 0E                           	PUSH	14
   481 000004E1 6A 07                           	PUSH	7
   482 000004E3 6A 40                           	PUSH	64
   483 000004E5 EB DC                           	JMP	L30
   484 000004E7                                 L35:
   485 000004E7 0F B6 C3                        	MOVZX	EAX,BL
   486 000004EA 50                              	PUSH	EAX
   487 000004EB 8D 85 FFFFFD94                  	LEA	EAX,DWORD [-620+EBP]
   488 000004F1 50                              	PUSH	EAX
   489 000004F2 E8 [00000000]                   	CALL	_mouse_decode
   490 000004F7 5A                              	POP	EDX
   491 000004F8 59                              	POP	ECX
   492 000004F9 85 C0                           	TEST	EAX,EAX
   493 000004FB 0F 84 FFFFFEBA                  	JE	L2
   494 00000501 FF B5 FFFFFD9C                  	PUSH	DWORD [-612+EBP]
   495 00000507 FF B5 FFFFFD98                  	PUSH	DWORD [-616+EBP]
   496 0000050D 68 [0000008F]                   	PUSH	LC5
   497 00000512 8D 5D A4                        	LEA	EBX,DWORD [-92+EBP]
   498 00000515 53                              	PUSH	EBX
   499 00000516 E8 [00000000]                   	CALL	_sprintf
   500 0000051B 83 C4 10                        	ADD	ESP,16
   501 0000051E 8B 85 FFFFFDA0                  	MOV	EAX,DWORD [-608+EBP]
   502 00000524 A9 00000001                     	TEST	EAX,1
   503 00000529 74 04                           	JE	L14
   504 0000052B C6 45 A5 4C                     	MOV	BYTE [-91+EBP],76
   505 0000052F                                 L14:
   506 0000052F A9 00000002                     	TEST	EAX,2
   507 00000534 74 04                           	JE	L15
   508 00000536 C6 45 A7 52                     	MOV	BYTE [-89+EBP],82
   509 0000053A                                 L15:
   510 0000053A 83 E0 04                        	AND	EAX,4
   511 0000053D 74 04                           	JE	L16
   512 0000053F C6 45 A6 43                     	MOV	BYTE [-90+EBP],67
   513 00000543                                 L16:
   514 00000543 6A 0F                           	PUSH	15
   515 00000545 53                              	PUSH	EBX
   516 00000546 6A 0E                           	PUSH	14
   517 00000548 6A 07                           	PUSH	7
   518 0000054A 6A 10                           	PUSH	16
   519 0000054C 6A 20                           	PUSH	32
   520 0000054E FF B5 FFFFFC7C                  	PUSH	DWORD [-900+EBP]
   521 00000554 E8 00000348                     	CALL	_putfonts8_asc_sht
   522 00000559 8B 85 FFFFFD98                  	MOV	EAX,DWORD [-616+EBP]
   523 0000055F 03 BD FFFFFD9C                  	ADD	EDI,DWORD [-612+EBP]
   524 00000565 83 C4 1C                        	ADD	ESP,28
   525 00000568 01 85 FFFFFC8C                  	ADD	DWORD [-884+EBP],EAX
   526 0000056E 0F 88 000000A1                  	JS	L38
   527 00000574                                 L17:
   528 00000574 85 FF                           	TEST	EDI,EDI
   529 00000576 0F 88 00000092                  	JS	L39
   530 0000057C                                 L18:
   531 0000057C 0F BF 05 00000FF4               	MOVSX	EAX,WORD [4084]
   532 00000583 48                              	DEC	EAX
   533 00000584 39 85 FFFFFC8C                  	CMP	DWORD [-884+EBP],EAX
   534 0000058A 7E 06                           	JLE	L19
   535 0000058C 89 85 FFFFFC8C                  	MOV	DWORD [-884+EBP],EAX
   536 00000592                                 L19:
   537 00000592 0F BF 05 00000FF6               	MOVSX	EAX,WORD [4086]
   538 00000599 48                              	DEC	EAX
   539 0000059A 39 C7                           	CMP	EDI,EAX
   540 0000059C 7E 02                           	JLE	L20
   541 0000059E 89 C7                           	MOV	EDI,EAX
   542 000005A0                                 L20:
   543 000005A0 57                              	PUSH	EDI
   544 000005A1 FF B5 FFFFFC8C                  	PUSH	DWORD [-884+EBP]
   545 000005A7 68 [0000005B]                   	PUSH	LC1
   546 000005AC 53                              	PUSH	EBX
   547 000005AD E8 [00000000]                   	CALL	_sprintf
   548 000005B2 6A 0A                           	PUSH	10
   549 000005B4 53                              	PUSH	EBX
   550 000005B5 6A 0E                           	PUSH	14
   551 000005B7 6A 07                           	PUSH	7
   552 000005B9 6A 00                           	PUSH	0
   553 000005BB 6A 00                           	PUSH	0
   554 000005BD FF B5 FFFFFC7C                  	PUSH	DWORD [-900+EBP]
   555 000005C3 E8 000002D9                     	CALL	_putfonts8_asc_sht
   556 000005C8 83 C4 2C                        	ADD	ESP,44
   557 000005CB 57                              	PUSH	EDI
   558 000005CC FF B5 FFFFFC8C                  	PUSH	DWORD [-884+EBP]
   559 000005D2 FF B5 FFFFFC78                  	PUSH	DWORD [-904+EBP]
   560 000005D8 E8 [00000000]                   	CALL	_sheet_slide
   561 000005DD 83 C4 0C                        	ADD	ESP,12
   562 000005E0 F7 85 FFFFFDA0 00000001         	TEST	DWORD [-608+EBP],1
   563 000005EA 0F 84 FFFFFDCB                  	JE	L2
   564 000005F0 8D 47 F8                        	LEA	EAX,DWORD [-8+EDI]
   565 000005F3 50                              	PUSH	EAX
   566 000005F4 8B 85 FFFFFC8C                  	MOV	EAX,DWORD [-884+EBP]
   567 000005FA 83 E8 50                        	SUB	EAX,80
   568 000005FD 50                              	PUSH	EAX
   569 000005FE FF B5 FFFFFC74                  	PUSH	DWORD [-908+EBP]
   570 00000604 E8 [00000000]                   	CALL	_sheet_slide
   571 00000609 E9 FFFFFDAA                     	JMP	L31
   572 0000060E                                 L39:
   573 0000060E 31 FF                           	XOR	EDI,EDI
   574 00000610 E9 FFFFFF67                     	JMP	L18
   575 00000615                                 L38:
   576 00000615 C7 85 FFFFFC8C 00000000         	MOV	DWORD [-884+EBP],0
   577 0000061F E9 FFFFFF50                     	JMP	L17
   578 00000624                                 L34:
   579 00000624 50                              	PUSH	EAX
   580 00000625 8D 75 A4                        	LEA	ESI,DWORD [-92+EBP]
   581 00000628 68 [0000009D]                   	PUSH	LC3
   582 0000062D 56                              	PUSH	ESI
   583 0000062E E8 [00000000]                   	CALL	_sprintf
   584 00000633 6A 02                           	PUSH	2
   585 00000635 56                              	PUSH	ESI
   586 00000636 6A 0E                           	PUSH	14
   587 00000638 6A 07                           	PUSH	7
   588 0000063A 6A 10                           	PUSH	16
   589 0000063C 6A 00                           	PUSH	0
   590 0000063E FF B5 FFFFFC7C                  	PUSH	DWORD [-900+EBP]
   591 00000644 E8 00000258                     	CALL	_putfonts8_asc_sht
   592 00000649 83 C4 28                        	ADD	ESP,40
   593 0000064C 81 FB 00000153                  	CMP	EBX,339
   594 00000652 7F 41                           	JG	L8
   595 00000654 8A 83 [FFFFFF00]                	MOV	AL,BYTE [_keytable.0-256+EBX]
   596 0000065A 84 C0                           	TEST	AL,AL
   597 0000065C 74 37                           	JE	L8
   598 0000065E 81 BD FFFFFC88 0000008F         	CMP	DWORD [-888+EBP],143
   599 00000668 7F 2B                           	JG	L8
   600 0000066A 6A 01                           	PUSH	1
   601 0000066C 88 45 A4                        	MOV	BYTE [-92+EBP],AL
   602 0000066F 56                              	PUSH	ESI
   603 00000670 6A 07                           	PUSH	7
   604 00000672 6A 00                           	PUSH	0
   605 00000674 6A 1C                           	PUSH	28
   606 00000676 FF B5 FFFFFC88                  	PUSH	DWORD [-888+EBP]
   607 0000067C FF B5 FFFFFC74                  	PUSH	DWORD [-908+EBP]
   608 00000682 C6 45 A5 00                     	MOV	BYTE [-91+EBP],0
   609 00000686 E8 00000216                     	CALL	_putfonts8_asc_sht
   610 0000068B 83 C4 1C                        	ADD	ESP,28
   611 0000068E 83 85 FFFFFC88 08               	ADD	DWORD [-888+EBP],8
   612 00000695                                 L8:
   613 00000695 81 FB 0000010E                  	CMP	EBX,270
   614 0000069B 74 4C                           	JE	L40
   615 0000069D                                 L10:
   616 0000069D 8B 85 FFFFFC88                  	MOV	EAX,DWORD [-888+EBP]
   617 000006A3 6A 2B                           	PUSH	43
   618 000006A5 83 C0 07                        	ADD	EAX,7
   619 000006A8 8B 9D FFFFFC74                  	MOV	EBX,DWORD [-908+EBP]
   620 000006AE 50                              	PUSH	EAX
   621 000006AF 6A 1C                           	PUSH	28
   622 000006B1 FF B5 FFFFFC88                  	PUSH	DWORD [-888+EBP]
   623 000006B7 FF B5 FFFFFC84                  	PUSH	DWORD [-892+EBP]
   624 000006BD FF 73 04                        	PUSH	DWORD [4+EBX]
   625 000006C0 FF 33                           	PUSH	DWORD [EBX]
   626 000006C2 E8 [00000000]                   	CALL	_boxfill8
   627 000006C7 8B 85 FFFFFC88                  	MOV	EAX,DWORD [-888+EBP]
   628 000006CD 6A 2C                           	PUSH	44
   629 000006CF 83 C0 08                        	ADD	EAX,8
   630 000006D2 50                              	PUSH	EAX
   631 000006D3 6A 1C                           	PUSH	28
   632 000006D5 FF B5 FFFFFC88                  	PUSH	DWORD [-888+EBP]
   633 000006DB 53                              	PUSH	EBX
   634 000006DC E8 [00000000]                   	CALL	_sheet_refresh
   635 000006E1 83 C4 30                        	ADD	ESP,48
   636 000006E4 E9 FFFFFCD2                     	JMP	L2
   637 000006E9                                 L40:
   638 000006E9 83 BD FFFFFC88 08               	CMP	DWORD [-888+EBP],8
   639 000006F0 7E AB                           	JLE	L10
   640 000006F2 6A 01                           	PUSH	1
   641 000006F4 68 [000000A2]                   	PUSH	LC4
   642 000006F9 6A 07                           	PUSH	7
   643 000006FB 6A 00                           	PUSH	0
   644 000006FD 6A 1C                           	PUSH	28
   645 000006FF FF B5 FFFFFC88                  	PUSH	DWORD [-888+EBP]
   646 00000705 FF B5 FFFFFC74                  	PUSH	DWORD [-908+EBP]
   647 0000070B E8 00000191                     	CALL	_putfonts8_asc_sht
   648 00000710 83 C4 1C                        	ADD	ESP,28
   649 00000713 83 AD FFFFFC88 08               	SUB	DWORD [-888+EBP],8
   650 0000071A E9 FFFFFF7E                     	JMP	L10
   651 0000071F                                 L33:
   652 0000071F FF B5 FFFFFC70                  	PUSH	DWORD [-912+EBP]
   653 00000725 E8 [00000000]                   	CALL	_task_sleep
   654 0000072A E8 [00000000]                   	CALL	_io_stihlt
   655 0000072F 59                              	POP	ECX
   656 00000730 E9 FFFFFC86                     	JMP	L2
   657                                          [SECTION .data]
   658 000000A4                                 _closebtn.1:
   659 000000A4 4F 4F 4F 4F 4F 4F 4F 4F 4F 4F   	DB	"OOOOOOOOOOOOOOO@"
       000000AE 4F 4F 4F 4F 4F 40 
   660 000000B4 4F 51 51 51 51 51 51 51 51 51   	DB	"OQQQQQQQQQQQQQ$@"
       000000BE 51 51 51 51 24 40 
   661 000000C4 4F 51 51 51 51 51 51 51 51 51   	DB	"OQQQQQQQQQQQQQ$@"
       000000CE 51 51 51 51 24 40 
   662 000000D4 4F 51 51 51 40 40 51 51 51 51   	DB	"OQQQ@@QQQQ@@QQ$@"
       000000DE 40 40 51 51 24 40 
   663 000000E4 4F 51 51 51 51 40 40 51 51 40   	DB	"OQQQQ@@QQ@@QQQ$@"
       000000EE 40 51 51 51 24 40 
   664 000000F4 4F 51 51 51 51 51 40 40 40 40   	DB	"OQQQQQ@@@@QQQQ$@"
       000000FE 51 51 51 51 24 40 
   665 00000104 4F 51 51 51 51 51 51 40 40 51   	DB	"OQQQQQQ@@QQQQQ$@"
       0000010E 51 51 51 51 24 40 
   666 00000114 4F 51 51 51 51 51 40 40 40 40   	DB	"OQQQQQ@@@@QQQQ$@"
       0000011E 51 51 51 51 24 40 
   667 00000124 4F 51 51 51 51 40 40 51 51 40   	DB	"OQQQQ@@QQ@@QQQ$@"
       0000012E 40 51 51 51 24 40 
   668 00000134 4F 51 51 51 40 40 51 51 51 51   	DB	"OQQQ@@QQQQ@@QQ$@"
       0000013E 40 40 51 51 24 40 
   669 00000144 4F 51 51 51 51 51 51 51 51 51   	DB	"OQQQQQQQQQQQQQ$@"
       0000014E 51 51 51 51 24 40 
   670 00000154 4F 51 51 51 51 51 51 51 51 51   	DB	"OQQQQQQQQQQQQQ$@"
       0000015E 51 51 51 51 24 40 
   671 00000164 4F 24 24 24 24 24 24 24 24 24   	DB	"O$$$$$$$$$$$$$$@"
       0000016E 24 24 24 24 24 40 
   672 00000174 40 40 40 40 40 40 40 40 40 40   	DB	"@@@@@@@@@@@@@@@@"
       0000017E 40 40 40 40 40 40 
   673                                          [SECTION .text]
   674 00000735                                 	GLOBAL	_make_window8
   675 00000735                                 _make_window8:
   676 00000735 55                              	PUSH	EBP
   677 00000736 89 E5                           	MOV	EBP,ESP
   678 00000738 57                              	PUSH	EDI
   679 00000739 56                              	PUSH	ESI
   680 0000073A 53                              	PUSH	EBX
   681 0000073B 83 EC 14                        	SUB	ESP,20
   682 0000073E 8B 5D 0C                        	MOV	EBX,DWORD [12+EBP]
   683 00000741 6A 00                           	PUSH	0
   684 00000743 8D 43 FF                        	LEA	EAX,DWORD [-1+EBX]
   685 00000746 8D 7B FE                        	LEA	EDI,DWORD [-2+EBX]
   686 00000749 50                              	PUSH	EAX
   687 0000074A 89 45 EC                        	MOV	DWORD [-20+EBP],EAX
   688 0000074D 6A 00                           	PUSH	0
   689 0000074F 6A 00                           	PUSH	0
   690 00000751 6A 08                           	PUSH	8
   691 00000753 53                              	PUSH	EBX
   692 00000754 FF 75 08                        	PUSH	DWORD [8+EBP]
   693 00000757 E8 [00000000]                   	CALL	_boxfill8
   694 0000075C 6A 01                           	PUSH	1
   695 0000075E 57                              	PUSH	EDI
   696 0000075F 6A 01                           	PUSH	1
   697 00000761 6A 01                           	PUSH	1
   698 00000763 6A 07                           	PUSH	7
   699 00000765 53                              	PUSH	EBX
   700 00000766 FF 75 08                        	PUSH	DWORD [8+EBP]
   701 00000769 E8 [00000000]                   	CALL	_boxfill8
   702 0000076E 8B 55 10                        	MOV	EDX,DWORD [16+EBP]
   703 00000771 83 C4 38                        	ADD	ESP,56
   704 00000774 4A                              	DEC	EDX
   705 00000775 89 55 E8                        	MOV	DWORD [-24+EBP],EDX
   706 00000778 52                              	PUSH	EDX
   707 00000779 6A 00                           	PUSH	0
   708 0000077B 6A 00                           	PUSH	0
   709 0000077D 6A 00                           	PUSH	0
   710 0000077F 6A 08                           	PUSH	8
   711 00000781 53                              	PUSH	EBX
   712 00000782 FF 75 08                        	PUSH	DWORD [8+EBP]
   713 00000785 E8 [00000000]                   	CALL	_boxfill8
   714 0000078A 8B 75 10                        	MOV	ESI,DWORD [16+EBP]
   715 0000078D 83 EE 02                        	SUB	ESI,2
   716 00000790 56                              	PUSH	ESI
   717 00000791 6A 01                           	PUSH	1
   718 00000793 6A 01                           	PUSH	1
   719 00000795 6A 01                           	PUSH	1
   720 00000797 6A 07                           	PUSH	7
   721 00000799 53                              	PUSH	EBX
   722 0000079A FF 75 08                        	PUSH	DWORD [8+EBP]
   723 0000079D E8 [00000000]                   	CALL	_boxfill8
   724 000007A2 83 C4 38                        	ADD	ESP,56
   725 000007A5 56                              	PUSH	ESI
   726 000007A6 57                              	PUSH	EDI
   727 000007A7 6A 01                           	PUSH	1
   728 000007A9 57                              	PUSH	EDI
   729 000007AA 6A 0F                           	PUSH	15
   730 000007AC 53                              	PUSH	EBX
   731 000007AD FF 75 08                        	PUSH	DWORD [8+EBP]
   732 000007B0 E8 [00000000]                   	CALL	_boxfill8
   733 000007B5 FF 75 E8                        	PUSH	DWORD [-24+EBP]
   734 000007B8 FF 75 EC                        	PUSH	DWORD [-20+EBP]
   735 000007BB 6A 00                           	PUSH	0
   736 000007BD FF 75 EC                        	PUSH	DWORD [-20+EBP]
   737 000007C0 6A 00                           	PUSH	0
   738 000007C2 53                              	PUSH	EBX
   739 000007C3 FF 75 08                        	PUSH	DWORD [8+EBP]
   740 000007C6 E8 [00000000]                   	CALL	_boxfill8
   741 000007CB 8B 45 10                        	MOV	EAX,DWORD [16+EBP]
   742 000007CE 83 C4 38                        	ADD	ESP,56
   743 000007D1 83 E8 03                        	SUB	EAX,3
   744 000007D4 50                              	PUSH	EAX
   745 000007D5 8D 43 FD                        	LEA	EAX,DWORD [-3+EBX]
   746 000007D8 50                              	PUSH	EAX
   747 000007D9 6A 02                           	PUSH	2
   748 000007DB 6A 02                           	PUSH	2
   749 000007DD 6A 08                           	PUSH	8
   750 000007DF 53                              	PUSH	EBX
   751 000007E0 FF 75 08                        	PUSH	DWORD [8+EBP]
   752 000007E3 E8 [00000000]                   	CALL	_boxfill8
   753 000007E8 8D 43 FC                        	LEA	EAX,DWORD [-4+EBX]
   754 000007EB 6A 14                           	PUSH	20
   755 000007ED 50                              	PUSH	EAX
   756 000007EE 6A 03                           	PUSH	3
   757 000007F0 6A 03                           	PUSH	3
   758 000007F2 6A 0C                           	PUSH	12
   759 000007F4 53                              	PUSH	EBX
   760 000007F5 FF 75 08                        	PUSH	DWORD [8+EBP]
   761 000007F8 E8 [00000000]                   	CALL	_boxfill8
   762 000007FD 83 C4 38                        	ADD	ESP,56
   763 00000800 56                              	PUSH	ESI
   764 00000801 57                              	PUSH	EDI
   765 00000802 56                              	PUSH	ESI
   766 00000803 6A 01                           	PUSH	1
   767 00000805 6A 0F                           	PUSH	15
   768 00000807 53                              	PUSH	EBX
   769 00000808 FF 75 08                        	PUSH	DWORD [8+EBP]
   770 0000080B E8 [00000000]                   	CALL	_boxfill8
   771 00000810 FF 75 E8                        	PUSH	DWORD [-24+EBP]
   772 00000813 FF 75 EC                        	PUSH	DWORD [-20+EBP]
   773 00000816 FF 75 E8                        	PUSH	DWORD [-24+EBP]
   774 00000819 6A 00                           	PUSH	0
   775 0000081B 6A 00                           	PUSH	0
   776 0000081D 6B F3 05                        	IMUL	ESI,EBX,5
   777 00000820 53                              	PUSH	EBX
   778 00000821 FF 75 08                        	PUSH	DWORD [8+EBP]
   779 00000824 E8 [00000000]                   	CALL	_boxfill8
   780 00000829 83 C4 38                        	ADD	ESP,56
   781 0000082C FF 75 14                        	PUSH	DWORD [20+EBP]
   782 0000082F 6A 07                           	PUSH	7
   783 00000831 6A 04                           	PUSH	4
   784 00000833 6A 18                           	PUSH	24
   785 00000835 53                              	PUSH	EBX
   786 00000836 FF 75 08                        	PUSH	DWORD [8+EBP]
   787 00000839 E8 [00000000]                   	CALL	_putfonts8_asc
   788 0000083E 83 C4 18                        	ADD	ESP,24
   789 00000841 C7 45 F0 00000000               	MOV	DWORD [-16+EBP],0
   790 00000848 C7 45 E0 00000000               	MOV	DWORD [-32+EBP],0
   791 0000084F                                 L57:
   792 0000084F 8D 04 1E                        	LEA	EAX,DWORD [ESI+EBX*1]
   793 00000852 8B 55 08                        	MOV	EDX,DWORD [8+EBP]
   794 00000855 31 FF                           	XOR	EDI,EDI
   795 00000857 8D 4C 02 EB                     	LEA	ECX,DWORD [-21+EDX+EAX*1]
   796 0000085B                                 L56:
   797 0000085B 8B 45 E0                        	MOV	EAX,DWORD [-32+EBP]
   798 0000085E 8A 94 07 [000000A4]             	MOV	DL,BYTE [_closebtn.1+EDI+EAX*1]
   799 00000865 80 FA 40                        	CMP	DL,64
   800 00000868 74 33                           	JE	L62
   801 0000086A 80 FA 24                        	CMP	DL,36
   802 0000086D 74 2A                           	JE	L63
   803 0000086F 80 FA 51                        	CMP	DL,81
   804 00000872 B2 08                           	MOV	DL,8
   805 00000874 0F 95 C0                        	SETNE	AL
   806 00000877 28 C2                           	SUB	DL,AL
   807 00000879                                 L51:
   808 00000879 47                              	INC	EDI
   809 0000087A 88 11                           	MOV	BYTE [ECX],DL
   810 0000087C 41                              	INC	ECX
   811 0000087D 83 FF 0F                        	CMP	EDI,15
   812 00000880 7E D9                           	JLE	L56
   813 00000882 FF 45 F0                        	INC	DWORD [-16+EBP]
   814 00000885 01 DE                           	ADD	ESI,EBX
   815 00000887 83 45 E0 10                     	ADD	DWORD [-32+EBP],16
   816 0000088B 83 7D F0 0D                     	CMP	DWORD [-16+EBP],13
   817 0000088F 7E BE                           	JLE	L57
   818 00000891 8D 65 F4                        	LEA	ESP,DWORD [-12+EBP]
   819 00000894 5B                              	POP	EBX
   820 00000895 5E                              	POP	ESI
   821 00000896 5F                              	POP	EDI
   822 00000897 5D                              	POP	EBP
   823 00000898 C3                              	RET
   824 00000899                                 L63:
   825 00000899 B2 0F                           	MOV	DL,15
   826 0000089B EB DC                           	JMP	L51
   827 0000089D                                 L62:
   828 0000089D 31 D2                           	XOR	EDX,EDX
   829 0000089F EB D8                           	JMP	L51
   830 000008A1                                 	GLOBAL	_putfonts8_asc_sht
   831 000008A1                                 _putfonts8_asc_sht:
   832 000008A1 55                              	PUSH	EBP
   833 000008A2 89 E5                           	MOV	EBP,ESP
   834 000008A4 57                              	PUSH	EDI
   835 000008A5 56                              	PUSH	ESI
   836 000008A6 53                              	PUSH	EBX
   837 000008A7 83 EC 0C                        	SUB	ESP,12
   838 000008AA 8B 45 08                        	MOV	EAX,DWORD [8+EBP]
   839 000008AD 8B 7D 10                        	MOV	EDI,DWORD [16+EBP]
   840 000008B0 89 45 F0                        	MOV	DWORD [-16+EBP],EAX
   841 000008B3 8B 5D 14                        	MOV	EBX,DWORD [20+EBP]
   842 000008B6 8B 45 0C                        	MOV	EAX,DWORD [12+EBP]
   843 000008B9 89 45 EC                        	MOV	DWORD [-20+EBP],EAX
   844 000008BC 8B 45 1C                        	MOV	EAX,DWORD [28+EBP]
   845 000008BF 89 45 E8                        	MOV	DWORD [-24+EBP],EAX
   846 000008C2 8D 47 0F                        	LEA	EAX,DWORD [15+EDI]
   847 000008C5 50                              	PUSH	EAX
   848 000008C6 8B 45 EC                        	MOV	EAX,DWORD [-20+EBP]
   849 000008C9 8B 75 20                        	MOV	ESI,DWORD [32+EBP]
   850 000008CC 0F BE DB                        	MOVSX	EBX,BL
   851 000008CF 8D 34 F0                        	LEA	ESI,DWORD [EAX+ESI*8]
   852 000008D2 8D 46 FF                        	LEA	EAX,DWORD [-1+ESI]
   853 000008D5 50                              	PUSH	EAX
   854 000008D6 57                              	PUSH	EDI
   855 000008D7 FF 75 EC                        	PUSH	DWORD [-20+EBP]
   856 000008DA 0F B6 45 18                     	MOVZX	EAX,BYTE [24+EBP]
   857 000008DE 50                              	PUSH	EAX
   858 000008DF 8B 45 F0                        	MOV	EAX,DWORD [-16+EBP]
   859 000008E2 FF 70 04                        	PUSH	DWORD [4+EAX]
   860 000008E5 FF 30                           	PUSH	DWORD [EAX]
   861 000008E7 E8 [00000000]                   	CALL	_boxfill8
   862 000008EC FF 75 E8                        	PUSH	DWORD [-24+EBP]
   863 000008EF 53                              	PUSH	EBX
   864 000008F0 57                              	PUSH	EDI
   865 000008F1 FF 75 EC                        	PUSH	DWORD [-20+EBP]
   866 000008F4 8B 45 F0                        	MOV	EAX,DWORD [-16+EBP]
   867 000008F7 FF 70 04                        	PUSH	DWORD [4+EAX]
   868 000008FA FF 30                           	PUSH	DWORD [EAX]
   869 000008FC E8 [00000000]                   	CALL	_putfonts8_asc
   870 00000901 89 7D 10                        	MOV	DWORD [16+EBP],EDI
   871 00000904 8D 47 10                        	LEA	EAX,DWORD [16+EDI]
   872 00000907 89 75 14                        	MOV	DWORD [20+EBP],ESI
   873 0000090A 89 45 18                        	MOV	DWORD [24+EBP],EAX
   874 0000090D 83 C4 34                        	ADD	ESP,52
   875 00000910 8B 45 EC                        	MOV	EAX,DWORD [-20+EBP]
   876 00000913 89 45 0C                        	MOV	DWORD [12+EBP],EAX
   877 00000916 8B 45 F0                        	MOV	EAX,DWORD [-16+EBP]
   878 00000919 89 45 08                        	MOV	DWORD [8+EBP],EAX
   879 0000091C 8D 65 F4                        	LEA	ESP,DWORD [-12+EBP]
   880 0000091F 5B                              	POP	EBX
   881 00000920 5E                              	POP	ESI
   882 00000921 5F                              	POP	EDI
   883 00000922 5D                              	POP	EBP
   884 00000923 E9 [00000000]                   	JMP	_sheet_refresh
   885 00000928                                 	GLOBAL	_make_textbox8
   886 00000928                                 _make_textbox8:
   887 00000928 55                              	PUSH	EBP
   888 00000929 89 E5                           	MOV	EBP,ESP
   889 0000092B 57                              	PUSH	EDI
   890 0000092C 56                              	PUSH	ESI
   891 0000092D 53                              	PUSH	EBX
   892 0000092E 83 EC 14                        	SUB	ESP,20
   893 00000931 8B 45 0C                        	MOV	EAX,DWORD [12+EBP]
   894 00000934 8B 75 10                        	MOV	ESI,DWORD [16+EBP]
   895 00000937 03 45 14                        	ADD	EAX,DWORD [20+EBP]
   896 0000093A 83 EE 03                        	SUB	ESI,3
   897 0000093D 56                              	PUSH	ESI
   898 0000093E 89 45 F0                        	MOV	DWORD [-16+EBP],EAX
   899 00000941 8B 45 10                        	MOV	EAX,DWORD [16+EBP]
   900 00000944 03 45 18                        	ADD	EAX,DWORD [24+EBP]
   901 00000947 89 45 EC                        	MOV	DWORD [-20+EBP],EAX
   902 0000094A 8B 45 F0                        	MOV	EAX,DWORD [-16+EBP]
   903 0000094D 40                              	INC	EAX
   904 0000094E 50                              	PUSH	EAX
   905 0000094F 89 45 E8                        	MOV	DWORD [-24+EBP],EAX
   906 00000952 8B 45 0C                        	MOV	EAX,DWORD [12+EBP]
   907 00000955 56                              	PUSH	ESI
   908 00000956 83 E8 02                        	SUB	EAX,2
   909 00000959 50                              	PUSH	EAX
   910 0000095A 89 45 E4                        	MOV	DWORD [-28+EBP],EAX
   911 0000095D 8B 45 08                        	MOV	EAX,DWORD [8+EBP]
   912 00000960 6A 0F                           	PUSH	15
   913 00000962 FF 70 04                        	PUSH	DWORD [4+EAX]
   914 00000965 FF 30                           	PUSH	DWORD [EAX]
   915 00000967 E8 [00000000]                   	CALL	_boxfill8
   916 0000096C 8B 7D 0C                        	MOV	EDI,DWORD [12+EBP]
   917 0000096F 8B 45 EC                        	MOV	EAX,DWORD [-20+EBP]
   918 00000972 83 EF 03                        	SUB	EDI,3
   919 00000975 40                              	INC	EAX
   920 00000976 50                              	PUSH	EAX
   921 00000977 89 45 E0                        	MOV	DWORD [-32+EBP],EAX
   922 0000097A 57                              	PUSH	EDI
   923 0000097B 8B 45 08                        	MOV	EAX,DWORD [8+EBP]
   924 0000097E 56                              	PUSH	ESI
   925 0000097F 57                              	PUSH	EDI
   926 00000980 6A 0F                           	PUSH	15
   927 00000982 FF 70 04                        	PUSH	DWORD [4+EAX]
   928 00000985 FF 30                           	PUSH	DWORD [EAX]
   929 00000987 E8 [00000000]                   	CALL	_boxfill8
   930 0000098C 8B 45 08                        	MOV	EAX,DWORD [8+EBP]
   931 0000098F 83 C4 38                        	ADD	ESP,56
   932 00000992 8B 5D EC                        	MOV	EBX,DWORD [-20+EBP]
   933 00000995 83 C3 02                        	ADD	EBX,2
   934 00000998 53                              	PUSH	EBX
   935 00000999 FF 75 E8                        	PUSH	DWORD [-24+EBP]
   936 0000099C 53                              	PUSH	EBX
   937 0000099D 57                              	PUSH	EDI
   938 0000099E 6A 07                           	PUSH	7
   939 000009A0 FF 70 04                        	PUSH	DWORD [4+EAX]
   940 000009A3 FF 30                           	PUSH	DWORD [EAX]
   941 000009A5 E8 [00000000]                   	CALL	_boxfill8
   942 000009AA 8B 45 F0                        	MOV	EAX,DWORD [-16+EBP]
   943 000009AD 53                              	PUSH	EBX
   944 000009AE 83 C0 02                        	ADD	EAX,2
   945 000009B1 50                              	PUSH	EAX
   946 000009B2 56                              	PUSH	ESI
   947 000009B3 50                              	PUSH	EAX
   948 000009B4 8B 45 08                        	MOV	EAX,DWORD [8+EBP]
   949 000009B7 6A 07                           	PUSH	7
   950 000009B9 FF 70 04                        	PUSH	DWORD [4+EAX]
   951 000009BC FF 30                           	PUSH	DWORD [EAX]
   952 000009BE E8 [00000000]                   	CALL	_boxfill8
   953 000009C3 8B 45 08                        	MOV	EAX,DWORD [8+EBP]
   954 000009C6 83 C4 38                        	ADD	ESP,56
   955 000009C9 8B 5D 10                        	MOV	EBX,DWORD [16+EBP]
   956 000009CC 83 EB 02                        	SUB	EBX,2
   957 000009CF 8B 7D 0C                        	MOV	EDI,DWORD [12+EBP]
   958 000009D2 53                              	PUSH	EBX
   959 000009D3 4F                              	DEC	EDI
   960 000009D4 FF 75 F0                        	PUSH	DWORD [-16+EBP]
   961 000009D7 53                              	PUSH	EBX
   962 000009D8 57                              	PUSH	EDI
   963 000009D9 6A 00                           	PUSH	0
   964 000009DB FF 70 04                        	PUSH	DWORD [4+EAX]
   965 000009DE FF 30                           	PUSH	DWORD [EAX]
   966 000009E0 E8 [00000000]                   	CALL	_boxfill8
   967 000009E5 8B 45 08                        	MOV	EAX,DWORD [8+EBP]
   968 000009E8 FF 75 EC                        	PUSH	DWORD [-20+EBP]
   969 000009EB FF 75 E4                        	PUSH	DWORD [-28+EBP]
   970 000009EE 53                              	PUSH	EBX
   971 000009EF FF 75 E4                        	PUSH	DWORD [-28+EBP]
   972 000009F2 6A 00                           	PUSH	0
   973 000009F4 FF 70 04                        	PUSH	DWORD [4+EAX]
   974 000009F7 FF 30                           	PUSH	DWORD [EAX]
   975 000009F9 E8 [00000000]                   	CALL	_boxfill8
   976 000009FE 8B 45 08                        	MOV	EAX,DWORD [8+EBP]
   977 00000A01 83 C4 38                        	ADD	ESP,56
   978 00000A04 FF 75 E0                        	PUSH	DWORD [-32+EBP]
   979 00000A07 FF 75 F0                        	PUSH	DWORD [-16+EBP]
   980 00000A0A FF 75 E0                        	PUSH	DWORD [-32+EBP]
   981 00000A0D FF 75 E4                        	PUSH	DWORD [-28+EBP]
   982 00000A10 6A 08                           	PUSH	8
   983 00000A12 FF 70 04                        	PUSH	DWORD [4+EAX]
   984 00000A15 FF 30                           	PUSH	DWORD [EAX]
   985 00000A17 E8 [00000000]                   	CALL	_boxfill8
   986 00000A1C 8B 45 08                        	MOV	EAX,DWORD [8+EBP]
   987 00000A1F FF 75 E0                        	PUSH	DWORD [-32+EBP]
   988 00000A22 FF 75 E8                        	PUSH	DWORD [-24+EBP]
   989 00000A25 53                              	PUSH	EBX
   990 00000A26 FF 75 E8                        	PUSH	DWORD [-24+EBP]
   991 00000A29 6A 08                           	PUSH	8
   992 00000A2B FF 70 04                        	PUSH	DWORD [4+EAX]
   993 00000A2E FF 30                           	PUSH	DWORD [EAX]
   994 00000A30 E8 [00000000]                   	CALL	_boxfill8
   995 00000A35 8B 45 10                        	MOV	EAX,DWORD [16+EBP]
   996 00000A38 83 C4 38                        	ADD	ESP,56
   997 00000A3B 48                              	DEC	EAX
   998 00000A3C FF 75 EC                        	PUSH	DWORD [-20+EBP]
   999 00000A3F FF 75 F0                        	PUSH	DWORD [-16+EBP]
  1000 00000A42 50                              	PUSH	EAX
  1001 00000A43 57                              	PUSH	EDI
  1002 00000A44 0F B6 45 1C                     	MOVZX	EAX,BYTE [28+EBP]
  1003 00000A48 50                              	PUSH	EAX
  1004 00000A49 8B 45 08                        	MOV	EAX,DWORD [8+EBP]
  1005 00000A4C FF 70 04                        	PUSH	DWORD [4+EAX]
  1006 00000A4F FF 30                           	PUSH	DWORD [EAX]
  1007 00000A51 E8 [00000000]                   	CALL	_boxfill8
  1008 00000A56 8D 65 F4                        	LEA	ESP,DWORD [-12+EBP]
  1009 00000A59 5B                              	POP	EBX
  1010 00000A5A 5E                              	POP	ESI
  1011 00000A5B 5F                              	POP	EDI
  1012 00000A5C 5D                              	POP	EBP
  1013 00000A5D C3                              	RET
  1014                                          [SECTION .data]
  1015 00000184                                 LC8:
  1016 00000184 25 31 31 64 00                  	DB	"%11d",0x00
  1017                                          [SECTION .text]
  1018 00000A5E                                 	GLOBAL	_task_b_main
  1019 00000A5E                                 _task_b_main:
  1020 00000A5E 55                              	PUSH	EBP
  1021 00000A5F 89 E5                           	MOV	EBP,ESP
  1022 00000A61 57                              	PUSH	EDI
  1023 00000A62 56                              	PUSH	ESI
  1024 00000A63 53                              	PUSH	EBX
  1025 00000A64 8D 85 FFFFFDD4                  	LEA	EAX,DWORD [-556+EBP]
  1026 00000A6A 81 EC 00000238                  	SUB	ESP,568
  1027 00000A70 8D 5D D4                        	LEA	EBX,DWORD [-44+EBP]
  1028 00000A73 C7 85 FFFFFDC0 00000000         	MOV	DWORD [-576+EBP],0
  1029 00000A7D 6A 00                           	PUSH	0
  1030 00000A7F 50                              	PUSH	EAX
  1031 00000A80 68 00000080                     	PUSH	128
  1032 00000A85 53                              	PUSH	EBX
  1033 00000A86 C7 85 FFFFFDBC 00000000         	MOV	DWORD [-580+EBP],0
  1034 00000A90 E8 [00000000]                   	CALL	_fifo32_init
  1035 00000A95 E8 [00000000]                   	CALL	_timer_alloc
  1036 00000A9A 6A 01                           	PUSH	1
  1037 00000A9C 53                              	PUSH	EBX
  1038 00000A9D 89 C7                           	MOV	EDI,EAX
  1039 00000A9F 50                              	PUSH	EAX
  1040 00000AA0 E8 [00000000]                   	CALL	_timer_init
  1041 00000AA5 6A 01                           	PUSH	1
  1042 00000AA7 57                              	PUSH	EDI
  1043 00000AA8 E8 [00000000]                   	CALL	_timer_settime
  1044 00000AAD 83 C4 24                        	ADD	ESP,36
  1045 00000AB0 E8 [00000000]                   	CALL	_timer_alloc
  1046 00000AB5 6A 64                           	PUSH	100
  1047 00000AB7 89 C6                           	MOV	ESI,EAX
  1048 00000AB9 53                              	PUSH	EBX
  1049 00000ABA 50                              	PUSH	EAX
  1050 00000ABB E8 [00000000]                   	CALL	_timer_init
  1051 00000AC0 6A 64                           	PUSH	100
  1052 00000AC2 56                              	PUSH	ESI
  1053 00000AC3 E8 [00000000]                   	CALL	_timer_settime
  1054 00000AC8 83 C4 14                        	ADD	ESP,20
  1055 00000ACB                                 L67:
  1056 00000ACB 8D 5D D4                        	LEA	EBX,DWORD [-44+EBP]
  1057 00000ACE FF 85 FFFFFDC0                  	INC	DWORD [-576+EBP]
  1058 00000AD4 E8 [00000000]                   	CALL	_io_cli
  1059 00000AD9 53                              	PUSH	EBX
  1060 00000ADA E8 [00000000]                   	CALL	_fifo32_status
  1061 00000ADF 5A                              	POP	EDX
  1062 00000AE0 85 C0                           	TEST	EAX,EAX
  1063 00000AE2 0F 84 0000009F                  	JE	L76
  1064 00000AE8 53                              	PUSH	EBX
  1065 00000AE9 E8 [00000000]                   	CALL	_fifo32_get
  1066 00000AEE 89 C3                           	MOV	EBX,EAX
  1067 00000AF0 E8 [00000000]                   	CALL	_io_sti
  1068 00000AF5 59                              	POP	ECX
  1069 00000AF6 83 FB 01                        	CMP	EBX,1
  1070 00000AF9 74 57                           	JE	L77
  1071 00000AFB 83 FB 64                        	CMP	EBX,100
  1072 00000AFE 75 CB                           	JNE	L67
  1073 00000B00 8B 85 FFFFFDC0                  	MOV	EAX,DWORD [-576+EBP]
  1074 00000B06 8D 9D FFFFFDC4                  	LEA	EBX,DWORD [-572+EBP]
  1075 00000B0C 2B 85 FFFFFDBC                  	SUB	EAX,DWORD [-580+EBP]
  1076 00000B12 50                              	PUSH	EAX
  1077 00000B13 68 [00000184]                   	PUSH	LC8
  1078 00000B18 53                              	PUSH	EBX
  1079 00000B19 E8 [00000000]                   	CALL	_sprintf
  1080 00000B1E 6A 0B                           	PUSH	11
  1081 00000B20 53                              	PUSH	EBX
  1082 00000B21 6A 0E                           	PUSH	14
  1083 00000B23 6A 07                           	PUSH	7
  1084 00000B25 68 00000080                     	PUSH	128
  1085 00000B2A 6A 00                           	PUSH	0
  1086 00000B2C FF 75 08                        	PUSH	DWORD [8+EBP]
  1087 00000B2F E8 FFFFFD6D                     	CALL	_putfonts8_asc_sht
  1088 00000B34 83 C4 28                        	ADD	ESP,40
  1089 00000B37 8B 85 FFFFFDC0                  	MOV	EAX,DWORD [-576+EBP]
  1090 00000B3D 6A 64                           	PUSH	100
  1091 00000B3F 89 85 FFFFFDBC                  	MOV	DWORD [-580+EBP],EAX
  1092 00000B45 56                              	PUSH	ESI
  1093 00000B46                                 L75:
  1094 00000B46 E8 [00000000]                   	CALL	_timer_settime
  1095 00000B4B 58                              	POP	EAX
  1096 00000B4C 5A                              	POP	EDX
  1097 00000B4D E9 FFFFFF79                     	JMP	L67
  1098 00000B52                                 L77:
  1099 00000B52 FF B5 FFFFFDC0                  	PUSH	DWORD [-576+EBP]
  1100 00000B58 68 [00000184]                   	PUSH	LC8
  1101 00000B5D 8D 9D FFFFFDC4                  	LEA	EBX,DWORD [-572+EBP]
  1102 00000B63 53                              	PUSH	EBX
  1103 00000B64 E8 [00000000]                   	CALL	_sprintf
  1104 00000B69 6A 0B                           	PUSH	11
  1105 00000B6B 53                              	PUSH	EBX
  1106 00000B6C 6A 0E                           	PUSH	14
  1107 00000B6E 6A 07                           	PUSH	7
  1108 00000B70 68 00000090                     	PUSH	144
  1109 00000B75 6A 00                           	PUSH	0
  1110 00000B77 FF 75 08                        	PUSH	DWORD [8+EBP]
  1111 00000B7A E8 FFFFFD22                     	CALL	_putfonts8_asc_sht
  1112 00000B7F 83 C4 28                        	ADD	ESP,40
  1113 00000B82 6A 01                           	PUSH	1
  1114 00000B84 57                              	PUSH	EDI
  1115 00000B85 EB BF                           	JMP	L75
  1116 00000B87                                 L76:
  1117 00000B87 E8 [00000000]                   	CALL	_io_sti
  1118 00000B8C E9 FFFFFF3A                     	JMP	L67
