     1 00000000                                 [FORMAT "WCOFF"]
     2 00000000                                 [INSTRSET "i486p"]
     3 00000000                                 [OPTIMIZE 1]
     4 00000000                                 [OPTION 1]
     5 00000000                                 [BITS 32]
     6 00000000                                 	EXTERN	_memman_alloc_4k
     7 00000000                                 	EXTERN	_set_segmdesc
     8 00000000                                 	EXTERN	_load_tr
     9 00000000                                 	EXTERN	_timer_alloc
    10 00000000                                 	EXTERN	_timer_settime
    11 00000000                                 	EXTERN	_farjmp
    12 00000000                                 	EXTERN	_io_hlt
    13 00000000                                 [FILE "mtask.c"]
    14                                          [SECTION .text]
    15 00000000                                 	GLOBAL	_task_now
    16 00000000                                 _task_now:
    17 00000000 A1 [00000004]                   	MOV	EAX,DWORD [_taskctl]
    18 00000005 55                              	PUSH	EBP
    19 00000006 89 E5                           	MOV	EBP,ESP
    20 00000008 5D                              	POP	EBP
    21 00000009 8B 10                           	MOV	EDX,DWORD [EAX]
    22 0000000B 69 D2 00000198                  	IMUL	EDX,EDX,408
    23 00000011 8D 44 02 08                     	LEA	EAX,DWORD [8+EDX+EAX*1]
    24 00000015 8B 50 04                        	MOV	EDX,DWORD [4+EAX]
    25 00000018 8B 44 90 08                     	MOV	EAX,DWORD [8+EAX+EDX*4]
    26 0000001C C3                              	RET
    27 0000001D                                 	GLOBAL	_task_add
    28 0000001D                                 _task_add:
    29 0000001D 55                              	PUSH	EBP
    30 0000001E 89 E5                           	MOV	EBP,ESP
    31 00000020 8B 4D 08                        	MOV	ECX,DWORD [8+EBP]
    32 00000023 8B 51 08                        	MOV	EDX,DWORD [8+ECX]
    33 00000026 69 D2 00000198                  	IMUL	EDX,EDX,408
    34 0000002C 03 15 [00000004]                	ADD	EDX,DWORD [_taskctl]
    35 00000032 8B 42 08                        	MOV	EAX,DWORD [8+EDX]
    36 00000035 89 4C 82 10                     	MOV	DWORD [16+EDX+EAX*4],ECX
    37 00000039 40                              	INC	EAX
    38 0000003A 89 42 08                        	MOV	DWORD [8+EDX],EAX
    39 0000003D C7 41 04 00000002               	MOV	DWORD [4+ECX],2
    40 00000044 5D                              	POP	EBP
    41 00000045 C3                              	RET
    42 00000046                                 	GLOBAL	_task_remove
    43 00000046                                 _task_remove:
    44 00000046 55                              	PUSH	EBP
    45 00000047 31 C9                           	XOR	ECX,ECX
    46 00000049 89 E5                           	MOV	EBP,ESP
    47 0000004B 53                              	PUSH	EBX
    48 0000004C 8B 5D 08                        	MOV	EBX,DWORD [8+EBP]
    49 0000004F 8B 43 08                        	MOV	EAX,DWORD [8+EBX]
    50 00000052 69 C0 00000198                  	IMUL	EAX,EAX,408
    51 00000058 03 05 [00000004]                	ADD	EAX,DWORD [_taskctl]
    52 0000005E 8D 50 08                        	LEA	EDX,DWORD [8+EAX]
    53 00000061 3B 48 08                        	CMP	ECX,DWORD [8+EAX]
    54 00000064 7D 0B                           	JGE	L5
    55 00000066                                 L9:
    56 00000066 39 5C 8A 08                     	CMP	DWORD [8+EDX+ECX*4],EBX
    57 0000006A 74 05                           	JE	L5
    58 0000006C 41                              	INC	ECX
    59 0000006D 3B 0A                           	CMP	ECX,DWORD [EDX]
    60 0000006F 7C F5                           	JL	L9
    61 00000071                                 L5:
    62 00000071 8B 42 04                        	MOV	EAX,DWORD [4+EDX]
    63 00000074 FF 0A                           	DEC	DWORD [EDX]
    64 00000076 39 C1                           	CMP	ECX,EAX
    65 00000078 7D 04                           	JGE	L10
    66 0000007A 48                              	DEC	EAX
    67 0000007B 89 42 04                        	MOV	DWORD [4+EDX],EAX
    68 0000007E                                 L10:
    69 0000007E 8B 02                           	MOV	EAX,DWORD [EDX]
    70 00000080 39 42 04                        	CMP	DWORD [4+EDX],EAX
    71 00000083 7C 07                           	JL	L11
    72 00000085 C7 42 04 00000000               	MOV	DWORD [4+EDX],0
    73 0000008C                                 L11:
    74 0000008C C7 43 04 00000001               	MOV	DWORD [4+EBX],1
    75 00000093 8B 1A                           	MOV	EBX,DWORD [EDX]
    76 00000095 39 D9                           	CMP	ECX,EBX
    77 00000097 7D 0D                           	JGE	L19
    78 00000099                                 L16:
    79 00000099 8B 44 8A 0C                     	MOV	EAX,DWORD [12+EDX+ECX*4]
    80 0000009D 89 44 8A 08                     	MOV	DWORD [8+EDX+ECX*4],EAX
    81 000000A1 41                              	INC	ECX
    82 000000A2 39 D9                           	CMP	ECX,EBX
    83 000000A4 7C F3                           	JL	L16
    84 000000A6                                 L19:
    85 000000A6 5B                              	POP	EBX
    86 000000A7 5D                              	POP	EBP
    87 000000A8 C3                              	RET
    88 000000A9                                 	GLOBAL	_task_switchsub
    89 000000A9                                 _task_switchsub:
    90 000000A9 55                              	PUSH	EBP
    91 000000AA 31 C9                           	XOR	ECX,ECX
    92 000000AC 89 E5                           	MOV	EBP,ESP
    93 000000AE A1 [00000004]                   	MOV	EAX,DWORD [_taskctl]
    94 000000B3 31 D2                           	XOR	EDX,EDX
    95 000000B5                                 L26:
    96 000000B5 83 7C 10 08 00                  	CMP	DWORD [8+EAX+EDX*1],0
    97 000000BA 7F 0C                           	JG	L22
    98 000000BC 41                              	INC	ECX
    99 000000BD 81 C2 00000198                  	ADD	EDX,408
   100 000000C3 83 F9 09                        	CMP	ECX,9
   101 000000C6 7E ED                           	JLE	L26
   102 000000C8                                 L22:
   103 000000C8 89 08                           	MOV	DWORD [EAX],ECX
   104 000000CA C6 40 04 00                     	MOV	BYTE [4+EAX],0
   105 000000CE 5D                              	POP	EBP
   106 000000CF C3                              	RET
   107 000000D0                                 	GLOBAL	_task_init
   108 000000D0                                 _task_init:
   109 000000D0 55                              	PUSH	EBP
   110 000000D1 89 E5                           	MOV	EBP,ESP
   111 000000D3 57                              	PUSH	EDI
   112 000000D4 56                              	PUSH	ESI
   113 000000D5 31 FF                           	XOR	EDI,EDI
   114 000000D7 53                              	PUSH	EBX
   115 000000D8 31 F6                           	XOR	ESI,ESI
   116 000000DA 68 00025218                     	PUSH	152088
   117 000000DF BB 000003E7                     	MOV	EBX,999
   118 000000E4 FF 75 08                        	PUSH	DWORD [8+EBP]
   119 000000E7 E8 [00000000]                   	CALL	_memman_alloc_4k
   120 000000EC A3 [00000004]                   	MOV	DWORD [_taskctl],EAX
   121 000000F1 58                              	POP	EAX
   122 000000F2 5A                              	POP	EDX
   123 000000F3                                 L33:
   124 000000F3 89 F8                           	MOV	EAX,EDI
   125 000000F5 8D 56 18                        	LEA	EDX,DWORD [24+ESI]
   126 000000F8 03 05 [00000004]                	ADD	EAX,DWORD [_taskctl]
   127 000000FE 81 C7 00000094                  	ADD	EDI,148
   128 00000104 C7 80 00000FFC 00000000         	MOV	DWORD [4092+EAX],0
   129 0000010E 89 90 00000FF8                  	MOV	DWORD [4088+EAX],EDX
   130 00000114 05 00001024                     	ADD	EAX,4132
   131 00000119 68 00000089                     	PUSH	137
   132 0000011E 50                              	PUSH	EAX
   133 0000011F 8D 86 00270018                  	LEA	EAX,DWORD [2555928+ESI]
   134 00000125 6A 67                           	PUSH	103
   135 00000127 83 C6 08                        	ADD	ESI,8
   136 0000012A 50                              	PUSH	EAX
   137 0000012B E8 [00000000]                   	CALL	_set_segmdesc
   138 00000130 83 C4 10                        	ADD	ESP,16
   139 00000133 4B                              	DEC	EBX
   140 00000134 79 BD                           	JNS	L33
   141 00000136 8B 0D [00000004]                	MOV	ECX,DWORD [_taskctl]
   142 0000013C 31 D2                           	XOR	EDX,EDX
   143 0000013E BB 00000009                     	MOV	EBX,9
   144 00000143                                 L38:
   145 00000143 8D 04 11                        	LEA	EAX,DWORD [ECX+EDX*1]
   146 00000146 81 C2 00000198                  	ADD	EDX,408
   147 0000014C 4B                              	DEC	EBX
   148 0000014D C7 40 08 00000000               	MOV	DWORD [8+EAX],0
   149 00000154 C7 40 0C 00000000               	MOV	DWORD [12+EAX],0
   150 0000015B 79 E6                           	JNS	L38
   151 0000015D E8 000000A6                     	CALL	_task_alloc
   152 00000162 89 C6                           	MOV	ESI,EAX
   153 00000164 C7 40 04 00000002               	MOV	DWORD [4+EAX],2
   154 0000016B C7 40 0C 00000002               	MOV	DWORD [12+EAX],2
   155 00000172 C7 40 08 00000000               	MOV	DWORD [8+EAX],0
   156 00000179 50                              	PUSH	EAX
   157 0000017A E8 FFFFFE9E                     	CALL	_task_add
   158 0000017F E8 FFFFFF25                     	CALL	_task_switchsub
   159 00000184 FF 36                           	PUSH	DWORD [ESI]
   160 00000186 E8 [00000000]                   	CALL	_load_tr
   161 0000018B E8 [00000000]                   	CALL	_timer_alloc
   162 00000190 FF 76 0C                        	PUSH	DWORD [12+ESI]
   163 00000193 50                              	PUSH	EAX
   164 00000194 A3 [00000000]                   	MOV	DWORD [_task_timer],EAX
   165 00000199 E8 [00000000]                   	CALL	_timer_settime
   166 0000019E E8 00000065                     	CALL	_task_alloc
   167 000001A3 68 00010000                     	PUSH	65536
   168 000001A8 FF 75 08                        	PUSH	DWORD [8+EBP]
   169 000001AB 89 C3                           	MOV	EBX,EAX
   170 000001AD E8 [00000000]                   	CALL	_memman_alloc_4k
   171 000001B2 05 00010000                     	ADD	EAX,65536
   172 000001B7 89 43 64                        	MOV	DWORD [100+EBX],EAX
   173 000001BA C7 43 4C [000003C3]             	MOV	DWORD [76+EBX],_task_idle
   174 000001C1 C7 43 74 00000008               	MOV	DWORD [116+EBX],8
   175 000001C8 C7 43 78 00000010               	MOV	DWORD [120+EBX],16
   176 000001CF C7 43 7C 00000008               	MOV	DWORD [124+EBX],8
   177 000001D6 C7 83 00000080 00000008         	MOV	DWORD [128+EBX],8
   178 000001E0 C7 83 00000084 00000008         	MOV	DWORD [132+EBX],8
   179 000001EA C7 83 00000088 00000008         	MOV	DWORD [136+EBX],8
   180 000001F4 6A 01                           	PUSH	1
   181 000001F6 6A 09                           	PUSH	9
   182 000001F8 53                              	PUSH	EBX
   183 000001F9 E8 000000B7                     	CALL	_task_run
   184 000001FE 8D 65 F4                        	LEA	ESP,DWORD [-12+EBP]
   185 00000201 5B                              	POP	EBX
   186 00000202 89 F0                           	MOV	EAX,ESI
   187 00000204 5E                              	POP	ESI
   188 00000205 5F                              	POP	EDI
   189 00000206 5D                              	POP	EBP
   190 00000207 C3                              	RET
   191 00000208                                 	GLOBAL	_task_alloc
   192 00000208                                 _task_alloc:
   193 00000208 55                              	PUSH	EBP
   194 00000209 31 C9                           	XOR	ECX,ECX
   195 0000020B 89 E5                           	MOV	EBP,ESP
   196 0000020D 31 D2                           	XOR	EDX,EDX
   197 0000020F                                 L49:
   198 0000020F 89 D0                           	MOV	EAX,EDX
   199 00000211 03 05 [00000004]                	ADD	EAX,DWORD [_taskctl]
   200 00000217 83 B8 00000FFC 00               	CMP	DWORD [4092+EAX],0
   201 0000021E 74 13                           	JE	L52
   202 00000220 41                              	INC	ECX
   203 00000221 81 C2 00000094                  	ADD	EDX,148
   204 00000227 81 F9 000003E7                  	CMP	ECX,999
   205 0000022D 7E E0                           	JLE	L49
   206 0000022F 31 C0                           	XOR	EAX,EAX
   207 00000231                                 L43:
   208 00000231 5D                              	POP	EBP
   209 00000232 C3                              	RET
   210 00000233                                 L52:
   211 00000233 05 00000FF8                     	ADD	EAX,4088
   212 00000238 C7 40 04 00000001               	MOV	DWORD [4+EAX],1
   213 0000023F C7 40 50 00000202               	MOV	DWORD [80+EAX],514
   214 00000246 C7 40 54 00000000               	MOV	DWORD [84+EAX],0
   215 0000024D C7 40 58 00000000               	MOV	DWORD [88+EAX],0
   216 00000254 C7 40 5C 00000000               	MOV	DWORD [92+EAX],0
   217 0000025B C7 40 60 00000000               	MOV	DWORD [96+EAX],0
   218 00000262 C7 40 68 00000000               	MOV	DWORD [104+EAX],0
   219 00000269 C7 40 6C 00000000               	MOV	DWORD [108+EAX],0
   220 00000270 C7 40 70 00000000               	MOV	DWORD [112+EAX],0
   221 00000277 C7 40 74 00000000               	MOV	DWORD [116+EAX],0
   222 0000027E C7 80 00000080 00000000         	MOV	DWORD [128+EAX],0
   223 00000288 C7 80 00000084 00000000         	MOV	DWORD [132+EAX],0
   224 00000292 C7 80 00000088 00000000         	MOV	DWORD [136+EAX],0
   225 0000029C C7 80 0000008C 00000000         	MOV	DWORD [140+EAX],0
   226 000002A6 C7 80 00000090 40000000         	MOV	DWORD [144+EAX],1073741824
   227 000002B0 E9 FFFFFF7C                     	JMP	L43
   228 000002B5                                 	GLOBAL	_task_run
   229 000002B5                                 _task_run:
   230 000002B5 55                              	PUSH	EBP
   231 000002B6 89 E5                           	MOV	EBP,ESP
   232 000002B8 56                              	PUSH	ESI
   233 000002B9 53                              	PUSH	EBX
   234 000002BA 8B 75 0C                        	MOV	ESI,DWORD [12+EBP]
   235 000002BD 8B 45 10                        	MOV	EAX,DWORD [16+EBP]
   236 000002C0 8B 5D 08                        	MOV	EBX,DWORD [8+EBP]
   237 000002C3 85 F6                           	TEST	ESI,ESI
   238 000002C5 78 3B                           	JS	L58
   239 000002C7                                 L54:
   240 000002C7 85 C0                           	TEST	EAX,EAX
   241 000002C9 7E 03                           	JLE	L55
   242 000002CB 89 43 0C                        	MOV	DWORD [12+EBX],EAX
   243 000002CE                                 L55:
   244 000002CE 83 7B 04 02                     	CMP	DWORD [4+EBX],2
   245 000002D2 74 20                           	JE	L59
   246 000002D4                                 L56:
   247 000002D4 83 7B 04 02                     	CMP	DWORD [4+EBX],2
   248 000002D8 74 0A                           	JE	L57
   249 000002DA 89 73 08                        	MOV	DWORD [8+EBX],ESI
   250 000002DD 53                              	PUSH	EBX
   251 000002DE E8 FFFFFD3A                     	CALL	_task_add
   252 000002E3 59                              	POP	ECX
   253 000002E4                                 L57:
   254 000002E4 A1 [00000004]                   	MOV	EAX,DWORD [_taskctl]
   255 000002E9 C6 40 04 01                     	MOV	BYTE [4+EAX],1
   256 000002ED 8D 65 F8                        	LEA	ESP,DWORD [-8+EBP]
   257 000002F0 5B                              	POP	EBX
   258 000002F1 5E                              	POP	ESI
   259 000002F2 5D                              	POP	EBP
   260 000002F3 C3                              	RET
   261 000002F4                                 L59:
   262 000002F4 39 73 08                        	CMP	DWORD [8+EBX],ESI
   263 000002F7 74 DB                           	JE	L56
   264 000002F9 53                              	PUSH	EBX
   265 000002FA E8 FFFFFD47                     	CALL	_task_remove
   266 000002FF 58                              	POP	EAX
   267 00000300 EB D2                           	JMP	L56
   268 00000302                                 L58:
   269 00000302 8B 73 08                        	MOV	ESI,DWORD [8+EBX]
   270 00000305 EB C0                           	JMP	L54
   271 00000307                                 	GLOBAL	_task_sleep
   272 00000307                                 _task_sleep:
   273 00000307 55                              	PUSH	EBP
   274 00000308 89 E5                           	MOV	EBP,ESP
   275 0000030A 56                              	PUSH	ESI
   276 0000030B 53                              	PUSH	EBX
   277 0000030C 8B 75 08                        	MOV	ESI,DWORD [8+EBP]
   278 0000030F 83 7E 04 02                     	CMP	DWORD [4+ESI],2
   279 00000313 74 07                           	JE	L63
   280 00000315                                 L60:
   281 00000315 8D 65 F8                        	LEA	ESP,DWORD [-8+EBP]
   282 00000318 5B                              	POP	EBX
   283 00000319 5E                              	POP	ESI
   284 0000031A 5D                              	POP	EBP
   285 0000031B C3                              	RET
   286 0000031C                                 L63:
   287 0000031C E8 FFFFFCDF                     	CALL	_task_now
   288 00000321 56                              	PUSH	ESI
   289 00000322 89 C3                           	MOV	EBX,EAX
   290 00000324 E8 FFFFFD1D                     	CALL	_task_remove
   291 00000329 59                              	POP	ECX
   292 0000032A 39 DE                           	CMP	ESI,EBX
   293 0000032C 75 E7                           	JNE	L60
   294 0000032E E8 FFFFFD76                     	CALL	_task_switchsub
   295 00000333 E8 FFFFFCC8                     	CALL	_task_now
   296 00000338 FF 30                           	PUSH	DWORD [EAX]
   297 0000033A 6A 00                           	PUSH	0
   298 0000033C E8 [00000000]                   	CALL	_farjmp
   299 00000341 58                              	POP	EAX
   300 00000342 5A                              	POP	EDX
   301 00000343 EB D0                           	JMP	L60
   302 00000345                                 	GLOBAL	_task_switch
   303 00000345                                 _task_switch:
   304 00000345 55                              	PUSH	EBP
   305 00000346 89 E5                           	MOV	EBP,ESP
   306 00000348 56                              	PUSH	ESI
   307 00000349 53                              	PUSH	EBX
   308 0000034A 8B 1D [00000004]                	MOV	EBX,DWORD [_taskctl]
   309 00000350 8B 13                           	MOV	EDX,DWORD [EBX]
   310 00000352 69 D2 00000198                  	IMUL	EDX,EDX,408
   311 00000358 8D 14 1A                        	LEA	EDX,DWORD [EDX+EBX*1]
   312 0000035B 8D 4A 08                        	LEA	ECX,DWORD [8+EDX]
   313 0000035E 8B 41 04                        	MOV	EAX,DWORD [4+ECX]
   314 00000361 8B 74 81 08                     	MOV	ESI,DWORD [8+ECX+EAX*4]
   315 00000365 40                              	INC	EAX
   316 00000366 89 41 04                        	MOV	DWORD [4+ECX],EAX
   317 00000369 3B 42 08                        	CMP	EAX,DWORD [8+EDX]
   318 0000036C 74 4C                           	JE	L68
   319 0000036E                                 L65:
   320 0000036E 80 7B 04 00                     	CMP	BYTE [4+EBX],0
   321 00000372 75 2D                           	JNE	L69
   322 00000374                                 L66:
   323 00000374 8B 41 04                        	MOV	EAX,DWORD [4+ECX]
   324 00000377 8B 5C 81 08                     	MOV	EBX,DWORD [8+ECX+EAX*4]
   325 0000037B FF 73 0C                        	PUSH	DWORD [12+EBX]
   326 0000037E FF 35 [00000000]                	PUSH	DWORD [_task_timer]
   327 00000384 E8 [00000000]                   	CALL	_timer_settime
   328 00000389 39 F3                           	CMP	EBX,ESI
   329 0000038B 58                              	POP	EAX
   330 0000038C 5A                              	POP	EDX
   331 0000038D 74 0B                           	JE	L64
   332 0000038F FF 33                           	PUSH	DWORD [EBX]
   333 00000391 6A 00                           	PUSH	0
   334 00000393 E8 [00000000]                   	CALL	_farjmp
   335 00000398 5B                              	POP	EBX
   336 00000399 5E                              	POP	ESI
   337 0000039A                                 L64:
   338 0000039A 8D 65 F8                        	LEA	ESP,DWORD [-8+EBP]
   339 0000039D 5B                              	POP	EBX
   340 0000039E 5E                              	POP	ESI
   341 0000039F 5D                              	POP	EBP
   342 000003A0 C3                              	RET
   343 000003A1                                 L69:
   344 000003A1 E8 FFFFFD03                     	CALL	_task_switchsub
   345 000003A6 8B 15 [00000004]                	MOV	EDX,DWORD [_taskctl]
   346 000003AC 8B 02                           	MOV	EAX,DWORD [EDX]
   347 000003AE 69 C0 00000198                  	IMUL	EAX,EAX,408
   348 000003B4 8D 4C 10 08                     	LEA	ECX,DWORD [8+EAX+EDX*1]
   349 000003B8 EB BA                           	JMP	L66
   350 000003BA                                 L68:
   351 000003BA C7 41 04 00000000               	MOV	DWORD [4+ECX],0
   352 000003C1 EB AB                           	JMP	L65
   353 000003C3                                 	GLOBAL	_task_idle
   354 000003C3                                 _task_idle:
   355 000003C3 55                              	PUSH	EBP
   356 000003C4 89 E5                           	MOV	EBP,ESP
   357 000003C6                                 L71:
   358 000003C6 E8 [00000000]                   	CALL	_io_hlt
   359 000003CB EB F9                           	JMP	L71
   360 000003CD                                 	GLOBAL	_task_timer
   361                                          [SECTION .data]
   362 00000000                                 	ALIGNB	4
   363 00000000                                 _task_timer:
   364 00000000 00 00 00 00                     	RESB	4
   365 00000004                                 	GLOBAL	_taskctl
   366                                          [SECTION .data]
   367 00000004                                 	ALIGNB	4
   368 00000004                                 _taskctl:
   369 00000004 00 00 00 00                     	RESB	4
