     1 00000000                                 [FORMAT "WCOFF"]
     2 00000000                                 [INSTRSET "i486p"]
     3 00000000                                 [OPTIMIZE 1]
     4 00000000                                 [OPTION 1]
     5 00000000                                 [BITS 32]
     6 00000000                                 	EXTERN	_init_gdtidt
     7 00000000                                 	EXTERN	_init_pic
     8 00000000                                 	EXTERN	_io_sti
     9 00000000                                 	EXTERN	_keyfifo
    10 00000000                                 	EXTERN	_fifo8_init
    11 00000000                                 	EXTERN	_mousefifo
    12 00000000                                 	EXTERN	_init_pit
    13 00000000                                 	EXTERN	_io_out8
    14 00000000                                 	EXTERN	_init_keyboard
    15 00000000                                 	EXTERN	_enable_mouse
    16 00000000                                 	EXTERN	_memtest
    17 00000000                                 	EXTERN	_memman_init
    18 00000000                                 	EXTERN	_memman_free
    19 00000000                                 	EXTERN	_init_palette
    20 00000000                                 	EXTERN	_shtctl_init
    21 00000000                                 	EXTERN	_sheet_alloc
    22 00000000                                 	EXTERN	_memman_alloc_4k
    23 00000000                                 	EXTERN	_sheet_setbuf
    24 00000000                                 	EXTERN	_init_screen8
    25 00000000                                 	EXTERN	_init_mouse_cursor8
    26 00000000                                 	EXTERN	_sheet_slide
    27 00000000                                 	EXTERN	_sheet_updown
    28 00000000                                 	EXTERN	_sprintf
    29 00000000                                 	EXTERN	_putfonts8_asc
    30 00000000                                 	EXTERN	_memman_total
    31 00000000                                 	EXTERN	_sheet_refresh
    32 00000000                                 	EXTERN	_boxfill8
    33 00000000                                 	EXTERN	_io_cli
    34 00000000                                 	EXTERN	_fifo8_status
    35 00000000                                 	EXTERN	_fifo8_get
    36 00000000                                 	EXTERN	_mouse_decode
    37 00000000                                 [FILE "bootpack.c"]
    38                                          [SECTION .data]
    39 00000000                                 LC0:
    40 00000000 63 6F 75 6E 74 65 72 00         	DB	"counter",0x00
    41 00000008                                 LC1:
    42 00000008 28 25 64 2C 20 25 64 29 00      	DB	"(%d, %d)",0x00
    43 00000011                                 LC2:
    44 00000011 6D 65 6D 6F 72 79 20 25 64 4D   	DB	"memory %dMB free : %dKB",0x00
       0000001B 42 20 66 72 65 65 20 3A 20 25 
       00000025 64 4B 42 00 
    45 00000029                                 LC3:
    46 00000029 25 30 31 30 64 00               	DB	"%010d",0x00
    47 0000002F                                 LC5:
    48 0000002F 5B 6C 63 72 20 25 34 64 20 25   	DB	"[lcr %4d %4d]",0x00
       00000039 34 64 5D 00 
    49 0000003D                                 LC6:
    50 0000003D 28 25 33 64 2C 20 25 33 64 29   	DB	"(%3d, %3d)",0x00
       00000047 00 
    51 00000048                                 LC4:
    52 00000048 25 30 32 58 00                  	DB	"%02X",0x00
    53                                          [SECTION .text]
    54 00000000                                 	GLOBAL	_HariMain
    55 00000000                                 _HariMain:
    56 00000000 55                              	PUSH	EBP
    57 00000001 89 E5                           	MOV	EBP,ESP
    58 00000003 57                              	PUSH	EDI
    59 00000004 56                              	PUSH	ESI
    60 00000005 53                              	PUSH	EBX
    61 00000006 81 EC 00000204                  	SUB	ESP,516
    62 0000000C C7 85 FFFFFE0C 00000000         	MOV	DWORD [-500+EBP],0
    63 00000016 E8 [00000000]                   	CALL	_init_gdtidt
    64 0000001B E8 [00000000]                   	CALL	_init_pic
    65 00000020 E8 [00000000]                   	CALL	_io_sti
    66 00000025 8D 45 A4                        	LEA	EAX,DWORD [-92+EBP]
    67 00000028 50                              	PUSH	EAX
    68 00000029 6A 20                           	PUSH	32
    69 0000002B 68 [00000000]                   	PUSH	_keyfifo
    70 00000030 E8 [00000000]                   	CALL	_fifo8_init
    71 00000035 8D 85 FFFFFF24                  	LEA	EAX,DWORD [-220+EBP]
    72 0000003B 50                              	PUSH	EAX
    73 0000003C 68 00000080                     	PUSH	128
    74 00000041 68 [00000000]                   	PUSH	_mousefifo
    75 00000046 E8 [00000000]                   	CALL	_fifo8_init
    76 0000004B E8 [00000000]                   	CALL	_init_pit
    77 00000050 68 000000F8                     	PUSH	248
    78 00000055 6A 21                           	PUSH	33
    79 00000057 E8 [00000000]                   	CALL	_io_out8
    80 0000005C 83 C4 20                        	ADD	ESP,32
    81 0000005F 68 000000EF                     	PUSH	239
    82 00000064 68 000000A1                     	PUSH	161
    83 00000069 E8 [00000000]                   	CALL	_io_out8
    84 0000006E E8 [00000000]                   	CALL	_init_keyboard
    85 00000073 8D 85 FFFFFF14                  	LEA	EAX,DWORD [-236+EBP]
    86 00000079 50                              	PUSH	EAX
    87 0000007A E8 [00000000]                   	CALL	_enable_mouse
    88 0000007F 68 BFFFFFFF                     	PUSH	-1073741825
    89 00000084 68 00400000                     	PUSH	4194304
    90 00000089 E8 [00000000]                   	CALL	_memtest
    91 0000008E 68 003C0000                     	PUSH	3932160
    92 00000093 89 85 FFFFFE10                  	MOV	DWORD [-496+EBP],EAX
    93 00000099 E8 [00000000]                   	CALL	_memman_init
    94 0000009E 68 0009E000                     	PUSH	647168
    95 000000A3 68 00001000                     	PUSH	4096
    96 000000A8 68 003C0000                     	PUSH	3932160
    97 000000AD E8 [00000000]                   	CALL	_memman_free
    98 000000B2 8B 85 FFFFFE10                  	MOV	EAX,DWORD [-496+EBP]
    99 000000B8 83 C4 24                        	ADD	ESP,36
   100 000000BB 2D 00400000                     	SUB	EAX,4194304
   101 000000C0 50                              	PUSH	EAX
   102 000000C1 68 00400000                     	PUSH	4194304
   103 000000C6 68 003C0000                     	PUSH	3932160
   104 000000CB E8 [00000000]                   	CALL	_memman_free
   105 000000D0 E8 [00000000]                   	CALL	_init_palette
   106 000000D5 0F BF 05 00000FF6               	MOVSX	EAX,WORD [4086]
   107 000000DC 50                              	PUSH	EAX
   108 000000DD 0F BF 05 00000FF4               	MOVSX	EAX,WORD [4084]
   109 000000E4 50                              	PUSH	EAX
   110 000000E5 FF 35 00000FF8                  	PUSH	DWORD [4088]
   111 000000EB 68 003C0000                     	PUSH	3932160
   112 000000F0 E8 [00000000]                   	CALL	_shtctl_init
   113 000000F5 89 C3                           	MOV	EBX,EAX
   114 000000F7 50                              	PUSH	EAX
   115 000000F8 E8 [00000000]                   	CALL	_sheet_alloc
   116 000000FD 83 C4 20                        	ADD	ESP,32
   117 00000100 53                              	PUSH	EBX
   118 00000101 89 85 FFFFFE08                  	MOV	DWORD [-504+EBP],EAX
   119 00000107 E8 [00000000]                   	CALL	_sheet_alloc
   120 0000010C 53                              	PUSH	EBX
   121 0000010D 8D 9D FFFFFE14                  	LEA	EBX,DWORD [-492+EBP]
   122 00000113 89 85 FFFFFE04                  	MOV	DWORD [-508+EBP],EAX
   123 00000119 E8 [00000000]                   	CALL	_sheet_alloc
   124 0000011E 0F BF 15 00000FF6               	MOVSX	EDX,WORD [4086]
   125 00000125 89 85 FFFFFE00                  	MOV	DWORD [-512+EBP],EAX
   126 0000012B 0F BF 05 00000FF4               	MOVSX	EAX,WORD [4084]
   127 00000132 0F AF C2                        	IMUL	EAX,EDX
   128 00000135 50                              	PUSH	EAX
   129 00000136 68 003C0000                     	PUSH	3932160
   130 0000013B E8 [00000000]                   	CALL	_memman_alloc_4k
   131 00000140 68 00002080                     	PUSH	8320
   132 00000145 68 003C0000                     	PUSH	3932160
   133 0000014A 89 85 FFFFFDFC                  	MOV	DWORD [-516+EBP],EAX
   134 00000150 E8 [00000000]                   	CALL	_memman_alloc_4k
   135 00000155 6A FF                           	PUSH	-1
   136 00000157 89 85 FFFFFDF8                  	MOV	DWORD [-520+EBP],EAX
   137 0000015D 0F BF 05 00000FF4               	MOVSX	EAX,WORD [4084]
   138 00000164 50                              	PUSH	EAX
   139 00000165 0F BF 05 00000FF4               	MOVSX	EAX,WORD [4084]
   140 0000016C 50                              	PUSH	EAX
   141 0000016D FF B5 FFFFFDFC                  	PUSH	DWORD [-516+EBP]
   142 00000173 FF B5 FFFFFE08                  	PUSH	DWORD [-504+EBP]
   143 00000179 E8 [00000000]                   	CALL	_sheet_setbuf
   144 0000017E 83 C4 2C                        	ADD	ESP,44
   145 00000181 6A 63                           	PUSH	99
   146 00000183 6A 10                           	PUSH	16
   147 00000185 6A 10                           	PUSH	16
   148 00000187 53                              	PUSH	EBX
   149 00000188 FF B5 FFFFFE04                  	PUSH	DWORD [-508+EBP]
   150 0000018E E8 [00000000]                   	CALL	_sheet_setbuf
   151 00000193 6A FF                           	PUSH	-1
   152 00000195 6A 34                           	PUSH	52
   153 00000197 68 000000A0                     	PUSH	160
   154 0000019C FF B5 FFFFFDF8                  	PUSH	DWORD [-520+EBP]
   155 000001A2 FF B5 FFFFFE00                  	PUSH	DWORD [-512+EBP]
   156 000001A8 E8 [00000000]                   	CALL	_sheet_setbuf
   157 000001AD 83 C4 28                        	ADD	ESP,40
   158 000001B0 0F BF 05 00000FF6               	MOVSX	EAX,WORD [4086]
   159 000001B7 50                              	PUSH	EAX
   160 000001B8 0F BF 05 00000FF4               	MOVSX	EAX,WORD [4084]
   161 000001BF 50                              	PUSH	EAX
   162 000001C0 FF B5 FFFFFDFC                  	PUSH	DWORD [-516+EBP]
   163 000001C6 E8 [00000000]                   	CALL	_init_screen8
   164 000001CB 6A 63                           	PUSH	99
   165 000001CD 53                              	PUSH	EBX
   166 000001CE BB 00000002                     	MOV	EBX,2
   167 000001D3 E8 [00000000]                   	CALL	_init_mouse_cursor8
   168 000001D8 68 [00000000]                   	PUSH	LC0
   169 000001DD 6A 34                           	PUSH	52
   170 000001DF 68 000000A0                     	PUSH	160
   171 000001E4 FF B5 FFFFFDF8                  	PUSH	DWORD [-520+EBP]
   172 000001EA E8 000003AC                     	CALL	_make_window8
   173 000001EF 83 C4 24                        	ADD	ESP,36
   174 000001F2 6A 00                           	PUSH	0
   175 000001F4 6A 00                           	PUSH	0
   176 000001F6 FF B5 FFFFFE08                  	PUSH	DWORD [-504+EBP]
   177 000001FC E8 [00000000]                   	CALL	_sheet_slide
   178 00000201 0F BF 05 00000FF4               	MOVSX	EAX,WORD [4084]
   179 00000208 8D 48 F0                        	LEA	ECX,DWORD [-16+EAX]
   180 0000020B 89 C8                           	MOV	EAX,ECX
   181 0000020D 99                              	CDQ
   182 0000020E F7 FB                           	IDIV	EBX
   183 00000210 89 C6                           	MOV	ESI,EAX
   184 00000212 0F BF 05 00000FF6               	MOVSX	EAX,WORD [4086]
   185 00000219 8D 48 D4                        	LEA	ECX,DWORD [-44+EAX]
   186 0000021C 89 C8                           	MOV	EAX,ECX
   187 0000021E 99                              	CDQ
   188 0000021F F7 FB                           	IDIV	EBX
   189 00000221 50                              	PUSH	EAX
   190 00000222 89 C7                           	MOV	EDI,EAX
   191 00000224 56                              	PUSH	ESI
   192 00000225 8D 5D C4                        	LEA	EBX,DWORD [-60+EBP]
   193 00000228 FF B5 FFFFFE04                  	PUSH	DWORD [-508+EBP]
   194 0000022E E8 [00000000]                   	CALL	_sheet_slide
   195 00000233 6A 48                           	PUSH	72
   196 00000235 6A 50                           	PUSH	80
   197 00000237 FF B5 FFFFFE00                  	PUSH	DWORD [-512+EBP]
   198 0000023D E8 [00000000]                   	CALL	_sheet_slide
   199 00000242 83 C4 24                        	ADD	ESP,36
   200 00000245 6A 00                           	PUSH	0
   201 00000247 FF B5 FFFFFE08                  	PUSH	DWORD [-504+EBP]
   202 0000024D E8 [00000000]                   	CALL	_sheet_updown
   203 00000252 6A 01                           	PUSH	1
   204 00000254 FF B5 FFFFFE00                  	PUSH	DWORD [-512+EBP]
   205 0000025A E8 [00000000]                   	CALL	_sheet_updown
   206 0000025F 6A 02                           	PUSH	2
   207 00000261 FF B5 FFFFFE04                  	PUSH	DWORD [-508+EBP]
   208 00000267 E8 [00000000]                   	CALL	_sheet_updown
   209 0000026C 57                              	PUSH	EDI
   210 0000026D 56                              	PUSH	ESI
   211 0000026E 68 [00000008]                   	PUSH	LC1
   212 00000273 53                              	PUSH	EBX
   213 00000274 E8 [00000000]                   	CALL	_sprintf
   214 00000279 83 C4 28                        	ADD	ESP,40
   215 0000027C 53                              	PUSH	EBX
   216 0000027D 6A 07                           	PUSH	7
   217 0000027F 6A 00                           	PUSH	0
   218 00000281 6A 00                           	PUSH	0
   219 00000283 0F BF 05 00000FF4               	MOVSX	EAX,WORD [4084]
   220 0000028A 50                              	PUSH	EAX
   221 0000028B FF B5 FFFFFDFC                  	PUSH	DWORD [-516+EBP]
   222 00000291 E8 [00000000]                   	CALL	_putfonts8_asc
   223 00000296 68 003C0000                     	PUSH	3932160
   224 0000029B E8 [00000000]                   	CALL	_memman_total
   225 000002A0 C1 AD FFFFFE10 14               	SHR	DWORD [-496+EBP],20
   226 000002A7 C1 E8 0A                        	SHR	EAX,10
   227 000002AA 89 04 24                        	MOV	DWORD [ESP],EAX
   228 000002AD FF B5 FFFFFE10                  	PUSH	DWORD [-496+EBP]
   229 000002B3 68 [00000011]                   	PUSH	LC2
   230 000002B8 53                              	PUSH	EBX
   231 000002B9 E8 [00000000]                   	CALL	_sprintf
   232 000002BE 83 C4 28                        	ADD	ESP,40
   233 000002C1 53                              	PUSH	EBX
   234 000002C2 6A 07                           	PUSH	7
   235 000002C4 6A 20                           	PUSH	32
   236 000002C6 6A 00                           	PUSH	0
   237 000002C8 0F BF 05 00000FF4               	MOVSX	EAX,WORD [4084]
   238 000002CF 50                              	PUSH	EAX
   239 000002D0 FF B5 FFFFFDFC                  	PUSH	DWORD [-516+EBP]
   240 000002D6 E8 [00000000]                   	CALL	_putfonts8_asc
   241 000002DB 6A 30                           	PUSH	48
   242 000002DD 0F BF 05 00000FF4               	MOVSX	EAX,WORD [4084]
   243 000002E4 50                              	PUSH	EAX
   244 000002E5 6A 00                           	PUSH	0
   245 000002E7                                 L18:
   246 000002E7 6A 00                           	PUSH	0
   247 000002E9 FF B5 FFFFFE08                  	PUSH	DWORD [-504+EBP]
   248 000002EF E8 [00000000]                   	CALL	_sheet_refresh
   249 000002F4 83 C4 2C                        	ADD	ESP,44
   250 000002F7                                 L2:
   251 000002F7 FF 85 FFFFFE0C                  	INC	DWORD [-500+EBP]
   252 000002FD 8D 5D C4                        	LEA	EBX,DWORD [-60+EBP]
   253 00000300 FF B5 FFFFFE0C                  	PUSH	DWORD [-500+EBP]
   254 00000306 68 [00000029]                   	PUSH	LC3
   255 0000030B 53                              	PUSH	EBX
   256 0000030C E8 [00000000]                   	CALL	_sprintf
   257 00000311 6A 2B                           	PUSH	43
   258 00000313 6A 77                           	PUSH	119
   259 00000315 6A 1C                           	PUSH	28
   260 00000317 6A 28                           	PUSH	40
   261 00000319 6A 08                           	PUSH	8
   262 0000031B 68 000000A0                     	PUSH	160
   263 00000320 FF B5 FFFFFDF8                  	PUSH	DWORD [-520+EBP]
   264 00000326 E8 [00000000]                   	CALL	_boxfill8
   265 0000032B 83 C4 28                        	ADD	ESP,40
   266 0000032E 53                              	PUSH	EBX
   267 0000032F 6A 00                           	PUSH	0
   268 00000331 6A 1C                           	PUSH	28
   269 00000333 6A 28                           	PUSH	40
   270 00000335 68 000000A0                     	PUSH	160
   271 0000033A FF B5 FFFFFDF8                  	PUSH	DWORD [-520+EBP]
   272 00000340 E8 [00000000]                   	CALL	_putfonts8_asc
   273 00000345 6A 2C                           	PUSH	44
   274 00000347 6A 78                           	PUSH	120
   275 00000349 6A 1C                           	PUSH	28
   276 0000034B 6A 28                           	PUSH	40
   277 0000034D FF B5 FFFFFE00                  	PUSH	DWORD [-512+EBP]
   278 00000353 E8 [00000000]                   	CALL	_sheet_refresh
   279 00000358 83 C4 2C                        	ADD	ESP,44
   280 0000035B E8 [00000000]                   	CALL	_io_cli
   281 00000360 68 [00000000]                   	PUSH	_keyfifo
   282 00000365 E8 [00000000]                   	CALL	_fifo8_status
   283 0000036A 68 [00000000]                   	PUSH	_mousefifo
   284 0000036F 89 C3                           	MOV	EBX,EAX
   285 00000371 E8 [00000000]                   	CALL	_fifo8_status
   286 00000376 8D 04 18                        	LEA	EAX,DWORD [EAX+EBX*1]
   287 00000379 5B                              	POP	EBX
   288 0000037A 5A                              	POP	EDX
   289 0000037B 85 C0                           	TEST	EAX,EAX
   290 0000037D 0F 84 0000020E                  	JE	L19
   291 00000383 68 [00000000]                   	PUSH	_keyfifo
   292 00000388 E8 [00000000]                   	CALL	_fifo8_status
   293 0000038D 59                              	POP	ECX
   294 0000038E 85 C0                           	TEST	EAX,EAX
   295 00000390 0F 85 00000193                  	JNE	L20
   296 00000396 68 [00000000]                   	PUSH	_mousefifo
   297 0000039B E8 [00000000]                   	CALL	_fifo8_status
   298 000003A0 5A                              	POP	EDX
   299 000003A1 85 C0                           	TEST	EAX,EAX
   300 000003A3 0F 84 FFFFFF4E                  	JE	L2
   301 000003A9 68 [00000000]                   	PUSH	_mousefifo
   302 000003AE E8 [00000000]                   	CALL	_fifo8_get
   303 000003B3 89 C3                           	MOV	EBX,EAX
   304 000003B5 E8 [00000000]                   	CALL	_io_sti
   305 000003BA 0F B6 C3                        	MOVZX	EAX,BL
   306 000003BD 50                              	PUSH	EAX
   307 000003BE 8D 85 FFFFFF14                  	LEA	EAX,DWORD [-236+EBP]
   308 000003C4 50                              	PUSH	EAX
   309 000003C5 E8 [00000000]                   	CALL	_mouse_decode
   310 000003CA 83 C4 0C                        	ADD	ESP,12
   311 000003CD 85 C0                           	TEST	EAX,EAX
   312 000003CF 0F 84 FFFFFF22                  	JE	L2
   313 000003D5 FF B5 FFFFFF1C                  	PUSH	DWORD [-228+EBP]
   314 000003DB FF B5 FFFFFF18                  	PUSH	DWORD [-232+EBP]
   315 000003E1 68 [0000002F]                   	PUSH	LC5
   316 000003E6 8D 45 C4                        	LEA	EAX,DWORD [-60+EBP]
   317 000003E9 50                              	PUSH	EAX
   318 000003EA E8 [00000000]                   	CALL	_sprintf
   319 000003EF 83 C4 10                        	ADD	ESP,16
   320 000003F2 8B 85 FFFFFF20                  	MOV	EAX,DWORD [-224+EBP]
   321 000003F8 A9 00000001                     	TEST	EAX,1
   322 000003FD 74 04                           	JE	L11
   323 000003FF C6 45 C5 4C                     	MOV	BYTE [-59+EBP],76
   324 00000403                                 L11:
   325 00000403 A9 00000002                     	TEST	EAX,2
   326 00000408 74 04                           	JE	L12
   327 0000040A C6 45 C7 52                     	MOV	BYTE [-57+EBP],82
   328 0000040E                                 L12:
   329 0000040E 83 E0 04                        	AND	EAX,4
   330 00000411 74 04                           	JE	L13
   331 00000413 C6 45 C6 43                     	MOV	BYTE [-58+EBP],67
   332 00000417                                 L13:
   333 00000417 6A 1F                           	PUSH	31
   334 00000419 68 00000097                     	PUSH	151
   335 0000041E 6A 10                           	PUSH	16
   336 00000420 6A 20                           	PUSH	32
   337 00000422 6A 0E                           	PUSH	14
   338 00000424 0F BF 05 00000FF4               	MOVSX	EAX,WORD [4084]
   339 0000042B 50                              	PUSH	EAX
   340 0000042C FF B5 FFFFFDFC                  	PUSH	DWORD [-516+EBP]
   341 00000432 E8 [00000000]                   	CALL	_boxfill8
   342 00000437 8D 55 C4                        	LEA	EDX,DWORD [-60+EBP]
   343 0000043A 52                              	PUSH	EDX
   344 0000043B 6A 07                           	PUSH	7
   345 0000043D 6A 10                           	PUSH	16
   346 0000043F 6A 20                           	PUSH	32
   347 00000441 0F BF 05 00000FF4               	MOVSX	EAX,WORD [4084]
   348 00000448 50                              	PUSH	EAX
   349 00000449 FF B5 FFFFFDFC                  	PUSH	DWORD [-516+EBP]
   350 0000044F E8 [00000000]                   	CALL	_putfonts8_asc
   351 00000454 83 C4 34                        	ADD	ESP,52
   352 00000457 6A 20                           	PUSH	32
   353 00000459 68 00000098                     	PUSH	152
   354 0000045E 6A 10                           	PUSH	16
   355 00000460 6A 20                           	PUSH	32
   356 00000462 FF B5 FFFFFE08                  	PUSH	DWORD [-504+EBP]
   357 00000468 E8 [00000000]                   	CALL	_sheet_refresh
   358 0000046D 83 C4 14                        	ADD	ESP,20
   359 00000470 03 BD FFFFFF1C                  	ADD	EDI,DWORD [-228+EBP]
   360 00000476 03 B5 FFFFFF18                  	ADD	ESI,DWORD [-232+EBP]
   361 0000047C 0F 88 000000A0                  	JS	L21
   362 00000482                                 L14:
   363 00000482 85 FF                           	TEST	EDI,EDI
   364 00000484 0F 88 00000091                  	JS	L22
   365 0000048A                                 L15:
   366 0000048A 0F BF 05 00000FF4               	MOVSX	EAX,WORD [4084]
   367 00000491 48                              	DEC	EAX
   368 00000492 39 C6                           	CMP	ESI,EAX
   369 00000494 7E 02                           	JLE	L16
   370 00000496 89 C6                           	MOV	ESI,EAX
   371 00000498                                 L16:
   372 00000498 0F BF 05 00000FF6               	MOVSX	EAX,WORD [4086]
   373 0000049F 48                              	DEC	EAX
   374 000004A0 39 C7                           	CMP	EDI,EAX
   375 000004A2 7E 02                           	JLE	L17
   376 000004A4 89 C7                           	MOV	EDI,EAX
   377 000004A6                                 L17:
   378 000004A6 57                              	PUSH	EDI
   379 000004A7 8D 5D C4                        	LEA	EBX,DWORD [-60+EBP]
   380 000004AA 56                              	PUSH	ESI
   381 000004AB 68 [0000003D]                   	PUSH	LC6
   382 000004B0 53                              	PUSH	EBX
   383 000004B1 E8 [00000000]                   	CALL	_sprintf
   384 000004B6 6A 0F                           	PUSH	15
   385 000004B8 6A 4F                           	PUSH	79
   386 000004BA 6A 00                           	PUSH	0
   387 000004BC 6A 00                           	PUSH	0
   388 000004BE 6A 0E                           	PUSH	14
   389 000004C0 0F BF 05 00000FF4               	MOVSX	EAX,WORD [4084]
   390 000004C7 50                              	PUSH	EAX
   391 000004C8 FF B5 FFFFFDFC                  	PUSH	DWORD [-516+EBP]
   392 000004CE E8 [00000000]                   	CALL	_boxfill8
   393 000004D3 83 C4 2C                        	ADD	ESP,44
   394 000004D6 53                              	PUSH	EBX
   395 000004D7 6A 07                           	PUSH	7
   396 000004D9 6A 00                           	PUSH	0
   397 000004DB 6A 00                           	PUSH	0
   398 000004DD 0F BF 05 00000FF4               	MOVSX	EAX,WORD [4084]
   399 000004E4 50                              	PUSH	EAX
   400 000004E5 FF B5 FFFFFDFC                  	PUSH	DWORD [-516+EBP]
   401 000004EB E8 [00000000]                   	CALL	_putfonts8_asc
   402 000004F0 6A 10                           	PUSH	16
   403 000004F2 6A 50                           	PUSH	80
   404 000004F4 6A 00                           	PUSH	0
   405 000004F6 6A 00                           	PUSH	0
   406 000004F8 FF B5 FFFFFE08                  	PUSH	DWORD [-504+EBP]
   407 000004FE E8 [00000000]                   	CALL	_sheet_refresh
   408 00000503 83 C4 2C                        	ADD	ESP,44
   409 00000506 57                              	PUSH	EDI
   410 00000507 56                              	PUSH	ESI
   411 00000508 FF B5 FFFFFE04                  	PUSH	DWORD [-508+EBP]
   412 0000050E E8 [00000000]                   	CALL	_sheet_slide
   413 00000513 83 C4 0C                        	ADD	ESP,12
   414 00000516 E9 FFFFFDDC                     	JMP	L2
   415 0000051B                                 L22:
   416 0000051B 31 FF                           	XOR	EDI,EDI
   417 0000051D E9 FFFFFF68                     	JMP	L15
   418 00000522                                 L21:
   419 00000522 31 F6                           	XOR	ESI,ESI
   420 00000524 E9 FFFFFF59                     	JMP	L14
   421 00000529                                 L20:
   422 00000529 68 [00000000]                   	PUSH	_keyfifo
   423 0000052E E8 [00000000]                   	CALL	_fifo8_get
   424 00000533 89 C3                           	MOV	EBX,EAX
   425 00000535 E8 [00000000]                   	CALL	_io_sti
   426 0000053A 53                              	PUSH	EBX
   427 0000053B 8D 55 C4                        	LEA	EDX,DWORD [-60+EBP]
   428 0000053E 68 [00000048]                   	PUSH	LC4
   429 00000543 8D 5D C4                        	LEA	EBX,DWORD [-60+EBP]
   430 00000546 52                              	PUSH	EDX
   431 00000547 E8 [00000000]                   	CALL	_sprintf
   432 0000054C 6A 1F                           	PUSH	31
   433 0000054E 6A 0F                           	PUSH	15
   434 00000550 6A 10                           	PUSH	16
   435 00000552 6A 00                           	PUSH	0
   436 00000554 6A 0E                           	PUSH	14
   437 00000556 0F BF 05 00000FF4               	MOVSX	EAX,WORD [4084]
   438 0000055D 50                              	PUSH	EAX
   439 0000055E FF B5 FFFFFDFC                  	PUSH	DWORD [-516+EBP]
   440 00000564 E8 [00000000]                   	CALL	_boxfill8
   441 00000569 83 C4 2C                        	ADD	ESP,44
   442 0000056C 53                              	PUSH	EBX
   443 0000056D 6A 07                           	PUSH	7
   444 0000056F 6A 10                           	PUSH	16
   445 00000571 6A 00                           	PUSH	0
   446 00000573 0F BF 05 00000FF4               	MOVSX	EAX,WORD [4084]
   447 0000057A 50                              	PUSH	EAX
   448 0000057B FF B5 FFFFFDFC                  	PUSH	DWORD [-516+EBP]
   449 00000581 E8 [00000000]                   	CALL	_putfonts8_asc
   450 00000586 6A 20                           	PUSH	32
   451 00000588 6A 10                           	PUSH	16
   452 0000058A 6A 10                           	PUSH	16
   453 0000058C E9 FFFFFD56                     	JMP	L18
   454 00000591                                 L19:
   455 00000591 E8 [00000000]                   	CALL	_io_sti
   456 00000596 E9 FFFFFD5C                     	JMP	L2
   457                                          [SECTION .data]
   458 0000004D                                 _closebtn.0:
   459 0000004D 4F 4F 4F 4F 4F 4F 4F 4F 4F 4F   	DB	"OOOOOOOOOOOOOOO@"
       00000057 4F 4F 4F 4F 4F 40 
   460 0000005D 4F 51 51 51 51 51 51 51 51 51   	DB	"OQQQQQQQQQQQQQ$@"
       00000067 51 51 51 51 24 40 
   461 0000006D 4F 51 51 51 51 51 51 51 51 51   	DB	"OQQQQQQQQQQQQQ$@"
       00000077 51 51 51 51 24 40 
   462 0000007D 4F 51 51 51 40 40 51 51 51 51   	DB	"OQQQ@@QQQQ@@QQ$@"
       00000087 40 40 51 51 24 40 
   463 0000008D 4F 51 51 51 51 40 40 51 51 40   	DB	"OQQQQ@@QQ@@QQQ$@"
       00000097 40 51 51 51 24 40 
   464 0000009D 4F 51 51 51 51 51 40 40 40 40   	DB	"OQQQQQ@@@@QQQQ$@"
       000000A7 51 51 51 51 24 40 
   465 000000AD 4F 51 51 51 51 51 51 40 40 51   	DB	"OQQQQQQ@@QQQQQ$@"
       000000B7 51 51 51 51 24 40 
   466 000000BD 4F 51 51 51 51 51 40 40 40 40   	DB	"OQQQQQ@@@@QQQQ$@"
       000000C7 51 51 51 51 24 40 
   467 000000CD 4F 51 51 51 51 40 40 51 51 40   	DB	"OQQQQ@@QQ@@QQQ$@"
       000000D7 40 51 51 51 24 40 
   468 000000DD 4F 51 51 51 40 40 51 51 51 51   	DB	"OQQQ@@QQQQ@@QQ$@"
       000000E7 40 40 51 51 24 40 
   469 000000ED 4F 51 51 51 51 51 51 51 51 51   	DB	"OQQQQQQQQQQQQQ$@"
       000000F7 51 51 51 51 24 40 
   470 000000FD 4F 51 51 51 51 51 51 51 51 51   	DB	"OQQQQQQQQQQQQQ$@"
       00000107 51 51 51 51 24 40 
   471 0000010D 4F 24 24 24 24 24 24 24 24 24   	DB	"O$$$$$$$$$$$$$$@"
       00000117 24 24 24 24 24 40 
   472 0000011D 40 40 40 40 40 40 40 40 40 40   	DB	"@@@@@@@@@@@@@@@@"
       00000127 40 40 40 40 40 40 
   473                                          [SECTION .text]
   474 0000059B                                 	GLOBAL	_make_window8
   475 0000059B                                 _make_window8:
   476 0000059B 55                              	PUSH	EBP
   477 0000059C 89 E5                           	MOV	EBP,ESP
   478 0000059E 57                              	PUSH	EDI
   479 0000059F 56                              	PUSH	ESI
   480 000005A0 53                              	PUSH	EBX
   481 000005A1 83 EC 14                        	SUB	ESP,20
   482 000005A4 8B 5D 0C                        	MOV	EBX,DWORD [12+EBP]
   483 000005A7 6A 00                           	PUSH	0
   484 000005A9 8D 43 FF                        	LEA	EAX,DWORD [-1+EBX]
   485 000005AC 8D 7B FE                        	LEA	EDI,DWORD [-2+EBX]
   486 000005AF 50                              	PUSH	EAX
   487 000005B0 89 45 EC                        	MOV	DWORD [-20+EBP],EAX
   488 000005B3 6A 00                           	PUSH	0
   489 000005B5 6A 00                           	PUSH	0
   490 000005B7 6A 08                           	PUSH	8
   491 000005B9 53                              	PUSH	EBX
   492 000005BA FF 75 08                        	PUSH	DWORD [8+EBP]
   493 000005BD E8 [00000000]                   	CALL	_boxfill8
   494 000005C2 6A 01                           	PUSH	1
   495 000005C4 57                              	PUSH	EDI
   496 000005C5 6A 01                           	PUSH	1
   497 000005C7 6A 01                           	PUSH	1
   498 000005C9 6A 07                           	PUSH	7
   499 000005CB 53                              	PUSH	EBX
   500 000005CC FF 75 08                        	PUSH	DWORD [8+EBP]
   501 000005CF E8 [00000000]                   	CALL	_boxfill8
   502 000005D4 8B 55 10                        	MOV	EDX,DWORD [16+EBP]
   503 000005D7 83 C4 38                        	ADD	ESP,56
   504 000005DA 4A                              	DEC	EDX
   505 000005DB 89 55 E8                        	MOV	DWORD [-24+EBP],EDX
   506 000005DE 52                              	PUSH	EDX
   507 000005DF 6A 00                           	PUSH	0
   508 000005E1 6A 00                           	PUSH	0
   509 000005E3 6A 00                           	PUSH	0
   510 000005E5 6A 08                           	PUSH	8
   511 000005E7 53                              	PUSH	EBX
   512 000005E8 FF 75 08                        	PUSH	DWORD [8+EBP]
   513 000005EB E8 [00000000]                   	CALL	_boxfill8
   514 000005F0 8B 75 10                        	MOV	ESI,DWORD [16+EBP]
   515 000005F3 83 EE 02                        	SUB	ESI,2
   516 000005F6 56                              	PUSH	ESI
   517 000005F7 6A 01                           	PUSH	1
   518 000005F9 6A 01                           	PUSH	1
   519 000005FB 6A 01                           	PUSH	1
   520 000005FD 6A 07                           	PUSH	7
   521 000005FF 53                              	PUSH	EBX
   522 00000600 FF 75 08                        	PUSH	DWORD [8+EBP]
   523 00000603 E8 [00000000]                   	CALL	_boxfill8
   524 00000608 83 C4 38                        	ADD	ESP,56
   525 0000060B 56                              	PUSH	ESI
   526 0000060C 57                              	PUSH	EDI
   527 0000060D 6A 01                           	PUSH	1
   528 0000060F 57                              	PUSH	EDI
   529 00000610 6A 0F                           	PUSH	15
   530 00000612 53                              	PUSH	EBX
   531 00000613 FF 75 08                        	PUSH	DWORD [8+EBP]
   532 00000616 E8 [00000000]                   	CALL	_boxfill8
   533 0000061B FF 75 E8                        	PUSH	DWORD [-24+EBP]
   534 0000061E FF 75 EC                        	PUSH	DWORD [-20+EBP]
   535 00000621 6A 00                           	PUSH	0
   536 00000623 FF 75 EC                        	PUSH	DWORD [-20+EBP]
   537 00000626 6A 00                           	PUSH	0
   538 00000628 53                              	PUSH	EBX
   539 00000629 FF 75 08                        	PUSH	DWORD [8+EBP]
   540 0000062C E8 [00000000]                   	CALL	_boxfill8
   541 00000631 8B 45 10                        	MOV	EAX,DWORD [16+EBP]
   542 00000634 83 C4 38                        	ADD	ESP,56
   543 00000637 83 E8 03                        	SUB	EAX,3
   544 0000063A 50                              	PUSH	EAX
   545 0000063B 8D 43 FD                        	LEA	EAX,DWORD [-3+EBX]
   546 0000063E 50                              	PUSH	EAX
   547 0000063F 6A 02                           	PUSH	2
   548 00000641 6A 02                           	PUSH	2
   549 00000643 6A 08                           	PUSH	8
   550 00000645 53                              	PUSH	EBX
   551 00000646 FF 75 08                        	PUSH	DWORD [8+EBP]
   552 00000649 E8 [00000000]                   	CALL	_boxfill8
   553 0000064E 8D 43 FC                        	LEA	EAX,DWORD [-4+EBX]
   554 00000651 6A 14                           	PUSH	20
   555 00000653 50                              	PUSH	EAX
   556 00000654 6A 03                           	PUSH	3
   557 00000656 6A 03                           	PUSH	3
   558 00000658 6A 0C                           	PUSH	12
   559 0000065A 53                              	PUSH	EBX
   560 0000065B FF 75 08                        	PUSH	DWORD [8+EBP]
   561 0000065E E8 [00000000]                   	CALL	_boxfill8
   562 00000663 83 C4 38                        	ADD	ESP,56
   563 00000666 56                              	PUSH	ESI
   564 00000667 57                              	PUSH	EDI
   565 00000668 56                              	PUSH	ESI
   566 00000669 6A 01                           	PUSH	1
   567 0000066B 6A 0F                           	PUSH	15
   568 0000066D 53                              	PUSH	EBX
   569 0000066E FF 75 08                        	PUSH	DWORD [8+EBP]
   570 00000671 E8 [00000000]                   	CALL	_boxfill8
   571 00000676 FF 75 E8                        	PUSH	DWORD [-24+EBP]
   572 00000679 FF 75 EC                        	PUSH	DWORD [-20+EBP]
   573 0000067C FF 75 E8                        	PUSH	DWORD [-24+EBP]
   574 0000067F 6A 00                           	PUSH	0
   575 00000681 6A 00                           	PUSH	0
   576 00000683 6B F3 05                        	IMUL	ESI,EBX,5
   577 00000686 53                              	PUSH	EBX
   578 00000687 FF 75 08                        	PUSH	DWORD [8+EBP]
   579 0000068A E8 [00000000]                   	CALL	_boxfill8
   580 0000068F 83 C4 38                        	ADD	ESP,56
   581 00000692 FF 75 14                        	PUSH	DWORD [20+EBP]
   582 00000695 6A 07                           	PUSH	7
   583 00000697 6A 04                           	PUSH	4
   584 00000699 6A 18                           	PUSH	24
   585 0000069B 53                              	PUSH	EBX
   586 0000069C FF 75 08                        	PUSH	DWORD [8+EBP]
   587 0000069F E8 [00000000]                   	CALL	_putfonts8_asc
   588 000006A4 83 C4 18                        	ADD	ESP,24
   589 000006A7 C7 45 F0 00000000               	MOV	DWORD [-16+EBP],0
   590 000006AE C7 45 E0 00000000               	MOV	DWORD [-32+EBP],0
   591 000006B5                                 L39:
   592 000006B5 8D 04 1E                        	LEA	EAX,DWORD [ESI+EBX*1]
   593 000006B8 8B 55 08                        	MOV	EDX,DWORD [8+EBP]
   594 000006BB 31 FF                           	XOR	EDI,EDI
   595 000006BD 8D 4C 02 EB                     	LEA	ECX,DWORD [-21+EDX+EAX*1]
   596 000006C1                                 L38:
   597 000006C1 8B 45 E0                        	MOV	EAX,DWORD [-32+EBP]
   598 000006C4 8A 94 07 [0000004D]             	MOV	DL,BYTE [_closebtn.0+EDI+EAX*1]
   599 000006CB 80 FA 40                        	CMP	DL,64
   600 000006CE 74 33                           	JE	L44
   601 000006D0 80 FA 24                        	CMP	DL,36
   602 000006D3 74 2A                           	JE	L45
   603 000006D5 80 FA 51                        	CMP	DL,81
   604 000006D8 B2 08                           	MOV	DL,8
   605 000006DA 0F 95 C0                        	SETNE	AL
   606 000006DD 28 C2                           	SUB	DL,AL
   607 000006DF                                 L33:
   608 000006DF 47                              	INC	EDI
   609 000006E0 88 11                           	MOV	BYTE [ECX],DL
   610 000006E2 41                              	INC	ECX
   611 000006E3 83 FF 0F                        	CMP	EDI,15
   612 000006E6 7E D9                           	JLE	L38
   613 000006E8 FF 45 F0                        	INC	DWORD [-16+EBP]
   614 000006EB 01 DE                           	ADD	ESI,EBX
   615 000006ED 83 45 E0 10                     	ADD	DWORD [-32+EBP],16
   616 000006F1 83 7D F0 0D                     	CMP	DWORD [-16+EBP],13
   617 000006F5 7E BE                           	JLE	L39
   618 000006F7 8D 65 F4                        	LEA	ESP,DWORD [-12+EBP]
   619 000006FA 5B                              	POP	EBX
   620 000006FB 5E                              	POP	ESI
   621 000006FC 5F                              	POP	EDI
   622 000006FD 5D                              	POP	EBP
   623 000006FE C3                              	RET
   624 000006FF                                 L45:
   625 000006FF B2 0F                           	MOV	DL,15
   626 00000701 EB DC                           	JMP	L33
   627 00000703                                 L44:
   628 00000703 31 D2                           	XOR	EDX,EDX
   629 00000705 EB D8                           	JMP	L33
