     1 00000000                                 [FORMAT "WCOFF"]
     2 00000000                                 [INSTRSET "i486p"]
     3 00000000                                 [OPTIMIZE 1]
     4 00000000                                 [OPTION 1]
     5 00000000                                 [BITS 32]
     6 00000000                                 	EXTERN	_init_gdtidt
     7 00000000                                 	EXTERN	_init_pic
     8 00000000                                 	EXTERN	_io_sti
     9 00000000                                 	EXTERN	_fifo32_init
    10 00000000                                 	EXTERN	_init_pit
    11 00000000                                 	EXTERN	_init_keyboard
    12 00000000                                 	EXTERN	_enable_mouse
    13 00000000                                 	EXTERN	_io_out8
    14 00000000                                 	EXTERN	_memtest
    15 00000000                                 	EXTERN	_memman_init
    16 00000000                                 	EXTERN	_memman_free
    17 00000000                                 	EXTERN	_init_palette
    18 00000000                                 	EXTERN	_shtctl_init
    19 00000000                                 	EXTERN	_task_init
    20 00000000                                 	EXTERN	_task_run
    21 00000000                                 	EXTERN	_sheet_alloc
    22 00000000                                 	EXTERN	_memman_alloc_4k
    23 00000000                                 	EXTERN	_sheet_setbuf
    24 00000000                                 	EXTERN	_init_screen8
    25 00000000                                 	EXTERN	_make_window8
    26 00000000                                 	EXTERN	_make_textbox8
    27 00000000                                 	EXTERN	_task_alloc
    28 00000000                                 	EXTERN	_console_task
    29 00000000                                 	EXTERN	_init_mouse_cursor8
    30 00000000                                 	EXTERN	_sheet_slide
    31 00000000                                 	EXTERN	_sheet_updown
    32 00000000                                 	EXTERN	_fifo32_put
    33 00000000                                 	EXTERN	_fifo32_status
    34 00000000                                 	EXTERN	_io_cli
    35 00000000                                 	EXTERN	_fifo32_get
    36 00000000                                 	EXTERN	_mouse_decode
    37 00000000                                 	EXTERN	_cons_putstr0
    38 00000000                                 	EXTERN	_asm_end_app
    39 00000000                                 	EXTERN	_keytable0.0
    40 00000000                                 	EXTERN	_wait_KBC_sendready
    41 00000000                                 	EXTERN	_keytable1.1
    42 00000000                                 	EXTERN	_task_sleep
    43 00000000                                 	EXTERN	_change_wtitle8
    44 00000000                                 [FILE "bootpack.c"]
    45                                          [SECTION .data]
    46 00000000                                 _keytable0.0:
    47 00000000 00                              	DB	0
    48 00000001 00                              	DB	0
    49 00000002 31                              	DB	49
    50 00000003 32                              	DB	50
    51 00000004 33                              	DB	51
    52 00000005 34                              	DB	52
    53 00000006 35                              	DB	53
    54 00000007 36                              	DB	54
    55 00000008 37                              	DB	55
    56 00000009 38                              	DB	56
    57 0000000A 39                              	DB	57
    58 0000000B 30                              	DB	48
    59 0000000C 2D                              	DB	45
    60 0000000D 5E                              	DB	94
    61 0000000E 08                              	DB	8
    62 0000000F 00                              	DB	0
    63 00000010 51                              	DB	81
    64 00000011 57                              	DB	87
    65 00000012 45                              	DB	69
    66 00000013 52                              	DB	82
    67 00000014 54                              	DB	84
    68 00000015 59                              	DB	89
    69 00000016 55                              	DB	85
    70 00000017 49                              	DB	73
    71 00000018 4F                              	DB	79
    72 00000019 50                              	DB	80
    73 0000001A 40                              	DB	64
    74 0000001B 5B                              	DB	91
    75 0000001C 0A                              	DB	10
    76 0000001D 00                              	DB	0
    77 0000001E 41                              	DB	65
    78 0000001F 53                              	DB	83
    79 00000020 44                              	DB	68
    80 00000021 46                              	DB	70
    81 00000022 47                              	DB	71
    82 00000023 48                              	DB	72
    83 00000024 4A                              	DB	74
    84 00000025 4B                              	DB	75
    85 00000026 4C                              	DB	76
    86 00000027 3B                              	DB	59
    87 00000028 3A                              	DB	58
    88 00000029 00                              	DB	0
    89 0000002A 00                              	DB	0
    90 0000002B 5D                              	DB	93
    91 0000002C 5A                              	DB	90
    92 0000002D 58                              	DB	88
    93 0000002E 43                              	DB	67
    94 0000002F 56                              	DB	86
    95 00000030 42                              	DB	66
    96 00000031 4E                              	DB	78
    97 00000032 4D                              	DB	77
    98 00000033 2C                              	DB	44
    99 00000034 2E                              	DB	46
   100 00000035 2F                              	DB	47
   101 00000036 00                              	DB	0
   102 00000037 2A                              	DB	42
   103 00000038 00                              	DB	0
   104 00000039 20                              	DB	32
   105 0000003A 00                              	DB	0
   106 0000003B 00                              	DB	0
   107 0000003C 00                              	DB	0
   108 0000003D 00                              	DB	0
   109 0000003E 00                              	DB	0
   110 0000003F 00                              	DB	0
   111 00000040 00                              	DB	0
   112 00000041 00                              	DB	0
   113 00000042 00                              	DB	0
   114 00000043 00                              	DB	0
   115 00000044 00                              	DB	0
   116 00000045 00                              	DB	0
   117 00000046 00                              	DB	0
   118 00000047 37                              	DB	55
   119 00000048 38                              	DB	56
   120 00000049 39                              	DB	57
   121 0000004A 2D                              	DB	45
   122 0000004B 34                              	DB	52
   123 0000004C 35                              	DB	53
   124 0000004D 36                              	DB	54
   125 0000004E 2B                              	DB	43
   126 0000004F 31                              	DB	49
   127 00000050 32                              	DB	50
   128 00000051 33                              	DB	51
   129 00000052 30                              	DB	48
   130 00000053 2E                              	DB	46
   131 00000054 00                              	DB	0
   132 00000055 00                              	DB	0
   133 00000056 00                              	DB	0
   134 00000057 00                              	DB	0
   135 00000058 00                              	DB	0
   136 00000059 00                              	DB	0
   137 0000005A 00                              	DB	0
   138 0000005B 00                              	DB	0
   139 0000005C 00                              	DB	0
   140 0000005D 00                              	DB	0
   141 0000005E 00                              	DB	0
   142 0000005F 00                              	DB	0
   143 00000060 00                              	DB	0
   144 00000061 00                              	DB	0
   145 00000062 00                              	DB	0
   146 00000063 00                              	DB	0
   147 00000064 00                              	DB	0
   148 00000065 00                              	DB	0
   149 00000066 00                              	DB	0
   150 00000067 00                              	DB	0
   151 00000068 00                              	DB	0
   152 00000069 00                              	DB	0
   153 0000006A 00                              	DB	0
   154 0000006B 00                              	DB	0
   155 0000006C 00                              	DB	0
   156 0000006D 00                              	DB	0
   157 0000006E 00                              	DB	0
   158 0000006F 00                              	DB	0
   159 00000070 00                              	DB	0
   160 00000071 00                              	DB	0
   161 00000072 00                              	DB	0
   162 00000073 5C                              	DB	92
   163 00000074 00                              	DB	0
   164 00000075 00                              	DB	0
   165 00000076 00                              	DB	0
   166 00000077 00                              	DB	0
   167 00000078 00                              	DB	0
   168 00000079 00                              	DB	0
   169 0000007A 00                              	DB	0
   170 0000007B 00                              	DB	0
   171 0000007C 00                              	DB	0
   172 0000007D 5C                              	DB	92
   173 0000007E 00                              	DB	0
   174 0000007F 00                              	DB	0
   175 00000080                                 _keytable1.1:
   176 00000080 00                              	DB	0
   177 00000081 00                              	DB	0
   178 00000082 21                              	DB	33
   179 00000083 22                              	DB	34
   180 00000084 23                              	DB	35
   181 00000085 24                              	DB	36
   182 00000086 25                              	DB	37
   183 00000087 26                              	DB	38
   184 00000088 27                              	DB	39
   185 00000089 28                              	DB	40
   186 0000008A 29                              	DB	41
   187 0000008B 7E                              	DB	126
   188 0000008C 3D                              	DB	61
   189 0000008D 7E                              	DB	126
   190 0000008E 08                              	DB	8
   191 0000008F 00                              	DB	0
   192 00000090 51                              	DB	81
   193 00000091 57                              	DB	87
   194 00000092 45                              	DB	69
   195 00000093 52                              	DB	82
   196 00000094 54                              	DB	84
   197 00000095 59                              	DB	89
   198 00000096 55                              	DB	85
   199 00000097 49                              	DB	73
   200 00000098 4F                              	DB	79
   201 00000099 50                              	DB	80
   202 0000009A 60                              	DB	96
   203 0000009B 7B                              	DB	123
   204 0000009C 0A                              	DB	10
   205 0000009D 00                              	DB	0
   206 0000009E 41                              	DB	65
   207 0000009F 53                              	DB	83
   208 000000A0 44                              	DB	68
   209 000000A1 46                              	DB	70
   210 000000A2 47                              	DB	71
   211 000000A3 48                              	DB	72
   212 000000A4 4A                              	DB	74
   213 000000A5 4B                              	DB	75
   214 000000A6 4C                              	DB	76
   215 000000A7 2B                              	DB	43
   216 000000A8 2A                              	DB	42
   217 000000A9 00                              	DB	0
   218 000000AA 00                              	DB	0
   219 000000AB 7D                              	DB	125
   220 000000AC 5A                              	DB	90
   221 000000AD 58                              	DB	88
   222 000000AE 43                              	DB	67
   223 000000AF 56                              	DB	86
   224 000000B0 42                              	DB	66
   225 000000B1 4E                              	DB	78
   226 000000B2 4D                              	DB	77
   227 000000B3 3C                              	DB	60
   228 000000B4 3E                              	DB	62
   229 000000B5 3F                              	DB	63
   230 000000B6 00                              	DB	0
   231 000000B7 2A                              	DB	42
   232 000000B8 00                              	DB	0
   233 000000B9 20                              	DB	32
   234 000000BA 00                              	DB	0
   235 000000BB 00                              	DB	0
   236 000000BC 00                              	DB	0
   237 000000BD 00                              	DB	0
   238 000000BE 00                              	DB	0
   239 000000BF 00                              	DB	0
   240 000000C0 00                              	DB	0
   241 000000C1 00                              	DB	0
   242 000000C2 00                              	DB	0
   243 000000C3 00                              	DB	0
   244 000000C4 00                              	DB	0
   245 000000C5 00                              	DB	0
   246 000000C6 00                              	DB	0
   247 000000C7 37                              	DB	55
   248 000000C8 38                              	DB	56
   249 000000C9 39                              	DB	57
   250 000000CA 2D                              	DB	45
   251 000000CB 34                              	DB	52
   252 000000CC 35                              	DB	53
   253 000000CD 36                              	DB	54
   254 000000CE 2B                              	DB	43
   255 000000CF 31                              	DB	49
   256 000000D0 32                              	DB	50
   257 000000D1 33                              	DB	51
   258 000000D2 30                              	DB	48
   259 000000D3 2E                              	DB	46
   260 000000D4 00                              	DB	0
   261 000000D5 00                              	DB	0
   262 000000D6 00                              	DB	0
   263 000000D7 00                              	DB	0
   264 000000D8 00                              	DB	0
   265 000000D9 00                              	DB	0
   266 000000DA 00                              	DB	0
   267 000000DB 00                              	DB	0
   268 000000DC 00                              	DB	0
   269 000000DD 00                              	DB	0
   270 000000DE 00                              	DB	0
   271 000000DF 00                              	DB	0
   272 000000E0 00                              	DB	0
   273 000000E1 00                              	DB	0
   274 000000E2 00                              	DB	0
   275 000000E3 00                              	DB	0
   276 000000E4 00                              	DB	0
   277 000000E5 00                              	DB	0
   278 000000E6 00                              	DB	0
   279 000000E7 00                              	DB	0
   280 000000E8 00                              	DB	0
   281 000000E9 00                              	DB	0
   282 000000EA 00                              	DB	0
   283 000000EB 00                              	DB	0
   284 000000EC 00                              	DB	0
   285 000000ED 00                              	DB	0
   286 000000EE 00                              	DB	0
   287 000000EF 00                              	DB	0
   288 000000F0 00                              	DB	0
   289 000000F1 00                              	DB	0
   290 000000F2 00                              	DB	0
   291 000000F3 5F                              	DB	95
   292 000000F4 00                              	DB	0
   293 000000F5 00                              	DB	0
   294 000000F6 00                              	DB	0
   295 000000F7 00                              	DB	0
   296 000000F8 00                              	DB	0
   297 000000F9 00                              	DB	0
   298 000000FA 00                              	DB	0
   299 000000FB 00                              	DB	0
   300 000000FC 00                              	DB	0
   301 000000FD 7C                              	DB	124
   302 000000FE 00                              	DB	0
   303 000000FF 00                              	DB	0
   304 00000100                                 LC0:
   305 00000100 63 6F 6E 73 6F 6C 65 00         	DB	"console",0x00
   306 00000108                                 LC2:
   307 00000108 0A 42 72 65 61 6B 28 6D 6F 75   	DB	0x0A,"Break(mouse) :",0x0A,0x00
       00000112 73 65 29 20 3A 0A 00 
   308 00000119                                 LC1:
   309 00000119 0A 42 72 65 61 6B 28 6B 65 79   	DB	0x0A,"Break(key) :",0x0A,0x00
       00000123 29 20 3A 0A 00 
   310                                          [SECTION .text]
   311 00000000                                 	GLOBAL	_HariMain
   312 00000000                                 _HariMain:
   313 00000000 55                              	PUSH	EBP
   314 00000001 89 E5                           	MOV	EBP,ESP
   315 00000003 57                              	PUSH	EDI
   316 00000004 56                              	PUSH	ESI
   317 00000005 53                              	PUSH	EBX
   318 00000006 8D 5D A4                        	LEA	EBX,DWORD [-92+EBP]
   319 00000009 81 EC 00000474                  	SUB	ESP,1140
   320 0000000F C7 85 FFFFFBC0 FFFFFFFF         	MOV	DWORD [-1088+EBP],-1
   321 00000019 C7 85 FFFFFBBC 00000000         	MOV	DWORD [-1092+EBP],0
   322 00000023 C7 85 FFFFFBB8 7FFFFFFF         	MOV	DWORD [-1096+EBP],2147483647
   323 0000002D C7 85 FFFFFBB4 00000000         	MOV	DWORD [-1100+EBP],0
   324 00000037 C7 85 FFFFFBA0 00000000         	MOV	DWORD [-1120+EBP],0
   325 00000041 A0 00000FF1                     	MOV	AL,BYTE [4081]
   326 00000046 C0 F8 04                        	SAR	AL,4
   327 00000049 89 C2                           	MOV	EDX,EAX
   328 0000004B 83 E2 07                        	AND	EDX,7
   329 0000004E 89 95 FFFFFB9C                  	MOV	DWORD [-1124+EBP],EDX
   330 00000054 C7 85 FFFFFB98 FFFFFFFF         	MOV	DWORD [-1128+EBP],-1
   331 0000005E C7 85 FFFFFB94 FFFFFFFF         	MOV	DWORD [-1132+EBP],-1
   332 00000068 C7 85 FFFFFB90 FFFFFFFF         	MOV	DWORD [-1136+EBP],-1
   333 00000072 C7 85 FFFFFB8C 00000000         	MOV	DWORD [-1140+EBP],0
   334 0000007C C7 85 FFFFFB88 00000000         	MOV	DWORD [-1144+EBP],0
   335 00000086 E8 [00000000]                   	CALL	_init_gdtidt
   336 0000008B E8 [00000000]                   	CALL	_init_pic
   337 00000090 E8 [00000000]                   	CALL	_io_sti
   338 00000095 8D 85 FFFFFD84                  	LEA	EAX,DWORD [-636+EBP]
   339 0000009B 6A 00                           	PUSH	0
   340 0000009D 50                              	PUSH	EAX
   341 0000009E 68 00000080                     	PUSH	128
   342 000000A3 53                              	PUSH	EBX
   343 000000A4 E8 [00000000]                   	CALL	_fifo32_init
   344 000000A9 E8 [00000000]                   	CALL	_init_pit
   345 000000AE 68 00000100                     	PUSH	256
   346 000000B3 53                              	PUSH	EBX
   347 000000B4 E8 [00000000]                   	CALL	_init_keyboard
   348 000000B9 8D 85 FFFFFCF4                  	LEA	EAX,DWORD [-780+EBP]
   349 000000BF 50                              	PUSH	EAX
   350 000000C0 68 00000200                     	PUSH	512
   351 000000C5 53                              	PUSH	EBX
   352 000000C6 E8 [00000000]                   	CALL	_enable_mouse
   353 000000CB 83 C4 24                        	ADD	ESP,36
   354 000000CE 68 000000F8                     	PUSH	248
   355 000000D3 6A 21                           	PUSH	33
   356 000000D5 E8 [00000000]                   	CALL	_io_out8
   357 000000DA 68 000000EF                     	PUSH	239
   358 000000DF 68 000000A1                     	PUSH	161
   359 000000E4 E8 [00000000]                   	CALL	_io_out8
   360 000000E9 8D 85 FFFFFD04                  	LEA	EAX,DWORD [-764+EBP]
   361 000000EF 6A 00                           	PUSH	0
   362 000000F1 50                              	PUSH	EAX
   363 000000F2 8D 45 84                        	LEA	EAX,DWORD [-124+EBP]
   364 000000F5 6A 20                           	PUSH	32
   365 000000F7 50                              	PUSH	EAX
   366 000000F8 E8 [00000000]                   	CALL	_fifo32_init
   367 000000FD 83 C4 20                        	ADD	ESP,32
   368 00000100 68 BFFFFFFF                     	PUSH	-1073741825
   369 00000105 68 00400000                     	PUSH	4194304
   370 0000010A E8 [00000000]                   	CALL	_memtest
   371 0000010F 68 003C0000                     	PUSH	3932160
   372 00000114 89 85 FFFFFBB0                  	MOV	DWORD [-1104+EBP],EAX
   373 0000011A E8 [00000000]                   	CALL	_memman_init
   374 0000011F 68 0009E000                     	PUSH	647168
   375 00000124 68 00001000                     	PUSH	4096
   376 00000129 68 003C0000                     	PUSH	3932160
   377 0000012E E8 [00000000]                   	CALL	_memman_free
   378 00000133 8B 85 FFFFFBB0                  	MOV	EAX,DWORD [-1104+EBP]
   379 00000139 2D 00400000                     	SUB	EAX,4194304
   380 0000013E 50                              	PUSH	EAX
   381 0000013F 68 00400000                     	PUSH	4194304
   382 00000144 68 003C0000                     	PUSH	3932160
   383 00000149 E8 [00000000]                   	CALL	_memman_free
   384 0000014E 83 C4 24                        	ADD	ESP,36
   385 00000151 E8 [00000000]                   	CALL	_init_palette
   386 00000156 0F BF 05 00000FF6               	MOVSX	EAX,WORD [4086]
   387 0000015D 50                              	PUSH	EAX
   388 0000015E 0F BF 05 00000FF4               	MOVSX	EAX,WORD [4084]
   389 00000165 50                              	PUSH	EAX
   390 00000166 FF 35 00000FF8                  	PUSH	DWORD [4088]
   391 0000016C 68 003C0000                     	PUSH	3932160
   392 00000171 E8 [00000000]                   	CALL	_shtctl_init
   393 00000176 68 003C0000                     	PUSH	3932160
   394 0000017B 89 85 FFFFFBD0                  	MOV	DWORD [-1072+EBP],EAX
   395 00000181 E8 [00000000]                   	CALL	_task_init
   396 00000186 6A 02                           	PUSH	2
   397 00000188 6A 01                           	PUSH	1
   398 0000018A 89 85 FFFFFBA4                  	MOV	DWORD [-1116+EBP],EAX
   399 00000190 50                              	PUSH	EAX
   400 00000191 89 45 BC                        	MOV	DWORD [-68+EBP],EAX
   401 00000194 E8 [00000000]                   	CALL	_task_run
   402 00000199 83 C4 20                        	ADD	ESP,32
   403 0000019C 8B 8D FFFFFBD0                  	MOV	ECX,DWORD [-1072+EBP]
   404 000001A2 89 0D 00000FE4                  	MOV	DWORD [4068],ECX
   405 000001A8 51                              	PUSH	ECX
   406 000001A9 E8 [00000000]                   	CALL	_sheet_alloc
   407 000001AE 0F BF 15 00000FF6               	MOVSX	EDX,WORD [4086]
   408 000001B5 89 85 FFFFFBAC                  	MOV	DWORD [-1108+EBP],EAX
   409 000001BB 0F BF 05 00000FF4               	MOVSX	EAX,WORD [4084]
   410 000001C2 0F AF C2                        	IMUL	EAX,EDX
   411 000001C5 50                              	PUSH	EAX
   412 000001C6 68 003C0000                     	PUSH	3932160
   413 000001CB E8 [00000000]                   	CALL	_memman_alloc_4k
   414 000001D0 6A FF                           	PUSH	-1
   415 000001D2 89 C3                           	MOV	EBX,EAX
   416 000001D4 0F BF 05 00000FF6               	MOVSX	EAX,WORD [4086]
   417 000001DB 50                              	PUSH	EAX
   418 000001DC 0F BF 05 00000FF4               	MOVSX	EAX,WORD [4084]
   419 000001E3 50                              	PUSH	EAX
   420 000001E4 53                              	PUSH	EBX
   421 000001E5 FF B5 FFFFFBAC                  	PUSH	DWORD [-1108+EBP]
   422 000001EB E8 [00000000]                   	CALL	_sheet_setbuf
   423 000001F0 83 C4 20                        	ADD	ESP,32
   424 000001F3 0F BF 05 00000FF6               	MOVSX	EAX,WORD [4086]
   425 000001FA 50                              	PUSH	EAX
   426 000001FB 0F BF 05 00000FF4               	MOVSX	EAX,WORD [4084]
   427 00000202 50                              	PUSH	EAX
   428 00000203 53                              	PUSH	EBX
   429 00000204 E8 [00000000]                   	CALL	_init_screen8
   430 00000209 83 C4 0C                        	ADD	ESP,12
   431 0000020C C7 85 FFFFFBC4 00000001         	MOV	DWORD [-1084+EBP],1
   432 00000216 31 FF                           	XOR	EDI,EDI
   433 00000218                                 L6:
   434 00000218 FF B5 FFFFFBD0                  	PUSH	DWORD [-1072+EBP]
   435 0000021E 8D 9D FFFFFBE4                  	LEA	EBX,DWORD [-1052+EBP]
   436 00000224 E8 [00000000]                   	CALL	_sheet_alloc
   437 00000229 68 0000A500                     	PUSH	42240
   438 0000022E 8D B5 FFFFFBDC                  	LEA	ESI,DWORD [-1060+EBP]
   439 00000234 68 003C0000                     	PUSH	3932160
   440 00000239 89 84 3D FFFFFBEC               	MOV	DWORD [-1044+EBP+EDI*1],EAX
   441 00000240 E8 [00000000]                   	CALL	_memman_alloc_4k
   442 00000245 89 04 3B                        	MOV	DWORD [EBX+EDI*1],EAX
   443 00000248 6A FF                           	PUSH	-1
   444 0000024A 68 000000A5                     	PUSH	165
   445 0000024F 68 00000100                     	PUSH	256
   446 00000254 50                              	PUSH	EAX
   447 00000255 FF B4 3D FFFFFBEC               	PUSH	DWORD [-1044+EBP+EDI*1]
   448 0000025C E8 [00000000]                   	CALL	_sheet_setbuf
   449 00000261 83 C4 20                        	ADD	ESP,32
   450 00000264 6A 00                           	PUSH	0
   451 00000266 68 [00000100]                   	PUSH	LC0
   452 0000026B 68 000000A5                     	PUSH	165
   453 00000270 68 00000100                     	PUSH	256
   454 00000275 FF 34 3B                        	PUSH	DWORD [EBX+EDI*1]
   455 00000278 E8 [00000000]                   	CALL	_make_window8
   456 0000027D 6A 00                           	PUSH	0
   457 0000027F 68 00000080                     	PUSH	128
   458 00000284 68 000000F0                     	PUSH	240
   459 00000289 6A 1C                           	PUSH	28
   460 0000028B 6A 08                           	PUSH	8
   461 0000028D FF B4 3D FFFFFBEC               	PUSH	DWORD [-1044+EBP+EDI*1]
   462 00000294 E8 [00000000]                   	CALL	_make_textbox8
   463 00000299 83 C4 2C                        	ADD	ESP,44
   464 0000029C E8 [00000000]                   	CALL	_task_alloc
   465 000002A1 89 C3                           	MOV	EBX,EAX
   466 000002A3 89 04 3E                        	MOV	DWORD [ESI+EDI*1],EAX
   467 000002A6 68 00010000                     	PUSH	65536
   468 000002AB 68 003C0000                     	PUSH	3932160
   469 000002B0 E8 [00000000]                   	CALL	_memman_alloc_4k
   470 000002B5 8B 94 3D FFFFFBEC               	MOV	EDX,DWORD [-1044+EBP+EDI*1]
   471 000002BC 05 0000FFF4                     	ADD	EAX,65524
   472 000002C1 89 43 64                        	MOV	DWORD [100+EBX],EAX
   473 000002C4 8B 04 3E                        	MOV	EAX,DWORD [ESI+EDI*1]
   474 000002C7 8B 48 64                        	MOV	ECX,DWORD [100+EAX]
   475 000002CA C7 40 4C [00000000]             	MOV	DWORD [76+EAX],_console_task
   476 000002D1 C7 40 74 00000008               	MOV	DWORD [116+EAX],8
   477 000002D8 C7 40 78 00000010               	MOV	DWORD [120+EAX],16
   478 000002DF C7 40 7C 00000008               	MOV	DWORD [124+EAX],8
   479 000002E6 C7 80 00000080 00000008         	MOV	DWORD [128+EAX],8
   480 000002F0 C7 80 00000084 00000008         	MOV	DWORD [132+EAX],8
   481 000002FA C7 80 00000088 00000008         	MOV	DWORD [136+EAX],8
   482 00000304 89 51 04                        	MOV	DWORD [4+ECX],EDX
   483 00000307 8B 8D FFFFFBB0                  	MOV	ECX,DWORD [-1104+EBP]
   484 0000030D 8B 50 64                        	MOV	EDX,DWORD [100+EAX]
   485 00000310 89 4A 08                        	MOV	DWORD [8+EDX],ECX
   486 00000313 6A 02                           	PUSH	2
   487 00000315 6A 02                           	PUSH	2
   488 00000317 50                              	PUSH	EAX
   489 00000318 E8 [00000000]                   	CALL	_task_run
   490 0000031D 8B 14 3E                        	MOV	EDX,DWORD [ESI+EDI*1]
   491 00000320 8B 84 3D FFFFFBEC               	MOV	EAX,DWORD [-1044+EBP+EDI*1]
   492 00000327 83 48 1C 20                     	OR	DWORD [28+EAX],32
   493 0000032B 89 50 24                        	MOV	DWORD [36+EAX],EDX
   494 0000032E 68 00000200                     	PUSH	512
   495 00000333 68 003C0000                     	PUSH	3932160
   496 00000338 E8 [00000000]                   	CALL	_memman_alloc_4k
   497 0000033D 8D 95 FFFFFBD4                  	LEA	EDX,DWORD [-1068+EBP]
   498 00000343 89 04 3A                        	MOV	DWORD [EDX+EDI*1],EAX
   499 00000346 FF 34 3E                        	PUSH	DWORD [ESI+EDI*1]
   500 00000349 50                              	PUSH	EAX
   501 0000034A 68 00000080                     	PUSH	128
   502 0000034F 8B 04 3E                        	MOV	EAX,DWORD [ESI+EDI*1]
   503 00000352 83 C7 04                        	ADD	EDI,4
   504 00000355 83 C0 10                        	ADD	EAX,16
   505 00000358 50                              	PUSH	EAX
   506 00000359 E8 [00000000]                   	CALL	_fifo32_init
   507 0000035E 83 C4 2C                        	ADD	ESP,44
   508 00000361 FF 8D FFFFFBC4                  	DEC	DWORD [-1084+EBP]
   509 00000367 0F 89 FFFFFEAB                  	JNS	L6
   510 0000036D FF B5 FFFFFBD0                  	PUSH	DWORD [-1072+EBP]
   511 00000373 C7 85 FFFFFBC4 00000002         	MOV	DWORD [-1084+EBP],2
   512 0000037D 8D 9D FFFFFBF4                  	LEA	EBX,DWORD [-1036+EBP]
   513 00000383 E8 [00000000]                   	CALL	_sheet_alloc
   514 00000388 6A 63                           	PUSH	99
   515 0000038A 6A 10                           	PUSH	16
   516 0000038C 89 85 FFFFFBA8                  	MOV	DWORD [-1112+EBP],EAX
   517 00000392 6A 10                           	PUSH	16
   518 00000394 53                              	PUSH	EBX
   519 00000395 50                              	PUSH	EAX
   520 00000396 E8 [00000000]                   	CALL	_sheet_setbuf
   521 0000039B 6A 63                           	PUSH	99
   522 0000039D 53                              	PUSH	EBX
   523 0000039E 8D 5D 84                        	LEA	EBX,DWORD [-124+EBP]
   524 000003A1 E8 [00000000]                   	CALL	_init_mouse_cursor8
   525 000003A6 83 C4 20                        	ADD	ESP,32
   526 000003A9 0F BF 05 00000FF4               	MOVSX	EAX,WORD [4084]
   527 000003B0 8D 50 F0                        	LEA	EDX,DWORD [-16+EAX]
   528 000003B3 89 D0                           	MOV	EAX,EDX
   529 000003B5 99                              	CDQ
   530 000003B6 F7 BD FFFFFBC4                  	IDIV	DWORD [-1084+EBP]
   531 000003BC 89 85 FFFFFBCC                  	MOV	DWORD [-1076+EBP],EAX
   532 000003C2 0F BF 05 00000FF6               	MOVSX	EAX,WORD [4086]
   533 000003C9 6A 00                           	PUSH	0
   534 000003CB 8D 50 D4                        	LEA	EDX,DWORD [-44+EAX]
   535 000003CE 6A 00                           	PUSH	0
   536 000003D0 89 D0                           	MOV	EAX,EDX
   537 000003D2 99                              	CDQ
   538 000003D3 F7 BD FFFFFBC4                  	IDIV	DWORD [-1084+EBP]
   539 000003D9 FF B5 FFFFFBAC                  	PUSH	DWORD [-1108+EBP]
   540 000003DF 89 85 FFFFFBC8                  	MOV	DWORD [-1080+EBP],EAX
   541 000003E5 E8 [00000000]                   	CALL	_sheet_slide
   542 000003EA 6A 06                           	PUSH	6
   543 000003EC 6A 38                           	PUSH	56
   544 000003EE FF B5 FFFFFBF0                  	PUSH	DWORD [-1040+EBP]
   545 000003F4 E8 [00000000]                   	CALL	_sheet_slide
   546 000003F9 6A 02                           	PUSH	2
   547 000003FB 6A 08                           	PUSH	8
   548 000003FD FF B5 FFFFFBEC                  	PUSH	DWORD [-1044+EBP]
   549 00000403 E8 [00000000]                   	CALL	_sheet_slide
   550 00000408 83 C4 24                        	ADD	ESP,36
   551 0000040B FF B5 FFFFFBC8                  	PUSH	DWORD [-1080+EBP]
   552 00000411 FF B5 FFFFFBCC                  	PUSH	DWORD [-1076+EBP]
   553 00000417 FF B5 FFFFFBA8                  	PUSH	DWORD [-1112+EBP]
   554 0000041D E8 [00000000]                   	CALL	_sheet_slide
   555 00000422 6A 00                           	PUSH	0
   556 00000424 FF B5 FFFFFBAC                  	PUSH	DWORD [-1108+EBP]
   557 0000042A E8 [00000000]                   	CALL	_sheet_updown
   558 0000042F 6A 01                           	PUSH	1
   559 00000431 FF B5 FFFFFBF0                  	PUSH	DWORD [-1040+EBP]
   560 00000437 E8 [00000000]                   	CALL	_sheet_updown
   561 0000043C 6A 02                           	PUSH	2
   562 0000043E FF B5 FFFFFBEC                  	PUSH	DWORD [-1044+EBP]
   563 00000444 E8 [00000000]                   	CALL	_sheet_updown
   564 00000449 83 C4 24                        	ADD	ESP,36
   565 0000044C 6A 03                           	PUSH	3
   566 0000044E FF B5 FFFFFBA8                  	PUSH	DWORD [-1112+EBP]
   567 00000454 E8 [00000000]                   	CALL	_sheet_updown
   568 00000459 8B BD FFFFFBEC                  	MOV	EDI,DWORD [-1044+EBP]
   569 0000045F 57                              	PUSH	EDI
   570 00000460 E8 000006C7                     	CALL	_keywin_on
   571 00000465 68 000000ED                     	PUSH	237
   572 0000046A 53                              	PUSH	EBX
   573 0000046B E8 [00000000]                   	CALL	_fifo32_put
   574 00000470 FF B5 FFFFFB9C                  	PUSH	DWORD [-1124+EBP]
   575 00000476 53                              	PUSH	EBX
   576 00000477 E8 [00000000]                   	CALL	_fifo32_put
   577 0000047C 83 C4 1C                        	ADD	ESP,28
   578 0000047F                                 L7:
   579 0000047F 8D 5D 84                        	LEA	EBX,DWORD [-124+EBP]
   580 00000482 53                              	PUSH	EBX
   581 00000483 E8 [00000000]                   	CALL	_fifo32_status
   582 00000488 59                              	POP	ECX
   583 00000489 85 C0                           	TEST	EAX,EAX
   584 0000048B 7E 0D                           	JLE	L10
   585 0000048D 83 BD FFFFFB98 00               	CMP	DWORD [-1128+EBP],0
   586 00000494 0F 88 0000063E                  	JS	L74
   587 0000049A                                 L10:
   588 0000049A 8D 5D A4                        	LEA	EBX,DWORD [-92+EBP]
   589 0000049D E8 [00000000]                   	CALL	_io_cli
   590 000004A2 53                              	PUSH	EBX
   591 000004A3 E8 [00000000]                   	CALL	_fifo32_status
   592 000004A8 5A                              	POP	EDX
   593 000004A9 85 C0                           	TEST	EAX,EAX
   594 000004AB 0F 84 000005C7                  	JE	L75
   595 000004B1 53                              	PUSH	EBX
   596 000004B2 E8 [00000000]                   	CALL	_fifo32_get
   597 000004B7 89 85 FFFFFBC4                  	MOV	DWORD [-1084+EBP],EAX
   598 000004BD E8 [00000000]                   	CALL	_io_sti
   599 000004C2 58                              	POP	EAX
   600 000004C3 83 7F 1C 00                     	CMP	DWORD [28+EDI],0
   601 000004C7 75 14                           	JNE	L17
   602 000004C9 8B 95 FFFFFBD0                  	MOV	EDX,DWORD [-1072+EBP]
   603 000004CF 8B 42 10                        	MOV	EAX,DWORD [16+EDX]
   604 000004D2 8B 7C 82 10                     	MOV	EDI,DWORD [16+EDX+EAX*4]
   605 000004D6 57                              	PUSH	EDI
   606 000004D7 E8 00000650                     	CALL	_keywin_on
   607 000004DC 58                              	POP	EAX
   608 000004DD                                 L17:
   609 000004DD 8B 85 FFFFFBC4                  	MOV	EAX,DWORD [-1084+EBP]
   610 000004E3 2D 00000100                     	SUB	EAX,256
   611 000004E8 3D 000000FF                     	CMP	EAX,255
   612 000004ED 0F 86 000002D6                  	JBE	L76
   613 000004F3 8B 85 FFFFFBC4                  	MOV	EAX,DWORD [-1084+EBP]
   614 000004F9 2D 00000200                     	SUB	EAX,512
   615 000004FE 3D 000000FF                     	CMP	EAX,255
   616 00000503 0F 87 FFFFFF76                  	JA	L7
   617 00000509 0F B6 85 FFFFFBC4               	MOVZX	EAX,BYTE [-1084+EBP]
   618 00000510 50                              	PUSH	EAX
   619 00000511 8D 85 FFFFFCF4                  	LEA	EAX,DWORD [-780+EBP]
   620 00000517 50                              	PUSH	EAX
   621 00000518 E8 [00000000]                   	CALL	_mouse_decode
   622 0000051D 59                              	POP	ECX
   623 0000051E 5B                              	POP	EBX
   624 0000051F 85 C0                           	TEST	EAX,EAX
   625 00000521 0F 84 FFFFFF58                  	JE	L7
   626 00000527 8B 85 FFFFFCFC                  	MOV	EAX,DWORD [-772+EBP]
   627 0000052D 8B 95 FFFFFCF8                  	MOV	EDX,DWORD [-776+EBP]
   628 00000533 01 85 FFFFFBC8                  	ADD	DWORD [-1080+EBP],EAX
   629 00000539 01 95 FFFFFBCC                  	ADD	DWORD [-1076+EBP],EDX
   630 0000053F 0F 88 00000275                  	JS	L77
   631 00000545                                 L45:
   632 00000545 83 BD FFFFFBC8 00               	CMP	DWORD [-1080+EBP],0
   633 0000054C 0F 88 00000259                  	JS	L78
   634 00000552                                 L46:
   635 00000552 0F BF 05 00000FF4               	MOVSX	EAX,WORD [4084]
   636 00000559 48                              	DEC	EAX
   637 0000055A 39 85 FFFFFBCC                  	CMP	DWORD [-1076+EBP],EAX
   638 00000560 7E 06                           	JLE	L47
   639 00000562 89 85 FFFFFBCC                  	MOV	DWORD [-1076+EBP],EAX
   640 00000568                                 L47:
   641 00000568 0F BF 05 00000FF6               	MOVSX	EAX,WORD [4086]
   642 0000056F 48                              	DEC	EAX
   643 00000570 39 85 FFFFFBC8                  	CMP	DWORD [-1080+EBP],EAX
   644 00000576 7E 06                           	JLE	L48
   645 00000578 89 85 FFFFFBC8                  	MOV	DWORD [-1080+EBP],EAX
   646 0000057E                                 L48:
   647 0000057E FF B5 FFFFFBC8                  	PUSH	DWORD [-1080+EBP]
   648 00000584 FF B5 FFFFFBCC                  	PUSH	DWORD [-1076+EBP]
   649 0000058A FF B5 FFFFFBA8                  	PUSH	DWORD [-1112+EBP]
   650 00000590 E8 [00000000]                   	CALL	_sheet_slide
   651 00000595 83 C4 0C                        	ADD	ESP,12
   652 00000598 8B 8D FFFFFBCC                  	MOV	ECX,DWORD [-1076+EBP]
   653 0000059E 8B 85 FFFFFBC8                  	MOV	EAX,DWORD [-1080+EBP]
   654 000005A4 89 8D FFFFFBC0                  	MOV	DWORD [-1088+EBP],ECX
   655 000005AA 89 85 FFFFFBBC                  	MOV	DWORD [-1092+EBP],EAX
   656 000005B0 F7 85 FFFFFD00 00000001         	TEST	DWORD [-768+EBP],1
   657 000005BA 75 43                           	JNE	L79
   658 000005BC C7 85 FFFFFB94 FFFFFFFF         	MOV	DWORD [-1132+EBP],-1
   659 000005C6 81 BD FFFFFBB8 7FFFFFFF         	CMP	DWORD [-1096+EBP],2147483647
   660 000005D0 0F 84 FFFFFEA9                  	JE	L7
   661 000005D6                                 L70:
   662 000005D6 FF B5 FFFFFBB4                  	PUSH	DWORD [-1100+EBP]
   663 000005DC FF B5 FFFFFBB8                  	PUSH	DWORD [-1096+EBP]
   664 000005E2 FF B5 FFFFFB88                  	PUSH	DWORD [-1144+EBP]
   665 000005E8 E8 [00000000]                   	CALL	_sheet_slide
   666 000005ED C7 85 FFFFFBB8 7FFFFFFF         	MOV	DWORD [-1096+EBP],2147483647
   667 000005F7                                 L71:
   668 000005F7 83 C4 0C                        	ADD	ESP,12
   669 000005FA E9 FFFFFE80                     	JMP	L7
   670 000005FF                                 L79:
   671 000005FF 83 BD FFFFFB94 00               	CMP	DWORD [-1132+EBP],0
   672 00000606 78 46                           	JS	L80
   673 00000608 8B 9D FFFFFBCC                  	MOV	EBX,DWORD [-1076+EBP]
   674 0000060E 8B 85 FFFFFB8C                  	MOV	EAX,DWORD [-1140+EBP]
   675 00000614 2B 9D FFFFFB94                  	SUB	EBX,DWORD [-1132+EBP]
   676 0000061A 8B B5 FFFFFBC8                  	MOV	ESI,DWORD [-1080+EBP]
   677 00000620 2B B5 FFFFFB90                  	SUB	ESI,DWORD [-1136+EBP]
   678 00000626 8B 95 FFFFFBC8                  	MOV	EDX,DWORD [-1080+EBP]
   679 0000062C 8D 5C 03 02                     	LEA	EBX,DWORD [2+EBX+EAX*1]
   680 00000630 89 95 FFFFFB90                  	MOV	DWORD [-1136+EBP],EDX
   681 00000636 89 9D FFFFFBB8                  	MOV	DWORD [-1096+EBP],EBX
   682 0000063C 01 B5 FFFFFBB4                  	ADD	DWORD [-1100+EBP],ESI
   683 00000642 83 A5 FFFFFBB8 FC               	AND	DWORD [-1096+EBP],-4
   684 00000649 E9 FFFFFE31                     	JMP	L7
   685 0000064E                                 L80:
   686 0000064E 8B 95 FFFFFBD0                  	MOV	EDX,DWORD [-1072+EBP]
   687 00000654 8B 52 10                        	MOV	EDX,DWORD [16+EDX]
   688 00000657 89 95 FFFFFB84                  	MOV	DWORD [-1148+EBP],EDX
   689 0000065D 89 D1                           	MOV	ECX,EDX
   690 0000065F                                 L73:
   691 0000065F 49                              	DEC	ECX
   692 00000660 85 C9                           	TEST	ECX,ECX
   693 00000662 0F 8E FFFFFE17                  	JLE	L7
   694 00000668 8B 85 FFFFFBD0                  	MOV	EAX,DWORD [-1072+EBP]
   695 0000066E 8B B5 FFFFFBC8                  	MOV	ESI,DWORD [-1080+EBP]
   696 00000674 8B 9D FFFFFBCC                  	MOV	EBX,DWORD [-1076+EBP]
   697 0000067A 8B 44 88 14                     	MOV	EAX,DWORD [20+EAX+ECX*4]
   698 0000067E 89 85 FFFFFB88                  	MOV	DWORD [-1144+EBP],EAX
   699 00000684 2B 70 10                        	SUB	ESI,DWORD [16+EAX]
   700 00000687 2B 58 0C                        	SUB	EBX,DWORD [12+EAX]
   701 0000068A 78 D3                           	JS	L73
   702 0000068C 8B 40 04                        	MOV	EAX,DWORD [4+EAX]
   703 0000068F 39 C3                           	CMP	EBX,EAX
   704 00000691 7D CC                           	JGE	L73
   705 00000693 85 F6                           	TEST	ESI,ESI
   706 00000695 78 C8                           	JS	L73
   707 00000697 8B 95 FFFFFB88                  	MOV	EDX,DWORD [-1144+EBP]
   708 0000069D 3B 72 08                        	CMP	ESI,DWORD [8+EDX]
   709 000006A0 7D BD                           	JGE	L73
   710 000006A2 0F AF C6                        	IMUL	EAX,ESI
   711 000006A5 89 85 FFFFFB80                  	MOV	DWORD [-1152+EBP],EAX
   712 000006AB 8B 12                           	MOV	EDX,DWORD [EDX]
   713 000006AD 8B 85 FFFFFB80                  	MOV	EAX,DWORD [-1152+EBP]
   714 000006B3 01 D8                           	ADD	EAX,EBX
   715 000006B5 0F B6 04 10                     	MOVZX	EAX,BYTE [EAX+EDX*1]
   716 000006B9 8B 95 FFFFFB88                  	MOV	EDX,DWORD [-1144+EBP]
   717 000006BF 3B 42 14                        	CMP	EAX,DWORD [20+EDX]
   718 000006C2 74 9B                           	JE	L73
   719 000006C4 8B 85 FFFFFB84                  	MOV	EAX,DWORD [-1148+EBP]
   720 000006CA 48                              	DEC	EAX
   721 000006CB 50                              	PUSH	EAX
   722 000006CC 52                              	PUSH	EDX
   723 000006CD E8 [00000000]                   	CALL	_sheet_updown
   724 000006D2 39 BD FFFFFB88                  	CMP	DWORD [-1144+EBP],EDI
   725 000006D8 58                              	POP	EAX
   726 000006D9 5A                              	POP	EDX
   727 000006DA 74 14                           	JE	L57
   728 000006DC 57                              	PUSH	EDI
   729 000006DD E8 0000041C                     	CALL	_keywin_off
   730 000006E2 8B BD FFFFFB88                  	MOV	EDI,DWORD [-1144+EBP]
   731 000006E8 57                              	PUSH	EDI
   732 000006E9 E8 0000043E                     	CALL	_keywin_on
   733 000006EE 59                              	POP	ECX
   734 000006EF 58                              	POP	EAX
   735 000006F0                                 L57:
   736 000006F0 83 FB 02                        	CMP	EBX,2
   737 000006F3 7E 4A                           	JLE	L58
   738 000006F5 8B 8D FFFFFB88                  	MOV	ECX,DWORD [-1144+EBP]
   739 000006FB 8B 41 04                        	MOV	EAX,DWORD [4+ECX]
   740 000006FE 83 E8 03                        	SUB	EAX,3
   741 00000701 39 C3                           	CMP	EBX,EAX
   742 00000703 7D 3A                           	JGE	L58
   743 00000705 83 FE 02                        	CMP	ESI,2
   744 00000708 7E 35                           	JLE	L58
   745 0000070A 83 FE 14                        	CMP	ESI,20
   746 0000070D 7F 30                           	JG	L58
   747 0000070F 8B 85 FFFFFBCC                  	MOV	EAX,DWORD [-1076+EBP]
   748 00000715 8B 95 FFFFFBC8                  	MOV	EDX,DWORD [-1080+EBP]
   749 0000071B 89 85 FFFFFB94                  	MOV	DWORD [-1132+EBP],EAX
   750 00000721 8B 49 0C                        	MOV	ECX,DWORD [12+ECX]
   751 00000724 8B 85 FFFFFB88                  	MOV	EAX,DWORD [-1144+EBP]
   752 0000072A 89 95 FFFFFB90                  	MOV	DWORD [-1136+EBP],EDX
   753 00000730 89 8D FFFFFB8C                  	MOV	DWORD [-1140+EBP],ECX
   754 00000736 8B 40 10                        	MOV	EAX,DWORD [16+EAX]
   755 00000739 89 85 FFFFFBB4                  	MOV	DWORD [-1100+EBP],EAX
   756 0000073F                                 L58:
   757 0000073F 8B 8D FFFFFB88                  	MOV	ECX,DWORD [-1144+EBP]
   758 00000745 8B 51 04                        	MOV	EDX,DWORD [4+ECX]
   759 00000748 8D 42 EB                        	LEA	EAX,DWORD [-21+EDX]
   760 0000074B 39 D8                           	CMP	EAX,EBX
   761 0000074D 0F 8F FFFFFD2C                  	JG	L7
   762 00000753 8D 42 FB                        	LEA	EAX,DWORD [-5+EDX]
   763 00000756 39 C3                           	CMP	EBX,EAX
   764 00000758 0F 8D FFFFFD21                  	JGE	L7
   765 0000075E 83 FE 04                        	CMP	ESI,4
   766 00000761 0F 8E FFFFFD18                  	JLE	L7
   767 00000767 83 FE 12                        	CMP	ESI,18
   768 0000076A 0F 8F FFFFFD0F                  	JG	L7
   769 00000770 F6 41 1C 10                     	TEST	BYTE [28+ECX],16
   770 00000774 0F 84 FFFFFD05                  	JE	L7
   771 0000077A 8B 59 24                        	MOV	EBX,DWORD [36+ECX]
   772 0000077D 68 [00000108]                   	PUSH	LC2
   773 00000782 FF B3 00000094                  	PUSH	DWORD [148+EBX]
   774 00000788 E8 [00000000]                   	CALL	_cons_putstr0
   775 0000078D E8 [00000000]                   	CALL	_io_cli
   776 00000792 8D 43 30                        	LEA	EAX,DWORD [48+EBX]
   777 00000795 89 43 54                        	MOV	DWORD [84+EBX],EAX
   778 00000798 C7 43 4C [00000000]             	MOV	DWORD [76+EBX],_asm_end_app
   779 0000079F E8 [00000000]                   	CALL	_io_sti
   780 000007A4                                 L69:
   781 000007A4 58                              	POP	EAX
   782 000007A5 5A                              	POP	EDX
   783 000007A6 E9 FFFFFCD4                     	JMP	L7
   784 000007AB                                 L78:
   785 000007AB C7 85 FFFFFBC8 00000000         	MOV	DWORD [-1080+EBP],0
   786 000007B5 E9 FFFFFD98                     	JMP	L46
   787 000007BA                                 L77:
   788 000007BA C7 85 FFFFFBCC 00000000         	MOV	DWORD [-1076+EBP],0
   789 000007C4 E9 FFFFFD7C                     	JMP	L45
   790 000007C9                                 L76:
   791 000007C9 81 BD FFFFFBC4 0000017F         	CMP	DWORD [-1084+EBP],383
   792 000007D3 0F 8F 00000296                  	JG	L19
   793 000007D9 83 BD FFFFFBA0 00               	CMP	DWORD [-1120+EBP],0
   794 000007E0 0F 85 00000278                  	JNE	L20
   795 000007E6 8B 8D FFFFFBC4                  	MOV	ECX,DWORD [-1084+EBP]
   796 000007EC 8A 81 [FFFFFF00]                	MOV	AL,BYTE [_keytable0.0-256+ECX]
   797 000007F2                                 L72:
   798 000007F2 88 45 C4                        	MOV	BYTE [-60+EBP],AL
   799 000007F5                                 L22:
   800 000007F5 8A 55 C4                        	MOV	DL,BYTE [-60+EBP]
   801 000007F8 8D 42 BF                        	LEA	EAX,DWORD [-65+EDX]
   802 000007FB 3C 19                           	CMP	AL,25
   803 000007FD 77 1D                           	JA	L23
   804 000007FF F7 85 FFFFFB9C 00000004         	TEST	DWORD [-1124+EBP],4
   805 00000809 0F 85 00000240                  	JNE	L68
   806 0000080F 83 BD FFFFFBA0 00               	CMP	DWORD [-1120+EBP],0
   807 00000816 0F 84 00000228                  	JE	L25
   808 0000081C                                 L23:
   809 0000081C 8A 45 C4                        	MOV	AL,BYTE [-60+EBP]
   810 0000081F 84 C0                           	TEST	AL,AL
   811 00000821 74 17                           	JE	L27
   812 00000823 0F BE C0                        	MOVSX	EAX,AL
   813 00000826 05 00000100                     	ADD	EAX,256
   814 0000082B 50                              	PUSH	EAX
   815 0000082C 8B 47 24                        	MOV	EAX,DWORD [36+EDI]
   816 0000082F 83 C0 10                        	ADD	EAX,16
   817 00000832 50                              	PUSH	EAX
   818 00000833 E8 [00000000]                   	CALL	_fifo32_put
   819 00000838 5E                              	POP	ESI
   820 00000839 58                              	POP	EAX
   821 0000083A                                 L27:
   822 0000083A 81 BD FFFFFBC4 0000010F         	CMP	DWORD [-1084+EBP],271
   823 00000844 0F 84 000001CD                  	JE	L81
   824 0000084A                                 L28:
   825 0000084A 81 BD FFFFFBC4 0000012A         	CMP	DWORD [-1084+EBP],298
   826 00000854 0F 84 000001B1                  	JE	L82
   827 0000085A                                 L30:
   828 0000085A 81 BD FFFFFBC4 00000136         	CMP	DWORD [-1084+EBP],310
   829 00000864 0F 84 00000195                  	JE	L83
   830 0000086A                                 L31:
   831 0000086A 81 BD FFFFFBC4 000001AA         	CMP	DWORD [-1084+EBP],426
   832 00000874 0F 84 00000179                  	JE	L84
   833 0000087A                                 L32:
   834 0000087A 81 BD FFFFFBC4 000001B6         	CMP	DWORD [-1084+EBP],438
   835 00000884 0F 84 0000015D                  	JE	L85
   836 0000088A                                 L33:
   837 0000088A 81 BD FFFFFBC4 0000013A         	CMP	DWORD [-1084+EBP],314
   838 00000894 0F 84 00000124                  	JE	L86
   839 0000089A                                 L34:
   840 0000089A 81 BD FFFFFBC4 00000145         	CMP	DWORD [-1084+EBP],325
   841 000008A4 0F 84 000000EB                  	JE	L87
   842 000008AA                                 L35:
   843 000008AA 81 BD FFFFFBC4 00000146         	CMP	DWORD [-1084+EBP],326
   844 000008B4 0F 84 000000B2                  	JE	L88
   845 000008BA                                 L36:
   846 000008BA 81 BD FFFFFBC4 0000013B         	CMP	DWORD [-1084+EBP],315
   847 000008C4 74 62                           	JE	L89
   848 000008C6                                 L37:
   849 000008C6 81 BD FFFFFBC4 00000157         	CMP	DWORD [-1084+EBP],343
   850 000008D0 74 3F                           	JE	L90
   851 000008D2                                 L39:
   852 000008D2 81 BD FFFFFBC4 000001FA         	CMP	DWORD [-1084+EBP],506
   853 000008DC 74 27                           	JE	L91
   854 000008DE                                 L40:
   855 000008DE 81 BD FFFFFBC4 000001FE         	CMP	DWORD [-1084+EBP],510
   856 000008E8 0F 85 FFFFFB91                  	JNE	L7
   857 000008EE E8 [00000000]                   	CALL	_wait_KBC_sendready
   858 000008F3 FF B5 FFFFFB98                  	PUSH	DWORD [-1128+EBP]
   859 000008F9 6A 60                           	PUSH	96
   860 000008FB E8 [00000000]                   	CALL	_io_out8
   861 00000900 E9 FFFFFE9F                     	JMP	L69
   862 00000905                                 L91:
   863 00000905 C7 85 FFFFFB98 FFFFFFFF         	MOV	DWORD [-1128+EBP],-1
   864 0000090F EB CD                           	JMP	L40
   865 00000911                                 L90:
   866 00000911 8B 8D FFFFFBD0                  	MOV	ECX,DWORD [-1072+EBP]
   867 00000917 8B 41 10                        	MOV	EAX,DWORD [16+ECX]
   868 0000091A 48                              	DEC	EAX
   869 0000091B 50                              	PUSH	EAX
   870 0000091C FF 71 18                        	PUSH	DWORD [24+ECX]
   871 0000091F E8 [00000000]                   	CALL	_sheet_updown
   872 00000924 5E                              	POP	ESI
   873 00000925 58                              	POP	EAX
   874 00000926 EB AA                           	JMP	L39
   875 00000928                                 L89:
   876 00000928 83 BD FFFFFBA0 00               	CMP	DWORD [-1120+EBP],0
   877 0000092F 74 95                           	JE	L37
   878 00000931 8B 5F 24                        	MOV	EBX,DWORD [36+EDI]
   879 00000934 85 DB                           	TEST	EBX,EBX
   880 00000936 74 8E                           	JE	L37
   881 00000938 83 7B 34 00                     	CMP	DWORD [52+EBX],0
   882 0000093C 74 88                           	JE	L37
   883 0000093E 68 [00000119]                   	PUSH	LC1
   884 00000943 FF B3 00000094                  	PUSH	DWORD [148+EBX]
   885 00000949 E8 [00000000]                   	CALL	_cons_putstr0
   886 0000094E E8 [00000000]                   	CALL	_io_cli
   887 00000953 8D 43 30                        	LEA	EAX,DWORD [48+EBX]
   888 00000956 89 43 54                        	MOV	DWORD [84+EBX],EAX
   889 00000959 C7 43 4C [00000000]             	MOV	DWORD [76+EBX],_asm_end_app
   890 00000960 E8 [00000000]                   	CALL	_io_sti
   891 00000965 58                              	POP	EAX
   892 00000966 5A                              	POP	EDX
   893 00000967 E9 FFFFFF5A                     	JMP	L37
   894 0000096C                                 L88:
   895 0000096C 68 000000ED                     	PUSH	237
   896 00000971 8D 5D 84                        	LEA	EBX,DWORD [-124+EBP]
   897 00000974 53                              	PUSH	EBX
   898 00000975 83 B5 FFFFFB9C 01               	XOR	DWORD [-1124+EBP],1
   899 0000097C E8 [00000000]                   	CALL	_fifo32_put
   900 00000981 FF B5 FFFFFB9C                  	PUSH	DWORD [-1124+EBP]
   901 00000987 53                              	PUSH	EBX
   902 00000988 E8 [00000000]                   	CALL	_fifo32_put
   903 0000098D 83 C4 10                        	ADD	ESP,16
   904 00000990 E9 FFFFFF25                     	JMP	L36
   905 00000995                                 L87:
   906 00000995 68 000000ED                     	PUSH	237
   907 0000099A 8D 5D 84                        	LEA	EBX,DWORD [-124+EBP]
   908 0000099D 53                              	PUSH	EBX
   909 0000099E 83 B5 FFFFFB9C 02               	XOR	DWORD [-1124+EBP],2
   910 000009A5 E8 [00000000]                   	CALL	_fifo32_put
   911 000009AA FF B5 FFFFFB9C                  	PUSH	DWORD [-1124+EBP]
   912 000009B0 53                              	PUSH	EBX
   913 000009B1 E8 [00000000]                   	CALL	_fifo32_put
   914 000009B6 83 C4 10                        	ADD	ESP,16
   915 000009B9 E9 FFFFFEEC                     	JMP	L35
   916 000009BE                                 L86:
   917 000009BE 68 000000ED                     	PUSH	237
   918 000009C3 8D 5D 84                        	LEA	EBX,DWORD [-124+EBP]
   919 000009C6 53                              	PUSH	EBX
   920 000009C7 83 B5 FFFFFB9C 04               	XOR	DWORD [-1124+EBP],4
   921 000009CE E8 [00000000]                   	CALL	_fifo32_put
   922 000009D3 FF B5 FFFFFB9C                  	PUSH	DWORD [-1124+EBP]
   923 000009D9 53                              	PUSH	EBX
   924 000009DA E8 [00000000]                   	CALL	_fifo32_put
   925 000009DF 83 C4 10                        	ADD	ESP,16
   926 000009E2 E9 FFFFFEB3                     	JMP	L34
   927 000009E7                                 L85:
   928 000009E7 83 A5 FFFFFBA0 FD               	AND	DWORD [-1120+EBP],-3
   929 000009EE E9 FFFFFE97                     	JMP	L33
   930 000009F3                                 L84:
   931 000009F3 83 A5 FFFFFBA0 FE               	AND	DWORD [-1120+EBP],-2
   932 000009FA E9 FFFFFE7B                     	JMP	L32
   933 000009FF                                 L83:
   934 000009FF 83 8D FFFFFBA0 02               	OR	DWORD [-1120+EBP],2
   935 00000A06 E9 FFFFFE5F                     	JMP	L31
   936 00000A0B                                 L82:
   937 00000A0B 83 8D FFFFFBA0 01               	OR	DWORD [-1120+EBP],1
   938 00000A12 E9 FFFFFE43                     	JMP	L30
   939 00000A17                                 L81:
   940 00000A17 57                              	PUSH	EDI
   941 00000A18 E8 000000E1                     	CALL	_keywin_off
   942 00000A1D 8B 4F 18                        	MOV	ECX,DWORD [24+EDI]
   943 00000A20 49                              	DEC	ECX
   944 00000A21 5B                              	POP	EBX
   945 00000A22 75 0A                           	JNE	L29
   946 00000A24 8B 85 FFFFFBD0                  	MOV	EAX,DWORD [-1072+EBP]
   947 00000A2A 8B 48 10                        	MOV	ECX,DWORD [16+EAX]
   948 00000A2D 49                              	DEC	ECX
   949 00000A2E                                 L29:
   950 00000A2E 8B 95 FFFFFBD0                  	MOV	EDX,DWORD [-1072+EBP]
   951 00000A34 8B 7C 8A 14                     	MOV	EDI,DWORD [20+EDX+ECX*4]
   952 00000A38 57                              	PUSH	EDI
   953 00000A39 E8 000000EE                     	CALL	_keywin_on
   954 00000A3E 59                              	POP	ECX
   955 00000A3F E9 FFFFFE06                     	JMP	L28
   956 00000A44                                 L25:
   957 00000A44 8D 42 20                        	LEA	EAX,DWORD [32+EDX]
   958 00000A47 88 45 C4                        	MOV	BYTE [-60+EBP],AL
   959 00000A4A E9 FFFFFDCD                     	JMP	L23
   960 00000A4F                                 L68:
   961 00000A4F 83 BD FFFFFBA0 00               	CMP	DWORD [-1120+EBP],0
   962 00000A56 0F 84 FFFFFDC0                  	JE	L23
   963 00000A5C EB E6                           	JMP	L25
   964 00000A5E                                 L20:
   965 00000A5E 8B 95 FFFFFBC4                  	MOV	EDX,DWORD [-1084+EBP]
   966 00000A64 8A 82 [FFFFFF80]                	MOV	AL,BYTE [_keytable1.1-256+EDX]
   967 00000A6A E9 FFFFFD83                     	JMP	L72
   968 00000A6F                                 L19:
   969 00000A6F C6 45 C4 00                     	MOV	BYTE [-60+EBP],0
   970 00000A73 E9 FFFFFD7D                     	JMP	L22
   971 00000A78                                 L75:
   972 00000A78 83 BD FFFFFBC0 00               	CMP	DWORD [-1088+EBP],0
   973 00000A7F 79 2C                           	JNS	L92
   974 00000A81 81 BD FFFFFBB8 7FFFFFFF         	CMP	DWORD [-1096+EBP],2147483647
   975 00000A8B 75 16                           	JNE	L93
   976 00000A8D FF B5 FFFFFBA4                  	PUSH	DWORD [-1116+EBP]
   977 00000A93 E8 [00000000]                   	CALL	_task_sleep
   978 00000A98 E8 [00000000]                   	CALL	_io_sti
   979 00000A9D 58                              	POP	EAX
   980 00000A9E E9 FFFFF9DC                     	JMP	L7
   981 00000AA3                                 L93:
   982 00000AA3 E8 [00000000]                   	CALL	_io_sti
   983 00000AA8 E9 FFFFFB29                     	JMP	L70
   984 00000AAD                                 L92:
   985 00000AAD E8 [00000000]                   	CALL	_io_sti
   986 00000AB2 FF B5 FFFFFBBC                  	PUSH	DWORD [-1092+EBP]
   987 00000AB8 FF B5 FFFFFBC0                  	PUSH	DWORD [-1088+EBP]
   988 00000ABE FF B5 FFFFFBA8                  	PUSH	DWORD [-1112+EBP]
   989 00000AC4 E8 [00000000]                   	CALL	_sheet_slide
   990 00000AC9 C7 85 FFFFFBC0 FFFFFFFF         	MOV	DWORD [-1088+EBP],-1
   991 00000AD3 E9 FFFFFB1F                     	JMP	L71
   992 00000AD8                                 L74:
   993 00000AD8 53                              	PUSH	EBX
   994 00000AD9 E8 [00000000]                   	CALL	_fifo32_get
   995 00000ADE 89 85 FFFFFB98                  	MOV	DWORD [-1128+EBP],EAX
   996 00000AE4 E8 [00000000]                   	CALL	_wait_KBC_sendready
   997 00000AE9 FF B5 FFFFFB98                  	PUSH	DWORD [-1128+EBP]
   998 00000AEF 6A 60                           	PUSH	96
   999 00000AF1 E8 [00000000]                   	CALL	_io_out8
  1000 00000AF6 83 C4 0C                        	ADD	ESP,12
  1001 00000AF9 E9 FFFFF99C                     	JMP	L10
  1002 00000AFE                                 	GLOBAL	_keywin_off
  1003 00000AFE                                 _keywin_off:
  1004 00000AFE 55                              	PUSH	EBP
  1005 00000AFF 89 E5                           	MOV	EBP,ESP
  1006 00000B01 53                              	PUSH	EBX
  1007 00000B02 6A 00                           	PUSH	0
  1008 00000B04 8B 5D 08                        	MOV	EBX,DWORD [8+EBP]
  1009 00000B07 53                              	PUSH	EBX
  1010 00000B08 E8 [00000000]                   	CALL	_change_wtitle8
  1011 00000B0D F6 43 1C 20                     	TEST	BYTE [28+EBX],32
  1012 00000B11 58                              	POP	EAX
  1013 00000B12 5A                              	POP	EDX
  1014 00000B13 75 05                           	JNE	L96
  1015 00000B15                                 L94:
  1016 00000B15 8B 5D FC                        	MOV	EBX,DWORD [-4+EBP]
  1017 00000B18 C9                              	LEAVE
  1018 00000B19 C3                              	RET
  1019 00000B1A                                 L96:
  1020 00000B1A 6A 03                           	PUSH	3
  1021 00000B1C 8B 43 24                        	MOV	EAX,DWORD [36+EBX]
  1022 00000B1F 83 C0 10                        	ADD	EAX,16
  1023 00000B22 50                              	PUSH	EAX
  1024 00000B23 E8 [00000000]                   	CALL	_fifo32_put
  1025 00000B28 5B                              	POP	EBX
  1026 00000B29 58                              	POP	EAX
  1027 00000B2A EB E9                           	JMP	L94
  1028 00000B2C                                 	GLOBAL	_keywin_on
  1029 00000B2C                                 _keywin_on:
  1030 00000B2C 55                              	PUSH	EBP
  1031 00000B2D 89 E5                           	MOV	EBP,ESP
  1032 00000B2F 53                              	PUSH	EBX
  1033 00000B30 6A 01                           	PUSH	1
  1034 00000B32 8B 5D 08                        	MOV	EBX,DWORD [8+EBP]
  1035 00000B35 53                              	PUSH	EBX
  1036 00000B36 E8 [00000000]                   	CALL	_change_wtitle8
  1037 00000B3B F6 43 1C 20                     	TEST	BYTE [28+EBX],32
  1038 00000B3F 58                              	POP	EAX
  1039 00000B40 5A                              	POP	EDX
  1040 00000B41 75 05                           	JNE	L99
  1041 00000B43                                 L97:
  1042 00000B43 8B 5D FC                        	MOV	EBX,DWORD [-4+EBP]
  1043 00000B46 C9                              	LEAVE
  1044 00000B47 C3                              	RET
  1045 00000B48                                 L99:
  1046 00000B48 6A 02                           	PUSH	2
  1047 00000B4A 8B 43 24                        	MOV	EAX,DWORD [36+EBX]
  1048 00000B4D 83 C0 10                        	ADD	EAX,16
  1049 00000B50 50                              	PUSH	EAX
  1050 00000B51 E8 [00000000]                   	CALL	_fifo32_put
  1051 00000B56 59                              	POP	ECX
  1052 00000B57 5B                              	POP	EBX
  1053 00000B58 EB E9                           	JMP	L97
