     1 00000000                                 [FORMAT "WCOFF"]
     2 00000000                                 [INSTRSET "i486p"]
     3 00000000                                 [OPTIMIZE 1]
     4 00000000                                 [OPTION 1]
     5 00000000                                 [BITS 32]
     6 00000000                                 	EXTERN	_task_now
     7 00000000                                 	EXTERN	_memman_alloc_4k
     8 00000000                                 	EXTERN	_timer_alloc
     9 00000000                                 	EXTERN	_timer_init
    10 00000000                                 	EXTERN	_timer_settime
    11 00000000                                 	EXTERN	_file_readfat
    12 00000000                                 	EXTERN	_io_cli
    13 00000000                                 	EXTERN	_fifo32_status
    14 00000000                                 	EXTERN	_fifo32_get
    15 00000000                                 	EXTERN	_io_sti
    16 00000000                                 	EXTERN	_boxfill8
    17 00000000                                 	EXTERN	_sheet_refresh
    18 00000000                                 	EXTERN	_task_sleep
    19 00000000                                 	EXTERN	_putfonts8_asc_sht
    20 00000000                                 	EXTERN	_memman_total
    21 00000000                                 	EXTERN	_sprintf
    22 00000000                                 	EXTERN	_file_search
    23 00000000                                 	EXTERN	_file_loadfile
    24 00000000                                 	EXTERN	_memman_free_4k
    25 00000000                                 	EXTERN	_set_segmdesc
    26 00000000                                 	EXTERN	_start_app
    27 00000000                                 	EXTERN	_timer_cancelall
    28 00000000                                 	EXTERN	_sheet_free
    29 00000000                                 	EXTERN	_io_in8
    30 00000000                                 	EXTERN	_io_out8
    31 00000000                                 	EXTERN	_timer_free
    32 00000000                                 	EXTERN	_memman_free
    33 00000000                                 	EXTERN	_memman_alloc
    34 00000000                                 	EXTERN	_memman_init
    35 00000000                                 	EXTERN	_putfonts8_asc
    36 00000000                                 	EXTERN	_sheet_alloc
    37 00000000                                 	EXTERN	_sheet_setbuf
    38 00000000                                 	EXTERN	_make_window8
    39 00000000                                 	EXTERN	_sheet_slide
    40 00000000                                 	EXTERN	_sheet_updown
    41 00000000                                 [FILE "console.c"]
    42                                          [SECTION .text]
    43 00000000                                 	GLOBAL	_console_task
    44 00000000                                 _console_task:
    45 00000000 55                              	PUSH	EBP
    46 00000001 89 E5                           	MOV	EBP,ESP
    47 00000003 57                              	PUSH	EDI
    48 00000004 56                              	PUSH	ESI
    49 00000005 53                              	PUSH	EBX
    50 00000006 8D 5D D4                        	LEA	EBX,DWORD [-44+EBP]
    51 00000009 83 EC 48                        	SUB	ESP,72
    52 0000000C E8 [00000000]                   	CALL	_task_now
    53 00000011 68 00002D00                     	PUSH	11520
    54 00000016 89 C7                           	MOV	EDI,EAX
    55 00000018 68 003C0000                     	PUSH	3932160
    56 0000001D E8 [00000000]                   	CALL	_memman_alloc_4k
    57 00000022 89 9F 00000094                  	MOV	DWORD [148+EDI],EBX
    58 00000028 C7 45 D8 00000008               	MOV	DWORD [-40+EBP],8
    59 0000002F 89 45 B0                        	MOV	DWORD [-80+EBP],EAX
    60 00000032 8B 45 08                        	MOV	EAX,DWORD [8+EBP]
    61 00000035 89 45 D4                        	MOV	DWORD [-44+EBP],EAX
    62 00000038 C7 45 DC 0000001C               	MOV	DWORD [-36+EBP],28
    63 0000003F C7 45 E0 FFFFFFFF               	MOV	DWORD [-32+EBP],-1
    64 00000046 E8 [00000000]                   	CALL	_timer_alloc
    65 0000004B 8D 57 10                        	LEA	EDX,DWORD [16+EDI]
    66 0000004E 6A 01                           	PUSH	1
    67 00000050 52                              	PUSH	EDX
    68 00000051 89 45 E4                        	MOV	DWORD [-28+EBP],EAX
    69 00000054 50                              	PUSH	EAX
    70 00000055 E8 [00000000]                   	CALL	_timer_init
    71 0000005A 6A 32                           	PUSH	50
    72 0000005C FF 75 E4                        	PUSH	DWORD [-28+EBP]
    73 0000005F E8 [00000000]                   	CALL	_timer_settime
    74 00000064 68 00100200                     	PUSH	1049088
    75 00000069 FF 75 B0                        	PUSH	DWORD [-80+EBP]
    76 0000006C E8 [00000000]                   	CALL	_file_readfat
    77 00000071 83 C4 24                        	ADD	ESP,36
    78 00000074 6A 01                           	PUSH	1
    79 00000076 6A 3E                           	PUSH	62
    80 00000078 53                              	PUSH	EBX
    81 00000079 E8 000001DD                     	CALL	_cons_putchar
    82 0000007E 83 C4 0C                        	ADD	ESP,12
    83 00000081                                 L2:
    84 00000081 8D 5F 10                        	LEA	EBX,DWORD [16+EDI]
    85 00000084 E8 [00000000]                   	CALL	_io_cli
    86 00000089 53                              	PUSH	EBX
    87 0000008A E8 [00000000]                   	CALL	_fifo32_status
    88 0000008F 5E                              	POP	ESI
    89 00000090 85 C0                           	TEST	EAX,EAX
    90 00000092 0F 84 000001B2                  	JE	L24
    91 00000098 53                              	PUSH	EBX
    92 00000099 E8 [00000000]                   	CALL	_fifo32_get
    93 0000009E 89 C6                           	MOV	ESI,EAX
    94 000000A0 E8 [00000000]                   	CALL	_io_sti
    95 000000A5 59                              	POP	ECX
    96 000000A6 83 FE 01                        	CMP	ESI,1
    97 000000A9 0F 8E 0000014E                  	JLE	L25
    98 000000AF                                 L7:
    99 000000AF 83 FE 02                        	CMP	ESI,2
   100 000000B2 0F 84 00000139                  	JE	L26
   101 000000B8                                 L12:
   102 000000B8 83 FE 03                        	CMP	ESI,3
   103 000000BB 0F 84 00000102                  	JE	L27
   104 000000C1                                 L13:
   105 000000C1 8D 9E FFFFFF00                  	LEA	EBX,DWORD [-256+ESI]
   106 000000C7 89 5D AC                        	MOV	DWORD [-84+EBP],EBX
   107 000000CA 81 FB 000000FF                  	CMP	EBX,255
   108 000000D0 77 44                           	JA	L14
   109 000000D2 81 FE 00000108                  	CMP	ESI,264
   110 000000D8 0F 84 000000C5                  	JE	L28
   111 000000DE 81 FE 0000010A                  	CMP	ESI,266
   112 000000E4 74 7B                           	JE	L29
   113 000000E6 8B 4D D8                        	MOV	ECX,DWORD [-40+EBP]
   114 000000E9 81 F9 000000EF                  	CMP	ECX,239
   115 000000EF 7F 25                           	JG	L14
   116 000000F1 89 C8                           	MOV	EAX,ECX
   117 000000F3 BA 00000008                     	MOV	EDX,8
   118 000000F8 89 D3                           	MOV	EBX,EDX
   119 000000FA 6A 01                           	PUSH	1
   120 000000FC 99                              	CDQ
   121 000000FD F7 FB                           	IDIV	EBX
   122 000000FF 89 C1                           	MOV	ECX,EAX
   123 00000101 89 F0                           	MOV	EAX,ESI
   124 00000103 88 44 0D B2                     	MOV	BYTE [-78+EBP+ECX*1],AL
   125 00000107 8D 45 D4                        	LEA	EAX,DWORD [-44+EBP]
   126 0000010A FF 75 AC                        	PUSH	DWORD [-84+EBP]
   127 0000010D 50                              	PUSH	EAX
   128 0000010E                                 L22:
   129 0000010E E8 00000148                     	CALL	_cons_putchar
   130 00000113                                 L23:
   131 00000113 83 C4 0C                        	ADD	ESP,12
   132 00000116                                 L14:
   133 00000116 83 7D E0 00                     	CMP	DWORD [-32+EBP],0
   134 0000011A 78 25                           	JS	L21
   135 0000011C 8B 4D DC                        	MOV	ECX,DWORD [-36+EBP]
   136 0000011F 8B 55 D8                        	MOV	EDX,DWORD [-40+EBP]
   137 00000122 8D 41 0F                        	LEA	EAX,DWORD [15+ECX]
   138 00000125 50                              	PUSH	EAX
   139 00000126 8D 42 07                        	LEA	EAX,DWORD [7+EDX]
   140 00000129 50                              	PUSH	EAX
   141 0000012A 51                              	PUSH	ECX
   142 0000012B 8B 4D 08                        	MOV	ECX,DWORD [8+EBP]
   143 0000012E 52                              	PUSH	EDX
   144 0000012F 0F B6 45 E0                     	MOVZX	EAX,BYTE [-32+EBP]
   145 00000133 50                              	PUSH	EAX
   146 00000134 FF 71 04                        	PUSH	DWORD [4+ECX]
   147 00000137 FF 31                           	PUSH	DWORD [ECX]
   148 00000139 E8 [00000000]                   	CALL	_boxfill8
   149 0000013E 83 C4 1C                        	ADD	ESP,28
   150 00000141                                 L21:
   151 00000141 8B 4D DC                        	MOV	ECX,DWORD [-36+EBP]
   152 00000144 8B 55 D8                        	MOV	EDX,DWORD [-40+EBP]
   153 00000147 8D 41 10                        	LEA	EAX,DWORD [16+ECX]
   154 0000014A 50                              	PUSH	EAX
   155 0000014B 8D 42 08                        	LEA	EAX,DWORD [8+EDX]
   156 0000014E 50                              	PUSH	EAX
   157 0000014F 51                              	PUSH	ECX
   158 00000150 52                              	PUSH	EDX
   159 00000151 FF 75 08                        	PUSH	DWORD [8+EBP]
   160 00000154 E8 [00000000]                   	CALL	_sheet_refresh
   161 00000159 83 C4 14                        	ADD	ESP,20
   162 0000015C E9 FFFFFF20                     	JMP	L2
   163 00000161                                 L29:
   164 00000161 6A 00                           	PUSH	0
   165 00000163 8D 5D D4                        	LEA	EBX,DWORD [-44+EBP]
   166 00000166 6A 20                           	PUSH	32
   167 00000168 53                              	PUSH	EBX
   168 00000169 E8 000000ED                     	CALL	_cons_putchar
   169 0000016E 53                              	PUSH	EBX
   170 0000016F 8B 45 D8                        	MOV	EAX,DWORD [-40+EBP]
   171 00000172 BA 00000008                     	MOV	EDX,8
   172 00000177 89 D1                           	MOV	ECX,EDX
   173 00000179 99                              	CDQ
   174 0000017A F7 F9                           	IDIV	ECX
   175 0000017C C6 44 05 B2 00                  	MOV	BYTE [-78+EBP+EAX*1],0
   176 00000181 E8 00000178                     	CALL	_cons_newline
   177 00000186 8D 45 B4                        	LEA	EAX,DWORD [-76+EBP]
   178 00000189 FF 75 0C                        	PUSH	DWORD [12+EBP]
   179 0000018C FF 75 B0                        	PUSH	DWORD [-80+EBP]
   180 0000018F 53                              	PUSH	EBX
   181 00000190 50                              	PUSH	EAX
   182 00000191 E8 00000284                     	CALL	_cons_runcmd
   183 00000196 83 C4 20                        	ADD	ESP,32
   184 00000199 6A 01                           	PUSH	1
   185 0000019B 6A 3E                           	PUSH	62
   186 0000019D 53                              	PUSH	EBX
   187 0000019E E9 FFFFFF6B                     	JMP	L22
   188 000001A3                                 L28:
   189 000001A3 83 7D D8 10                     	CMP	DWORD [-40+EBP],16
   190 000001A7 0F 8E FFFFFF69                  	JLE	L14
   191 000001AD 6A 00                           	PUSH	0
   192 000001AF 8D 45 D4                        	LEA	EAX,DWORD [-44+EBP]
   193 000001B2 6A 20                           	PUSH	32
   194 000001B4 50                              	PUSH	EAX
   195 000001B5 E8 000000A1                     	CALL	_cons_putchar
   196 000001BA 83 6D D8 08                     	SUB	DWORD [-40+EBP],8
   197 000001BE E9 FFFFFF50                     	JMP	L23
   198 000001C3                                 L27:
   199 000001C3 8B 4D DC                        	MOV	ECX,DWORD [-36+EBP]
   200 000001C6 8B 55 D8                        	MOV	EDX,DWORD [-40+EBP]
   201 000001C9 8D 41 0F                        	LEA	EAX,DWORD [15+ECX]
   202 000001CC 50                              	PUSH	EAX
   203 000001CD 8D 42 07                        	LEA	EAX,DWORD [7+EDX]
   204 000001D0 50                              	PUSH	EAX
   205 000001D1 51                              	PUSH	ECX
   206 000001D2 8B 4D 08                        	MOV	ECX,DWORD [8+EBP]
   207 000001D5 52                              	PUSH	EDX
   208 000001D6 6A 00                           	PUSH	0
   209 000001D8 FF 71 04                        	PUSH	DWORD [4+ECX]
   210 000001DB FF 31                           	PUSH	DWORD [ECX]
   211 000001DD E8 [00000000]                   	CALL	_boxfill8
   212 000001E2 83 C4 1C                        	ADD	ESP,28
   213 000001E5 C7 45 E0 FFFFFFFF               	MOV	DWORD [-32+EBP],-1
   214 000001EC E9 FFFFFED0                     	JMP	L13
   215 000001F1                                 L26:
   216 000001F1 C7 45 E0 00000007               	MOV	DWORD [-32+EBP],7
   217 000001F8 E9 FFFFFEBB                     	JMP	L12
   218 000001FD                                 L25:
   219 000001FD 85 F6                           	TEST	ESI,ESI
   220 000001FF 74 2C                           	JE	L8
   221 00000201 6A 00                           	PUSH	0
   222 00000203 53                              	PUSH	EBX
   223 00000204 FF 75 E4                        	PUSH	DWORD [-28+EBP]
   224 00000207 E8 [00000000]                   	CALL	_timer_init
   225 0000020C 83 C4 0C                        	ADD	ESP,12
   226 0000020F 83 7D E0 00                     	CMP	DWORD [-32+EBP],0
   227 00000213 78 07                           	JS	L10
   228 00000215 C7 45 E0 00000007               	MOV	DWORD [-32+EBP],7
   229 0000021C                                 L10:
   230 0000021C 6A 32                           	PUSH	50
   231 0000021E FF 75 E4                        	PUSH	DWORD [-28+EBP]
   232 00000221 E8 [00000000]                   	CALL	_timer_settime
   233 00000226 58                              	POP	EAX
   234 00000227 5A                              	POP	EDX
   235 00000228 E9 FFFFFE82                     	JMP	L7
   236 0000022D                                 L8:
   237 0000022D 6A 01                           	PUSH	1
   238 0000022F 53                              	PUSH	EBX
   239 00000230 FF 75 E4                        	PUSH	DWORD [-28+EBP]
   240 00000233 E8 [00000000]                   	CALL	_timer_init
   241 00000238 83 C4 0C                        	ADD	ESP,12
   242 0000023B 83 7D E0 00                     	CMP	DWORD [-32+EBP],0
   243 0000023F 78 DB                           	JS	L10
   244 00000241 C7 45 E0 00000000               	MOV	DWORD [-32+EBP],0
   245 00000248 EB D2                           	JMP	L10
   246 0000024A                                 L24:
   247 0000024A 57                              	PUSH	EDI
   248 0000024B E8 [00000000]                   	CALL	_task_sleep
   249 00000250 E8 [00000000]                   	CALL	_io_sti
   250 00000255 5B                              	POP	EBX
   251 00000256 E9 FFFFFE26                     	JMP	L2
   252                                          [SECTION .data]
   253 00000000                                 LC0:
   254 00000000 20 00                           	DB	" ",0x00
   255                                          [SECTION .text]
   256 0000025B                                 	GLOBAL	_cons_putchar
   257 0000025B                                 _cons_putchar:
   258 0000025B 55                              	PUSH	EBP
   259 0000025C 89 E5                           	MOV	EBP,ESP
   260 0000025E 53                              	PUSH	EBX
   261 0000025F 50                              	PUSH	EAX
   262 00000260 8B 45 0C                        	MOV	EAX,DWORD [12+EBP]
   263 00000263 8A 55 10                        	MOV	DL,BYTE [16+EBP]
   264 00000266 8B 5D 08                        	MOV	EBX,DWORD [8+EBP]
   265 00000269 88 55 F9                        	MOV	BYTE [-7+EBP],DL
   266 0000026C 88 45 FA                        	MOV	BYTE [-6+EBP],AL
   267 0000026F 3C 09                           	CMP	AL,9
   268 00000271 C6 45 FB 00                     	MOV	BYTE [-5+EBP],0
   269 00000275 74 46                           	JE	L32
   270 00000277 3C 0A                           	CMP	AL,10
   271 00000279 74 39                           	JE	L44
   272 0000027B 3C 0D                           	CMP	AL,13
   273 0000027D 74 30                           	JE	L30
   274 0000027F 6A 01                           	PUSH	1
   275 00000281 8D 45 FA                        	LEA	EAX,DWORD [-6+EBP]
   276 00000284 50                              	PUSH	EAX
   277 00000285 6A 00                           	PUSH	0
   278 00000287 6A 07                           	PUSH	7
   279 00000289 FF 73 08                        	PUSH	DWORD [8+EBX]
   280 0000028C FF 73 04                        	PUSH	DWORD [4+EBX]
   281 0000028F FF 33                           	PUSH	DWORD [EBX]
   282 00000291 E8 [00000000]                   	CALL	_putfonts8_asc_sht
   283 00000296 83 C4 1C                        	ADD	ESP,28
   284 00000299 80 7D F9 00                     	CMP	BYTE [-7+EBP],0
   285 0000029D 74 10                           	JE	L30
   286 0000029F 8B 43 04                        	MOV	EAX,DWORD [4+EBX]
   287 000002A2 83 C0 08                        	ADD	EAX,8
   288 000002A5 89 43 04                        	MOV	DWORD [4+EBX],EAX
   289 000002A8 3D 000000F8                     	CMP	EAX,248
   290 000002AD 74 05                           	JE	L44
   291 000002AF                                 L30:
   292 000002AF 8B 5D FC                        	MOV	EBX,DWORD [-4+EBP]
   293 000002B2 C9                              	LEAVE
   294 000002B3 C3                              	RET
   295 000002B4                                 L44:
   296 000002B4 53                              	PUSH	EBX
   297 000002B5 E8 00000044                     	CALL	_cons_newline
   298 000002BA 58                              	POP	EAX
   299 000002BB EB F2                           	JMP	L30
   300 000002BD                                 L32:
   301 000002BD 6A 01                           	PUSH	1
   302 000002BF 68 [00000000]                   	PUSH	LC0
   303 000002C4 6A 00                           	PUSH	0
   304 000002C6 6A 07                           	PUSH	7
   305 000002C8 FF 73 08                        	PUSH	DWORD [8+EBX]
   306 000002CB FF 73 04                        	PUSH	DWORD [4+EBX]
   307 000002CE FF 33                           	PUSH	DWORD [EBX]
   308 000002D0 E8 [00000000]                   	CALL	_putfonts8_asc_sht
   309 000002D5 83 C4 1C                        	ADD	ESP,28
   310 000002D8 8B 43 04                        	MOV	EAX,DWORD [4+EBX]
   311 000002DB 83 C0 08                        	ADD	EAX,8
   312 000002DE 89 43 04                        	MOV	DWORD [4+EBX],EAX
   313 000002E1 3D 000000F8                     	CMP	EAX,248
   314 000002E6 74 0D                           	JE	L45
   315 000002E8                                 L35:
   316 000002E8 8B 43 04                        	MOV	EAX,DWORD [4+EBX]
   317 000002EB 83 E8 08                        	SUB	EAX,8
   318 000002EE 83 E0 1F                        	AND	EAX,31
   319 000002F1 75 CA                           	JNE	L32
   320 000002F3 EB BA                           	JMP	L30
   321 000002F5                                 L45:
   322 000002F5 53                              	PUSH	EBX
   323 000002F6 E8 00000003                     	CALL	_cons_newline
   324 000002FB 58                              	POP	EAX
   325 000002FC EB EA                           	JMP	L35
   326 000002FE                                 	GLOBAL	_cons_newline
   327 000002FE                                 _cons_newline:
   328 000002FE 55                              	PUSH	EBP
   329 000002FF 89 E5                           	MOV	EBP,ESP
   330 00000301 57                              	PUSH	EDI
   331 00000302 56                              	PUSH	ESI
   332 00000303 53                              	PUSH	EBX
   333 00000304 50                              	PUSH	EAX
   334 00000305 8B 45 08                        	MOV	EAX,DWORD [8+EBP]
   335 00000308 8B 55 08                        	MOV	EDX,DWORD [8+EBP]
   336 0000030B 8B 00                           	MOV	EAX,DWORD [EAX]
   337 0000030D 89 45 F0                        	MOV	DWORD [-16+EBP],EAX
   338 00000310 8B 42 08                        	MOV	EAX,DWORD [8+EDX]
   339 00000313 3D 0000008B                     	CMP	EAX,139
   340 00000318 7F 18                           	JG	L47
   341 0000031A 83 C0 10                        	ADD	EAX,16
   342 0000031D 89 42 08                        	MOV	DWORD [8+EDX],EAX
   343 00000320                                 L48:
   344 00000320 8B 45 08                        	MOV	EAX,DWORD [8+EBP]
   345 00000323 C7 40 04 00000008               	MOV	DWORD [4+EAX],8
   346 0000032A 8D 65 F4                        	LEA	ESP,DWORD [-12+EBP]
   347 0000032D 5B                              	POP	EBX
   348 0000032E 5E                              	POP	ESI
   349 0000032F 5F                              	POP	EDI
   350 00000330 5D                              	POP	EBP
   351 00000331 C3                              	RET
   352 00000332                                 L47:
   353 00000332 BF 0000001C                     	MOV	EDI,28
   354 00000337                                 L58:
   355 00000337 BE 00000008                     	MOV	ESI,8
   356 0000033C                                 L57:
   357 0000033C 8B 45 F0                        	MOV	EAX,DWORD [-16+EBP]
   358 0000033F 89 FA                           	MOV	EDX,EDI
   359 00000341 8B 48 04                        	MOV	ECX,DWORD [4+EAX]
   360 00000344 8B 18                           	MOV	EBX,DWORD [EAX]
   361 00000346 8D 47 10                        	LEA	EAX,DWORD [16+EDI]
   362 00000349 0F AF C1                        	IMUL	EAX,ECX
   363 0000034C 0F AF D1                        	IMUL	EDX,ECX
   364 0000034F 8D 04 30                        	LEA	EAX,DWORD [EAX+ESI*1]
   365 00000352 8D 14 32                        	LEA	EDX,DWORD [EDX+ESI*1]
   366 00000355 46                              	INC	ESI
   367 00000356 8A 04 18                        	MOV	AL,BYTE [EAX+EBX*1]
   368 00000359 81 FE 000000F7                  	CMP	ESI,247
   369 0000035F 88 04 1A                        	MOV	BYTE [EDX+EBX*1],AL
   370 00000362 7E D8                           	JLE	L57
   371 00000364 47                              	INC	EDI
   372 00000365 81 FF 0000008B                  	CMP	EDI,139
   373 0000036B 7E CA                           	JLE	L58
   374 0000036D BF 0000008C                     	MOV	EDI,140
   375 00000372                                 L68:
   376 00000372 BE 00000008                     	MOV	ESI,8
   377 00000377                                 L67:
   378 00000377 8B 55 F0                        	MOV	EDX,DWORD [-16+EBP]
   379 0000037A 89 F8                           	MOV	EAX,EDI
   380 0000037C 89 D1                           	MOV	ECX,EDX
   381 0000037E 0F AF 42 04                     	IMUL	EAX,DWORD [4+EDX]
   382 00000382 8B 12                           	MOV	EDX,DWORD [EDX]
   383 00000384 8D 04 30                        	LEA	EAX,DWORD [EAX+ESI*1]
   384 00000387 46                              	INC	ESI
   385 00000388 81 FE 000000F7                  	CMP	ESI,247
   386 0000038E C6 04 10 00                     	MOV	BYTE [EAX+EDX*1],0
   387 00000392 7E E3                           	JLE	L67
   388 00000394 47                              	INC	EDI
   389 00000395 81 FF 0000009B                  	CMP	EDI,155
   390 0000039B 7E D5                           	JLE	L68
   391 0000039D 68 0000009C                     	PUSH	156
   392 000003A2 68 000000F8                     	PUSH	248
   393 000003A7 6A 1C                           	PUSH	28
   394 000003A9 6A 08                           	PUSH	8
   395 000003AB 51                              	PUSH	ECX
   396 000003AC E8 [00000000]                   	CALL	_sheet_refresh
   397 000003B1 83 C4 14                        	ADD	ESP,20
   398 000003B4 E9 FFFFFF67                     	JMP	L48
   399 000003B9                                 	GLOBAL	_cons_putstr0
   400 000003B9                                 _cons_putstr0:
   401 000003B9 55                              	PUSH	EBP
   402 000003BA 89 E5                           	MOV	EBP,ESP
   403 000003BC 56                              	PUSH	ESI
   404 000003BD 53                              	PUSH	EBX
   405 000003BE 8B 5D 0C                        	MOV	EBX,DWORD [12+EBP]
   406 000003C1 8B 75 08                        	MOV	ESI,DWORD [8+EBP]
   407 000003C4 80 3B 00                        	CMP	BYTE [EBX],0
   408 000003C7 75 07                           	JNE	L82
   409 000003C9                                 L84:
   410 000003C9 8D 65 F8                        	LEA	ESP,DWORD [-8+EBP]
   411 000003CC 5B                              	POP	EBX
   412 000003CD 5E                              	POP	ESI
   413 000003CE 5D                              	POP	EBP
   414 000003CF C3                              	RET
   415 000003D0                                 L82:
   416 000003D0 6A 01                           	PUSH	1
   417 000003D2 0F BE 03                        	MOVSX	EAX,BYTE [EBX]
   418 000003D5 50                              	PUSH	EAX
   419 000003D6 43                              	INC	EBX
   420 000003D7 56                              	PUSH	ESI
   421 000003D8 E8 FFFFFE7E                     	CALL	_cons_putchar
   422 000003DD 83 C4 0C                        	ADD	ESP,12
   423 000003E0 80 3B 00                        	CMP	BYTE [EBX],0
   424 000003E3 75 EB                           	JNE	L82
   425 000003E5 EB E2                           	JMP	L84
   426 000003E7                                 	GLOBAL	_cons_putstr1
   427 000003E7                                 _cons_putstr1:
   428 000003E7 55                              	PUSH	EBP
   429 000003E8 89 E5                           	MOV	EBP,ESP
   430 000003EA 57                              	PUSH	EDI
   431 000003EB 56                              	PUSH	ESI
   432 000003EC 53                              	PUSH	EBX
   433 000003ED 8B 75 10                        	MOV	ESI,DWORD [16+EBP]
   434 000003F0 31 DB                           	XOR	EBX,EBX
   435 000003F2 8B 7D 0C                        	MOV	EDI,DWORD [12+EBP]
   436 000003F5 39 F3                           	CMP	EBX,ESI
   437 000003F7 7C 08                           	JL	L90
   438 000003F9                                 L92:
   439 000003F9 8D 65 F4                        	LEA	ESP,DWORD [-12+EBP]
   440 000003FC 5B                              	POP	EBX
   441 000003FD 5E                              	POP	ESI
   442 000003FE 5F                              	POP	EDI
   443 000003FF 5D                              	POP	EBP
   444 00000400 C3                              	RET
   445 00000401                                 L90:
   446 00000401 6A 01                           	PUSH	1
   447 00000403 0F BE 04 3B                     	MOVSX	EAX,BYTE [EBX+EDI*1]
   448 00000407 50                              	PUSH	EAX
   449 00000408 43                              	INC	EBX
   450 00000409 FF 75 08                        	PUSH	DWORD [8+EBP]
   451 0000040C E8 FFFFFE4A                     	CALL	_cons_putchar
   452 00000411 83 C4 0C                        	ADD	ESP,12
   453 00000414 39 F3                           	CMP	EBX,ESI
   454 00000416 7C E9                           	JL	L90
   455 00000418 EB DF                           	JMP	L92
   456                                          [SECTION .data]
   457 00000002                                 LC1:
   458 00000002 6D 65 6D 00                     	DB	"mem",0x00
   459 00000006                                 LC2:
   460 00000006 63 6C 73 00                     	DB	"cls",0x00
   461 0000000A                                 LC3:
   462 0000000A 64 69 72 00                     	DB	"dir",0x00
   463 0000000E                                 LC4:
   464 0000000E 74 79 70 65 20 00               	DB	"type ",0x00
   465 00000014                                 LC5:
   466 00000014 42 61 64 20 63 6F 6D 6D 61 6E   	DB	"Bad command.",0x0A,0x0A,0x00
       0000001E 64 2E 0A 0A 00 
   467                                          [SECTION .text]
   468 0000041A                                 	GLOBAL	_cons_runcmd
   469 0000041A                                 _cons_runcmd:
   470 0000041A 55                              	PUSH	EBP
   471 0000041B 89 E5                           	MOV	EBP,ESP
   472 0000041D 57                              	PUSH	EDI
   473 0000041E 56                              	PUSH	ESI
   474 0000041F BF [00000002]                   	MOV	EDI,LC1
   475 00000424 53                              	PUSH	EBX
   476 00000425 83 EC 0C                        	SUB	ESP,12
   477 00000428 8B 45 08                        	MOV	EAX,DWORD [8+EBP]
   478 0000042B 8B 4D 10                        	MOV	ECX,DWORD [16+EBP]
   479 0000042E 89 45 E8                        	MOV	DWORD [-24+EBP],EAX
   480 00000431 89 4D F0                        	MOV	DWORD [-16+EBP],ECX
   481 00000434 8B 45 14                        	MOV	EAX,DWORD [20+EBP]
   482 00000437 8B 75 E8                        	MOV	ESI,DWORD [-24+EBP]
   483 0000043A 89 45 EC                        	MOV	DWORD [-20+EBP],EAX
   484 0000043D 8B 5D 0C                        	MOV	EBX,DWORD [12+EBP]
   485 00000440 B8 00000004                     	MOV	EAX,4
   486 00000445 FC                              	CLD
   487 00000446 89 C1                           	MOV	ECX,EAX
   488 00000448 F3                              	REPE
   489 00000449 A6                              	CMPSB
   490 0000044A 0F 84 000000AD                  	JE	L104
   491 00000450 B8 00000004                     	MOV	EAX,4
   492 00000455 8B 75 E8                        	MOV	ESI,DWORD [-24+EBP]
   493 00000458 FC                              	CLD
   494 00000459 BF [00000006]                   	MOV	EDI,LC2
   495 0000045E 89 C1                           	MOV	ECX,EAX
   496 00000460 F3                              	REPE
   497 00000461 A6                              	CMPSB
   498 00000462 0F 84 00000089                  	JE	L105
   499 00000468 B8 00000004                     	MOV	EAX,4
   500 0000046D 8B 75 E8                        	MOV	ESI,DWORD [-24+EBP]
   501 00000470 FC                              	CLD
   502 00000471 BF [0000000A]                   	MOV	EDI,LC3
   503 00000476 89 C1                           	MOV	ECX,EAX
   504 00000478 F3                              	REPE
   505 00000479 A6                              	CMPSB
   506 0000047A 74 66                           	JE	L106
   507 0000047C B8 00000005                     	MOV	EAX,5
   508 00000481 8B 75 E8                        	MOV	ESI,DWORD [-24+EBP]
   509 00000484 FC                              	CLD
   510 00000485 BF [0000000E]                   	MOV	EDI,LC4
   511 0000048A 89 C1                           	MOV	ECX,EAX
   512 0000048C F3                              	REPE
   513 0000048D A6                              	CMPSB
   514 0000048E 74 37                           	JE	L107
   515 00000490 8B 45 E8                        	MOV	EAX,DWORD [-24+EBP]
   516 00000493 80 38 00                        	CMP	BYTE [EAX],0
   517 00000496 75 08                           	JNE	L108
   518 00000498                                 L93:
   519 00000498 8D 65 F4                        	LEA	ESP,DWORD [-12+EBP]
   520 0000049B 5B                              	POP	EBX
   521 0000049C 5E                              	POP	ESI
   522 0000049D 5F                              	POP	EDI
   523 0000049E 5D                              	POP	EBP
   524 0000049F C3                              	RET
   525 000004A0                                 L108:
   526 000004A0 50                              	PUSH	EAX
   527 000004A1 FF 75 F0                        	PUSH	DWORD [-16+EBP]
   528 000004A4 53                              	PUSH	EBX
   529 000004A5 E8 0000021E                     	CALL	_cmd_app
   530 000004AA 83 C4 0C                        	ADD	ESP,12
   531 000004AD 85 C0                           	TEST	EAX,EAX
   532 000004AF 75 E7                           	JNE	L93
   533 000004B1 C7 45 0C [00000014]             	MOV	DWORD [12+EBP],LC5
   534 000004B8 89 5D 08                        	MOV	DWORD [8+EBP],EBX
   535 000004BB 8D 65 F4                        	LEA	ESP,DWORD [-12+EBP]
   536 000004BE 5B                              	POP	EBX
   537 000004BF 5E                              	POP	ESI
   538 000004C0 5F                              	POP	EDI
   539 000004C1 5D                              	POP	EBP
   540 000004C2 E9 FFFFFEF2                     	JMP	_cons_putstr0
   541 000004C7                                 L107:
   542 000004C7 8B 45 E8                        	MOV	EAX,DWORD [-24+EBP]
   543 000004CA 8B 4D F0                        	MOV	ECX,DWORD [-16+EBP]
   544 000004CD 89 45 10                        	MOV	DWORD [16+EBP],EAX
   545 000004D0 89 4D 0C                        	MOV	DWORD [12+EBP],ECX
   546 000004D3 89 5D 08                        	MOV	DWORD [8+EBP],EBX
   547 000004D6 8D 65 F4                        	LEA	ESP,DWORD [-12+EBP]
   548 000004D9 5B                              	POP	EBX
   549 000004DA 5E                              	POP	ESI
   550 000004DB 5F                              	POP	EDI
   551 000004DC 5D                              	POP	EBP
   552 000004DD E9 00000156                     	JMP	_cmd_type
   553 000004E2                                 L106:
   554 000004E2 89 5D 08                        	MOV	DWORD [8+EBP],EBX
   555 000004E5 8D 65 F4                        	LEA	ESP,DWORD [-12+EBP]
   556 000004E8 5B                              	POP	EBX
   557 000004E9 5E                              	POP	ESI
   558 000004EA 5F                              	POP	EDI
   559 000004EB 5D                              	POP	EBP
   560 000004EC E9 000000B1                     	JMP	_cmd_dir
   561 000004F1                                 L105:
   562 000004F1 89 5D 08                        	MOV	DWORD [8+EBP],EBX
   563 000004F4 8D 65 F4                        	LEA	ESP,DWORD [-12+EBP]
   564 000004F7 5B                              	POP	EBX
   565 000004F8 5E                              	POP	ESI
   566 000004F9 5F                              	POP	EDI
   567 000004FA 5D                              	POP	EBP
   568 000004FB EB 4C                           	JMP	_cmd_cls
   569 000004FD                                 L104:
   570 000004FD 8B 45 EC                        	MOV	EAX,DWORD [-20+EBP]
   571 00000500 89 5D 08                        	MOV	DWORD [8+EBP],EBX
   572 00000503 89 45 0C                        	MOV	DWORD [12+EBP],EAX
   573 00000506 8D 65 F4                        	LEA	ESP,DWORD [-12+EBP]
   574 00000509 5B                              	POP	EBX
   575 0000050A 5E                              	POP	ESI
   576 0000050B 5F                              	POP	EDI
   577 0000050C 5D                              	POP	EBP
   578 0000050D EB 00                           	JMP	_cmd_mem
   579                                          [SECTION .data]
   580 00000023                                 LC6:
   581 00000023 74 6F 74 61 6C 20 20 20 25 64   	DB	"total   %dMB",0x0A,"free %dKB",0x0A,0x0A,0x00
       0000002D 4D 42 0A 66 72 65 65 20 25 64 
       00000037 4B 42 0A 0A 00 
   582                                          [SECTION .text]
   583 0000050F                                 	GLOBAL	_cmd_mem
   584 0000050F                                 _cmd_mem:
   585 0000050F 55                              	PUSH	EBP
   586 00000510 89 E5                           	MOV	EBP,ESP
   587 00000512 53                              	PUSH	EBX
   588 00000513 83 EC 40                        	SUB	ESP,64
   589 00000516 8B 5D 0C                        	MOV	EBX,DWORD [12+EBP]
   590 00000519 C1 EB 14                        	SHR	EBX,20
   591 0000051C 68 003C0000                     	PUSH	3932160
   592 00000521 E8 [00000000]                   	CALL	_memman_total
   593 00000526 C1 E8 0A                        	SHR	EAX,10
   594 00000529 89 04 24                        	MOV	DWORD [ESP],EAX
   595 0000052C 53                              	PUSH	EBX
   596 0000052D 68 [00000023]                   	PUSH	LC6
   597 00000532 8D 5D BC                        	LEA	EBX,DWORD [-68+EBP]
   598 00000535 53                              	PUSH	EBX
   599 00000536 E8 [00000000]                   	CALL	_sprintf
   600 0000053B 53                              	PUSH	EBX
   601 0000053C FF 75 08                        	PUSH	DWORD [8+EBP]
   602 0000053F E8 FFFFFE75                     	CALL	_cons_putstr0
   603 00000544 8B 5D FC                        	MOV	EBX,DWORD [-4+EBP]
   604 00000547 C9                              	LEAVE
   605 00000548 C3                              	RET
   606 00000549                                 	GLOBAL	_cmd_cls
   607 00000549                                 _cmd_cls:
   608 00000549 55                              	PUSH	EBP
   609 0000054A 89 E5                           	MOV	EBP,ESP
   610 0000054C 57                              	PUSH	EDI
   611 0000054D 56                              	PUSH	ESI
   612 0000054E BE 0000001C                     	MOV	ESI,28
   613 00000553 8B 7D 08                        	MOV	EDI,DWORD [8+EBP]
   614 00000556 53                              	PUSH	EBX
   615 00000557 8B 1F                           	MOV	EBX,DWORD [EDI]
   616 00000559                                 L120:
   617 00000559 B9 00000008                     	MOV	ECX,8
   618 0000055E                                 L119:
   619 0000055E 89 F0                           	MOV	EAX,ESI
   620 00000560 8B 13                           	MOV	EDX,DWORD [EBX]
   621 00000562 0F AF 43 04                     	IMUL	EAX,DWORD [4+EBX]
   622 00000566 8D 04 08                        	LEA	EAX,DWORD [EAX+ECX*1]
   623 00000569 41                              	INC	ECX
   624 0000056A 81 F9 000000F7                  	CMP	ECX,247
   625 00000570 C6 04 10 00                     	MOV	BYTE [EAX+EDX*1],0
   626 00000574 7E E8                           	JLE	L119
   627 00000576 46                              	INC	ESI
   628 00000577 81 FE 0000009B                  	CMP	ESI,155
   629 0000057D 7E DA                           	JLE	L120
   630 0000057F 68 0000009C                     	PUSH	156
   631 00000584 68 000000F8                     	PUSH	248
   632 00000589 6A 1C                           	PUSH	28
   633 0000058B 6A 08                           	PUSH	8
   634 0000058D 53                              	PUSH	EBX
   635 0000058E E8 [00000000]                   	CALL	_sheet_refresh
   636 00000593 C7 47 08 0000001C               	MOV	DWORD [8+EDI],28
   637 0000059A 8D 65 F4                        	LEA	ESP,DWORD [-12+EBP]
   638 0000059D 5B                              	POP	EBX
   639 0000059E 5E                              	POP	ESI
   640 0000059F 5F                              	POP	EDI
   641 000005A0 5D                              	POP	EBP
   642 000005A1 C3                              	RET
   643                                          [SECTION .data]
   644 0000003C                                 LC7:
   645 0000003C 66 69 6C 65 6E 61 6D 65 2E 65   	DB	"filename.ext   %7d",0x0A,0x00
       00000046 78 74 20 20 20 25 37 64 0A 00 
   646                                          [SECTION .text]
   647 000005A2                                 	GLOBAL	_cmd_dir
   648 000005A2                                 _cmd_dir:
   649 000005A2 55                              	PUSH	EBP
   650 000005A3 89 E5                           	MOV	EBP,ESP
   651 000005A5 57                              	PUSH	EDI
   652 000005A6 56                              	PUSH	ESI
   653 000005A7 31 F6                           	XOR	ESI,ESI
   654 000005A9 53                              	PUSH	EBX
   655 000005AA 31 DB                           	XOR	EBX,EBX
   656 000005AC 83 EC 20                        	SUB	ESP,32
   657 000005AF 8B 7D 08                        	MOV	EDI,DWORD [8+EBP]
   658 000005B2                                 L138:
   659 000005B2 8A 83 00102600                  	MOV	AL,BYTE [1058304+EBX]
   660 000005B8 84 C0                           	TEST	AL,AL
   661 000005BA 74 19                           	JE	L127
   662 000005BC 3C E5                           	CMP	AL,-27
   663 000005BE 74 09                           	JE	L128
   664 000005C0 F6 83 0010260B 18               	TEST	BYTE [1058315+EBX],24
   665 000005C7 74 1A                           	JE	L142
   666 000005C9                                 L128:
   667 000005C9 46                              	INC	ESI
   668 000005CA 83 C3 20                        	ADD	EBX,32
   669 000005CD 81 FE 000000DF                  	CMP	ESI,223
   670 000005D3 7E DD                           	JLE	L138
   671 000005D5                                 L127:
   672 000005D5 57                              	PUSH	EDI
   673 000005D6 E8 FFFFFD23                     	CALL	_cons_newline
   674 000005DB 8D 65 F4                        	LEA	ESP,DWORD [-12+EBP]
   675 000005DE 5B                              	POP	EBX
   676 000005DF 5E                              	POP	ESI
   677 000005E0 5F                              	POP	EDI
   678 000005E1 5D                              	POP	EBP
   679 000005E2 C3                              	RET
   680 000005E3                                 L142:
   681 000005E3 FF B3 0010261C                  	PUSH	DWORD [1058332+EBX]
   682 000005E9 68 [0000003C]                   	PUSH	LC7
   683 000005EE 8D 45 D4                        	LEA	EAX,DWORD [-44+EBP]
   684 000005F1 50                              	PUSH	EAX
   685 000005F2 E8 [00000000]                   	CALL	_sprintf
   686 000005F7 8D 93 00102600                  	LEA	EDX,DWORD [1058304+EBX]
   687 000005FD 31 C9                           	XOR	ECX,ECX
   688 000005FF 83 C4 0C                        	ADD	ESP,12
   689 00000602                                 L137:
   690 00000602 8A 02                           	MOV	AL,BYTE [EDX]
   691 00000604 42                              	INC	EDX
   692 00000605 88 44 0D D4                     	MOV	BYTE [-44+EBP+ECX*1],AL
   693 00000609 41                              	INC	ECX
   694 0000060A 83 F9 07                        	CMP	ECX,7
   695 0000060D 7E F3                           	JLE	L137
   696 0000060F 8A 83 00102608                  	MOV	AL,BYTE [1058312+EBX]
   697 00000615 88 45 DD                        	MOV	BYTE [-35+EBP],AL
   698 00000618 8A 83 00102609                  	MOV	AL,BYTE [1058313+EBX]
   699 0000061E 88 45 DE                        	MOV	BYTE [-34+EBP],AL
   700 00000621 8A 83 0010260A                  	MOV	AL,BYTE [1058314+EBX]
   701 00000627 88 45 DF                        	MOV	BYTE [-33+EBP],AL
   702 0000062A 8D 45 D4                        	LEA	EAX,DWORD [-44+EBP]
   703 0000062D 50                              	PUSH	EAX
   704 0000062E 57                              	PUSH	EDI
   705 0000062F E8 FFFFFD85                     	CALL	_cons_putstr0
   706 00000634 58                              	POP	EAX
   707 00000635 5A                              	POP	EDX
   708 00000636 EB 91                           	JMP	L128
   709                                          [SECTION .data]
   710 00000050                                 LC8:
   711 00000050 46 69 6C 65 20 6E 6F 74 20 66   	DB	"File not found.",0x0A,0x00
       0000005A 6F 75 6E 64 2E 0A 00 
   712                                          [SECTION .text]
   713 00000638                                 	GLOBAL	_cmd_type
   714 00000638                                 _cmd_type:
   715 00000638 55                              	PUSH	EBP
   716 00000639 89 E5                           	MOV	EBP,ESP
   717 0000063B 57                              	PUSH	EDI
   718 0000063C 56                              	PUSH	ESI
   719 0000063D 53                              	PUSH	EBX
   720 0000063E 56                              	PUSH	ESI
   721 0000063F 8B 45 0C                        	MOV	EAX,DWORD [12+EBP]
   722 00000642 8B 7D 08                        	MOV	EDI,DWORD [8+EBP]
   723 00000645 89 45 F0                        	MOV	DWORD [-16+EBP],EAX
   724 00000648 68 000000E0                     	PUSH	224
   725 0000064D 68 00102600                     	PUSH	1058304
   726 00000652 8B 45 10                        	MOV	EAX,DWORD [16+EBP]
   727 00000655 83 C0 05                        	ADD	EAX,5
   728 00000658 50                              	PUSH	EAX
   729 00000659 E8 [00000000]                   	CALL	_file_search
   730 0000065E 83 C4 0C                        	ADD	ESP,12
   731 00000661 89 C6                           	MOV	ESI,EAX
   732 00000663 85 C0                           	TEST	EAX,EAX
   733 00000665 74 52                           	JE	L144
   734 00000667 FF 70 1C                        	PUSH	DWORD [28+EAX]
   735 0000066A 68 003C0000                     	PUSH	3932160
   736 0000066F E8 [00000000]                   	CALL	_memman_alloc_4k
   737 00000674 68 00103E00                     	PUSH	1064448
   738 00000679 FF 75 F0                        	PUSH	DWORD [-16+EBP]
   739 0000067C 50                              	PUSH	EAX
   740 0000067D 89 C3                           	MOV	EBX,EAX
   741 0000067F FF 76 1C                        	PUSH	DWORD [28+ESI]
   742 00000682 0F B7 46 1A                     	MOVZX	EAX,WORD [26+ESI]
   743 00000686 50                              	PUSH	EAX
   744 00000687 E8 [00000000]                   	CALL	_file_loadfile
   745 0000068C FF 76 1C                        	PUSH	DWORD [28+ESI]
   746 0000068F 53                              	PUSH	EBX
   747 00000690 57                              	PUSH	EDI
   748 00000691 E8 FFFFFD51                     	CALL	_cons_putstr1
   749 00000696 83 C4 28                        	ADD	ESP,40
   750 00000699 FF 76 1C                        	PUSH	DWORD [28+ESI]
   751 0000069C 53                              	PUSH	EBX
   752 0000069D 68 003C0000                     	PUSH	3932160
   753 000006A2 E8 [00000000]                   	CALL	_memman_free_4k
   754 000006A7 83 C4 0C                        	ADD	ESP,12
   755 000006AA                                 L145:
   756 000006AA 89 7D 08                        	MOV	DWORD [8+EBP],EDI
   757 000006AD 8D 65 F4                        	LEA	ESP,DWORD [-12+EBP]
   758 000006B0 5B                              	POP	EBX
   759 000006B1 5E                              	POP	ESI
   760 000006B2 5F                              	POP	EDI
   761 000006B3 5D                              	POP	EBP
   762 000006B4 E9 FFFFFC45                     	JMP	_cons_newline
   763 000006B9                                 L144:
   764 000006B9 68 [00000050]                   	PUSH	LC8
   765 000006BE 57                              	PUSH	EDI
   766 000006BF E8 FFFFFCF5                     	CALL	_cons_putstr0
   767 000006C4 59                              	POP	ECX
   768 000006C5 5B                              	POP	EBX
   769 000006C6 EB E2                           	JMP	L145
   770                                          [SECTION .data]
   771 00000061                                 LC9:
   772 00000061 48 61 72 69 00                  	DB	"Hari",0x00
   773 00000066                                 LC10:
   774 00000066 2E 68 72 62 20 66 69 6C 65 20   	DB	".hrb file format error.",0x0A,0x00
       00000070 66 6F 72 6D 61 74 20 65 72 72 
       0000007A 6F 72 2E 0A 00 
   775                                          [SECTION .text]
   776 000006C8                                 	GLOBAL	_cmd_app
   777 000006C8                                 _cmd_app:
   778 000006C8 55                              	PUSH	EBP
   779 000006C9 89 E5                           	MOV	EBP,ESP
   780 000006CB 57                              	PUSH	EDI
   781 000006CC 56                              	PUSH	ESI
   782 000006CD 53                              	PUSH	EBX
   783 000006CE 31 DB                           	XOR	EBX,EBX
   784 000006D0 83 EC 3C                        	SUB	ESP,60
   785 000006D3 8B 75 10                        	MOV	ESI,DWORD [16+EBP]
   786 000006D6 E8 [00000000]                   	CALL	_task_now
   787 000006DB 89 45 C8                        	MOV	DWORD [-56+EBP],EAX
   788 000006DE                                 L152:
   789 000006DE 8A 04 33                        	MOV	AL,BYTE [EBX+ESI*1]
   790 000006E1 3C 20                           	CMP	AL,32
   791 000006E3 7E 0A                           	JLE	L148
   792 000006E5 88 44 1D D4                     	MOV	BYTE [-44+EBP+EBX*1],AL
   793 000006E9 43                              	INC	EBX
   794 000006EA 83 FB 0C                        	CMP	EBX,12
   795 000006ED 7E EF                           	JLE	L152
   796 000006EF                                 L148:
   797 000006EF 68 000000E0                     	PUSH	224
   798 000006F4 8D 75 D4                        	LEA	ESI,DWORD [-44+EBP]
   799 000006F7 68 00102600                     	PUSH	1058304
   800 000006FC 56                              	PUSH	ESI
   801 000006FD C6 44 1D D4 00                  	MOV	BYTE [-44+EBP+EBX*1],0
   802 00000702 E8 [00000000]                   	CALL	_file_search
   803 00000707 83 C4 0C                        	ADD	ESP,12
   804 0000070A 85 C0                           	TEST	EAX,EAX
   805 0000070C 89 45 D0                        	MOV	DWORD [-48+EBP],EAX
   806 0000070F 0F 84 0000019E                  	JE	L174
   807 00000715                                 L173:
   808 00000715 8B 45 D0                        	MOV	EAX,DWORD [-48+EBP]
   809 00000718 FF 70 1C                        	PUSH	DWORD [28+EAX]
   810 0000071B 68 003C0000                     	PUSH	3932160
   811 00000720 E8 [00000000]                   	CALL	_memman_alloc_4k
   812 00000725 8B 55 D0                        	MOV	EDX,DWORD [-48+EBP]
   813 00000728 68 00103E00                     	PUSH	1064448
   814 0000072D FF 75 0C                        	PUSH	DWORD [12+EBP]
   815 00000730 50                              	PUSH	EAX
   816 00000731 89 45 B8                        	MOV	DWORD [-72+EBP],EAX
   817 00000734 FF 72 1C                        	PUSH	DWORD [28+EDX]
   818 00000737 0F B7 42 1A                     	MOVZX	EAX,WORD [26+EDX]
   819 0000073B 50                              	PUSH	EAX
   820 0000073C E8 [00000000]                   	CALL	_file_loadfile
   821 00000741 8B 7D D0                        	MOV	EDI,DWORD [-48+EBP]
   822 00000744 83 C4 1C                        	ADD	ESP,28
   823 00000747 83 7F 1C 23                     	CMP	DWORD [28+EDI],35
   824 0000074B 76 1F                           	JBE	L155
   825 0000074D 8B 75 B8                        	MOV	ESI,DWORD [-72+EBP]
   826 00000750 B8 [00000061]                   	MOV	EAX,LC9
   827 00000755 FC                              	CLD
   828 00000756 83 C6 04                        	ADD	ESI,4
   829 00000759 B9 00000004                     	MOV	ECX,4
   830 0000075E 89 C7                           	MOV	EDI,EAX
   831 00000760 F3                              	REPE
   832 00000761 A6                              	CMPSB
   833 00000762 75 08                           	JNE	L155
   834 00000764 8B 45 B8                        	MOV	EAX,DWORD [-72+EBP]
   835 00000767 80 38 00                        	CMP	BYTE [EAX],0
   836 0000076A 74 37                           	JE	L175
   837 0000076C                                 L155:
   838 0000076C 68 [00000066]                   	PUSH	LC10
   839 00000771 FF 75 08                        	PUSH	DWORD [8+EBP]
   840 00000774 E8 FFFFFC40                     	CALL	_cons_putstr0
   841 00000779 5F                              	POP	EDI
   842 0000077A 58                              	POP	EAX
   843 0000077B                                 L167:
   844 0000077B 8B 55 D0                        	MOV	EDX,DWORD [-48+EBP]
   845 0000077E FF 72 1C                        	PUSH	DWORD [28+EDX]
   846 00000781 FF 75 B8                        	PUSH	DWORD [-72+EBP]
   847 00000784 68 003C0000                     	PUSH	3932160
   848 00000789 E8 [00000000]                   	CALL	_memman_free_4k
   849 0000078E FF 75 08                        	PUSH	DWORD [8+EBP]
   850 00000791 E8 FFFFFB68                     	CALL	_cons_newline
   851 00000796 B8 00000001                     	MOV	EAX,1
   852 0000079B                                 L146:
   853 0000079B 8D 65 F4                        	LEA	ESP,DWORD [-12+EBP]
   854 0000079E 5B                              	POP	EBX
   855 0000079F 5E                              	POP	ESI
   856 000007A0 5F                              	POP	EDI
   857 000007A1 5D                              	POP	EBP
   858 000007A2 C3                              	RET
   859 000007A3                                 L175:
   860 000007A3 8B 10                           	MOV	EDX,DWORD [EAX]
   861 000007A5 8B 78 0C                        	MOV	EDI,DWORD [12+EAX]
   862 000007A8 8B 70 10                        	MOV	ESI,DWORD [16+EAX]
   863 000007AB 89 55 C4                        	MOV	DWORD [-60+EBP],EDX
   864 000007AE 8B 40 14                        	MOV	EAX,DWORD [20+EAX]
   865 000007B1 89 7D C0                        	MOV	DWORD [-64+EBP],EDI
   866 000007B4 52                              	PUSH	EDX
   867 000007B5 89 45 BC                        	MOV	DWORD [-68+EBP],EAX
   868 000007B8 68 003C0000                     	PUSH	3932160
   869 000007BD BB 00000008                     	MOV	EBX,8
   870 000007C2 E8 [00000000]                   	CALL	_memman_alloc_4k
   871 000007C7 8B 7D D0                        	MOV	EDI,DWORD [-48+EBP]
   872 000007CA 8B 55 C8                        	MOV	EDX,DWORD [-56+EBP]
   873 000007CD 89 45 CC                        	MOV	DWORD [-52+EBP],EAX
   874 000007D0 89 82 00000098                  	MOV	DWORD [152+EDX],EAX
   875 000007D6 68 000040FA                     	PUSH	16634
   876 000007DB FF 75 B8                        	PUSH	DWORD [-72+EBP]
   877 000007DE 8B 47 1C                        	MOV	EAX,DWORD [28+EDI]
   878 000007E1 48                              	DEC	EAX
   879 000007E2 50                              	PUSH	EAX
   880 000007E3 8B 02                           	MOV	EAX,DWORD [EDX]
   881 000007E5 99                              	CDQ
   882 000007E6 F7 FB                           	IDIV	EBX
   883 000007E8 8D 04 C5 00271F40               	LEA	EAX,DWORD [2563904+EAX*8]
   884 000007EF 50                              	PUSH	EAX
   885 000007F0 E8 [00000000]                   	CALL	_set_segmdesc
   886 000007F5 8B 55 C8                        	MOV	EDX,DWORD [-56+EBP]
   887 000007F8 68 000040F2                     	PUSH	16626
   888 000007FD 8B 45 C4                        	MOV	EAX,DWORD [-60+EBP]
   889 00000800 FF 75 CC                        	PUSH	DWORD [-52+EBP]
   890 00000803 48                              	DEC	EAX
   891 00000804 50                              	PUSH	EAX
   892 00000805 8B 02                           	MOV	EAX,DWORD [EDX]
   893 00000807 99                              	CDQ
   894 00000808 F7 FB                           	IDIV	EBX
   895 0000080A 8D 04 C5 00273E80               	LEA	EAX,DWORD [2571904+EAX*8]
   896 00000811 50                              	PUSH	EAX
   897 00000812 E8 [00000000]                   	CALL	_set_segmdesc
   898 00000817 83 C4 28                        	ADD	ESP,40
   899 0000081A 85 F6                           	TEST	ESI,ESI
   900 0000081C 7E 17                           	JLE	L170
   901 0000081E 8B 4D C0                        	MOV	ECX,DWORD [-64+EBP]
   902 00000821 8B 55 BC                        	MOV	EDX,DWORD [-68+EBP]
   903 00000824 03 4D CC                        	ADD	ECX,DWORD [-52+EBP]
   904 00000827 03 55 B8                        	ADD	EDX,DWORD [-72+EBP]
   905 0000082A 89 F3                           	MOV	EBX,ESI
   906 0000082C                                 L160:
   907 0000082C 8A 02                           	MOV	AL,BYTE [EDX]
   908 0000082E 42                              	INC	EDX
   909 0000082F 88 01                           	MOV	BYTE [ECX],AL
   910 00000831 41                              	INC	ECX
   911 00000832 4B                              	DEC	EBX
   912 00000833 75 F7                           	JNE	L160
   913 00000835                                 L170:
   914 00000835 8B 45 C8                        	MOV	EAX,DWORD [-56+EBP]
   915 00000838 8B 7D C8                        	MOV	EDI,DWORD [-56+EBP]
   916 0000083B 83 C0 30                        	ADD	EAX,48
   917 0000083E BB 000000FF                     	MOV	EBX,255
   918 00000843 50                              	PUSH	EAX
   919 00000844 8B 07                           	MOV	EAX,DWORD [EDI]
   920 00000846 05 00003E80                     	ADD	EAX,16000
   921 0000084B 50                              	PUSH	EAX
   922 0000084C FF 75 C0                        	PUSH	DWORD [-64+EBP]
   923 0000084F 8B 07                           	MOV	EAX,DWORD [EDI]
   924 00000851 05 00001F40                     	ADD	EAX,8000
   925 00000856 50                              	PUSH	EAX
   926 00000857 6A 1B                           	PUSH	27
   927 00000859 E8 [00000000]                   	CALL	_start_app
   928 0000085E 8B 35 00000FE4                  	MOV	ESI,DWORD [4068]
   929 00000864 83 C4 14                        	ADD	ESP,20
   930 00000867 81 C6 00000414                  	ADD	ESI,1044
   931 0000086D                                 L166:
   932 0000086D 8B 46 1C                        	MOV	EAX,DWORD [28+ESI]
   933 00000870 83 E0 11                        	AND	EAX,17
   934 00000873 83 F8 11                        	CMP	EAX,17
   935 00000876 74 2A                           	JE	L176
   936 00000878                                 L163:
   937 00000878 83 C6 28                        	ADD	ESI,40
   938 0000087B 4B                              	DEC	EBX
   939 0000087C 79 EF                           	JNS	L166
   940 0000087E 8B 45 C8                        	MOV	EAX,DWORD [-56+EBP]
   941 00000881 83 C0 10                        	ADD	EAX,16
   942 00000884 50                              	PUSH	EAX
   943 00000885 E8 [00000000]                   	CALL	_timer_cancelall
   944 0000088A FF 75 C4                        	PUSH	DWORD [-60+EBP]
   945 0000088D FF 75 CC                        	PUSH	DWORD [-52+EBP]
   946 00000890 68 003C0000                     	PUSH	3932160
   947 00000895 E8 [00000000]                   	CALL	_memman_free_4k
   948 0000089A 83 C4 10                        	ADD	ESP,16
   949 0000089D E9 FFFFFED9                     	JMP	L167
   950 000008A2                                 L176:
   951 000008A2 8B 45 C8                        	MOV	EAX,DWORD [-56+EBP]
   952 000008A5 39 46 24                        	CMP	DWORD [36+ESI],EAX
   953 000008A8 75 CE                           	JNE	L163
   954 000008AA 56                              	PUSH	ESI
   955 000008AB E8 [00000000]                   	CALL	_sheet_free
   956 000008B0 58                              	POP	EAX
   957 000008B1 EB C5                           	JMP	L163
   958 000008B3                                 L174:
   959 000008B3 80 7C 1D D3 2E                  	CMP	BYTE [-45+EBP+EBX*1],46
   960 000008B8 74 2F                           	JE	L153
   961 000008BA 68 000000E0                     	PUSH	224
   962 000008BF 68 00102600                     	PUSH	1058304
   963 000008C4 56                              	PUSH	ESI
   964 000008C5 C6 44 1D D4 2E                  	MOV	BYTE [-44+EBP+EBX*1],46
   965 000008CA C6 44 1D D5 48                  	MOV	BYTE [-43+EBP+EBX*1],72
   966 000008CF C6 44 1D D6 52                  	MOV	BYTE [-42+EBP+EBX*1],82
   967 000008D4 C6 44 1D D7 42                  	MOV	BYTE [-41+EBP+EBX*1],66
   968 000008D9 C6 44 1D D8 00                  	MOV	BYTE [-40+EBP+EBX*1],0
   969 000008DE E8 [00000000]                   	CALL	_file_search
   970 000008E3 83 C4 0C                        	ADD	ESP,12
   971 000008E6 89 45 D0                        	MOV	DWORD [-48+EBP],EAX
   972 000008E9                                 L153:
   973 000008E9 83 7D D0 00                     	CMP	DWORD [-48+EBP],0
   974 000008ED 0F 85 FFFFFE22                  	JNE	L173
   975 000008F3 31 C0                           	XOR	EAX,EAX
   976 000008F5 E9 FFFFFEA1                     	JMP	L146
   977 000008FA                                 	GLOBAL	_hrb_api
   978 000008FA                                 _hrb_api:
   979 000008FA 55                              	PUSH	EBP
   980 000008FB 89 E5                           	MOV	EBP,ESP
   981 000008FD 57                              	PUSH	EDI
   982 000008FE 56                              	PUSH	ESI
   983 000008FF 53                              	PUSH	EBX
   984 00000900 83 EC 10                        	SUB	ESP,16
   985 00000903 8B 5D 1C                        	MOV	EBX,DWORD [28+EBP]
   986 00000906 E8 [00000000]                   	CALL	_task_now
   987 0000090B 8B 15 00000FE4                  	MOV	EDX,DWORD [4068]
   988 00000911 83 FB 01                        	CMP	EBX,1
   989 00000914 89 45 F0                        	MOV	DWORD [-16+EBP],EAX
   990 00000917 8B B8 00000098                  	MOV	EDI,DWORD [152+EAX]
   991 0000091D 8B 80 00000094                  	MOV	EAX,DWORD [148+EAX]
   992 00000923 89 55 E8                        	MOV	DWORD [-24+EBP],EDX
   993 00000926 89 45 EC                        	MOV	DWORD [-20+EBP],EAX
   994 00000929 0F 84 0000042A                  	JE	L241
   995 0000092F 83 FB 02                        	CMP	EBX,2
   996 00000932 0F 84 0000040E                  	JE	L242
   997 00000938 83 FB 03                        	CMP	EBX,3
   998 0000093B 0F 84 000003EF                  	JE	L243
   999 00000941 83 FB 04                        	CMP	EBX,4
  1000 00000944 0F 84 000003DB                  	JE	L244
  1001 0000094A 83 FB 05                        	CMP	EBX,5
  1002 0000094D 0F 84 00000356                  	JE	L245
  1003 00000953 83 FB 06                        	CMP	EBX,6
  1004 00000956 0F 84 00000302                  	JE	L246
  1005 0000095C 83 FB 07                        	CMP	EBX,7
  1006 0000095F 0F 84 000002D0                  	JE	L247
  1007 00000965 83 FB 08                        	CMP	EBX,8
  1008 00000968 0F 84 000002A4                  	JE	L248
  1009 0000096E 83 FB 09                        	CMP	EBX,9
  1010 00000971 0F 84 0000027E                  	JE	L249
  1011 00000977 83 FB 0A                        	CMP	EBX,10
  1012 0000097A 0F 84 00000258                  	JE	L250
  1013 00000980 83 FB 0B                        	CMP	EBX,11
  1014 00000983 0F 84 00000218                  	JE	L251
  1015 00000989 83 FB 0C                        	CMP	EBX,12
  1016 0000098C 0F 84 000001FE                  	JE	L252
  1017 00000992 83 FB 0D                        	CMP	EBX,13
  1018 00000995 0F 84 000001AC                  	JE	L253
  1019 0000099B 83 FB 0E                        	CMP	EBX,14
  1020 0000099E 0F 84 00000196                  	JE	L254
  1021 000009A4 83 FB 0F                        	CMP	EBX,15
  1022 000009A7 0F 84 000000E9                  	JE	L211
  1023 000009AD 83 FB 10                        	CMP	EBX,16
  1024 000009B0 0F 84 000000CF                  	JE	L255
  1025 000009B6 83 FB 11                        	CMP	EBX,17
  1026 000009B9 0F 84 000000A9                  	JE	L256
  1027 000009BF 83 FB 12                        	CMP	EBX,18
  1028 000009C2 0F 84 0000008E                  	JE	L257
  1029 000009C8 83 FB 13                        	CMP	EBX,19
  1030 000009CB 74 7B                           	JE	L258
  1031 000009CD 83 FB 14                        	CMP	EBX,20
  1032 000009D0 74 0A                           	JE	L259
  1033 000009D2                                 L179:
  1034 000009D2 31 C0                           	XOR	EAX,EAX
  1035 000009D4                                 L177:
  1036 000009D4 8D 65 F4                        	LEA	ESP,DWORD [-12+EBP]
  1037 000009D7 5B                              	POP	EBX
  1038 000009D8 5E                              	POP	ESI
  1039 000009D9 5F                              	POP	EDI
  1040 000009DA 5D                              	POP	EBP
  1041 000009DB C3                              	RET
  1042 000009DC                                 L259:
  1043 000009DC 8B 55 24                        	MOV	EDX,DWORD [36+EBP]
  1044 000009DF 85 D2                           	TEST	EDX,EDX
  1045 000009E1 75 19                           	JNE	L231
  1046 000009E3 6A 61                           	PUSH	97
  1047 000009E5 E8 [00000000]                   	CALL	_io_in8
  1048 000009EA 89 C3                           	MOV	EBX,EAX
  1049 000009EC 83 E3 0D                        	AND	EBX,13
  1050 000009EF 53                              	PUSH	EBX
  1051 000009F0 6A 61                           	PUSH	97
  1052 000009F2 E8 [00000000]                   	CALL	_io_out8
  1053 000009F7                                 L233:
  1054 000009F7 83 C4 0C                        	ADD	ESP,12
  1055 000009FA EB D6                           	JMP	L179
  1056 000009FC                                 L231:
  1057 000009FC B9 471E7B60                     	MOV	ECX,1193180000
  1058 00000A01 89 D6                           	MOV	ESI,EDX
  1059 00000A03 89 C8                           	MOV	EAX,ECX
  1060 00000A05 68 000000B6                     	PUSH	182
  1061 00000A0A 99                              	CDQ
  1062 00000A0B F7 FE                           	IDIV	ESI
  1063 00000A0D 6A 43                           	PUSH	67
  1064 00000A0F 89 C3                           	MOV	EBX,EAX
  1065 00000A11 E8 [00000000]                   	CALL	_io_out8
  1066 00000A16 0F B6 C3                        	MOVZX	EAX,BL
  1067 00000A19 C1 FB 08                        	SAR	EBX,8
  1068 00000A1C 50                              	PUSH	EAX
  1069 00000A1D 6A 42                           	PUSH	66
  1070 00000A1F E8 [00000000]                   	CALL	_io_out8
  1071 00000A24 53                              	PUSH	EBX
  1072 00000A25 6A 42                           	PUSH	66
  1073 00000A27 E8 [00000000]                   	CALL	_io_out8
  1074 00000A2C 6A 61                           	PUSH	97
  1075 00000A2E E8 [00000000]                   	CALL	_io_in8
  1076 00000A33 89 C3                           	MOV	EBX,EAX
  1077 00000A35 83 CB 03                        	OR	EBX,3
  1078 00000A38 83 E3 0F                        	AND	EBX,15
  1079 00000A3B 53                              	PUSH	EBX
  1080 00000A3C 6A 61                           	PUSH	97
  1081 00000A3E E8 [00000000]                   	CALL	_io_out8
  1082 00000A43 83 C4 24                        	ADD	ESP,36
  1083 00000A46 EB 8A                           	JMP	L179
  1084 00000A48                                 L258:
  1085 00000A48 FF 75 18                        	PUSH	DWORD [24+EBP]
  1086 00000A4B E8 [00000000]                   	CALL	_timer_free
  1087 00000A50                                 L234:
  1088 00000A50 58                              	POP	EAX
  1089 00000A51 E9 FFFFFF7C                     	JMP	L179
  1090 00000A56                                 L257:
  1091 00000A56 FF 75 24                        	PUSH	DWORD [36+EBP]
  1092 00000A59 FF 75 18                        	PUSH	DWORD [24+EBP]
  1093 00000A5C E8 [00000000]                   	CALL	_timer_settime
  1094 00000A61                                 L236:
  1095 00000A61 58                              	POP	EAX
  1096 00000A62 5A                              	POP	EDX
  1097 00000A63 E9 FFFFFF6A                     	JMP	L179
  1098 00000A68                                 L256:
  1099 00000A68 8B 45 24                        	MOV	EAX,DWORD [36+EBP]
  1100 00000A6B 05 00000100                     	ADD	EAX,256
  1101 00000A70 50                              	PUSH	EAX
  1102 00000A71 8B 45 F0                        	MOV	EAX,DWORD [-16+EBP]
  1103 00000A74 83 C0 10                        	ADD	EAX,16
  1104 00000A77 50                              	PUSH	EAX
  1105 00000A78 FF 75 18                        	PUSH	DWORD [24+EBP]
  1106 00000A7B E8 [00000000]                   	CALL	_timer_init
  1107 00000A80 E9 FFFFFF72                     	JMP	L233
  1108 00000A85                                 L255:
  1109 00000A85 E8 [00000000]                   	CALL	_timer_alloc
  1110 00000A8A 89 45 44                        	MOV	DWORD [68+EBP],EAX
  1111 00000A8D C6 40 09 01                     	MOV	BYTE [9+EAX],1
  1112 00000A91 E9 FFFFFF3C                     	JMP	L179
  1113 00000A96                                 L211:
  1114 00000A96 E8 [00000000]                   	CALL	_io_cli
  1115 00000A9B 8B 45 F0                        	MOV	EAX,DWORD [-16+EBP]
  1116 00000A9E 83 C0 10                        	ADD	EAX,16
  1117 00000AA1 50                              	PUSH	EAX
  1118 00000AA2 E8 [00000000]                   	CALL	_fifo32_status
  1119 00000AA7 5E                              	POP	ESI
  1120 00000AA8 85 C0                           	TEST	EAX,EAX
  1121 00000AAA 75 0F                           	JNE	L214
  1122 00000AAC 83 7D 24 00                     	CMP	DWORD [36+EBP],0
  1123 00000AB0 74 77                           	JE	L215
  1124 00000AB2 FF 75 F0                        	PUSH	DWORD [-16+EBP]
  1125 00000AB5 E8 [00000000]                   	CALL	_task_sleep
  1126 00000ABA 5B                              	POP	EBX
  1127 00000ABB                                 L214:
  1128 00000ABB 8B 75 F0                        	MOV	ESI,DWORD [-16+EBP]
  1129 00000ABE 83 C6 10                        	ADD	ESI,16
  1130 00000AC1 56                              	PUSH	ESI
  1131 00000AC2 E8 [00000000]                   	CALL	_fifo32_get
  1132 00000AC7 89 C3                           	MOV	EBX,EAX
  1133 00000AC9 E8 [00000000]                   	CALL	_io_sti
  1134 00000ACE 59                              	POP	ECX
  1135 00000ACF 83 FB 01                        	CMP	EBX,1
  1136 00000AD2 7E 38                           	JLE	L260
  1137 00000AD4                                 L217:
  1138 00000AD4 83 FB 02                        	CMP	EBX,2
  1139 00000AD7 74 27                           	JE	L261
  1140 00000AD9                                 L218:
  1141 00000AD9 83 FB 03                        	CMP	EBX,3
  1142 00000ADC 74 16                           	JE	L262
  1143 00000ADE                                 L219:
  1144 00000ADE 81 FB 000000FF                  	CMP	EBX,255
  1145 00000AE4 7E B0                           	JLE	L211
  1146 00000AE6 8D 83 FFFFFF00                  	LEA	EAX,DWORD [-256+EBX]
  1147 00000AEC 89 45 44                        	MOV	DWORD [68+EBP],EAX
  1148 00000AEF E9 FFFFFEDE                     	JMP	L179
  1149 00000AF4                                 L262:
  1150 00000AF4 8B 55 EC                        	MOV	EDX,DWORD [-20+EBP]
  1151 00000AF7 C7 42 0C FFFFFFFF               	MOV	DWORD [12+EDX],-1
  1152 00000AFE EB DE                           	JMP	L219
  1153 00000B00                                 L261:
  1154 00000B00 8B 45 EC                        	MOV	EAX,DWORD [-20+EBP]
  1155 00000B03 C7 40 0C 00000007               	MOV	DWORD [12+EAX],7
  1156 00000B0A EB CD                           	JMP	L218
  1157 00000B0C                                 L260:
  1158 00000B0C 6A 01                           	PUSH	1
  1159 00000B0E 56                              	PUSH	ESI
  1160 00000B0F 8B 75 EC                        	MOV	ESI,DWORD [-20+EBP]
  1161 00000B12 FF 76 10                        	PUSH	DWORD [16+ESI]
  1162 00000B15 E8 [00000000]                   	CALL	_timer_init
  1163 00000B1A 6A 32                           	PUSH	50
  1164 00000B1C FF 76 10                        	PUSH	DWORD [16+ESI]
  1165 00000B1F E8 [00000000]                   	CALL	_timer_settime
  1166 00000B24 83 C4 14                        	ADD	ESP,20
  1167 00000B27 EB AB                           	JMP	L217
  1168 00000B29                                 L215:
  1169 00000B29 E8 [00000000]                   	CALL	_io_sti
  1170 00000B2E C7 45 44 FFFFFFFF               	MOV	DWORD [68+EBP],-1
  1171 00000B35 E9 FFFFFE98                     	JMP	L179
  1172 00000B3A                                 L254:
  1173 00000B3A FF 75 18                        	PUSH	DWORD [24+EBP]
  1174 00000B3D E8 [00000000]                   	CALL	_sheet_free
  1175 00000B42 E9 FFFFFF09                     	JMP	L234
  1176 00000B47                                 L253:
  1177 00000B47 FF 75 10                        	PUSH	DWORD [16+EBP]
  1178 00000B4A FF 75 08                        	PUSH	DWORD [8+EBP]
  1179 00000B4D FF 75 0C                        	PUSH	DWORD [12+EBP]
  1180 00000B50 FF 75 20                        	PUSH	DWORD [32+EBP]
  1181 00000B53 8B 75 18                        	MOV	ESI,DWORD [24+EBP]
  1182 00000B56 FF 75 24                        	PUSH	DWORD [36+EBP]
  1183 00000B59 83 E6 FE                        	AND	ESI,-2
  1184 00000B5C 56                              	PUSH	ESI
  1185 00000B5D E8 0000029D                     	CALL	_hrb_api_linewin
  1186 00000B62 83 C4 18                        	ADD	ESP,24
  1187 00000B65                                 L240:
  1188 00000B65 F7 45 18 00000001               	TEST	DWORD [24+EBP],1
  1189 00000B6C 0F 85 FFFFFE60                  	JNE	L179
  1190 00000B72 8B 45 08                        	MOV	EAX,DWORD [8+EBP]
  1191 00000B75 40                              	INC	EAX
  1192 00000B76 50                              	PUSH	EAX
  1193 00000B77 8B 45 0C                        	MOV	EAX,DWORD [12+EBP]
  1194 00000B7A 40                              	INC	EAX
  1195 00000B7B 50                              	PUSH	EAX
  1196 00000B7C FF 75 20                        	PUSH	DWORD [32+EBP]
  1197 00000B7F FF 75 24                        	PUSH	DWORD [36+EBP]
  1198 00000B82                                 L238:
  1199 00000B82 56                              	PUSH	ESI
  1200 00000B83                                 L235:
  1201 00000B83 E8 [00000000]                   	CALL	_sheet_refresh
  1202 00000B88                                 L237:
  1203 00000B88 83 C4 14                        	ADD	ESP,20
  1204 00000B8B E9 FFFFFE42                     	JMP	L179
  1205 00000B90                                 L252:
  1206 00000B90 FF 75 08                        	PUSH	DWORD [8+EBP]
  1207 00000B93 FF 75 0C                        	PUSH	DWORD [12+EBP]
  1208 00000B96 FF 75 20                        	PUSH	DWORD [32+EBP]
  1209 00000B99 FF 75 24                        	PUSH	DWORD [36+EBP]
  1210 00000B9C FF 75 18                        	PUSH	DWORD [24+EBP]
  1211 00000B9F EB E2                           	JMP	L235
  1212 00000BA1                                 L251:
  1213 00000BA1 8B 75 18                        	MOV	ESI,DWORD [24+EBP]
  1214 00000BA4 8B 45 08                        	MOV	EAX,DWORD [8+EBP]
  1215 00000BA7 83 E6 FE                        	AND	ESI,-2
  1216 00000BAA 8A 55 24                        	MOV	DL,BYTE [36+EBP]
  1217 00000BAD 0F AF 46 04                     	IMUL	EAX,DWORD [4+ESI]
  1218 00000BB1 03 45 0C                        	ADD	EAX,DWORD [12+EBP]
  1219 00000BB4 8B 0E                           	MOV	ECX,DWORD [ESI]
  1220 00000BB6 88 14 08                        	MOV	BYTE [EAX+ECX*1],DL
  1221 00000BB9 F7 45 18 00000001               	TEST	DWORD [24+EBP],1
  1222 00000BC0 0F 85 FFFFFE0C                  	JNE	L179
  1223 00000BC6 8B 45 08                        	MOV	EAX,DWORD [8+EBP]
  1224 00000BC9 40                              	INC	EAX
  1225 00000BCA 50                              	PUSH	EAX
  1226 00000BCB 8B 45 0C                        	MOV	EAX,DWORD [12+EBP]
  1227 00000BCE 40                              	INC	EAX
  1228 00000BCF 50                              	PUSH	EAX
  1229 00000BD0 FF 75 08                        	PUSH	DWORD [8+EBP]
  1230 00000BD3 FF 75 0C                        	PUSH	DWORD [12+EBP]
  1231 00000BD6 EB AA                           	JMP	L238
  1232 00000BD8                                 L250:
  1233 00000BD8 8B 45 20                        	MOV	EAX,DWORD [32+EBP]
  1234 00000BDB 83 C0 0F                        	ADD	EAX,15
  1235 00000BDE 83 E0 F0                        	AND	EAX,-16
  1236 00000BE1 50                              	PUSH	EAX
  1237 00000BE2 8B 45 18                        	MOV	EAX,DWORD [24+EBP]
  1238 00000BE5 FF 75 24                        	PUSH	DWORD [36+EBP]
  1239 00000BE8 01 F8                           	ADD	EAX,EDI
  1240 00000BEA 50                              	PUSH	EAX
  1241 00000BEB E8 [00000000]                   	CALL	_memman_free
  1242 00000BF0 E9 FFFFFE02                     	JMP	L233
  1243 00000BF5                                 L249:
  1244 00000BF5 8B 45 20                        	MOV	EAX,DWORD [32+EBP]
  1245 00000BF8 83 C0 0F                        	ADD	EAX,15
  1246 00000BFB 83 E0 F0                        	AND	EAX,-16
  1247 00000BFE 50                              	PUSH	EAX
  1248 00000BFF 8B 45 18                        	MOV	EAX,DWORD [24+EBP]
  1249 00000C02 01 F8                           	ADD	EAX,EDI
  1250 00000C04 50                              	PUSH	EAX
  1251 00000C05 E8 [00000000]                   	CALL	_memman_alloc
  1252 00000C0A 89 45 44                        	MOV	DWORD [68+EBP],EAX
  1253 00000C0D E9 FFFFFE4F                     	JMP	L236
  1254 00000C12                                 L248:
  1255 00000C12 8B 5D 18                        	MOV	EBX,DWORD [24+EBP]
  1256 00000C15 01 FB                           	ADD	EBX,EDI
  1257 00000C17 53                              	PUSH	EBX
  1258 00000C18 E8 [00000000]                   	CALL	_memman_init
  1259 00000C1D 83 65 20 F0                     	AND	DWORD [32+EBP],-16
  1260 00000C21 FF 75 20                        	PUSH	DWORD [32+EBP]
  1261 00000C24 FF 75 24                        	PUSH	DWORD [36+EBP]
  1262 00000C27 53                              	PUSH	EBX
  1263 00000C28 E8 [00000000]                   	CALL	_memman_free
  1264 00000C2D 83 C4 10                        	ADD	ESP,16
  1265 00000C30 E9 FFFFFD9D                     	JMP	L179
  1266 00000C35                                 L247:
  1267 00000C35 FF 75 08                        	PUSH	DWORD [8+EBP]
  1268 00000C38 FF 75 0C                        	PUSH	DWORD [12+EBP]
  1269 00000C3B FF 75 20                        	PUSH	DWORD [32+EBP]
  1270 00000C3E 8B 75 18                        	MOV	ESI,DWORD [24+EBP]
  1271 00000C41 FF 75 24                        	PUSH	DWORD [36+EBP]
  1272 00000C44 83 E6 FE                        	AND	ESI,-2
  1273 00000C47 0F B6 45 10                     	MOVZX	EAX,BYTE [16+EBP]
  1274 00000C4B 50                              	PUSH	EAX
  1275 00000C4C FF 76 04                        	PUSH	DWORD [4+ESI]
  1276 00000C4F FF 36                           	PUSH	DWORD [ESI]
  1277 00000C51 E8 [00000000]                   	CALL	_boxfill8
  1278 00000C56 83 C4 1C                        	ADD	ESP,28
  1279 00000C59 E9 FFFFFF07                     	JMP	L240
  1280 00000C5E                                 L246:
  1281 00000C5E 8B 45 10                        	MOV	EAX,DWORD [16+EBP]
  1282 00000C61 8B 75 18                        	MOV	ESI,DWORD [24+EBP]
  1283 00000C64 01 F8                           	ADD	EAX,EDI
  1284 00000C66 83 E6 FE                        	AND	ESI,-2
  1285 00000C69 50                              	PUSH	EAX
  1286 00000C6A 0F BE 45 24                     	MOVSX	EAX,BYTE [36+EBP]
  1287 00000C6E 50                              	PUSH	EAX
  1288 00000C6F FF 75 08                        	PUSH	DWORD [8+EBP]
  1289 00000C72 FF 75 0C                        	PUSH	DWORD [12+EBP]
  1290 00000C75 FF 76 04                        	PUSH	DWORD [4+ESI]
  1291 00000C78 FF 36                           	PUSH	DWORD [ESI]
  1292 00000C7A E8 [00000000]                   	CALL	_putfonts8_asc
  1293 00000C7F 83 C4 18                        	ADD	ESP,24
  1294 00000C82 F7 45 18 00000001               	TEST	DWORD [24+EBP],1
  1295 00000C89 0F 85 FFFFFD43                  	JNE	L179
  1296 00000C8F 8B 4D 0C                        	MOV	ECX,DWORD [12+EBP]
  1297 00000C92 8B 45 08                        	MOV	EAX,DWORD [8+EBP]
  1298 00000C95 8B 55 20                        	MOV	EDX,DWORD [32+EBP]
  1299 00000C98 83 C0 10                        	ADD	EAX,16
  1300 00000C9B 50                              	PUSH	EAX
  1301 00000C9C 8D 04 D1                        	LEA	EAX,DWORD [ECX+EDX*8]
  1302 00000C9F 50                              	PUSH	EAX
  1303 00000CA0 FF 75 08                        	PUSH	DWORD [8+EBP]
  1304 00000CA3 51                              	PUSH	ECX
  1305 00000CA4 E9 FFFFFED9                     	JMP	L238
  1306 00000CA9                                 L245:
  1307 00000CA9 FF 75 E8                        	PUSH	DWORD [-24+EBP]
  1308 00000CAC E8 [00000000]                   	CALL	_sheet_alloc
  1309 00000CB1 8B 5D 18                        	MOV	EBX,DWORD [24+EBP]
  1310 00000CB4 8B 4D F0                        	MOV	ECX,DWORD [-16+EBP]
  1311 00000CB7 01 FB                           	ADD	EBX,EDI
  1312 00000CB9 89 48 24                        	MOV	DWORD [36+EAX],ECX
  1313 00000CBC 89 C6                           	MOV	ESI,EAX
  1314 00000CBE 83 48 1C 10                     	OR	DWORD [28+EAX],16
  1315 00000CC2 FF 75 24                        	PUSH	DWORD [36+EBP]
  1316 00000CC5 FF 75 08                        	PUSH	DWORD [8+EBP]
  1317 00000CC8 FF 75 0C                        	PUSH	DWORD [12+EBP]
  1318 00000CCB 53                              	PUSH	EBX
  1319 00000CCC 50                              	PUSH	EAX
  1320 00000CCD E8 [00000000]                   	CALL	_sheet_setbuf
  1321 00000CD2 8B 45 20                        	MOV	EAX,DWORD [32+EBP]
  1322 00000CD5 6A 00                           	PUSH	0
  1323 00000CD7 01 F8                           	ADD	EAX,EDI
  1324 00000CD9 50                              	PUSH	EAX
  1325 00000CDA FF 75 08                        	PUSH	DWORD [8+EBP]
  1326 00000CDD FF 75 0C                        	PUSH	DWORD [12+EBP]
  1327 00000CE0 53                              	PUSH	EBX
  1328 00000CE1 BB 00000002                     	MOV	EBX,2
  1329 00000CE6 E8 [00000000]                   	CALL	_make_window8
  1330 00000CEB 8B 4D E8                        	MOV	ECX,DWORD [-24+EBP]
  1331 00000CEE 8B 55 E8                        	MOV	EDX,DWORD [-24+EBP]
  1332 00000CF1 83 C4 2C                        	ADD	ESP,44
  1333 00000CF4 8B 42 0C                        	MOV	EAX,DWORD [12+EDX]
  1334 00000CF7 2B 45 08                        	SUB	EAX,DWORD [8+EBP]
  1335 00000CFA 99                              	CDQ
  1336 00000CFB F7 FB                           	IDIV	EBX
  1337 00000CFD 50                              	PUSH	EAX
  1338 00000CFE 8B 41 08                        	MOV	EAX,DWORD [8+ECX]
  1339 00000D01 2B 45 0C                        	SUB	EAX,DWORD [12+EBP]
  1340 00000D04 99                              	CDQ
  1341 00000D05 F7 FB                           	IDIV	EBX
  1342 00000D07 83 E0 FC                        	AND	EAX,-4
  1343 00000D0A 50                              	PUSH	EAX
  1344 00000D0B 56                              	PUSH	ESI
  1345 00000D0C E8 [00000000]                   	CALL	_sheet_slide
  1346 00000D11 8B 45 E8                        	MOV	EAX,DWORD [-24+EBP]
  1347 00000D14 FF 70 10                        	PUSH	DWORD [16+EAX]
  1348 00000D17 56                              	PUSH	ESI
  1349 00000D18 E8 [00000000]                   	CALL	_sheet_updown
  1350 00000D1D 89 75 44                        	MOV	DWORD [68+EBP],ESI
  1351 00000D20 E9 FFFFFE63                     	JMP	L237
  1352 00000D25                                 L244:
  1353 00000D25 8B 45 F0                        	MOV	EAX,DWORD [-16+EBP]
  1354 00000D28 83 C0 30                        	ADD	EAX,48
  1355 00000D2B E9 FFFFFCA4                     	JMP	L177
  1356 00000D30                                 L243:
  1357 00000D30 8B 45 18                        	MOV	EAX,DWORD [24+EBP]
  1358 00000D33 FF 75 20                        	PUSH	DWORD [32+EBP]
  1359 00000D36 01 F8                           	ADD	EAX,EDI
  1360 00000D38 50                              	PUSH	EAX
  1361 00000D39 FF 75 EC                        	PUSH	DWORD [-20+EBP]
  1362 00000D3C E8 FFFFF6A6                     	CALL	_cons_putstr1
  1363 00000D41 E9 FFFFFCB1                     	JMP	L233
  1364 00000D46                                 L242:
  1365 00000D46 8B 45 18                        	MOV	EAX,DWORD [24+EBP]
  1366 00000D49 01 F8                           	ADD	EAX,EDI
  1367 00000D4B 50                              	PUSH	EAX
  1368 00000D4C FF 75 EC                        	PUSH	DWORD [-20+EBP]
  1369 00000D4F E8 FFFFF665                     	CALL	_cons_putstr0
  1370 00000D54 E9 FFFFFD08                     	JMP	L236
  1371 00000D59                                 L241:
  1372 00000D59 6A 01                           	PUSH	1
  1373 00000D5B 0F B6 45 24                     	MOVZX	EAX,BYTE [36+EBP]
  1374 00000D5F 50                              	PUSH	EAX
  1375 00000D60 FF 75 EC                        	PUSH	DWORD [-20+EBP]
  1376 00000D63 E8 FFFFF4F3                     	CALL	_cons_putchar
  1377 00000D68 E9 FFFFFC8A                     	JMP	L233
  1378                                          [SECTION .data]
  1379 0000007F                                 LC11:
  1380 0000007F 0A 49 4E 54 20 30 43 20 3A 0A   	DB	0x0A,"INT 0C :",0x0A," Stack Exception.",0x0A,0x00
       00000089 20 53 74 61 63 6B 20 45 78 63 
       00000093 65 70 74 69 6F 6E 2E 0A 00 
  1381 0000009C                                 LC12:
  1382 0000009C 45 49 50 20 3D 20 25 30 38 58   	DB	"EIP = %08X",0x0A,0x00
       000000A6 0A 00 
  1383                                          [SECTION .text]
  1384 00000D6D                                 	GLOBAL	_inthandler0c
  1385 00000D6D                                 _inthandler0c:
  1386 00000D6D 55                              	PUSH	EBP
  1387 00000D6E 89 E5                           	MOV	EBP,ESP
  1388 00000D70 57                              	PUSH	EDI
  1389 00000D71 56                              	PUSH	ESI
  1390 00000D72 53                              	PUSH	EBX
  1391 00000D73 8D 5D D4                        	LEA	EBX,DWORD [-44+EBP]
  1392 00000D76 83 EC 20                        	SUB	ESP,32
  1393 00000D79 E8 [00000000]                   	CALL	_task_now
  1394 00000D7E 89 C6                           	MOV	ESI,EAX
  1395 00000D80 8B B8 00000094                  	MOV	EDI,DWORD [148+EAX]
  1396 00000D86 83 C6 30                        	ADD	ESI,48
  1397 00000D89 68 [0000007F]                   	PUSH	LC11
  1398 00000D8E 57                              	PUSH	EDI
  1399 00000D8F E8 FFFFF625                     	CALL	_cons_putstr0
  1400 00000D94 8B 45 08                        	MOV	EAX,DWORD [8+EBP]
  1401 00000D97 FF 70 2C                        	PUSH	DWORD [44+EAX]
  1402 00000D9A 68 [0000009C]                   	PUSH	LC12
  1403 00000D9F 53                              	PUSH	EBX
  1404 00000DA0 E8 [00000000]                   	CALL	_sprintf
  1405 00000DA5 53                              	PUSH	EBX
  1406 00000DA6 57                              	PUSH	EDI
  1407 00000DA7 E8 FFFFF60D                     	CALL	_cons_putstr0
  1408 00000DAC 8D 65 F4                        	LEA	ESP,DWORD [-12+EBP]
  1409 00000DAF 5B                              	POP	EBX
  1410 00000DB0 89 F0                           	MOV	EAX,ESI
  1411 00000DB2 5E                              	POP	ESI
  1412 00000DB3 5F                              	POP	EDI
  1413 00000DB4 5D                              	POP	EBP
  1414 00000DB5 C3                              	RET
  1415                                          [SECTION .data]
  1416 000000A8                                 LC13:
  1417 000000A8 0A 49 4E 54 20 30 44 20 3A 0A   	DB	0x0A,"INT 0D :",0x0A," General Protected Exception.",0x0A,0x00
       000000B2 20 47 65 6E 65 72 61 6C 20 50 
       000000BC 72 6F 74 65 63 74 65 64 20 45 
       000000C6 78 63 65 70 74 69 6F 6E 2E 0A 
       000000D0 00 
  1418                                          [SECTION .text]
  1419 00000DB6                                 	GLOBAL	_inthandler0d
  1420 00000DB6                                 _inthandler0d:
  1421 00000DB6 55                              	PUSH	EBP
  1422 00000DB7 89 E5                           	MOV	EBP,ESP
  1423 00000DB9 57                              	PUSH	EDI
  1424 00000DBA 56                              	PUSH	ESI
  1425 00000DBB 53                              	PUSH	EBX
  1426 00000DBC 8D 5D D4                        	LEA	EBX,DWORD [-44+EBP]
  1427 00000DBF 83 EC 20                        	SUB	ESP,32
  1428 00000DC2 E8 [00000000]                   	CALL	_task_now
  1429 00000DC7 89 C6                           	MOV	ESI,EAX
  1430 00000DC9 8B B8 00000094                  	MOV	EDI,DWORD [148+EAX]
  1431 00000DCF 83 C6 30                        	ADD	ESI,48
  1432 00000DD2 68 [000000A8]                   	PUSH	LC13
  1433 00000DD7 57                              	PUSH	EDI
  1434 00000DD8 E8 FFFFF5DC                     	CALL	_cons_putstr0
  1435 00000DDD 8B 45 08                        	MOV	EAX,DWORD [8+EBP]
  1436 00000DE0 FF 70 2C                        	PUSH	DWORD [44+EAX]
  1437 00000DE3 68 [0000009C]                   	PUSH	LC12
  1438 00000DE8 53                              	PUSH	EBX
  1439 00000DE9 E8 [00000000]                   	CALL	_sprintf
  1440 00000DEE 53                              	PUSH	EBX
  1441 00000DEF 57                              	PUSH	EDI
  1442 00000DF0 E8 FFFFF5C4                     	CALL	_cons_putstr0
  1443 00000DF5 8D 65 F4                        	LEA	ESP,DWORD [-12+EBP]
  1444 00000DF8 5B                              	POP	EBX
  1445 00000DF9 89 F0                           	MOV	EAX,ESI
  1446 00000DFB 5E                              	POP	ESI
  1447 00000DFC 5F                              	POP	EDI
  1448 00000DFD 5D                              	POP	EBP
  1449 00000DFE C3                              	RET
  1450 00000DFF                                 	GLOBAL	_hrb_api_linewin
  1451 00000DFF                                 _hrb_api_linewin:
  1452 00000DFF 55                              	PUSH	EBP
  1453 00000E00 89 E5                           	MOV	EBP,ESP
  1454 00000E02 57                              	PUSH	EDI
  1455 00000E03 56                              	PUSH	ESI
  1456 00000E04 53                              	PUSH	EBX
  1457 00000E05 83 EC 0C                        	SUB	ESP,12
  1458 00000E08 8B 5D 0C                        	MOV	EBX,DWORD [12+EBP]
  1459 00000E0B 8B 45 14                        	MOV	EAX,DWORD [20+EBP]
  1460 00000E0E 89 D9                           	MOV	ECX,EBX
  1461 00000E10 8B 55 18                        	MOV	EDX,DWORD [24+EBP]
  1462 00000E13 C1 E1 0A                        	SAL	ECX,10
  1463 00000E16 89 D7                           	MOV	EDI,EDX
  1464 00000E18 89 4D F0                        	MOV	DWORD [-16+EBP],ECX
  1465 00000E1B 89 C6                           	MOV	ESI,EAX
  1466 00000E1D 8B 4D 10                        	MOV	ECX,DWORD [16+EBP]
  1467 00000E20 2B 7D 10                        	SUB	EDI,DWORD [16+EBP]
  1468 00000E23 C1 E1 0A                        	SAL	ECX,10
  1469 00000E26 29 DE                           	SUB	ESI,EBX
  1470 00000E28 89 4D EC                        	MOV	DWORD [-20+EBP],ECX
  1471 00000E2B 0F 88 000000A3                  	JS	L287
  1472 00000E31                                 L266:
  1473 00000E31 85 FF                           	TEST	EDI,EDI
  1474 00000E33 0F 88 00000094                  	JS	L288
  1475 00000E39                                 L267:
  1476 00000E39 39 FE                           	CMP	ESI,EDI
  1477 00000E3B 7C 62                           	JL	L268
  1478 00000E3D 8D 4E 01                        	LEA	ECX,DWORD [1+ESI]
  1479 00000E40 39 C3                           	CMP	EBX,EAX
  1480 00000E42 BE FFFFFC00                     	MOV	ESI,-1024
  1481 00000E47 7F 05                           	JG	L270
  1482 00000E49 BE 00000400                     	MOV	ESI,1024
  1483 00000E4E                                 L270:
  1484 00000E4E 39 55 10                        	CMP	DWORD [16+EBP],EDX
  1485 00000E51 7F 46                           	JG	L271
  1486 00000E53 2B 55 10                        	SUB	EDX,DWORD [16+EBP]
  1487 00000E56 42                              	INC	EDX
  1488 00000E57                                 L286:
  1489 00000E57 C1 E2 0A                        	SAL	EDX,10
  1490 00000E5A 89 D0                           	MOV	EAX,EDX
  1491 00000E5C 99                              	CDQ
  1492 00000E5D F7 F9                           	IDIV	ECX
  1493 00000E5F 89 C7                           	MOV	EDI,EAX
  1494 00000E61                                 L273:
  1495 00000E61 85 C9                           	TEST	ECX,ECX
  1496 00000E63 7E 2C                           	JLE	L284
  1497 00000E65 89 CB                           	MOV	EBX,ECX
  1498 00000E67                                 L282:
  1499 00000E67 8B 55 08                        	MOV	EDX,DWORD [8+EBP]
  1500 00000E6A 8B 45 EC                        	MOV	EAX,DWORD [-20+EBP]
  1501 00000E6D C1 F8 0A                        	SAR	EAX,10
  1502 00000E70 8B 4D F0                        	MOV	ECX,DWORD [-16+EBP]
  1503 00000E73 0F AF 42 04                     	IMUL	EAX,DWORD [4+EDX]
  1504 00000E77 C1 F9 0A                        	SAR	ECX,10
  1505 00000E7A 89 4D E8                        	MOV	DWORD [-24+EBP],ECX
  1506 00000E7D 8B 0A                           	MOV	ECX,DWORD [EDX]
  1507 00000E7F 03 45 E8                        	ADD	EAX,DWORD [-24+EBP]
  1508 00000E82 8A 55 1C                        	MOV	DL,BYTE [28+EBP]
  1509 00000E85 88 14 08                        	MOV	BYTE [EAX+ECX*1],DL
  1510 00000E88 01 75 F0                        	ADD	DWORD [-16+EBP],ESI
  1511 00000E8B 01 7D EC                        	ADD	DWORD [-20+EBP],EDI
  1512 00000E8E 4B                              	DEC	EBX
  1513 00000E8F 75 D6                           	JNE	L282
  1514 00000E91                                 L284:
  1515 00000E91 83 C4 0C                        	ADD	ESP,12
  1516 00000E94 5B                              	POP	EBX
  1517 00000E95 5E                              	POP	ESI
  1518 00000E96 5F                              	POP	EDI
  1519 00000E97 5D                              	POP	EBP
  1520 00000E98 C3                              	RET
  1521 00000E99                                 L271:
  1522 00000E99 2B 55 10                        	SUB	EDX,DWORD [16+EBP]
  1523 00000E9C 4A                              	DEC	EDX
  1524 00000E9D EB B8                           	JMP	L286
  1525 00000E9F                                 L268:
  1526 00000E9F 8D 4F 01                        	LEA	ECX,DWORD [1+EDI]
  1527 00000EA2 39 55 10                        	CMP	DWORD [16+EBP],EDX
  1528 00000EA5 BF FFFFFC00                     	MOV	EDI,-1024
  1529 00000EAA 7F 05                           	JG	L275
  1530 00000EAC BF 00000400                     	MOV	EDI,1024
  1531 00000EB1                                 L275:
  1532 00000EB1 39 C3                           	CMP	EBX,EAX
  1533 00000EB3 7F 11                           	JG	L276
  1534 00000EB5 29 D8                           	SUB	EAX,EBX
  1535 00000EB7 8D 50 01                        	LEA	EDX,DWORD [1+EAX]
  1536 00000EBA                                 L285:
  1537 00000EBA C1 E2 0A                        	SAL	EDX,10
  1538 00000EBD 89 D0                           	MOV	EAX,EDX
  1539 00000EBF 99                              	CDQ
  1540 00000EC0 F7 F9                           	IDIV	ECX
  1541 00000EC2 89 C6                           	MOV	ESI,EAX
  1542 00000EC4 EB 9B                           	JMP	L273
  1543 00000EC6                                 L276:
  1544 00000EC6 29 D8                           	SUB	EAX,EBX
  1545 00000EC8 8D 50 FF                        	LEA	EDX,DWORD [-1+EAX]
  1546 00000ECB EB ED                           	JMP	L285
  1547 00000ECD                                 L288:
  1548 00000ECD F7 DF                           	NEG	EDI
  1549 00000ECF E9 FFFFFF65                     	JMP	L267
  1550 00000ED4                                 L287:
  1551 00000ED4 F7 DE                           	NEG	ESI
  1552 00000ED6 E9 FFFFFF56                     	JMP	L266
