     1 00000000                                 [FORMAT "WCOFF"]
     2 00000000                                 [INSTRSET "i486p"]
     3 00000000                                 [OPTIMIZE 1]
     4 00000000                                 [OPTION 1]
     5 00000000                                 [BITS 32]
     6 00000000                                 	EXTERN	_init_gdtidt
     7 00000000                                 	EXTERN	_init_pic
     8 00000000                                 	EXTERN	_io_sti
     9 00000000                                 	EXTERN	_keyfifo
    10 00000000                                 	EXTERN	_fifo8_init
    11 00000000                                 	EXTERN	_mousefifo
    12 00000000                                 	EXTERN	_io_out8
    13 00000000                                 	EXTERN	_init_keyboard
    14 00000000                                 	EXTERN	_enable_mouse
    15 00000000                                 	EXTERN	_memtest
    16 00000000                                 	EXTERN	_memman_init
    17 00000000                                 	EXTERN	_memman_free
    18 00000000                                 	EXTERN	_init_palette
    19 00000000                                 	EXTERN	_shtctl_init
    20 00000000                                 	EXTERN	_sheet_alloc
    21 00000000                                 	EXTERN	_memman_alloc_4k
    22 00000000                                 	EXTERN	_sheet_setbuf
    23 00000000                                 	EXTERN	_init_screen8
    24 00000000                                 	EXTERN	_init_mouse_cursor8
    25 00000000                                 	EXTERN	_sheet_slide
    26 00000000                                 	EXTERN	_sheet_updown
    27 00000000                                 	EXTERN	_sprintf
    28 00000000                                 	EXTERN	_putfonts8_asc
    29 00000000                                 	EXTERN	_memman_total
    30 00000000                                 	EXTERN	_sheet_refresh
    31 00000000                                 	EXTERN	_io_cli
    32 00000000                                 	EXTERN	_fifo8_status
    33 00000000                                 	EXTERN	_fifo8_get
    34 00000000                                 	EXTERN	_mouse_decode
    35 00000000                                 	EXTERN	_boxfill8
    36 00000000                                 	EXTERN	_io_stihlt
    37 00000000                                 [FILE "bootpack.c"]
    38                                          [SECTION .data]
    39 00000000                                 LC0:
    40 00000000 28 25 64 2C 20 25 64 29 00      	DB	"(%d, %d)",0x00
    41 00000009                                 LC1:
    42 00000009 6D 65 6D 6F 72 79 20 25 64 4D   	DB	"memory %dMB free : %dKB",0x00
       00000013 42 20 66 72 65 65 20 3A 20 25 
       0000001D 64 4B 42 00 
    43 00000021                                 LC3:
    44 00000021 5B 6C 63 72 20 25 34 64 20 25   	DB	"[lcr %4d %4d]",0x00
       0000002B 34 64 5D 00 
    45 0000002F                                 LC4:
    46 0000002F 28 25 33 64 2C 20 25 33 64 29   	DB	"(%3d, %3d)",0x00
       00000039 00 
    47 0000003A                                 LC2:
    48 0000003A 25 30 32 58 00                  	DB	"%02X",0x00
    49                                          [SECTION .text]
    50 00000000                                 	GLOBAL	_HariMain
    51 00000000                                 _HariMain:
    52 00000000 55                              	PUSH	EBP
    53 00000001 89 E5                           	MOV	EBP,ESP
    54 00000003 57                              	PUSH	EDI
    55 00000004 56                              	PUSH	ESI
    56 00000005 53                              	PUSH	EBX
    57 00000006 81 EC 000001F8                  	SUB	ESP,504
    58 0000000C E8 [00000000]                   	CALL	_init_gdtidt
    59 00000011 E8 [00000000]                   	CALL	_init_pic
    60 00000016 E8 [00000000]                   	CALL	_io_sti
    61 0000001B 8D 45 A4                        	LEA	EAX,DWORD [-92+EBP]
    62 0000001E 50                              	PUSH	EAX
    63 0000001F 6A 20                           	PUSH	32
    64 00000021 68 [00000000]                   	PUSH	_keyfifo
    65 00000026 E8 [00000000]                   	CALL	_fifo8_init
    66 0000002B 8D 85 FFFFFF24                  	LEA	EAX,DWORD [-220+EBP]
    67 00000031 50                              	PUSH	EAX
    68 00000032 68 00000080                     	PUSH	128
    69 00000037 68 [00000000]                   	PUSH	_mousefifo
    70 0000003C E8 [00000000]                   	CALL	_fifo8_init
    71 00000041 68 000000F9                     	PUSH	249
    72 00000046 6A 21                           	PUSH	33
    73 00000048 E8 [00000000]                   	CALL	_io_out8
    74 0000004D 83 C4 20                        	ADD	ESP,32
    75 00000050 68 000000EF                     	PUSH	239
    76 00000055 68 000000A1                     	PUSH	161
    77 0000005A E8 [00000000]                   	CALL	_io_out8
    78 0000005F E8 [00000000]                   	CALL	_init_keyboard
    79 00000064 8D 85 FFFFFF14                  	LEA	EAX,DWORD [-236+EBP]
    80 0000006A 50                              	PUSH	EAX
    81 0000006B E8 [00000000]                   	CALL	_enable_mouse
    82 00000070 68 BFFFFFFF                     	PUSH	-1073741825
    83 00000075 68 00400000                     	PUSH	4194304
    84 0000007A E8 [00000000]                   	CALL	_memtest
    85 0000007F 68 003C0000                     	PUSH	3932160
    86 00000084 89 85 FFFFFE10                  	MOV	DWORD [-496+EBP],EAX
    87 0000008A E8 [00000000]                   	CALL	_memman_init
    88 0000008F 68 0009E000                     	PUSH	647168
    89 00000094 68 00001000                     	PUSH	4096
    90 00000099 68 003C0000                     	PUSH	3932160
    91 0000009E E8 [00000000]                   	CALL	_memman_free
    92 000000A3 8B 85 FFFFFE10                  	MOV	EAX,DWORD [-496+EBP]
    93 000000A9 83 C4 24                        	ADD	ESP,36
    94 000000AC 2D 00400000                     	SUB	EAX,4194304
    95 000000B1 50                              	PUSH	EAX
    96 000000B2 68 00400000                     	PUSH	4194304
    97 000000B7 68 003C0000                     	PUSH	3932160
    98 000000BC E8 [00000000]                   	CALL	_memman_free
    99 000000C1 E8 [00000000]                   	CALL	_init_palette
   100 000000C6 0F BF 05 00000FF6               	MOVSX	EAX,WORD [4086]
   101 000000CD 50                              	PUSH	EAX
   102 000000CE 0F BF 05 00000FF4               	MOVSX	EAX,WORD [4084]
   103 000000D5 50                              	PUSH	EAX
   104 000000D6 FF 35 00000FF8                  	PUSH	DWORD [4088]
   105 000000DC 68 003C0000                     	PUSH	3932160
   106 000000E1 E8 [00000000]                   	CALL	_shtctl_init
   107 000000E6 89 C3                           	MOV	EBX,EAX
   108 000000E8 50                              	PUSH	EAX
   109 000000E9 E8 [00000000]                   	CALL	_sheet_alloc
   110 000000EE 83 C4 20                        	ADD	ESP,32
   111 000000F1 53                              	PUSH	EBX
   112 000000F2 89 85 FFFFFE0C                  	MOV	DWORD [-500+EBP],EAX
   113 000000F8 8D 9D FFFFFE14                  	LEA	EBX,DWORD [-492+EBP]
   114 000000FE E8 [00000000]                   	CALL	_sheet_alloc
   115 00000103 0F BF 15 00000FF6               	MOVSX	EDX,WORD [4086]
   116 0000010A 89 85 FFFFFE08                  	MOV	DWORD [-504+EBP],EAX
   117 00000110 0F BF 05 00000FF4               	MOVSX	EAX,WORD [4084]
   118 00000117 0F AF C2                        	IMUL	EAX,EDX
   119 0000011A 50                              	PUSH	EAX
   120 0000011B 68 003C0000                     	PUSH	3932160
   121 00000120 E8 [00000000]                   	CALL	_memman_alloc_4k
   122 00000125 6A FF                           	PUSH	-1
   123 00000127 89 85 FFFFFE04                  	MOV	DWORD [-508+EBP],EAX
   124 0000012D 0F BF 05 00000FF4               	MOVSX	EAX,WORD [4084]
   125 00000134 50                              	PUSH	EAX
   126 00000135 0F BF 05 00000FF4               	MOVSX	EAX,WORD [4084]
   127 0000013C 50                              	PUSH	EAX
   128 0000013D FF B5 FFFFFE04                  	PUSH	DWORD [-508+EBP]
   129 00000143 FF B5 FFFFFE0C                  	PUSH	DWORD [-500+EBP]
   130 00000149 E8 [00000000]                   	CALL	_sheet_setbuf
   131 0000014E 83 C4 20                        	ADD	ESP,32
   132 00000151 6A 63                           	PUSH	99
   133 00000153 6A 10                           	PUSH	16
   134 00000155 6A 10                           	PUSH	16
   135 00000157 53                              	PUSH	EBX
   136 00000158 FF B5 FFFFFE08                  	PUSH	DWORD [-504+EBP]
   137 0000015E E8 [00000000]                   	CALL	_sheet_setbuf
   138 00000163 0F BF 05 00000FF6               	MOVSX	EAX,WORD [4086]
   139 0000016A 50                              	PUSH	EAX
   140 0000016B 0F BF 05 00000FF4               	MOVSX	EAX,WORD [4084]
   141 00000172 50                              	PUSH	EAX
   142 00000173 FF B5 FFFFFE04                  	PUSH	DWORD [-508+EBP]
   143 00000179 E8 [00000000]                   	CALL	_init_screen8
   144 0000017E 83 C4 20                        	ADD	ESP,32
   145 00000181 6A 63                           	PUSH	99
   146 00000183 53                              	PUSH	EBX
   147 00000184 BB 00000002                     	MOV	EBX,2
   148 00000189 E8 [00000000]                   	CALL	_init_mouse_cursor8
   149 0000018E 6A 00                           	PUSH	0
   150 00000190 6A 00                           	PUSH	0
   151 00000192 FF B5 FFFFFE0C                  	PUSH	DWORD [-500+EBP]
   152 00000198 E8 [00000000]                   	CALL	_sheet_slide
   153 0000019D 0F BF 05 00000FF4               	MOVSX	EAX,WORD [4084]
   154 000001A4 8D 48 F0                        	LEA	ECX,DWORD [-16+EAX]
   155 000001A7 89 C8                           	MOV	EAX,ECX
   156 000001A9 99                              	CDQ
   157 000001AA F7 FB                           	IDIV	EBX
   158 000001AC 89 C6                           	MOV	ESI,EAX
   159 000001AE 0F BF 05 00000FF6               	MOVSX	EAX,WORD [4086]
   160 000001B5 8D 48 D4                        	LEA	ECX,DWORD [-44+EAX]
   161 000001B8 89 C8                           	MOV	EAX,ECX
   162 000001BA 99                              	CDQ
   163 000001BB F7 FB                           	IDIV	EBX
   164 000001BD 50                              	PUSH	EAX
   165 000001BE 89 C7                           	MOV	EDI,EAX
   166 000001C0 56                              	PUSH	ESI
   167 000001C1 8D 5D C4                        	LEA	EBX,DWORD [-60+EBP]
   168 000001C4 FF B5 FFFFFE08                  	PUSH	DWORD [-504+EBP]
   169 000001CA E8 [00000000]                   	CALL	_sheet_slide
   170 000001CF 83 C4 20                        	ADD	ESP,32
   171 000001D2 6A 00                           	PUSH	0
   172 000001D4 FF B5 FFFFFE0C                  	PUSH	DWORD [-500+EBP]
   173 000001DA E8 [00000000]                   	CALL	_sheet_updown
   174 000001DF 6A 01                           	PUSH	1
   175 000001E1 FF B5 FFFFFE08                  	PUSH	DWORD [-504+EBP]
   176 000001E7 E8 [00000000]                   	CALL	_sheet_updown
   177 000001EC 57                              	PUSH	EDI
   178 000001ED 56                              	PUSH	ESI
   179 000001EE 68 [00000000]                   	PUSH	LC0
   180 000001F3 53                              	PUSH	EBX
   181 000001F4 E8 [00000000]                   	CALL	_sprintf
   182 000001F9 83 C4 20                        	ADD	ESP,32
   183 000001FC 53                              	PUSH	EBX
   184 000001FD 6A 07                           	PUSH	7
   185 000001FF 6A 00                           	PUSH	0
   186 00000201 6A 00                           	PUSH	0
   187 00000203 0F BF 05 00000FF4               	MOVSX	EAX,WORD [4084]
   188 0000020A 50                              	PUSH	EAX
   189 0000020B FF B5 FFFFFE04                  	PUSH	DWORD [-508+EBP]
   190 00000211 E8 [00000000]                   	CALL	_putfonts8_asc
   191 00000216 68 003C0000                     	PUSH	3932160
   192 0000021B E8 [00000000]                   	CALL	_memman_total
   193 00000220 C1 AD FFFFFE10 14               	SHR	DWORD [-496+EBP],20
   194 00000227 C1 E8 0A                        	SHR	EAX,10
   195 0000022A 89 04 24                        	MOV	DWORD [ESP],EAX
   196 0000022D FF B5 FFFFFE10                  	PUSH	DWORD [-496+EBP]
   197 00000233 68 [00000009]                   	PUSH	LC1
   198 00000238 53                              	PUSH	EBX
   199 00000239 E8 [00000000]                   	CALL	_sprintf
   200 0000023E 83 C4 28                        	ADD	ESP,40
   201 00000241 53                              	PUSH	EBX
   202 00000242 6A 07                           	PUSH	7
   203 00000244 6A 20                           	PUSH	32
   204 00000246 6A 00                           	PUSH	0
   205 00000248 0F BF 05 00000FF4               	MOVSX	EAX,WORD [4084]
   206 0000024F 50                              	PUSH	EAX
   207 00000250 FF B5 FFFFFE04                  	PUSH	DWORD [-508+EBP]
   208 00000256 E8 [00000000]                   	CALL	_putfonts8_asc
   209 0000025B 6A 30                           	PUSH	48
   210 0000025D 0F BF 05 00000FF4               	MOVSX	EAX,WORD [4084]
   211 00000264 50                              	PUSH	EAX
   212 00000265 6A 00                           	PUSH	0
   213 00000267                                 L18:
   214 00000267 6A 00                           	PUSH	0
   215 00000269 FF B5 FFFFFE0C                  	PUSH	DWORD [-500+EBP]
   216 0000026F E8 [00000000]                   	CALL	_sheet_refresh
   217 00000274 83 C4 2C                        	ADD	ESP,44
   218 00000277                                 L2:
   219 00000277 E8 [00000000]                   	CALL	_io_cli
   220 0000027C 68 [00000000]                   	PUSH	_keyfifo
   221 00000281 E8 [00000000]                   	CALL	_fifo8_status
   222 00000286 68 [00000000]                   	PUSH	_mousefifo
   223 0000028B 89 C3                           	MOV	EBX,EAX
   224 0000028D E8 [00000000]                   	CALL	_fifo8_status
   225 00000292 8D 04 18                        	LEA	EAX,DWORD [EAX+EBX*1]
   226 00000295 5B                              	POP	EBX
   227 00000296 5A                              	POP	EDX
   228 00000297 85 C0                           	TEST	EAX,EAX
   229 00000299 0F 84 000001FD                  	JE	L19
   230 0000029F 68 [00000000]                   	PUSH	_keyfifo
   231 000002A4 E8 [00000000]                   	CALL	_fifo8_status
   232 000002A9 59                              	POP	ECX
   233 000002AA 85 C0                           	TEST	EAX,EAX
   234 000002AC 0F 85 00000185                  	JNE	L20
   235 000002B2 68 [00000000]                   	PUSH	_mousefifo
   236 000002B7 E8 [00000000]                   	CALL	_fifo8_status
   237 000002BC 5A                              	POP	EDX
   238 000002BD 85 C0                           	TEST	EAX,EAX
   239 000002BF 74 B6                           	JE	L2
   240 000002C1 68 [00000000]                   	PUSH	_mousefifo
   241 000002C6 E8 [00000000]                   	CALL	_fifo8_get
   242 000002CB 89 C3                           	MOV	EBX,EAX
   243 000002CD E8 [00000000]                   	CALL	_io_sti
   244 000002D2 0F B6 C3                        	MOVZX	EAX,BL
   245 000002D5 50                              	PUSH	EAX
   246 000002D6 8D 85 FFFFFF14                  	LEA	EAX,DWORD [-236+EBP]
   247 000002DC 50                              	PUSH	EAX
   248 000002DD E8 [00000000]                   	CALL	_mouse_decode
   249 000002E2 83 C4 0C                        	ADD	ESP,12
   250 000002E5 85 C0                           	TEST	EAX,EAX
   251 000002E7 74 8E                           	JE	L2
   252 000002E9 FF B5 FFFFFF1C                  	PUSH	DWORD [-228+EBP]
   253 000002EF FF B5 FFFFFF18                  	PUSH	DWORD [-232+EBP]
   254 000002F5 68 [00000021]                   	PUSH	LC3
   255 000002FA 8D 5D C4                        	LEA	EBX,DWORD [-60+EBP]
   256 000002FD 53                              	PUSH	EBX
   257 000002FE E8 [00000000]                   	CALL	_sprintf
   258 00000303 83 C4 10                        	ADD	ESP,16
   259 00000306 8B 85 FFFFFF20                  	MOV	EAX,DWORD [-224+EBP]
   260 0000030C A9 00000001                     	TEST	EAX,1
   261 00000311 74 04                           	JE	L11
   262 00000313 C6 45 C5 4C                     	MOV	BYTE [-59+EBP],76
   263 00000317                                 L11:
   264 00000317 A9 00000002                     	TEST	EAX,2
   265 0000031C 74 04                           	JE	L12
   266 0000031E C6 45 C7 52                     	MOV	BYTE [-57+EBP],82
   267 00000322                                 L12:
   268 00000322 83 E0 04                        	AND	EAX,4
   269 00000325 74 04                           	JE	L13
   270 00000327 C6 45 C6 43                     	MOV	BYTE [-58+EBP],67
   271 0000032B                                 L13:
   272 0000032B 6A 1F                           	PUSH	31
   273 0000032D 68 00000097                     	PUSH	151
   274 00000332 6A 10                           	PUSH	16
   275 00000334 6A 20                           	PUSH	32
   276 00000336 6A 0E                           	PUSH	14
   277 00000338 0F BF 05 00000FF4               	MOVSX	EAX,WORD [4084]
   278 0000033F 50                              	PUSH	EAX
   279 00000340 FF B5 FFFFFE04                  	PUSH	DWORD [-508+EBP]
   280 00000346 E8 [00000000]                   	CALL	_boxfill8
   281 0000034B 53                              	PUSH	EBX
   282 0000034C 6A 07                           	PUSH	7
   283 0000034E 6A 10                           	PUSH	16
   284 00000350 6A 20                           	PUSH	32
   285 00000352 0F BF 05 00000FF4               	MOVSX	EAX,WORD [4084]
   286 00000359 50                              	PUSH	EAX
   287 0000035A FF B5 FFFFFE04                  	PUSH	DWORD [-508+EBP]
   288 00000360 E8 [00000000]                   	CALL	_putfonts8_asc
   289 00000365 83 C4 34                        	ADD	ESP,52
   290 00000368 6A 20                           	PUSH	32
   291 0000036A 68 00000098                     	PUSH	152
   292 0000036F 6A 10                           	PUSH	16
   293 00000371 6A 20                           	PUSH	32
   294 00000373 FF B5 FFFFFE0C                  	PUSH	DWORD [-500+EBP]
   295 00000379 E8 [00000000]                   	CALL	_sheet_refresh
   296 0000037E 83 C4 14                        	ADD	ESP,20
   297 00000381 03 BD FFFFFF1C                  	ADD	EDI,DWORD [-228+EBP]
   298 00000387 03 B5 FFFFFF18                  	ADD	ESI,DWORD [-232+EBP]
   299 0000038D 0F 88 0000009D                  	JS	L21
   300 00000393                                 L14:
   301 00000393 85 FF                           	TEST	EDI,EDI
   302 00000395 0F 88 0000008E                  	JS	L22
   303 0000039B                                 L15:
   304 0000039B 0F BF 05 00000FF4               	MOVSX	EAX,WORD [4084]
   305 000003A2 48                              	DEC	EAX
   306 000003A3 39 C6                           	CMP	ESI,EAX
   307 000003A5 7E 02                           	JLE	L16
   308 000003A7 89 C6                           	MOV	ESI,EAX
   309 000003A9                                 L16:
   310 000003A9 0F BF 05 00000FF6               	MOVSX	EAX,WORD [4086]
   311 000003B0 48                              	DEC	EAX
   312 000003B1 39 C7                           	CMP	EDI,EAX
   313 000003B3 7E 02                           	JLE	L17
   314 000003B5 89 C7                           	MOV	EDI,EAX
   315 000003B7                                 L17:
   316 000003B7 57                              	PUSH	EDI
   317 000003B8 56                              	PUSH	ESI
   318 000003B9 68 [0000002F]                   	PUSH	LC4
   319 000003BE 53                              	PUSH	EBX
   320 000003BF E8 [00000000]                   	CALL	_sprintf
   321 000003C4 6A 0F                           	PUSH	15
   322 000003C6 6A 4F                           	PUSH	79
   323 000003C8 6A 00                           	PUSH	0
   324 000003CA 6A 00                           	PUSH	0
   325 000003CC 6A 0E                           	PUSH	14
   326 000003CE 0F BF 05 00000FF4               	MOVSX	EAX,WORD [4084]
   327 000003D5 50                              	PUSH	EAX
   328 000003D6 FF B5 FFFFFE04                  	PUSH	DWORD [-508+EBP]
   329 000003DC E8 [00000000]                   	CALL	_boxfill8
   330 000003E1 83 C4 2C                        	ADD	ESP,44
   331 000003E4 53                              	PUSH	EBX
   332 000003E5 6A 07                           	PUSH	7
   333 000003E7 6A 00                           	PUSH	0
   334 000003E9 6A 00                           	PUSH	0
   335 000003EB 0F BF 05 00000FF4               	MOVSX	EAX,WORD [4084]
   336 000003F2 50                              	PUSH	EAX
   337 000003F3 FF B5 FFFFFE04                  	PUSH	DWORD [-508+EBP]
   338 000003F9 E8 [00000000]                   	CALL	_putfonts8_asc
   339 000003FE 6A 10                           	PUSH	16
   340 00000400 6A 50                           	PUSH	80
   341 00000402 6A 00                           	PUSH	0
   342 00000404 6A 00                           	PUSH	0
   343 00000406 FF B5 FFFFFE0C                  	PUSH	DWORD [-500+EBP]
   344 0000040C E8 [00000000]                   	CALL	_sheet_refresh
   345 00000411 83 C4 2C                        	ADD	ESP,44
   346 00000414 57                              	PUSH	EDI
   347 00000415 56                              	PUSH	ESI
   348 00000416 FF B5 FFFFFE08                  	PUSH	DWORD [-504+EBP]
   349 0000041C E8 [00000000]                   	CALL	_sheet_slide
   350 00000421 83 C4 0C                        	ADD	ESP,12
   351 00000424 E9 FFFFFE4E                     	JMP	L2
   352 00000429                                 L22:
   353 00000429 31 FF                           	XOR	EDI,EDI
   354 0000042B E9 FFFFFF6B                     	JMP	L15
   355 00000430                                 L21:
   356 00000430 31 F6                           	XOR	ESI,ESI
   357 00000432 E9 FFFFFF5C                     	JMP	L14
   358 00000437                                 L20:
   359 00000437 68 [00000000]                   	PUSH	_keyfifo
   360 0000043C E8 [00000000]                   	CALL	_fifo8_get
   361 00000441 89 C3                           	MOV	EBX,EAX
   362 00000443 E8 [00000000]                   	CALL	_io_sti
   363 00000448 53                              	PUSH	EBX
   364 00000449 8D 5D C4                        	LEA	EBX,DWORD [-60+EBP]
   365 0000044C 68 [0000003A]                   	PUSH	LC2
   366 00000451 53                              	PUSH	EBX
   367 00000452 E8 [00000000]                   	CALL	_sprintf
   368 00000457 6A 1F                           	PUSH	31
   369 00000459 6A 0F                           	PUSH	15
   370 0000045B 6A 10                           	PUSH	16
   371 0000045D 6A 00                           	PUSH	0
   372 0000045F 6A 0E                           	PUSH	14
   373 00000461 0F BF 05 00000FF4               	MOVSX	EAX,WORD [4084]
   374 00000468 50                              	PUSH	EAX
   375 00000469 FF B5 FFFFFE04                  	PUSH	DWORD [-508+EBP]
   376 0000046F E8 [00000000]                   	CALL	_boxfill8
   377 00000474 83 C4 2C                        	ADD	ESP,44
   378 00000477 53                              	PUSH	EBX
   379 00000478 6A 07                           	PUSH	7
   380 0000047A 6A 10                           	PUSH	16
   381 0000047C 6A 00                           	PUSH	0
   382 0000047E 0F BF 05 00000FF4               	MOVSX	EAX,WORD [4084]
   383 00000485 50                              	PUSH	EAX
   384 00000486 FF B5 FFFFFE04                  	PUSH	DWORD [-508+EBP]
   385 0000048C E8 [00000000]                   	CALL	_putfonts8_asc
   386 00000491 6A 20                           	PUSH	32
   387 00000493 6A 10                           	PUSH	16
   388 00000495 6A 10                           	PUSH	16
   389 00000497 E9 FFFFFDCB                     	JMP	L18
   390 0000049C                                 L19:
   391 0000049C E8 [00000000]                   	CALL	_io_stihlt
   392 000004A1 E9 FFFFFDD1                     	JMP	L2
