     1 00000000                                 [FORMAT "WCOFF"]
     2 00000000                                 [INSTRSET "i486p"]
     3 00000000                                 [OPTIMIZE 1]
     4 00000000                                 [OPTION 1]
     5 00000000                                 [BITS 32]
     6 00000000                                 	EXTERN	_init_gdtidt
     7 00000000                                 	EXTERN	_init_pic
     8 00000000                                 	EXTERN	_io_sti
     9 00000000                                 	EXTERN	_keyfifo
    10 00000000                                 	EXTERN	_fifo8_init
    11 00000000                                 	EXTERN	_mousefifo
    12 00000000                                 	EXTERN	_init_pit
    13 00000000                                 	EXTERN	_io_out8
    14 00000000                                 	EXTERN	_init_keyboard
    15 00000000                                 	EXTERN	_enable_mouse
    16 00000000                                 	EXTERN	_memtest
    17 00000000                                 	EXTERN	_memman_init
    18 00000000                                 	EXTERN	_memman_free
    19 00000000                                 	EXTERN	_init_palette
    20 00000000                                 	EXTERN	_shtctl_init
    21 00000000                                 	EXTERN	_sheet_alloc
    22 00000000                                 	EXTERN	_memman_alloc_4k
    23 00000000                                 	EXTERN	_sheet_setbuf
    24 00000000                                 	EXTERN	_init_screen8
    25 00000000                                 	EXTERN	_init_mouse_cursor8
    26 00000000                                 	EXTERN	_sheet_slide
    27 00000000                                 	EXTERN	_sheet_updown
    28 00000000                                 	EXTERN	_sprintf
    29 00000000                                 	EXTERN	_putfonts8_asc
    30 00000000                                 	EXTERN	_memman_total
    31 00000000                                 	EXTERN	_sheet_refresh
    32 00000000                                 	EXTERN	_timerctl
    33 00000000                                 	EXTERN	_boxfill8
    34 00000000                                 	EXTERN	_io_cli
    35 00000000                                 	EXTERN	_fifo8_status
    36 00000000                                 	EXTERN	_fifo8_get
    37 00000000                                 	EXTERN	_mouse_decode
    38 00000000                                 [FILE "bootpack.c"]
    39                                          [SECTION .data]
    40 00000000                                 LC0:
    41 00000000 63 6F 75 6E 74 65 72 00         	DB	"counter",0x00
    42 00000008                                 LC1:
    43 00000008 28 25 64 2C 20 25 64 29 00      	DB	"(%d, %d)",0x00
    44 00000011                                 LC2:
    45 00000011 6D 65 6D 6F 72 79 20 25 64 4D   	DB	"memory %dMB free : %dKB",0x00
       0000001B 42 20 66 72 65 65 20 3A 20 25 
       00000025 64 4B 42 00 
    46 00000029                                 LC3:
    47 00000029 25 30 31 30 64 00               	DB	"%010d",0x00
    48 0000002F                                 LC5:
    49 0000002F 5B 6C 63 72 20 25 34 64 20 25   	DB	"[lcr %4d %4d]",0x00
       00000039 34 64 5D 00 
    50 0000003D                                 LC6:
    51 0000003D 28 25 33 64 2C 20 25 33 64 29   	DB	"(%3d, %3d)",0x00
       00000047 00 
    52 00000048                                 LC4:
    53 00000048 25 30 32 58 00                  	DB	"%02X",0x00
    54                                          [SECTION .text]
    55 00000000                                 	GLOBAL	_HariMain
    56 00000000                                 _HariMain:
    57 00000000 55                              	PUSH	EBP
    58 00000001 89 E5                           	MOV	EBP,ESP
    59 00000003 57                              	PUSH	EDI
    60 00000004 56                              	PUSH	ESI
    61 00000005 53                              	PUSH	EBX
    62 00000006 81 EC 00000200                  	SUB	ESP,512
    63 0000000C E8 [00000000]                   	CALL	_init_gdtidt
    64 00000011 E8 [00000000]                   	CALL	_init_pic
    65 00000016 E8 [00000000]                   	CALL	_io_sti
    66 0000001B 8D 45 A4                        	LEA	EAX,DWORD [-92+EBP]
    67 0000001E 50                              	PUSH	EAX
    68 0000001F 6A 20                           	PUSH	32
    69 00000021 68 [00000000]                   	PUSH	_keyfifo
    70 00000026 E8 [00000000]                   	CALL	_fifo8_init
    71 0000002B 8D 85 FFFFFF24                  	LEA	EAX,DWORD [-220+EBP]
    72 00000031 50                              	PUSH	EAX
    73 00000032 68 00000080                     	PUSH	128
    74 00000037 68 [00000000]                   	PUSH	_mousefifo
    75 0000003C E8 [00000000]                   	CALL	_fifo8_init
    76 00000041 E8 [00000000]                   	CALL	_init_pit
    77 00000046 68 000000F8                     	PUSH	248
    78 0000004B 6A 21                           	PUSH	33
    79 0000004D E8 [00000000]                   	CALL	_io_out8
    80 00000052 83 C4 20                        	ADD	ESP,32
    81 00000055 68 000000EF                     	PUSH	239
    82 0000005A 68 000000A1                     	PUSH	161
    83 0000005F E8 [00000000]                   	CALL	_io_out8
    84 00000064 E8 [00000000]                   	CALL	_init_keyboard
    85 00000069 8D 85 FFFFFF14                  	LEA	EAX,DWORD [-236+EBP]
    86 0000006F 50                              	PUSH	EAX
    87 00000070 E8 [00000000]                   	CALL	_enable_mouse
    88 00000075 68 BFFFFFFF                     	PUSH	-1073741825
    89 0000007A 68 00400000                     	PUSH	4194304
    90 0000007F E8 [00000000]                   	CALL	_memtest
    91 00000084 68 003C0000                     	PUSH	3932160
    92 00000089 89 85 FFFFFE10                  	MOV	DWORD [-496+EBP],EAX
    93 0000008F E8 [00000000]                   	CALL	_memman_init
    94 00000094 68 0009E000                     	PUSH	647168
    95 00000099 68 00001000                     	PUSH	4096
    96 0000009E 68 003C0000                     	PUSH	3932160
    97 000000A3 E8 [00000000]                   	CALL	_memman_free
    98 000000A8 8B 85 FFFFFE10                  	MOV	EAX,DWORD [-496+EBP]
    99 000000AE 83 C4 24                        	ADD	ESP,36
   100 000000B1 2D 00400000                     	SUB	EAX,4194304
   101 000000B6 50                              	PUSH	EAX
   102 000000B7 68 00400000                     	PUSH	4194304
   103 000000BC 68 003C0000                     	PUSH	3932160
   104 000000C1 E8 [00000000]                   	CALL	_memman_free
   105 000000C6 E8 [00000000]                   	CALL	_init_palette
   106 000000CB 0F BF 05 00000FF6               	MOVSX	EAX,WORD [4086]
   107 000000D2 50                              	PUSH	EAX
   108 000000D3 0F BF 05 00000FF4               	MOVSX	EAX,WORD [4084]
   109 000000DA 50                              	PUSH	EAX
   110 000000DB FF 35 00000FF8                  	PUSH	DWORD [4088]
   111 000000E1 68 003C0000                     	PUSH	3932160
   112 000000E6 E8 [00000000]                   	CALL	_shtctl_init
   113 000000EB 89 C3                           	MOV	EBX,EAX
   114 000000ED 50                              	PUSH	EAX
   115 000000EE E8 [00000000]                   	CALL	_sheet_alloc
   116 000000F3 83 C4 20                        	ADD	ESP,32
   117 000000F6 53                              	PUSH	EBX
   118 000000F7 89 85 FFFFFE0C                  	MOV	DWORD [-500+EBP],EAX
   119 000000FD E8 [00000000]                   	CALL	_sheet_alloc
   120 00000102 53                              	PUSH	EBX
   121 00000103 8D 9D FFFFFE14                  	LEA	EBX,DWORD [-492+EBP]
   122 00000109 89 85 FFFFFE08                  	MOV	DWORD [-504+EBP],EAX
   123 0000010F E8 [00000000]                   	CALL	_sheet_alloc
   124 00000114 0F BF 15 00000FF6               	MOVSX	EDX,WORD [4086]
   125 0000011B 89 85 FFFFFE04                  	MOV	DWORD [-508+EBP],EAX
   126 00000121 0F BF 05 00000FF4               	MOVSX	EAX,WORD [4084]
   127 00000128 0F AF C2                        	IMUL	EAX,EDX
   128 0000012B 50                              	PUSH	EAX
   129 0000012C 68 003C0000                     	PUSH	3932160
   130 00000131 E8 [00000000]                   	CALL	_memman_alloc_4k
   131 00000136 68 00002080                     	PUSH	8320
   132 0000013B 68 003C0000                     	PUSH	3932160
   133 00000140 89 85 FFFFFE00                  	MOV	DWORD [-512+EBP],EAX
   134 00000146 E8 [00000000]                   	CALL	_memman_alloc_4k
   135 0000014B 6A FF                           	PUSH	-1
   136 0000014D 89 85 FFFFFDFC                  	MOV	DWORD [-516+EBP],EAX
   137 00000153 0F BF 05 00000FF4               	MOVSX	EAX,WORD [4084]
   138 0000015A 50                              	PUSH	EAX
   139 0000015B 0F BF 05 00000FF4               	MOVSX	EAX,WORD [4084]
   140 00000162 50                              	PUSH	EAX
   141 00000163 FF B5 FFFFFE00                  	PUSH	DWORD [-512+EBP]
   142 00000169 FF B5 FFFFFE0C                  	PUSH	DWORD [-500+EBP]
   143 0000016F E8 [00000000]                   	CALL	_sheet_setbuf
   144 00000174 83 C4 2C                        	ADD	ESP,44
   145 00000177 6A 63                           	PUSH	99
   146 00000179 6A 10                           	PUSH	16
   147 0000017B 6A 10                           	PUSH	16
   148 0000017D 53                              	PUSH	EBX
   149 0000017E FF B5 FFFFFE08                  	PUSH	DWORD [-504+EBP]
   150 00000184 E8 [00000000]                   	CALL	_sheet_setbuf
   151 00000189 6A FF                           	PUSH	-1
   152 0000018B 6A 34                           	PUSH	52
   153 0000018D 68 000000A0                     	PUSH	160
   154 00000192 FF B5 FFFFFDFC                  	PUSH	DWORD [-516+EBP]
   155 00000198 FF B5 FFFFFE04                  	PUSH	DWORD [-508+EBP]
   156 0000019E E8 [00000000]                   	CALL	_sheet_setbuf
   157 000001A3 83 C4 28                        	ADD	ESP,40
   158 000001A6 0F BF 05 00000FF6               	MOVSX	EAX,WORD [4086]
   159 000001AD 50                              	PUSH	EAX
   160 000001AE 0F BF 05 00000FF4               	MOVSX	EAX,WORD [4084]
   161 000001B5 50                              	PUSH	EAX
   162 000001B6 FF B5 FFFFFE00                  	PUSH	DWORD [-512+EBP]
   163 000001BC E8 [00000000]                   	CALL	_init_screen8
   164 000001C1 6A 63                           	PUSH	99
   165 000001C3 53                              	PUSH	EBX
   166 000001C4 BB 00000002                     	MOV	EBX,2
   167 000001C9 E8 [00000000]                   	CALL	_init_mouse_cursor8
   168 000001CE 68 [00000000]                   	PUSH	LC0
   169 000001D3 6A 34                           	PUSH	52
   170 000001D5 68 000000A0                     	PUSH	160
   171 000001DA FF B5 FFFFFDFC                  	PUSH	DWORD [-516+EBP]
   172 000001E0 E8 000003A6                     	CALL	_make_window8
   173 000001E5 83 C4 24                        	ADD	ESP,36
   174 000001E8 6A 00                           	PUSH	0
   175 000001EA 6A 00                           	PUSH	0
   176 000001EC FF B5 FFFFFE0C                  	PUSH	DWORD [-500+EBP]
   177 000001F2 E8 [00000000]                   	CALL	_sheet_slide
   178 000001F7 0F BF 05 00000FF4               	MOVSX	EAX,WORD [4084]
   179 000001FE 8D 48 F0                        	LEA	ECX,DWORD [-16+EAX]
   180 00000201 89 C8                           	MOV	EAX,ECX
   181 00000203 99                              	CDQ
   182 00000204 F7 FB                           	IDIV	EBX
   183 00000206 89 C6                           	MOV	ESI,EAX
   184 00000208 0F BF 05 00000FF6               	MOVSX	EAX,WORD [4086]
   185 0000020F 8D 48 D4                        	LEA	ECX,DWORD [-44+EAX]
   186 00000212 89 C8                           	MOV	EAX,ECX
   187 00000214 99                              	CDQ
   188 00000215 F7 FB                           	IDIV	EBX
   189 00000217 50                              	PUSH	EAX
   190 00000218 89 C7                           	MOV	EDI,EAX
   191 0000021A 56                              	PUSH	ESI
   192 0000021B 8D 5D C4                        	LEA	EBX,DWORD [-60+EBP]
   193 0000021E FF B5 FFFFFE08                  	PUSH	DWORD [-504+EBP]
   194 00000224 E8 [00000000]                   	CALL	_sheet_slide
   195 00000229 6A 48                           	PUSH	72
   196 0000022B 6A 50                           	PUSH	80
   197 0000022D FF B5 FFFFFE04                  	PUSH	DWORD [-508+EBP]
   198 00000233 E8 [00000000]                   	CALL	_sheet_slide
   199 00000238 83 C4 24                        	ADD	ESP,36
   200 0000023B 6A 00                           	PUSH	0
   201 0000023D FF B5 FFFFFE0C                  	PUSH	DWORD [-500+EBP]
   202 00000243 E8 [00000000]                   	CALL	_sheet_updown
   203 00000248 6A 01                           	PUSH	1
   204 0000024A FF B5 FFFFFE04                  	PUSH	DWORD [-508+EBP]
   205 00000250 E8 [00000000]                   	CALL	_sheet_updown
   206 00000255 6A 02                           	PUSH	2
   207 00000257 FF B5 FFFFFE08                  	PUSH	DWORD [-504+EBP]
   208 0000025D E8 [00000000]                   	CALL	_sheet_updown
   209 00000262 57                              	PUSH	EDI
   210 00000263 56                              	PUSH	ESI
   211 00000264 68 [00000008]                   	PUSH	LC1
   212 00000269 53                              	PUSH	EBX
   213 0000026A E8 [00000000]                   	CALL	_sprintf
   214 0000026F 83 C4 28                        	ADD	ESP,40
   215 00000272 53                              	PUSH	EBX
   216 00000273 6A 07                           	PUSH	7
   217 00000275 6A 00                           	PUSH	0
   218 00000277 6A 00                           	PUSH	0
   219 00000279 0F BF 05 00000FF4               	MOVSX	EAX,WORD [4084]
   220 00000280 50                              	PUSH	EAX
   221 00000281 FF B5 FFFFFE00                  	PUSH	DWORD [-512+EBP]
   222 00000287 E8 [00000000]                   	CALL	_putfonts8_asc
   223 0000028C 68 003C0000                     	PUSH	3932160
   224 00000291 E8 [00000000]                   	CALL	_memman_total
   225 00000296 C1 AD FFFFFE10 14               	SHR	DWORD [-496+EBP],20
   226 0000029D C1 E8 0A                        	SHR	EAX,10
   227 000002A0 89 04 24                        	MOV	DWORD [ESP],EAX
   228 000002A3 FF B5 FFFFFE10                  	PUSH	DWORD [-496+EBP]
   229 000002A9 68 [00000011]                   	PUSH	LC2
   230 000002AE 53                              	PUSH	EBX
   231 000002AF E8 [00000000]                   	CALL	_sprintf
   232 000002B4 83 C4 28                        	ADD	ESP,40
   233 000002B7 53                              	PUSH	EBX
   234 000002B8 6A 07                           	PUSH	7
   235 000002BA 6A 20                           	PUSH	32
   236 000002BC 6A 00                           	PUSH	0
   237 000002BE 0F BF 05 00000FF4               	MOVSX	EAX,WORD [4084]
   238 000002C5 50                              	PUSH	EAX
   239 000002C6 FF B5 FFFFFE00                  	PUSH	DWORD [-512+EBP]
   240 000002CC E8 [00000000]                   	CALL	_putfonts8_asc
   241 000002D1 6A 30                           	PUSH	48
   242 000002D3 0F BF 05 00000FF4               	MOVSX	EAX,WORD [4084]
   243 000002DA 50                              	PUSH	EAX
   244 000002DB 6A 00                           	PUSH	0
   245 000002DD                                 L18:
   246 000002DD 6A 00                           	PUSH	0
   247 000002DF FF B5 FFFFFE0C                  	PUSH	DWORD [-500+EBP]
   248 000002E5 E8 [00000000]                   	CALL	_sheet_refresh
   249 000002EA 83 C4 2C                        	ADD	ESP,44
   250 000002ED                                 L2:
   251 000002ED FF 35 [00000000]                	PUSH	DWORD [_timerctl]
   252 000002F3 68 [00000029]                   	PUSH	LC3
   253 000002F8 8D 5D C4                        	LEA	EBX,DWORD [-60+EBP]
   254 000002FB 53                              	PUSH	EBX
   255 000002FC E8 [00000000]                   	CALL	_sprintf
   256 00000301 6A 2B                           	PUSH	43
   257 00000303 6A 77                           	PUSH	119
   258 00000305 6A 1C                           	PUSH	28
   259 00000307 6A 28                           	PUSH	40
   260 00000309 6A 08                           	PUSH	8
   261 0000030B 68 000000A0                     	PUSH	160
   262 00000310 FF B5 FFFFFDFC                  	PUSH	DWORD [-516+EBP]
   263 00000316 E8 [00000000]                   	CALL	_boxfill8
   264 0000031B 83 C4 28                        	ADD	ESP,40
   265 0000031E 53                              	PUSH	EBX
   266 0000031F 6A 00                           	PUSH	0
   267 00000321 6A 1C                           	PUSH	28
   268 00000323 6A 28                           	PUSH	40
   269 00000325 68 000000A0                     	PUSH	160
   270 0000032A FF B5 FFFFFDFC                  	PUSH	DWORD [-516+EBP]
   271 00000330 E8 [00000000]                   	CALL	_putfonts8_asc
   272 00000335 6A 2C                           	PUSH	44
   273 00000337 6A 78                           	PUSH	120
   274 00000339 6A 1C                           	PUSH	28
   275 0000033B 6A 28                           	PUSH	40
   276 0000033D FF B5 FFFFFE04                  	PUSH	DWORD [-508+EBP]
   277 00000343 E8 [00000000]                   	CALL	_sheet_refresh
   278 00000348 83 C4 2C                        	ADD	ESP,44
   279 0000034B E8 [00000000]                   	CALL	_io_cli
   280 00000350 68 [00000000]                   	PUSH	_keyfifo
   281 00000355 E8 [00000000]                   	CALL	_fifo8_status
   282 0000035A 68 [00000000]                   	PUSH	_mousefifo
   283 0000035F 89 C3                           	MOV	EBX,EAX
   284 00000361 E8 [00000000]                   	CALL	_fifo8_status
   285 00000366 8D 04 18                        	LEA	EAX,DWORD [EAX+EBX*1]
   286 00000369 5B                              	POP	EBX
   287 0000036A 5A                              	POP	EDX
   288 0000036B 85 C0                           	TEST	EAX,EAX
   289 0000036D 0F 84 0000020E                  	JE	L19
   290 00000373 68 [00000000]                   	PUSH	_keyfifo
   291 00000378 E8 [00000000]                   	CALL	_fifo8_status
   292 0000037D 59                              	POP	ECX
   293 0000037E 85 C0                           	TEST	EAX,EAX
   294 00000380 0F 85 00000193                  	JNE	L20
   295 00000386 68 [00000000]                   	PUSH	_mousefifo
   296 0000038B E8 [00000000]                   	CALL	_fifo8_status
   297 00000390 5A                              	POP	EDX
   298 00000391 85 C0                           	TEST	EAX,EAX
   299 00000393 0F 84 FFFFFF54                  	JE	L2
   300 00000399 68 [00000000]                   	PUSH	_mousefifo
   301 0000039E E8 [00000000]                   	CALL	_fifo8_get
   302 000003A3 89 C3                           	MOV	EBX,EAX
   303 000003A5 E8 [00000000]                   	CALL	_io_sti
   304 000003AA 0F B6 C3                        	MOVZX	EAX,BL
   305 000003AD 50                              	PUSH	EAX
   306 000003AE 8D 85 FFFFFF14                  	LEA	EAX,DWORD [-236+EBP]
   307 000003B4 50                              	PUSH	EAX
   308 000003B5 E8 [00000000]                   	CALL	_mouse_decode
   309 000003BA 83 C4 0C                        	ADD	ESP,12
   310 000003BD 85 C0                           	TEST	EAX,EAX
   311 000003BF 0F 84 FFFFFF28                  	JE	L2
   312 000003C5 FF B5 FFFFFF1C                  	PUSH	DWORD [-228+EBP]
   313 000003CB FF B5 FFFFFF18                  	PUSH	DWORD [-232+EBP]
   314 000003D1 68 [0000002F]                   	PUSH	LC5
   315 000003D6 8D 45 C4                        	LEA	EAX,DWORD [-60+EBP]
   316 000003D9 50                              	PUSH	EAX
   317 000003DA E8 [00000000]                   	CALL	_sprintf
   318 000003DF 83 C4 10                        	ADD	ESP,16
   319 000003E2 8B 85 FFFFFF20                  	MOV	EAX,DWORD [-224+EBP]
   320 000003E8 A9 00000001                     	TEST	EAX,1
   321 000003ED 74 04                           	JE	L11
   322 000003EF C6 45 C5 4C                     	MOV	BYTE [-59+EBP],76
   323 000003F3                                 L11:
   324 000003F3 A9 00000002                     	TEST	EAX,2
   325 000003F8 74 04                           	JE	L12
   326 000003FA C6 45 C7 52                     	MOV	BYTE [-57+EBP],82
   327 000003FE                                 L12:
   328 000003FE 83 E0 04                        	AND	EAX,4
   329 00000401 74 04                           	JE	L13
   330 00000403 C6 45 C6 43                     	MOV	BYTE [-58+EBP],67
   331 00000407                                 L13:
   332 00000407 6A 1F                           	PUSH	31
   333 00000409 68 00000097                     	PUSH	151
   334 0000040E 6A 10                           	PUSH	16
   335 00000410 6A 20                           	PUSH	32
   336 00000412 6A 0E                           	PUSH	14
   337 00000414 0F BF 05 00000FF4               	MOVSX	EAX,WORD [4084]
   338 0000041B 50                              	PUSH	EAX
   339 0000041C FF B5 FFFFFE00                  	PUSH	DWORD [-512+EBP]
   340 00000422 E8 [00000000]                   	CALL	_boxfill8
   341 00000427 8D 55 C4                        	LEA	EDX,DWORD [-60+EBP]
   342 0000042A 52                              	PUSH	EDX
   343 0000042B 6A 07                           	PUSH	7
   344 0000042D 6A 10                           	PUSH	16
   345 0000042F 6A 20                           	PUSH	32
   346 00000431 0F BF 05 00000FF4               	MOVSX	EAX,WORD [4084]
   347 00000438 50                              	PUSH	EAX
   348 00000439 FF B5 FFFFFE00                  	PUSH	DWORD [-512+EBP]
   349 0000043F E8 [00000000]                   	CALL	_putfonts8_asc
   350 00000444 83 C4 34                        	ADD	ESP,52
   351 00000447 6A 20                           	PUSH	32
   352 00000449 68 00000098                     	PUSH	152
   353 0000044E 6A 10                           	PUSH	16
   354 00000450 6A 20                           	PUSH	32
   355 00000452 FF B5 FFFFFE0C                  	PUSH	DWORD [-500+EBP]
   356 00000458 E8 [00000000]                   	CALL	_sheet_refresh
   357 0000045D 83 C4 14                        	ADD	ESP,20
   358 00000460 03 BD FFFFFF1C                  	ADD	EDI,DWORD [-228+EBP]
   359 00000466 03 B5 FFFFFF18                  	ADD	ESI,DWORD [-232+EBP]
   360 0000046C 0F 88 000000A0                  	JS	L21
   361 00000472                                 L14:
   362 00000472 85 FF                           	TEST	EDI,EDI
   363 00000474 0F 88 00000091                  	JS	L22
   364 0000047A                                 L15:
   365 0000047A 0F BF 05 00000FF4               	MOVSX	EAX,WORD [4084]
   366 00000481 48                              	DEC	EAX
   367 00000482 39 C6                           	CMP	ESI,EAX
   368 00000484 7E 02                           	JLE	L16
   369 00000486 89 C6                           	MOV	ESI,EAX
   370 00000488                                 L16:
   371 00000488 0F BF 05 00000FF6               	MOVSX	EAX,WORD [4086]
   372 0000048F 48                              	DEC	EAX
   373 00000490 39 C7                           	CMP	EDI,EAX
   374 00000492 7E 02                           	JLE	L17
   375 00000494 89 C7                           	MOV	EDI,EAX
   376 00000496                                 L17:
   377 00000496 57                              	PUSH	EDI
   378 00000497 8D 5D C4                        	LEA	EBX,DWORD [-60+EBP]
   379 0000049A 56                              	PUSH	ESI
   380 0000049B 68 [0000003D]                   	PUSH	LC6
   381 000004A0 53                              	PUSH	EBX
   382 000004A1 E8 [00000000]                   	CALL	_sprintf
   383 000004A6 6A 0F                           	PUSH	15
   384 000004A8 6A 4F                           	PUSH	79
   385 000004AA 6A 00                           	PUSH	0
   386 000004AC 6A 00                           	PUSH	0
   387 000004AE 6A 0E                           	PUSH	14
   388 000004B0 0F BF 05 00000FF4               	MOVSX	EAX,WORD [4084]
   389 000004B7 50                              	PUSH	EAX
   390 000004B8 FF B5 FFFFFE00                  	PUSH	DWORD [-512+EBP]
   391 000004BE E8 [00000000]                   	CALL	_boxfill8
   392 000004C3 83 C4 2C                        	ADD	ESP,44
   393 000004C6 53                              	PUSH	EBX
   394 000004C7 6A 07                           	PUSH	7
   395 000004C9 6A 00                           	PUSH	0
   396 000004CB 6A 00                           	PUSH	0
   397 000004CD 0F BF 05 00000FF4               	MOVSX	EAX,WORD [4084]
   398 000004D4 50                              	PUSH	EAX
   399 000004D5 FF B5 FFFFFE00                  	PUSH	DWORD [-512+EBP]
   400 000004DB E8 [00000000]                   	CALL	_putfonts8_asc
   401 000004E0 6A 10                           	PUSH	16
   402 000004E2 6A 50                           	PUSH	80
   403 000004E4 6A 00                           	PUSH	0
   404 000004E6 6A 00                           	PUSH	0
   405 000004E8 FF B5 FFFFFE0C                  	PUSH	DWORD [-500+EBP]
   406 000004EE E8 [00000000]                   	CALL	_sheet_refresh
   407 000004F3 83 C4 2C                        	ADD	ESP,44
   408 000004F6 57                              	PUSH	EDI
   409 000004F7 56                              	PUSH	ESI
   410 000004F8 FF B5 FFFFFE08                  	PUSH	DWORD [-504+EBP]
   411 000004FE E8 [00000000]                   	CALL	_sheet_slide
   412 00000503 83 C4 0C                        	ADD	ESP,12
   413 00000506 E9 FFFFFDE2                     	JMP	L2
   414 0000050B                                 L22:
   415 0000050B 31 FF                           	XOR	EDI,EDI
   416 0000050D E9 FFFFFF68                     	JMP	L15
   417 00000512                                 L21:
   418 00000512 31 F6                           	XOR	ESI,ESI
   419 00000514 E9 FFFFFF59                     	JMP	L14
   420 00000519                                 L20:
   421 00000519 68 [00000000]                   	PUSH	_keyfifo
   422 0000051E E8 [00000000]                   	CALL	_fifo8_get
   423 00000523 89 C3                           	MOV	EBX,EAX
   424 00000525 E8 [00000000]                   	CALL	_io_sti
   425 0000052A 53                              	PUSH	EBX
   426 0000052B 8D 55 C4                        	LEA	EDX,DWORD [-60+EBP]
   427 0000052E 68 [00000048]                   	PUSH	LC4
   428 00000533 8D 5D C4                        	LEA	EBX,DWORD [-60+EBP]
   429 00000536 52                              	PUSH	EDX
   430 00000537 E8 [00000000]                   	CALL	_sprintf
   431 0000053C 6A 1F                           	PUSH	31
   432 0000053E 6A 0F                           	PUSH	15
   433 00000540 6A 10                           	PUSH	16
   434 00000542 6A 00                           	PUSH	0
   435 00000544 6A 0E                           	PUSH	14
   436 00000546 0F BF 05 00000FF4               	MOVSX	EAX,WORD [4084]
   437 0000054D 50                              	PUSH	EAX
   438 0000054E FF B5 FFFFFE00                  	PUSH	DWORD [-512+EBP]
   439 00000554 E8 [00000000]                   	CALL	_boxfill8
   440 00000559 83 C4 2C                        	ADD	ESP,44
   441 0000055C 53                              	PUSH	EBX
   442 0000055D 6A 07                           	PUSH	7
   443 0000055F 6A 10                           	PUSH	16
   444 00000561 6A 00                           	PUSH	0
   445 00000563 0F BF 05 00000FF4               	MOVSX	EAX,WORD [4084]
   446 0000056A 50                              	PUSH	EAX
   447 0000056B FF B5 FFFFFE00                  	PUSH	DWORD [-512+EBP]
   448 00000571 E8 [00000000]                   	CALL	_putfonts8_asc
   449 00000576 6A 20                           	PUSH	32
   450 00000578 6A 10                           	PUSH	16
   451 0000057A 6A 10                           	PUSH	16
   452 0000057C E9 FFFFFD5C                     	JMP	L18
   453 00000581                                 L19:
   454 00000581 E8 [00000000]                   	CALL	_io_sti
   455 00000586 E9 FFFFFD62                     	JMP	L2
   456                                          [SECTION .data]
   457 0000004D                                 _closebtn.0:
   458 0000004D 4F 4F 4F 4F 4F 4F 4F 4F 4F 4F   	DB	"OOOOOOOOOOOOOOO@"
       00000057 4F 4F 4F 4F 4F 40 
   459 0000005D 4F 51 51 51 51 51 51 51 51 51   	DB	"OQQQQQQQQQQQQQ$@"
       00000067 51 51 51 51 24 40 
   460 0000006D 4F 51 51 51 51 51 51 51 51 51   	DB	"OQQQQQQQQQQQQQ$@"
       00000077 51 51 51 51 24 40 
   461 0000007D 4F 51 51 51 40 40 51 51 51 51   	DB	"OQQQ@@QQQQ@@QQ$@"
       00000087 40 40 51 51 24 40 
   462 0000008D 4F 51 51 51 51 40 40 51 51 40   	DB	"OQQQQ@@QQ@@QQQ$@"
       00000097 40 51 51 51 24 40 
   463 0000009D 4F 51 51 51 51 51 40 40 40 40   	DB	"OQQQQQ@@@@QQQQ$@"
       000000A7 51 51 51 51 24 40 
   464 000000AD 4F 51 51 51 51 51 51 40 40 51   	DB	"OQQQQQQ@@QQQQQ$@"
       000000B7 51 51 51 51 24 40 
   465 000000BD 4F 51 51 51 51 51 40 40 40 40   	DB	"OQQQQQ@@@@QQQQ$@"
       000000C7 51 51 51 51 24 40 
   466 000000CD 4F 51 51 51 51 40 40 51 51 40   	DB	"OQQQQ@@QQ@@QQQ$@"
       000000D7 40 51 51 51 24 40 
   467 000000DD 4F 51 51 51 40 40 51 51 51 51   	DB	"OQQQ@@QQQQ@@QQ$@"
       000000E7 40 40 51 51 24 40 
   468 000000ED 4F 51 51 51 51 51 51 51 51 51   	DB	"OQQQQQQQQQQQQQ$@"
       000000F7 51 51 51 51 24 40 
   469 000000FD 4F 51 51 51 51 51 51 51 51 51   	DB	"OQQQQQQQQQQQQQ$@"
       00000107 51 51 51 51 24 40 
   470 0000010D 4F 24 24 24 24 24 24 24 24 24   	DB	"O$$$$$$$$$$$$$$@"
       00000117 24 24 24 24 24 40 
   471 0000011D 40 40 40 40 40 40 40 40 40 40   	DB	"@@@@@@@@@@@@@@@@"
       00000127 40 40 40 40 40 40 
   472                                          [SECTION .text]
   473 0000058B                                 	GLOBAL	_make_window8
   474 0000058B                                 _make_window8:
   475 0000058B 55                              	PUSH	EBP
   476 0000058C 89 E5                           	MOV	EBP,ESP
   477 0000058E 57                              	PUSH	EDI
   478 0000058F 56                              	PUSH	ESI
   479 00000590 53                              	PUSH	EBX
   480 00000591 83 EC 14                        	SUB	ESP,20
   481 00000594 8B 5D 0C                        	MOV	EBX,DWORD [12+EBP]
   482 00000597 6A 00                           	PUSH	0
   483 00000599 8D 43 FF                        	LEA	EAX,DWORD [-1+EBX]
   484 0000059C 8D 7B FE                        	LEA	EDI,DWORD [-2+EBX]
   485 0000059F 50                              	PUSH	EAX
   486 000005A0 89 45 EC                        	MOV	DWORD [-20+EBP],EAX
   487 000005A3 6A 00                           	PUSH	0
   488 000005A5 6A 00                           	PUSH	0
   489 000005A7 6A 08                           	PUSH	8
   490 000005A9 53                              	PUSH	EBX
   491 000005AA FF 75 08                        	PUSH	DWORD [8+EBP]
   492 000005AD E8 [00000000]                   	CALL	_boxfill8
   493 000005B2 6A 01                           	PUSH	1
   494 000005B4 57                              	PUSH	EDI
   495 000005B5 6A 01                           	PUSH	1
   496 000005B7 6A 01                           	PUSH	1
   497 000005B9 6A 07                           	PUSH	7
   498 000005BB 53                              	PUSH	EBX
   499 000005BC FF 75 08                        	PUSH	DWORD [8+EBP]
   500 000005BF E8 [00000000]                   	CALL	_boxfill8
   501 000005C4 8B 55 10                        	MOV	EDX,DWORD [16+EBP]
   502 000005C7 83 C4 38                        	ADD	ESP,56
   503 000005CA 4A                              	DEC	EDX
   504 000005CB 89 55 E8                        	MOV	DWORD [-24+EBP],EDX
   505 000005CE 52                              	PUSH	EDX
   506 000005CF 6A 00                           	PUSH	0
   507 000005D1 6A 00                           	PUSH	0
   508 000005D3 6A 00                           	PUSH	0
   509 000005D5 6A 08                           	PUSH	8
   510 000005D7 53                              	PUSH	EBX
   511 000005D8 FF 75 08                        	PUSH	DWORD [8+EBP]
   512 000005DB E8 [00000000]                   	CALL	_boxfill8
   513 000005E0 8B 75 10                        	MOV	ESI,DWORD [16+EBP]
   514 000005E3 83 EE 02                        	SUB	ESI,2
   515 000005E6 56                              	PUSH	ESI
   516 000005E7 6A 01                           	PUSH	1
   517 000005E9 6A 01                           	PUSH	1
   518 000005EB 6A 01                           	PUSH	1
   519 000005ED 6A 07                           	PUSH	7
   520 000005EF 53                              	PUSH	EBX
   521 000005F0 FF 75 08                        	PUSH	DWORD [8+EBP]
   522 000005F3 E8 [00000000]                   	CALL	_boxfill8
   523 000005F8 83 C4 38                        	ADD	ESP,56
   524 000005FB 56                              	PUSH	ESI
   525 000005FC 57                              	PUSH	EDI
   526 000005FD 6A 01                           	PUSH	1
   527 000005FF 57                              	PUSH	EDI
   528 00000600 6A 0F                           	PUSH	15
   529 00000602 53                              	PUSH	EBX
   530 00000603 FF 75 08                        	PUSH	DWORD [8+EBP]
   531 00000606 E8 [00000000]                   	CALL	_boxfill8
   532 0000060B FF 75 E8                        	PUSH	DWORD [-24+EBP]
   533 0000060E FF 75 EC                        	PUSH	DWORD [-20+EBP]
   534 00000611 6A 00                           	PUSH	0
   535 00000613 FF 75 EC                        	PUSH	DWORD [-20+EBP]
   536 00000616 6A 00                           	PUSH	0
   537 00000618 53                              	PUSH	EBX
   538 00000619 FF 75 08                        	PUSH	DWORD [8+EBP]
   539 0000061C E8 [00000000]                   	CALL	_boxfill8
   540 00000621 8B 45 10                        	MOV	EAX,DWORD [16+EBP]
   541 00000624 83 C4 38                        	ADD	ESP,56
   542 00000627 83 E8 03                        	SUB	EAX,3
   543 0000062A 50                              	PUSH	EAX
   544 0000062B 8D 43 FD                        	LEA	EAX,DWORD [-3+EBX]
   545 0000062E 50                              	PUSH	EAX
   546 0000062F 6A 02                           	PUSH	2
   547 00000631 6A 02                           	PUSH	2
   548 00000633 6A 08                           	PUSH	8
   549 00000635 53                              	PUSH	EBX
   550 00000636 FF 75 08                        	PUSH	DWORD [8+EBP]
   551 00000639 E8 [00000000]                   	CALL	_boxfill8
   552 0000063E 8D 43 FC                        	LEA	EAX,DWORD [-4+EBX]
   553 00000641 6A 14                           	PUSH	20
   554 00000643 50                              	PUSH	EAX
   555 00000644 6A 03                           	PUSH	3
   556 00000646 6A 03                           	PUSH	3
   557 00000648 6A 0C                           	PUSH	12
   558 0000064A 53                              	PUSH	EBX
   559 0000064B FF 75 08                        	PUSH	DWORD [8+EBP]
   560 0000064E E8 [00000000]                   	CALL	_boxfill8
   561 00000653 83 C4 38                        	ADD	ESP,56
   562 00000656 56                              	PUSH	ESI
   563 00000657 57                              	PUSH	EDI
   564 00000658 56                              	PUSH	ESI
   565 00000659 6A 01                           	PUSH	1
   566 0000065B 6A 0F                           	PUSH	15
   567 0000065D 53                              	PUSH	EBX
   568 0000065E FF 75 08                        	PUSH	DWORD [8+EBP]
   569 00000661 E8 [00000000]                   	CALL	_boxfill8
   570 00000666 FF 75 E8                        	PUSH	DWORD [-24+EBP]
   571 00000669 FF 75 EC                        	PUSH	DWORD [-20+EBP]
   572 0000066C FF 75 E8                        	PUSH	DWORD [-24+EBP]
   573 0000066F 6A 00                           	PUSH	0
   574 00000671 6A 00                           	PUSH	0
   575 00000673 6B F3 05                        	IMUL	ESI,EBX,5
   576 00000676 53                              	PUSH	EBX
   577 00000677 FF 75 08                        	PUSH	DWORD [8+EBP]
   578 0000067A E8 [00000000]                   	CALL	_boxfill8
   579 0000067F 83 C4 38                        	ADD	ESP,56
   580 00000682 FF 75 14                        	PUSH	DWORD [20+EBP]
   581 00000685 6A 07                           	PUSH	7
   582 00000687 6A 04                           	PUSH	4
   583 00000689 6A 18                           	PUSH	24
   584 0000068B 53                              	PUSH	EBX
   585 0000068C FF 75 08                        	PUSH	DWORD [8+EBP]
   586 0000068F E8 [00000000]                   	CALL	_putfonts8_asc
   587 00000694 83 C4 18                        	ADD	ESP,24
   588 00000697 C7 45 F0 00000000               	MOV	DWORD [-16+EBP],0
   589 0000069E C7 45 E0 00000000               	MOV	DWORD [-32+EBP],0
   590 000006A5                                 L39:
   591 000006A5 8D 04 1E                        	LEA	EAX,DWORD [ESI+EBX*1]
   592 000006A8 8B 55 08                        	MOV	EDX,DWORD [8+EBP]
   593 000006AB 31 FF                           	XOR	EDI,EDI
   594 000006AD 8D 4C 02 EB                     	LEA	ECX,DWORD [-21+EDX+EAX*1]
   595 000006B1                                 L38:
   596 000006B1 8B 45 E0                        	MOV	EAX,DWORD [-32+EBP]
   597 000006B4 8A 94 07 [0000004D]             	MOV	DL,BYTE [_closebtn.0+EDI+EAX*1]
   598 000006BB 80 FA 40                        	CMP	DL,64
   599 000006BE 74 33                           	JE	L44
   600 000006C0 80 FA 24                        	CMP	DL,36
   601 000006C3 74 2A                           	JE	L45
   602 000006C5 80 FA 51                        	CMP	DL,81
   603 000006C8 B2 08                           	MOV	DL,8
   604 000006CA 0F 95 C0                        	SETNE	AL
   605 000006CD 28 C2                           	SUB	DL,AL
   606 000006CF                                 L33:
   607 000006CF 47                              	INC	EDI
   608 000006D0 88 11                           	MOV	BYTE [ECX],DL
   609 000006D2 41                              	INC	ECX
   610 000006D3 83 FF 0F                        	CMP	EDI,15
   611 000006D6 7E D9                           	JLE	L38
   612 000006D8 FF 45 F0                        	INC	DWORD [-16+EBP]
   613 000006DB 01 DE                           	ADD	ESI,EBX
   614 000006DD 83 45 E0 10                     	ADD	DWORD [-32+EBP],16
   615 000006E1 83 7D F0 0D                     	CMP	DWORD [-16+EBP],13
   616 000006E5 7E BE                           	JLE	L39
   617 000006E7 8D 65 F4                        	LEA	ESP,DWORD [-12+EBP]
   618 000006EA 5B                              	POP	EBX
   619 000006EB 5E                              	POP	ESI
   620 000006EC 5F                              	POP	EDI
   621 000006ED 5D                              	POP	EBP
   622 000006EE C3                              	RET
   623 000006EF                                 L45:
   624 000006EF B2 0F                           	MOV	DL,15
   625 000006F1 EB DC                           	JMP	L33
   626 000006F3                                 L44:
   627 000006F3 31 D2                           	XOR	EDX,EDX
   628 000006F5 EB D8                           	JMP	L33
